PRT1
397
745
4 2 70 (1024 128 0 ) (1024 128 192 ) (1024 512 192 ) (1024 512 0 ) 
4 2 11 (1024 128 192 ) (1024 128 0 ) (1792 128 0 ) (1792 128 192 ) 
4 3 11 (1024 128 -136 ) (1024 128 -256 ) (1280 128 -256 ) (1280 128 -136 ) 
4 4 11 (1408 128 -264 ) (1408 128 -384 ) (1664 128 -384 ) (1664 128 -264 ) 
4 5 11 (1024 128 -264 ) (1024 128 -384 ) (1280 128 -384 ) (1280 128 -264 ) 
4 6 11 (1408 128 -392 ) (1408 128 -512 ) (1664 128 -512 ) (1664 128 -392 ) 
4 7 26 (1912 0 -8 ) (1800 0 -8 ) (1800 0 -128 ) (1912 0 -128 ) 
4 8 27 (1912 0 -136 ) (1800 0 -136 ) (1800 0 -256 ) (1912 0 -256 ) 
4 9 28 (1912 0 -264 ) (1800 0 -264 ) (1800 0 -384 ) (1912 0 -384 ) 
4 10 29 (1912 0 -392 ) (1800 0 -392 ) (1800 0 -512 ) (1912 0 -512 ) 
4 11 115 (1024 -1272 -8 ) (1024 -1152 -8 ) (1024 -1152 -128 ) (1024 -1272 -128 ) 
4 11 50 (1128 -1272 -128 ) (1176 -1272 -128 ) (1176 -1272 -20 ) (1128 -1272 -20 ) 
4 11 69 (1600 -1152 -392 ) (1600 -1152 -512 ) (1792 -1152 -512 ) (1792 -1152 -392 ) 
4 11 68 (1600 -1152 -264 ) (1600 -1152 -384 ) (1792 -1152 -384 ) (1792 -1152 -264 ) 
4 11 67 (1600 -1152 -136 ) (1600 -1152 -256 ) (1792 -1152 -256 ) (1792 -1152 -136 ) 
4 11 69 (1344 -1152 -392 ) (1344 -1152 -512 ) (1600 -1152 -512 ) (1600 -1152 -392 ) 
4 11 68 (1344 -1152 -264 ) (1344 -1152 -384 ) (1600 -1152 -384 ) (1600 -1152 -264 ) 
4 11 67 (1344 -1152 -136 ) (1344 -1152 -256 ) (1600 -1152 -256 ) (1600 -1152 -136 ) 
4 11 69 (1152 -1152 -392 ) (1152 -1152 -512 ) (1344 -1152 -512 ) (1344 -1152 -392 ) 
4 11 68 (1152 -1152 -264 ) (1152 -1152 -384 ) (1344 -1152 -384 ) (1344 -1152 -264 ) 
4 11 67 (1152 -1152 -136 ) (1152 -1152 -256 ) (1344 -1152 -256 ) (1344 -1152 -136 ) 
4 11 69 (1024 -1152 -392 ) (1024 -1152 -512 ) (1152 -1152 -512 ) (1152 -1152 -392 ) 
4 11 68 (1024 -1152 -264 ) (1024 -1152 -384 ) (1152 -1152 -384 ) (1152 -1152 -264 ) 
4 11 67 (1024 -1152 -136 ) (1024 -1152 -256 ) (1152 -1152 -256 ) (1152 -1152 -136 ) 
4 11 112 (-640 0 0 ) (-640 0 192 ) (-640 128 192 ) (-640 128 0 ) 
4 11 118 (1024 -1152 -512 ) (1024 -1152 -392 ) (896 -1152 -392 ) (896 -1152 -512 ) 
4 11 117 (1024 -1152 -384 ) (1024 -1152 -264 ) (896 -1152 -264 ) (896 -1152 -384 ) 
4 11 115 (1024 -1152 -128 ) (1024 -1152 -8 ) (896 -1152 -8 ) (896 -1152 -128 ) 
4 11 116 (1024 -1152 -256 ) (1024 -1152 -136 ) (896 -1152 -136 ) (896 -1152 -256 ) 
4 11 118 (704 -1152 -392 ) (704 -1152 -512 ) (896 -1152 -512 ) (896 -1152 -392 ) 
4 11 117 (704 -1152 -264 ) (704 -1152 -384 ) (896 -1152 -384 ) (896 -1152 -264 ) 
4 11 115 (704 -1152 -8 ) (704 -1152 -128 ) (896 -1152 -128 ) (896 -1152 -8 ) 
4 11 116 (704 -1152 -136 ) (704 -1152 -256 ) (896 -1152 -256 ) (896 -1152 -136 ) 
4 11 118 (448 -1152 -392 ) (448 -1152 -512 ) (704 -1152 -512 ) (704 -1152 -392 ) 
4 11 117 (448 -1152 -264 ) (448 -1152 -384 ) (704 -1152 -384 ) (704 -1152 -264 ) 
4 11 115 (448 -1152 -8 ) (448 -1152 -128 ) (704 -1152 -128 ) (704 -1152 -8 ) 
4 11 116 (448 -1152 -136 ) (448 -1152 -256 ) (704 -1152 -256 ) (704 -1152 -136 ) 
4 11 118 (256 -1152 -392 ) (256 -1152 -512 ) (448 -1152 -512 ) (448 -1152 -392 ) 
4 11 117 (256 -1152 -264 ) (256 -1152 -384 ) (448 -1152 -384 ) (448 -1152 -264 ) 
4 11 115 (256 -1152 -8 ) (256 -1152 -128 ) (448 -1152 -128 ) (448 -1152 -8 ) 
4 11 116 (256 -1152 -136 ) (256 -1152 -256 ) (448 -1152 -256 ) (448 -1152 -136 ) 
4 11 118 (0 -1152 -392 ) (0 -1152 -512 ) (256 -1152 -512 ) (256 -1152 -392 ) 
4 11 117 (0 -1152 -264 ) (0 -1152 -384 ) (256 -1152 -384 ) (256 -1152 -264 ) 
4 11 115 (0 -1152 -8 ) (0 -1152 -128 ) (256 -1152 -128 ) (256 -1152 -8 ) 
4 11 116 (0 -1152 -136 ) (0 -1152 -256 ) (256 -1152 -256 ) (256 -1152 -136 ) 
4 11 114 (0 -1152 192 ) (0 -1152 0 ) (256 -1152 0 ) (256 -1152 192 ) 
4 11 144 (-384 -1024 192 ) (-512 -1024 192 ) (-512 -1024 -264 ) (-384 -1024 -264 ) 
4 11 145 (-640 -512 0 ) (-640 -512 192 ) (-640 0 192 ) (-640 0 0 ) 
4 11 241 (-512 -1024 192 ) (-1024 -1024 192 ) (-1024 -1024 -256 ) (-512 -1024 -256 ) 
4 11 177 (-1024 -1024 -256 ) (-1024 -1024 -128 ) (-1024 -512 -128 ) (-1024 -512 -256 ) 
4 11 174 (-1024 -1024 -128 ) (-1024 -1024 192 ) (-1024 -768 192 ) (-1024 -768 -128 ) 
4 11 173 (-1024 -768 192 ) (-1024 -512 192 ) (-1024 -512 -128 ) (-1024 -768 -128 ) 
4 11 187 (-1024 -512 -264 ) (-1024 -768 -264 ) (-1024 -768 -256 ) (-1024 -512 -256 ) 
4 11 146 (-1024 -768 -264 ) (-1024 -512 -264 ) (-640 -512 -264 ) (-640 -768 -264 ) 
4 11 150 (-589 -768 -352 ) (-589 -768 -280 ) (-627 -768 -280 ) (-627 -768 -352 ) 
4 11 147 (-525 -768 -352 ) (-525 -768 -280 ) (-563 -768 -280 ) (-563 -768 -352 ) 
4 11 146 (-640 -512 -384 ) (-640 -768 -384 ) (-640 -768 -264 ) (-640 -512 -264 ) 
4 11 144 (-384 -1024 -264 ) (-512 -1024 -264 ) (-512 -1024 -384 ) (-384 -1024 -384 ) 
4 11 165 (-512 -1011 -352 ) (-512 -1011 -280 ) (-512 -973 -280 ) (-512 -973 -352 ) 
4 11 162 (-512 -947 -352 ) (-512 -947 -280 ) (-512 -909 -280 ) (-512 -909 -352 ) 
4 11 144 (-384 -1024 -384 ) (-512 -1024 -384 ) (-512 -1024 -392 ) (-384 -1024 -392 ) 
4 11 224 (-1024 -512 -392 ) (-1024 -768 -392 ) (-1024 -768 -384 ) (-1024 -512 -384 ) 
4 11 170 (-1024 -768 -392 ) (-1024 -512 -392 ) (-640 -512 -392 ) (-640 -768 -392 ) 
4 11 144 (-384 -1024 -392 ) (-512 -1024 -392 ) (-512 -1024 -512 ) (-384 -1024 -512 ) 
4 11 170 (-640 -512 -512 ) (-640 -768 -512 ) (-640 -768 -392 ) (-640 -512 -392 ) 
4 11 224 (-1024 -512 -640 ) (-1024 -768 -640 ) (-1024 -768 -512 ) (-1024 -512 -512 ) 
4 11 144 (-384 -1024 -512 ) (-512 -1024 -512 ) (-512 -1024 -640 ) (-384 -1024 -640 ) 
4 11 144 (-384 -1152 -640 ) (-384 -1152 192 ) (-384 -1024 192 ) (-384 -1024 -640 ) 
4 11 239 (-384 -1152 -392 ) (-384 -1152 -512 ) (0 -1152 -512 ) (0 -1152 -392 ) 
4 11 237 (-384 -1152 -264 ) (-384 -1152 -384 ) (0 -1152 -384 ) (0 -1152 -264 ) 
4 11 235 (-384 -1152 -136 ) (-384 -1152 -256 ) (0 -1152 -256 ) (0 -1152 -136 ) 
4 11 233 (-384 -1152 -8 ) (-384 -1152 -128 ) (0 -1152 -128 ) (0 -1152 -8 ) 
4 11 114 (-384 -1152 128 ) (-384 -1152 0 ) (0 -1152 0 ) (0 -1152 128 ) 
4 11 114 (-8 -1152 128 ) (0 -1152 128 ) (0 -1152 144 ) (-8 -1152 144 ) 
4 11 114 (-384 -1152 144 ) (-384 -1152 128 ) (-8 -1152 128 ) (-8 -1152 144 ) 
4 11 114 (-384 -1152 192 ) (-384 -1152 144 ) (0 -1152 144 ) (0 -1152 192 ) 
4 12 15 (2144 -128 -192 ) (2144 -128 -8 ) (2144 0 -8 ) (2144 0 -192 ) 
4 13 15 (2144 -128 -320 ) (2144 -128 -200 ) (2144 0 -200 ) (2144 0 -320 ) 
4 14 15 (2144 0 -448 ) (2144 -128 -448 ) (2144 -128 -328 ) (2144 0 -328 ) 
4 15 20 (2048 0 -264 ) (2048 0 -384 ) (2048 -128 -384 ) (2048 -128 -264 ) 
4 15 21 (2048 0 -392 ) (2048 0 -448 ) (2048 -128 -448 ) (2048 -128 -392 ) 
4 15 19 (2048 0 -136 ) (2048 0 -256 ) (2048 -128 -256 ) (2048 -128 -136 ) 
4 15 18 (2048 0 -8 ) (2048 0 -128 ) (2048 -128 -128 ) (2048 -128 -8 ) 
4 15 16 (2048 0 -448 ) (2144 0 -448 ) (2144 -128 -448 ) (2048 -128 -448 ) 
4 16 21 (2048 0 -448 ) (2048 0 -456 ) (2048 -128 -456 ) (2048 -128 -448 ) 
4 16 17 (2144 -128 -456 ) (2048 -128 -456 ) (2048 0 -456 ) (2144 0 -456 ) 
4 17 21 (2048 0 -456 ) (2048 0 -640 ) (2048 -128 -640 ) (2048 -128 -456 ) 
4 18 22 (1920 -128 -128 ) (1920 -128 -8 ) (1920 0 -8 ) (1920 0 -128 ) 
4 19 23 (1920 -128 -256 ) (1920 -128 -136 ) (1920 0 -136 ) (1920 0 -256 ) 
4 20 24 (1920 -128 -384 ) (1920 -128 -264 ) (1920 0 -264 ) (1920 0 -384 ) 
4 21 25 (1920 -128 -512 ) (1920 -128 -392 ) (1920 0 -392 ) (1920 0 -512 ) 
4 22 26 (1912 0 -8 ) (1912 0 -128 ) (1912 -128 -128 ) (1912 -128 -8 ) 
4 23 27 (1912 0 -136 ) (1912 0 -256 ) (1912 -128 -256 ) (1912 -128 -136 ) 
4 24 28 (1912 0 -264 ) (1912 0 -384 ) (1912 -128 -384 ) (1912 -128 -264 ) 
4 25 29 (1912 0 -392 ) (1912 0 -512 ) (1912 -128 -512 ) (1912 -128 -392 ) 
4 26 11 (1912 -1024 -128 ) (1912 -1024 -8 ) (1792 -1024 -8 ) (1792 -1024 -128 ) 
4 26 11 (1792 -1024 -128 ) (1792 -1024 -8 ) (1792 0 -8 ) (1792 0 -128 ) 
4 27 64 (1912 -1024 -256 ) (1912 -1024 -136 ) (1792 -1024 -136 ) (1792 -1024 -256 ) 
4 27 11 (1792 -1024 -256 ) (1792 -1024 -136 ) (1792 0 -136 ) (1792 0 -256 ) 
4 28 65 (1912 -1024 -384 ) (1912 -1024 -264 ) (1792 -1024 -264 ) (1792 -1024 -384 ) 
4 28 11 (1792 -1024 -384 ) (1792 -1024 -264 ) (1792 0 -264 ) (1792 0 -384 ) 
4 29 66 (1912 -1024 -512 ) (1912 -1024 -392 ) (1800 -1024 -392 ) (1800 -1024 -512 ) 
4 29 30 (1800 -256 -512 ) (1800 -1024 -512 ) (1800 -1024 -392 ) (1800 -256 -392 ) 
4 30 66 (1800 -1024 -392 ) (1792 -1024 -392 ) (1792 -1024 -512 ) (1800 -1024 -512 ) 
4 30 11 (1792 -1024 -512 ) (1792 -1024 -392 ) (1792 -256 -392 ) (1792 -256 -512 ) 
4 31 36 (2048 -1280 -128 ) (2048 -1464 -128 ) (2048 -1464 -8 ) (2048 -1280 -8 ) 
4 32 37 (2048 -1480 -128 ) (2048 -1656 -128 ) (2048 -1656 -8 ) (2048 -1480 -8 ) 
4 33 38 (2048 -1664 -128 ) (2048 -1912 -128 ) (2048 -1912 -8 ) (2048 -1664 -8 ) 
4 33 35 (2099 -1912 -96 ) (2099 -1912 -24 ) (2061 -1912 -24 ) (2061 -1912 -96 ) 
4 33 34 (2163 -1912 -96 ) (2163 -1912 -24 ) (2125 -1912 -24 ) (2125 -1912 -96 ) 
4 36 39 (1928 -1356 -128 ) (1928 -1404 -128 ) (1928 -1404 -20 ) (1928 -1356 -20 ) 
4 37 40 (1928 -1536 -128 ) (1928 -1596 -128 ) (1928 -1596 -20 ) (1928 -1536 -20 ) 
4 38 53 (1971 -1912 -96 ) (1971 -1912 -24 ) (1933 -1912 -24 ) (1933 -1912 -96 ) 
4 38 52 (2035 -1912 -96 ) (2035 -1912 -24 ) (1997 -1912 -24 ) (1997 -1912 -96 ) 
4 38 41 (1928 -1768 -128 ) (1928 -1816 -128 ) (1928 -1816 -20 ) (1928 -1768 -20 ) 
4 39 42 (1920 -1356 -128 ) (1920 -1404 -128 ) (1920 -1404 -20 ) (1920 -1356 -20 ) 
4 40 42 (1920 -1536 -128 ) (1920 -1596 -128 ) (1920 -1596 -20 ) (1920 -1536 -20 ) 
4 41 42 (1920 -1768 -128 ) (1920 -1816 -128 ) (1920 -1816 -20 ) (1920 -1768 -20 ) 
4 42 57 (1715 -1912 -96 ) (1715 -1912 -24 ) (1677 -1912 -24 ) (1677 -1912 -96 ) 
4 42 56 (1779 -1912 -96 ) (1779 -1912 -24 ) (1741 -1912 -24 ) (1741 -1912 -96 ) 
4 42 55 (1843 -1912 -96 ) (1843 -1912 -24 ) (1805 -1912 -24 ) (1805 -1912 -96 ) 
4 42 54 (1907 -1912 -96 ) (1907 -1912 -24 ) (1869 -1912 -24 ) (1869 -1912 -96 ) 
4 43 45 (1288 -1404 -128 ) (1536 -1404 -128 ) (1536 -1404 -8 ) (1288 -1404 -8 ) 
4 43 44 (1288 -1356 -128 ) (1288 -1404 -128 ) (1288 -1404 -20 ) (1288 -1356 -20 ) 
4 44 51 (1280 -1356 -128 ) (1280 -1404 -128 ) (1280 -1404 -20 ) (1280 -1356 -20 ) 
4 46 47 (1288 -1536 -128 ) (1288 -1596 -128 ) (1288 -1596 -20 ) (1288 -1536 -20 ) 
4 47 51 (1280 -1536 -128 ) (1280 -1596 -128 ) (1280 -1596 -20 ) (1280 -1536 -20 ) 
4 48 59 (1331 -1912 -96 ) (1331 -1912 -24 ) (1293 -1912 -24 ) (1293 -1912 -96 ) 
4 48 58 (1395 -1912 -96 ) (1395 -1912 -24 ) (1357 -1912 -24 ) (1357 -1912 -96 ) 
4 48 49 (1288 -1768 -128 ) (1288 -1816 -128 ) (1288 -1816 -20 ) (1288 -1768 -20 ) 
4 49 51 (1280 -1768 -128 ) (1280 -1816 -128 ) (1280 -1816 -20 ) (1280 -1768 -20 ) 
4 50 51 (1128 -1280 -128 ) (1176 -1280 -128 ) (1176 -1280 -20 ) (1128 -1280 -20 ) 
4 51 63 (1075 -1912 -96 ) (1075 -1912 -24 ) (1037 -1912 -24 ) (1037 -1912 -96 ) 
4 51 62 (1139 -1912 -96 ) (1139 -1912 -24 ) (1101 -1912 -24 ) (1101 -1912 -96 ) 
4 51 61 (1203 -1912 -96 ) (1203 -1912 -24 ) (1165 -1912 -24 ) (1165 -1912 -96 ) 
4 51 60 (1267 -1912 -96 ) (1267 -1912 -24 ) (1229 -1912 -24 ) (1229 -1912 -96 ) 
4 64 67 (1792 -1152 -136 ) (1792 -1152 -256 ) (1912 -1152 -256 ) (1912 -1152 -136 ) 
4 64 11 (1792 -1152 -256 ) (1792 -1152 -136 ) (1792 -1024 -136 ) (1792 -1024 -256 ) 
4 65 68 (1792 -1152 -264 ) (1792 -1152 -384 ) (1912 -1152 -384 ) (1912 -1152 -264 ) 
4 65 11 (1792 -1152 -384 ) (1792 -1152 -264 ) (1792 -1024 -264 ) (1792 -1024 -384 ) 
4 66 69 (1792 -1152 -392 ) (1792 -1152 -512 ) (1912 -1152 -512 ) (1912 -1152 -392 ) 
4 66 11 (1792 -1152 -512 ) (1792 -1152 -392 ) (1792 -1024 -392 ) (1792 -1024 -512 ) 
4 67 116 (1024 -1272 -136 ) (1024 -1152 -136 ) (1024 -1152 -256 ) (1024 -1272 -256 ) 
4 68 117 (1024 -1272 -264 ) (1024 -1152 -264 ) (1024 -1152 -384 ) (1024 -1272 -384 ) 
4 69 118 (1024 -1272 -392 ) (1024 -1152 -392 ) (1024 -1152 -512 ) (1024 -1272 -512 ) 
4 70 11 (1024 128 0 ) (1024 128 192 ) (768 128 192 ) (768 128 0 ) 
4 70 71 (768 896 192 ) (768 896 0 ) (768 128 0 ) (768 128 192 ) 
4 71 11 (768 128 -640 ) (768 128 192 ) (384 128 192 ) (384 128 -640 ) 
4 71 77 (384 384 -256 ) (384 640 -256 ) (384 640 -384 ) (384 384 -384 ) 
4 71 76 (384 128 -256 ) (384 128 -128 ) (384 144 -128 ) (384 144 -256 ) 
4 71 75 (384 144 -128 ) (384 384 -128 ) (384 384 -256 ) (384 144 -256 ) 
4 71 74 (384 512 -128 ) (384 768 -128 ) (384 768 -256 ) (384 512 -256 ) 
4 71 73 (384 512 -8 ) (384 768 -8 ) (384 768 -128 ) (384 512 -128 ) 
4 71 72 (384 128 0 ) (384 128 192 ) (384 896 192 ) (384 896 0 ) 
4 72 91 (0 128 0 ) (0 128 192 ) (0 896 192 ) (0 896 0 ) 
4 72 11 (0 128 192 ) (0 128 0 ) (384 128 0 ) (384 128 192 ) 
4 73 80 (368 512 -8 ) (368 768 -8 ) (368 768 -128 ) (368 512 -128 ) 
4 73 74 (368 512 -128 ) (368 768 -128 ) (384 768 -128 ) (384 512 -128 ) 
4 74 80 (368 512 -128 ) (368 768 -128 ) (368 768 -256 ) (368 512 -256 ) 
4 74 77 (368 512 -256 ) (368 640 -256 ) (384 640 -256 ) (384 512 -256 ) 
4 75 81 (368 144 -128 ) (368 384 -128 ) (368 384 -256 ) (368 144 -256 ) 
4 75 76 (368 144 -256 ) (384 144 -256 ) (384 144 -128 ) (368 144 -128 ) 
4 76 11 (384 128 -256 ) (384 128 -128 ) (368 128 -128 ) (368 128 -256 ) 
4 76 84 (368 128 -256 ) (368 128 -128 ) (368 144 -128 ) (368 144 -256 ) 
4 77 81 (368 448 -384 ) (368 384 -384 ) (368 384 -256 ) (368 448 -256 ) 
4 77 80 (368 640 -384 ) (368 448 -384 ) (368 448 -256 ) (368 640 -256 ) 
4 78 95 (0 896 -128 ) (0 896 -256 ) (0 880 -256 ) (0 880 -128 ) 
4 78 92 (0 880 -8 ) (0 896 -8 ) (0 896 -128 ) (0 880 -128 ) 
4 78 83 (128 880 -8 ) (0 880 -8 ) (0 880 -256 ) (128 880 -256 ) 
4 78 79 (64 880 -256 ) (0 880 -256 ) (0 896 -256 ) (64 896 -256 ) 
4 79 99 (0 896 -256 ) (0 896 -384 ) (0 880 -384 ) (0 880 -256 ) 
4 79 83 (0 880 -384 ) (64 880 -384 ) (64 880 -256 ) (0 880 -256 ) 
4 80 86 (192 448 -384 ) (128 448 -384 ) (128 768 -384 ) (192 768 -384 ) 
4 80 81 (192 448 -384 ) (368 448 -384 ) (368 448 -8 ) (192 448 -8 ) 
4 80 83 (128 768 -384 ) (128 448 -384 ) (128 448 -8 ) (128 768 -8 ) 
4 81 84 (368 144 -256 ) (368 144 -128 ) (192 144 -128 ) (192 144 -256 ) 
4 81 82 (192 384 -384 ) (192 144 -384 ) (192 144 -8 ) (192 384 -8 ) 
4 82 87 (192 144 -384 ) (128 144 -384 ) (128 384 -384 ) (192 384 -384 ) 
4 82 84 (192 144 -256 ) (192 144 -128 ) (128 144 -128 ) (128 144 -256 ) 
4 82 83 (128 384 -384 ) (128 144 -384 ) (128 144 -8 ) (128 384 -8 ) 
4 83 100 (0 880 -256 ) (0 880 -384 ) (0 144 -384 ) (0 144 -256 ) 
4 83 95 (0 880 -128 ) (0 880 -256 ) (0 144 -256 ) (0 144 -128 ) 
4 83 92 (0 144 -8 ) (0 880 -8 ) (0 880 -128 ) (0 144 -128 ) 
4 83 89 (0 144 -384 ) (0 768 -384 ) (128 768 -384 ) (128 144 -384 ) 
4 83 84 (128 144 -256 ) (128 144 -128 ) (0 144 -128 ) (0 144 -256 ) 
4 84 96 (0 128 -256 ) (0 128 -128 ) (0 144 -128 ) (0 144 -256 ) 
4 84 11 (0 128 -128 ) (0 128 -256 ) (368 128 -256 ) (368 128 -128 ) 
4 85 86 (192 768 -392 ) (192 768 -512 ) (192 448 -512 ) (192 448 -392 ) 
4 85 87 (192 384 -512 ) (192 144 -512 ) (192 144 -392 ) (192 384 -392 ) 
4 86 89 (128 768 -512 ) (128 448 -512 ) (128 448 -384 ) (128 768 -384 ) 
4 87 89 (128 384 -512 ) (128 144 -512 ) (128 144 -384 ) (128 384 -384 ) 
4 88 105 (0 880 -392 ) (0 880 -512 ) (0 768 -512 ) (0 768 -392 ) 
4 88 89 (0 768 -512 ) (128 768 -512 ) (128 768 -392 ) (0 768 -392 ) 
4 89 106 (0 144 -384 ) (0 768 -384 ) (0 768 -512 ) (0 144 -512 ) 
4 89 90 (0 144 -512 ) (128 144 -512 ) (128 144 -384 ) (0 144 -384 ) 
4 90 108 (0 128 -512 ) (0 128 -384 ) (0 144 -384 ) (0 144 -512 ) 
4 90 11 (0 128 -384 ) (0 128 -512 ) (128 128 -512 ) (128 128 -384 ) 
4 91 11 (0 128 0 ) (0 128 192 ) (-640 128 192 ) (-640 128 0 ) 
4 91 111 (-640 128 0 ) (-640 128 192 ) (-640 512 192 ) (-640 512 0 ) 
4 92 95 (-512 144 -128 ) (-512 896 -128 ) (0 896 -128 ) (0 144 -128 ) 
4 92 94 (-512 256 -128 ) (-512 144 -128 ) (-512 144 -8 ) (-512 256 -8 ) 
4 92 93 (-384 144 -128 ) (-128 144 -128 ) (-128 144 -8 ) (-384 144 -8 ) 
4 93 11 (-128 128 -8 ) (-384 128 -8 ) (-384 128 -128 ) (-128 128 -128 ) 
4 93 97 (-128 128 -128 ) (-384 128 -128 ) (-384 144 -128 ) (-128 144 -128 ) 
4 94 98 (-624 144 -128 ) (-624 256 -128 ) (-512 256 -128 ) (-512 144 -128 ) 
4 95 100 (-512 144 -256 ) (-512 880 -256 ) (0 880 -256 ) (0 144 -256 ) 
4 95 99 (-404 896 -256 ) (0 896 -256 ) (0 880 -256 ) (-404 880 -256 ) 
4 95 98 (-512 256 -256 ) (-512 144 -256 ) (-512 144 -128 ) (-512 256 -128 ) 
4 95 97 (-384 144 -256 ) (-128 144 -256 ) (-128 144 -128 ) (-384 144 -128 ) 
4 95 96 (-128 144 -256 ) (0 144 -256 ) (0 144 -128 ) (-128 144 -128 ) 
4 96 11 (0 128 -256 ) (0 128 -128 ) (-128 128 -128 ) (-128 128 -256 ) 
4 96 97 (-128 144 -128 ) (-128 144 -256 ) (-128 128 -256 ) (-128 128 -128 ) 
4 97 11 (-128 128 -128 ) (-384 128 -128 ) (-384 128 -256 ) (-128 128 -256 ) 
4 97 102 (-128 128 -256 ) (-384 128 -256 ) (-384 144 -256 ) (-128 144 -256 ) 
4 98 101 (-624 144 -256 ) (-624 256 -256 ) (-512 256 -256 ) (-512 144 -256 ) 
4 99 100 (-404 880 -384 ) (0 880 -384 ) (0 880 -256 ) (-404 880 -256 ) 
4 100 106 (0 768 -384 ) (0 144 -384 ) (-128 144 -384 ) (-128 768 -384 ) 
4 100 107 (-128 144 -384 ) (-512 144 -384 ) (-512 880 -384 ) (-128 880 -384 ) 
4 100 103 (-512 144 -384 ) (-384 144 -384 ) (-384 144 -256 ) (-512 144 -256 ) 
4 100 102 (-384 144 -384 ) (-128 144 -384 ) (-128 144 -256 ) (-384 144 -256 ) 
4 100 101 (-512 256 -384 ) (-512 144 -384 ) (-512 144 -256 ) (-512 256 -256 ) 
4 101 110 (-512 144 -384 ) (-624 144 -384 ) (-624 256 -384 ) (-512 256 -384 ) 
4 101 103 (-624 144 -384 ) (-512 144 -384 ) (-512 144 -256 ) (-624 144 -256 ) 
4 102 11 (-128 128 -256 ) (-384 128 -256 ) (-384 128 -384 ) (-128 128 -384 ) 
4 102 109 (-128 128 -384 ) (-384 128 -384 ) (-384 144 -384 ) (-128 144 -384 ) 
4 102 103 (-384 144 -256 ) (-384 144 -384 ) (-384 128 -384 ) (-384 128 -256 ) 
4 103 11 (-384 128 -256 ) (-624 128 -256 ) (-624 128 -384 ) (-384 128 -384 ) 
4 103 104 (-624 144 -256 ) (-624 144 -384 ) (-624 128 -384 ) (-624 128 -256 ) 
4 104 11 (-624 128 -256 ) (-640 128 -256 ) (-640 128 -384 ) (-624 128 -384 ) 
4 105 106 (-128 768 -392 ) (-128 768 -512 ) (0 768 -512 ) (0 768 -392 ) 
4 105 107 (-128 880 -392 ) (-128 880 -512 ) (-128 768 -512 ) (-128 768 -392 ) 
4 106 108 (-128 144 -512 ) (0 144 -512 ) (0 144 -384 ) (-128 144 -384 ) 
4 106 107 (-128 768 -512 ) (-128 144 -512 ) (-128 144 -384 ) (-128 768 -384 ) 
4 107 110 (-512 256 -512 ) (-512 144 -512 ) (-512 144 -384 ) (-512 256 -384 ) 
4 107 109 (-384 144 -512 ) (-128 144 -512 ) (-128 144 -384 ) (-384 144 -384 ) 
4 108 11 (0 128 -512 ) (0 128 -384 ) (-128 128 -384 ) (-128 128 -512 ) 
4 108 109 (-128 144 -384 ) (-128 144 -512 ) (-128 128 -512 ) (-128 128 -384 ) 
4 109 11 (-128 128 -384 ) (-384 128 -384 ) (-384 128 -512 ) (-128 128 -512 ) 
4 111 113 (-1024 128 0 ) (-1024 128 192 ) (-1024 512 192 ) (-1024 512 0 ) 
4 111 112 (-640 128 0 ) (-640 128 192 ) (-1024 128 192 ) (-1024 128 0 ) 
4 112 145 (-640 0 192 ) (-1024 0 192 ) (-1024 0 0 ) (-640 0 0 ) 
4 112 113 (-1024 0 0 ) (-1024 0 192 ) (-1024 128 192 ) (-1024 128 0 ) 
4 113 281 (-2048 0 0 ) (-2048 0 192 ) (-2048 512 192 ) (-2048 512 0 ) 
4 113 172 (-1024 0 0 ) (-1024 0 192 ) (-2048 0 192 ) (-2048 0 0 ) 
4 114 121 (128 -1272 0 ) (256 -1272 0 ) (256 -1272 128 ) (128 -1272 128 ) 
4 114 120 (128 -1272 128 ) (256 -1272 128 ) (256 -1272 144 ) (128 -1272 144 ) 
4 114 119 (0 -1272 192 ) (0 -1272 144 ) (256 -1272 144 ) (256 -1272 192 ) 
4 114 144 (128 -1640 144 ) (128 -1920 144 ) (128 -1920 192 ) (128 -1640 192 ) 
4 114 144 (128 -1632 144 ) (128 -1640 144 ) (128 -1640 192 ) (128 -1632 192 ) 
4 114 144 (128 -1640 128 ) (128 -1920 128 ) (128 -1920 144 ) (128 -1640 144 ) 
4 114 144 (128 -1640 0 ) (128 -1920 0 ) (128 -1920 128 ) (128 -1640 128 ) 
4 114 144 (0 -1280 192 ) (0 -1280 144 ) (0 -1408 144 ) (0 -1408 192 ) 
4 114 144 (0 -1408 192 ) (0 -1408 144 ) (0 -1504 144 ) (0 -1504 192 ) 
4 114 144 (0 -1632 144 ) (0 -1632 192 ) (0 -1504 192 ) (0 -1504 144 ) 
4 114 144 (0 -1632 192 ) (0 -1632 144 ) (128 -1632 144 ) (128 -1632 192 ) 
4 114 144 (-8 -1280 192 ) (-384 -1280 192 ) (-384 -1280 144 ) (-8 -1280 144 ) 
4 114 144 (0 -1280 144 ) (0 -1280 192 ) (-8 -1280 192 ) (-8 -1280 144 ) 
4 114 144 (-384 -1280 144 ) (-384 -1280 192 ) (-384 -1152 192 ) (-384 -1152 144 ) 
4 114 144 (-8 -1280 144 ) (-384 -1280 144 ) (-384 -1280 128 ) (-8 -1280 128 ) 
4 114 144 (-384 -1280 128 ) (-384 -1280 144 ) (-384 -1152 144 ) (-384 -1152 128 ) 
4 114 144 (-8 -1280 128 ) (-384 -1280 128 ) (-384 -1280 0 ) (-8 -1280 0 ) 
4 114 144 (-384 -1280 0 ) (-384 -1280 128 ) (-384 -1152 128 ) (-384 -1152 0 ) 
4 115 233 (0 -1272 -128 ) (0 -1272 -8 ) (0 -1152 -8 ) (0 -1152 -128 ) 
4 115 123 (0 -1272 -8 ) (0 -1272 -128 ) (128 -1272 -128 ) (128 -1272 -8 ) 
4 115 122 (472 -1272 -128 ) (520 -1272 -128 ) (520 -1272 -20 ) (472 -1272 -20 ) 
4 116 235 (0 -1272 -256 ) (0 -1272 -136 ) (0 -1152 -136 ) (0 -1152 -256 ) 
4 116 124 (0 -1272 -136 ) (0 -1272 -256 ) (128 -1272 -256 ) (128 -1272 -136 ) 
4 117 237 (0 -1272 -384 ) (0 -1272 -264 ) (0 -1152 -264 ) (0 -1152 -384 ) 
4 117 125 (0 -1272 -264 ) (0 -1272 -384 ) (128 -1272 -384 ) (128 -1272 -264 ) 
4 118 239 (0 -1272 -512 ) (0 -1272 -392 ) (0 -1152 -392 ) (0 -1152 -512 ) 
4 118 126 (0 -1272 -392 ) (0 -1272 -512 ) (128 -1272 -512 ) (128 -1272 -392 ) 
4 119 114 (0 -1280 144 ) (0 -1280 192 ) (0 -1272 192 ) (0 -1272 144 ) 
4 119 114 (0 -1280 192 ) (0 -1280 144 ) (128 -1280 144 ) (128 -1280 192 ) 
4 119 114 (128 -1280 144 ) (136 -1280 144 ) (136 -1280 192 ) (128 -1280 192 ) 
4 119 114 (136 -1280 144 ) (256 -1280 144 ) (256 -1280 192 ) (136 -1280 192 ) 
4 119 120 (128 -1272 144 ) (256 -1272 144 ) (256 -1280 144 ) (136 -1280 144 ) 
4 120 114 (136 -1280 128 ) (256 -1280 128 ) (256 -1280 144 ) (136 -1280 144 ) 
4 120 121 (256 -1280 128 ) (136 -1280 128 ) (128 -1272 128 ) (256 -1272 128 ) 
4 121 114 (136 -1280 0 ) (256 -1280 0 ) (256 -1280 128 ) (136 -1280 128 ) 
4 122 130 (472 -1280 -128 ) (520 -1280 -128 ) (520 -1280 -20 ) (472 -1280 -20 ) 
4 123 133 (0 -1280 -8 ) (0 -1280 -128 ) (128 -1280 -128 ) (128 -1280 -8 ) 
4 124 134 (0 -1280 -136 ) (0 -1280 -256 ) (128 -1280 -256 ) (128 -1280 -136 ) 
4 125 135 (0 -1280 -264 ) (0 -1280 -384 ) (128 -1280 -384 ) (128 -1280 -264 ) 
4 126 136 (0 -1280 -392 ) (0 -1280 -512 ) (128 -1280 -512 ) (128 -1280 -392 ) 
4 132 138 (0 -1408 128 ) (0 -1408 0 ) (128 -1408 0 ) (128 -1408 128 ) 
4 133 138 (0 -1408 -8 ) (0 -1408 -128 ) (128 -1408 -128 ) (128 -1408 -8 ) 
4 134 138 (0 -1408 -136 ) (0 -1408 -256 ) (128 -1408 -256 ) (128 -1408 -136 ) 
4 135 138 (0 -1408 -264 ) (0 -1408 -384 ) (128 -1408 -384 ) (128 -1408 -264 ) 
4 136 138 (0 -1408 -392 ) (0 -1408 -512 ) (128 -1408 -512 ) (128 -1408 -392 ) 
4 137 138 (0 -1408 -520 ) (0 -1408 -640 ) (128 -1408 -640 ) (128 -1408 -520 ) 
4 138 143 (128 -1504 -576 ) (128 -1504 -456 ) (0 -1504 -456 ) (0 -1504 -576 ) 
4 138 141 (128 -1504 -320 ) (128 -1504 -200 ) (0 -1504 -200 ) (0 -1504 -320 ) 
4 138 142 (128 -1504 -448 ) (128 -1504 -328 ) (0 -1504 -328 ) (0 -1504 -448 ) 
4 138 140 (128 -1504 -192 ) (128 -1504 -72 ) (0 -1504 -72 ) (0 -1504 -192 ) 
4 138 139 (128 -1504 -64 ) (128 -1504 128 ) (0 -1504 128 ) (0 -1504 -64 ) 
4 139 144 (56 -1632 16 ) (56 -1632 100 ) (16 -1632 100 ) (16 -1632 16 ) 
4 139 144 (112 -1632 16 ) (112 -1632 100 ) (72 -1632 100 ) (72 -1632 16 ) 
4 144 245 (-512 -1139 -352 ) (-512 -1139 -280 ) (-512 -1101 -280 ) (-512 -1101 -352 ) 
4 144 242 (-512 -1075 -352 ) (-512 -1075 -280 ) (-512 -1037 -280 ) (-512 -1037 -352 ) 
4 144 241 (-512 -1024 192 ) (-512 -1024 -256 ) (-512 -1280 -256 ) (-512 -1280 192 ) 
4 144 262 (-1024 -1280 192 ) (-1024 -1280 0 ) (-1024 -1536 0 ) (-1024 -1536 192 ) 
4 144 262 (-1024 -1280 0 ) (-1024 -1280 -8 ) (-1024 -1536 -8 ) (-1024 -1536 0 ) 
4 144 262 (-1024 -1280 -8 ) (-1024 -1280 -128 ) (-1024 -1536 -128 ) (-1024 -1536 -8 ) 
4 144 262 (-1024 -1280 -128 ) (-1024 -1280 -136 ) (-1024 -1536 -136 ) (-1024 -1536 -128 ) 
4 144 262 (-1024 -1280 -136 ) (-1024 -1280 -256 ) (-1024 -1536 -256 ) (-1024 -1536 -136 ) 
4 144 264 (-1024 -1792 192 ) (-1024 -1784 192 ) (-1024 -1784 -256 ) (-1024 -1792 -256 ) 
4 144 262 (-1024 -1784 192 ) (-1024 -1536 192 ) (-1024 -1536 -256 ) (-1024 -1784 -256 ) 
4 144 279 (-1024 -1920 192 ) (-1024 -1792 192 ) (-1024 -1792 -264 ) (-1024 -1920 -264 ) 
4 144 279 (-1024 -1920 -264 ) (-1024 -1792 -264 ) (-1024 -1792 -384 ) (-1024 -1920 -384 ) 
4 144 279 (-1024 -1920 -384 ) (-1024 -1792 -384 ) (-1024 -1792 -392 ) (-1024 -1920 -392 ) 
4 144 279 (-1024 -1920 -392 ) (-1024 -1792 -392 ) (-1024 -1792 -512 ) (-1024 -1920 -512 ) 
4 144 258 (-1024 -1920 -512 ) (-1024 -1792 -512 ) (-512 -1792 -512 ) (-512 -1920 -512 ) 
4 144 258 (-512 -1792 -640 ) (-512 -1920 -640 ) (-512 -1920 -512 ) (-512 -1792 -512 ) 
4 145 172 (-1024 0 192 ) (-1024 0 0 ) (-1024 -512 0 ) (-1024 -512 192 ) 
4 145 11 (-640 -512 0 ) (-640 -512 192 ) (-1024 -512 192 ) (-1024 -512 0 ) 
4 146 189 (-1024 -512 -384 ) (-1024 -768 -384 ) (-1024 -768 -264 ) (-1024 -512 -264 ) 
4 146 11 (-1024 -768 -384 ) (-1024 -512 -384 ) (-640 -512 -384 ) (-640 -768 -384 ) 
4 146 156 (-845 -768 -352 ) (-845 -768 -280 ) (-883 -768 -280 ) (-883 -768 -352 ) 
4 146 153 (-781 -768 -352 ) (-781 -768 -280 ) (-819 -768 -280 ) (-819 -768 -352 ) 
4 147 148 (-563 -771 -352 ) (-525 -771 -352 ) (-525 -771 -280 ) (-563 -771 -280 ) 
4 148 149 (-563 -772 -352 ) (-525 -772 -352 ) (-525 -772 -280 ) (-563 -772 -280 ) 
4 149 159 (-525 -776 -352 ) (-525 -776 -280 ) (-563 -776 -280 ) (-563 -776 -352 ) 
4 150 151 (-627 -771 -352 ) (-589 -771 -352 ) (-589 -771 -280 ) (-627 -771 -280 ) 
4 151 152 (-627 -772 -352 ) (-589 -772 -352 ) (-589 -772 -280 ) (-627 -772 -280 ) 
4 152 159 (-589 -776 -352 ) (-589 -776 -280 ) (-627 -776 -280 ) (-627 -776 -352 ) 
4 153 154 (-819 -771 -352 ) (-781 -771 -352 ) (-781 -771 -280 ) (-819 -771 -280 ) 
4 154 155 (-819 -772 -352 ) (-781 -772 -352 ) (-781 -772 -280 ) (-819 -772 -280 ) 
4 155 159 (-781 -776 -352 ) (-781 -776 -280 ) (-819 -776 -280 ) (-819 -776 -352 ) 
4 156 157 (-883 -771 -352 ) (-845 -771 -352 ) (-845 -771 -280 ) (-883 -771 -280 ) 
4 157 158 (-883 -772 -352 ) (-845 -772 -352 ) (-845 -772 -280 ) (-883 -772 -280 ) 
4 158 159 (-845 -776 -352 ) (-845 -776 -280 ) (-883 -776 -280 ) (-883 -776 -352 ) 
4 159 214 (-1024 -776 -384 ) (-1024 -888 -384 ) (-1024 -888 -264 ) (-1024 -776 -264 ) 
4 159 160 (-760 -888 -384 ) (-712 -888 -384 ) (-712 -888 -276 ) (-760 -888 -276 ) 
4 160 161 (-712 -894 -384 ) (-712 -894 -276 ) (-760 -894 -276 ) (-760 -894 -384 ) 
4 161 168 (-760 -896 -384 ) (-712 -896 -384 ) (-712 -896 -276 ) (-760 -896 -276 ) 
4 162 163 (-514.500000 -909 -352 ) (-514.500000 -947 -352 ) (-514.500000 -947 -280 ) (-514.500000 -909 -280 ) 
4 163 164 (-515.500000 -909 -352 ) (-515.500000 -947 -352 ) (-515.500000 -947 -280 ) (-515.500000 -909 -280 ) 
4 164 168 (-520 -947 -352 ) (-520 -947 -280 ) (-520 -909 -280 ) (-520 -909 -352 ) 
4 165 166 (-514.500000 -973 -352 ) (-514.500000 -1011 -352 ) (-514.500000 -1011 -280 ) (-514.500000 -973 -280 ) 
4 166 167 (-515.500000 -973 -352 ) (-515.500000 -1011 -352 ) (-515.500000 -1011 -280 ) (-515.500000 -973 -280 ) 
4 167 168 (-520 -1011 -352 ) (-520 -1011 -280 ) (-520 -973 -280 ) (-520 -973 -352 ) 
4 168 248 (-520 -1024 -264 ) (-1016 -1024 -264 ) (-1016 -1024 -384 ) (-520 -1024 -384 ) 
4 168 169 (-1016 -1020 -384 ) (-1016 -1024 -384 ) (-1016 -1024 -276 ) (-1016 -1020 -276 ) 
4 169 249 (-1024 -1024 -276 ) (-1024 -1024 -384 ) (-1016 -1024 -384 ) (-1016 -1024 -276 ) 
4 169 219 (-1024 -1020 -384 ) (-1024 -1024 -384 ) (-1024 -1024 -276 ) (-1024 -1020 -276 ) 
4 170 224 (-1024 -512 -512 ) (-1024 -768 -512 ) (-1024 -768 -392 ) (-1024 -512 -392 ) 
4 170 11 (-1024 -768 -512 ) (-1024 -512 -512 ) (-640 -512 -512 ) (-640 -768 -512 ) 
4 171 256 (-520 -1024 -392 ) (-1024 -1024 -392 ) (-1024 -1024 -512 ) (-520 -1024 -512 ) 
4 171 225 (-1024 -776 -512 ) (-1024 -1024 -512 ) (-1024 -1024 -392 ) (-1024 -776 -392 ) 
4 172 282 (-2048 -512 192 ) (-2048 0 192 ) (-2048 0 0 ) (-2048 -512 0 ) 
4 172 173 (-1024 -512 0 ) (-1024 -512 192 ) (-2048 -512 192 ) (-2048 -512 0 ) 
4 173 283 (-2048 -768 192 ) (-2048 -512 192 ) (-2048 -512 -128 ) (-2048 -768 -128 ) 
4 173 183 (-1536 -512 -128 ) (-1520 -512 -128 ) (-1520 -768 -128 ) (-1536 -768 -128 ) 
4 173 184 (-2048 -768 -128 ) (-2048 -512 -128 ) (-1536 -512 -128 ) (-1536 -768 -128 ) 
4 173 181 (-1520 -512 -128 ) (-1416 -512 -128 ) (-1416 -768 -128 ) (-1520 -768 -128 ) 
4 173 178 (-1416 -512 -128 ) (-1408 -512 -128 ) (-1408 -768 -128 ) (-1416 -768 -128 ) 
4 173 177 (-1408 -512 -128 ) (-1024 -512 -128 ) (-1024 -768 -128 ) (-1408 -768 -128 ) 
4 173 175 (-1408 -768 -112 ) (-1408 -768 192 ) (-1536 -768 192 ) (-1536 -768 -112 ) 
4 173 174 (-1408 -768 -128 ) (-1024 -768 -128 ) (-1024 -768 192 ) (-1408 -768 192 ) 
4 173 176 (-2048 -768 -128 ) (-1536 -768 -128 ) (-1536 -768 192 ) (-2048 -768 192 ) 
4 174 259 (-1024 -1024 -128 ) (-1024 -1024 192 ) (-1408 -1024 192 ) (-1408 -1024 -128 ) 
4 174 177 (-1024 -1024 -128 ) (-1408 -1024 -128 ) (-1408 -768 -128 ) (-1024 -768 -128 ) 
4 174 175 (-1408 -768 192 ) (-1408 -768 -112 ) (-1408 -1024 -112 ) (-1408 -1024 192 ) 
4 175 273 (-1528 -1024 192 ) (-1536 -1024 192 ) (-1536 -1024 -112 ) (-1528 -1024 -112 ) 
4 175 266 (-1416 -1024 192 ) (-1528 -1024 192 ) (-1528 -1024 -112 ) (-1416 -1024 -112 ) 
4 175 265 (-1408 -1024 192 ) (-1416 -1024 192 ) (-1416 -1024 -112 ) (-1408 -1024 -112 ) 
4 175 176 (-1536 -768 192 ) (-1536 -768 -112 ) (-1536 -1024 -112 ) (-1536 -1024 192 ) 
4 176 286 (-2048 -1024 -128 ) (-2048 -1024 192 ) (-2048 -768 192 ) (-2048 -768 -128 ) 
4 176 280 (-1664 -1024 192 ) (-2048 -1024 192 ) (-2048 -1024 -128 ) (-1664 -1024 -128 ) 
4 176 277 (-1536 -1024 192 ) (-1664 -1024 192 ) (-1664 -1024 -128 ) (-1536 -1024 -128 ) 
4 176 186 (-1536 -1024 -128 ) (-2048 -1024 -128 ) (-2048 -776 -128 ) (-1536 -776 -128 ) 
4 176 184 (-2048 -776 -128 ) (-2048 -768 -128 ) (-1536 -768 -128 ) (-1536 -776 -128 ) 
4 177 259 (-1024 -1024 -256 ) (-1024 -1024 -128 ) (-1408 -1024 -128 ) (-1408 -1024 -256 ) 
4 177 187 (-1024 -512 -256 ) (-1024 -768 -256 ) (-1408 -768 -256 ) (-1408 -512 -256 ) 
4 177 179 (-1408 -876 -256 ) (-1408 -924 -256 ) (-1408 -924 -148 ) (-1408 -876 -148 ) 
4 177 178 (-1408 -512 -256 ) (-1408 -768 -256 ) (-1408 -768 -128 ) (-1408 -512 -128 ) 
4 178 187 (-1416 -768 -256 ) (-1416 -512 -256 ) (-1408 -512 -256 ) (-1408 -768 -256 ) 
4 178 181 (-1416 -512 -256 ) (-1416 -768 -256 ) (-1416 -768 -128 ) (-1416 -512 -128 ) 
4 179 180 (-1410 -924 -256 ) (-1410 -924 -148 ) (-1410 -876 -148 ) (-1410 -876 -256 ) 
4 180 185 (-1416 -876 -256 ) (-1416 -924 -256 ) (-1416 -924 -148 ) (-1416 -876 -148 ) 
4 181 187 (-1416 -512 -256 ) (-1416 -768 -256 ) (-1520 -768 -256 ) (-1520 -512 -256 ) 
4 181 183 (-1520 -512 -256 ) (-1520 -768 -256 ) (-1520 -768 -128 ) (-1520 -512 -128 ) 
4 181 182 (-1520 -768 -148 ) (-1520 -768 -212 ) (-1424 -768 -212 ) (-1424 -768 -148 ) 
4 182 185 (-1424 -776 -212 ) (-1424 -776 -148 ) (-1520 -776 -148 ) (-1520 -776 -212 ) 
4 183 187 (-1536 -512 -256 ) (-1520 -512 -256 ) (-1520 -768 -256 ) (-1536 -768 -256 ) 
4 183 184 (-1536 -512 -128 ) (-1536 -512 -256 ) (-1536 -768 -256 ) (-1536 -768 -128 ) 
4 184 283 (-2048 -768 -128 ) (-2048 -512 -128 ) (-2048 -512 -256 ) (-2048 -768 -256 ) 
4 184 188 (-2048 -776 -256 ) (-2048 -768 -256 ) (-1664 -768 -256 ) (-1664 -776 -256 ) 
4 184 187 (-2048 -768 -256 ) (-2048 -512 -256 ) (-1536 -512 -256 ) (-1536 -768 -256 ) 
4 184 186 (-2048 -776 -256 ) (-1536 -776 -256 ) (-1536 -776 -128 ) (-2048 -776 -128 ) 
4 185 267 (-1416 -1024 -128 ) (-1528 -1024 -128 ) (-1528 -1024 -256 ) (-1416 -1024 -256 ) 
4 186 280 (-1664 -1024 -128 ) (-2048 -1024 -128 ) (-2048 -1024 -256 ) (-1664 -1024 -256 ) 
4 186 277 (-1536 -1024 -128 ) (-1664 -1024 -128 ) (-1664 -1024 -256 ) (-1536 -1024 -256 ) 
4 186 188 (-1664 -1024 -256 ) (-2048 -1024 -256 ) (-2048 -776 -256 ) (-1664 -776 -256 ) 
4 187 283 (-2048 -768 -256 ) (-2048 -512 -256 ) (-2048 -512 -264 ) (-2048 -768 -264 ) 
4 187 212 (-1664 -512 -264 ) (-1651 -512 -264 ) (-1651 -768 -264 ) (-1664 -768 -264 ) 
4 187 213 (-2048 -768 -264 ) (-2048 -512 -264 ) (-1664 -512 -264 ) (-1664 -768 -264 ) 
4 187 208 (-1651 -512 -264 ) (-1613 -512 -264 ) (-1613 -768 -264 ) (-1651 -768 -264 ) 
4 187 207 (-1613 -512 -264 ) (-1587 -512 -264 ) (-1587 -768 -264 ) (-1613 -768 -264 ) 
4 187 203 (-1587 -512 -264 ) (-1549 -512 -264 ) (-1549 -768 -264 ) (-1587 -768 -264 ) 
4 187 199 (-1549 -512 -264 ) (-1357 -512 -264 ) (-1357 -768 -264 ) (-1549 -768 -264 ) 
4 187 189 (-1357 -512 -264 ) (-1024 -512 -264 ) (-1024 -768 -264 ) (-1357 -768 -264 ) 
4 187 188 (-2048 -768 -264 ) (-1664 -768 -264 ) (-1664 -768 -256 ) (-2048 -768 -256 ) 
4 188 280 (-1664 -1024 -256 ) (-2048 -1024 -256 ) (-2048 -1024 -264 ) (-1664 -1024 -264 ) 
4 188 223 (-1664 -1024 -264 ) (-2048 -1024 -264 ) (-2048 -896 -264 ) (-1664 -896 -264 ) 
4 188 218 (-2048 -896 -264 ) (-2048 -776 -264 ) (-1664 -776 -264 ) (-1664 -896 -264 ) 
4 188 213 (-2048 -776 -264 ) (-2048 -768 -264 ) (-1664 -768 -264 ) (-1664 -776 -264 ) 
4 189 224 (-1024 -512 -384 ) (-1024 -768 -384 ) (-1357 -768 -384 ) (-1357 -512 -384 ) 
4 189 199 (-1357 -512 -384 ) (-1357 -768 -384 ) (-1357 -768 -264 ) (-1357 -512 -264 ) 
4 189 196 (-1293 -768 -352 ) (-1293 -768 -280 ) (-1331 -768 -280 ) (-1331 -768 -352 ) 
4 189 193 (-1101 -768 -352 ) (-1101 -768 -280 ) (-1139 -768 -280 ) (-1139 -768 -352 ) 
4 189 190 (-1037 -768 -352 ) (-1037 -768 -280 ) (-1075 -768 -280 ) (-1075 -768 -352 ) 
4 190 191 (-1075 -771 -352 ) (-1037 -771 -352 ) (-1037 -771 -280 ) (-1075 -771 -280 ) 
4 191 192 (-1075 -772 -352 ) (-1037 -772 -352 ) (-1037 -772 -280 ) (-1075 -772 -280 ) 
4 192 214 (-1037 -776 -352 ) (-1037 -776 -280 ) (-1075 -776 -280 ) (-1075 -776 -352 ) 
4 193 194 (-1139 -771 -352 ) (-1101 -771 -352 ) (-1101 -771 -280 ) (-1139 -771 -280 ) 
4 194 195 (-1139 -772 -352 ) (-1101 -772 -352 ) (-1101 -772 -280 ) (-1139 -772 -280 ) 
4 195 214 (-1101 -776 -352 ) (-1101 -776 -280 ) (-1139 -776 -280 ) (-1139 -776 -352 ) 
4 196 197 (-1331 -771 -352 ) (-1293 -771 -352 ) (-1293 -771 -280 ) (-1331 -771 -280 ) 
4 197 198 (-1331 -772 -352 ) (-1293 -772 -352 ) (-1293 -772 -280 ) (-1331 -772 -280 ) 
4 198 214 (-1293 -776 -352 ) (-1293 -776 -280 ) (-1331 -776 -280 ) (-1331 -776 -352 ) 
4 199 230 (-1549 -768 -384 ) (-1549 -512 -384 ) (-1536 -512 -384 ) (-1536 -768 -384 ) 
4 199 226 (-1536 -512 -384 ) (-1408 -512 -384 ) (-1408 -768 -384 ) (-1536 -768 -384 ) 
4 199 224 (-1408 -512 -384 ) (-1357 -512 -384 ) (-1357 -768 -384 ) (-1408 -768 -384 ) 
4 199 203 (-1549 -512 -384 ) (-1549 -768 -384 ) (-1549 -768 -264 ) (-1549 -512 -264 ) 
4 199 200 (-1357 -768 -352 ) (-1357 -768 -280 ) (-1395 -768 -280 ) (-1395 -768 -352 ) 
4 200 201 (-1395 -771 -352 ) (-1357 -771 -352 ) (-1357 -771 -280 ) (-1395 -771 -280 ) 
4 201 202 (-1395 -772 -352 ) (-1357 -772 -352 ) (-1357 -772 -280 ) (-1395 -772 -280 ) 
4 202 214 (-1357 -776 -352 ) (-1357 -776 -280 ) (-1395 -776 -280 ) (-1395 -776 -352 ) 
4 203 230 (-1587 -768 -384 ) (-1587 -512 -384 ) (-1549 -512 -384 ) (-1549 -768 -384 ) 
4 203 207 (-1587 -512 -384 ) (-1587 -768 -384 ) (-1587 -768 -264 ) (-1587 -512 -264 ) 
4 203 204 (-1587 -768 -280 ) (-1587 -768 -352 ) (-1549 -768 -352 ) (-1549 -768 -280 ) 
4 204 205 (-1587 -771 -352 ) (-1549 -771 -352 ) (-1549 -771 -280 ) (-1587 -771 -280 ) 
4 205 206 (-1587 -772 -352 ) (-1549 -772 -352 ) (-1549 -772 -280 ) (-1587 -772 -280 ) 
4 206 214 (-1549 -776 -352 ) (-1549 -776 -280 ) (-1587 -776 -280 ) (-1587 -776 -352 ) 
4 207 230 (-1613 -768 -384 ) (-1613 -512 -384 ) (-1587 -512 -384 ) (-1587 -768 -384 ) 
4 207 208 (-1613 -512 -384 ) (-1613 -768 -384 ) (-1613 -768 -264 ) (-1613 -512 -264 ) 
4 208 230 (-1651 -768 -384 ) (-1651 -512 -384 ) (-1613 -512 -384 ) (-1613 -768 -384 ) 
4 208 212 (-1651 -512 -384 ) (-1651 -768 -384 ) (-1651 -768 -264 ) (-1651 -512 -264 ) 
4 208 209 (-1651 -768 -280 ) (-1651 -768 -352 ) (-1613 -768 -352 ) (-1613 -768 -280 ) 
4 209 210 (-1651 -771 -352 ) (-1613 -771 -352 ) (-1613 -771 -280 ) (-1651 -771 -280 ) 
4 210 211 (-1651 -772 -352 ) (-1613 -772 -352 ) (-1613 -772 -280 ) (-1651 -772 -280 ) 
4 211 214 (-1613 -776 -352 ) (-1613 -776 -280 ) (-1651 -776 -280 ) (-1651 -776 -352 ) 
4 212 230 (-1664 -768 -384 ) (-1664 -512 -384 ) (-1651 -512 -384 ) (-1651 -768 -384 ) 
4 212 213 (-1664 -512 -264 ) (-1664 -512 -384 ) (-1664 -768 -384 ) (-1664 -768 -264 ) 
4 213 287 (-2048 -768 -264 ) (-2048 -512 -264 ) (-2048 -512 -384 ) (-2048 -768 -384 ) 
4 213 232 (-1664 -776 -384 ) (-2048 -776 -384 ) (-2048 -512 -384 ) (-1664 -512 -384 ) 
4 213 218 (-2048 -776 -384 ) (-1664 -776 -384 ) (-1664 -776 -264 ) (-2048 -776 -264 ) 
4 214 216 (-1656 -808 -384 ) (-1656 -856 -384 ) (-1656 -856 -276 ) (-1656 -808 -276 ) 
4 214 215 (-1536 -888 -384 ) (-1408 -888 -384 ) (-1408 -888 -264 ) (-1536 -888 -264 ) 
4 215 222 (-1528 -896 -384 ) (-1416 -896 -384 ) (-1416 -896 -264 ) (-1528 -896 -264 ) 
4 216 217 (-1662 -856 -384 ) (-1662 -856 -276 ) (-1662 -808 -276 ) (-1662 -808 -384 ) 
4 217 218 (-1664 -808 -384 ) (-1664 -856 -384 ) (-1664 -856 -276 ) (-1664 -808 -276 ) 
4 218 290 (-2048 -808 -276 ) (-2048 -808 -384 ) (-2048 -856 -384 ) (-2048 -856 -276 ) 
4 218 232 (-1664 -896 -384 ) (-2048 -896 -384 ) (-2048 -776 -384 ) (-1664 -776 -384 ) 
4 218 223 (-2048 -896 -384 ) (-1664 -896 -384 ) (-1664 -896 -264 ) (-2048 -896 -264 ) 
4 219 260 (-1024 -1024 -384 ) (-1024 -1024 -264 ) (-1408 -1024 -264 ) (-1408 -1024 -384 ) 
4 219 220 (-1408 -932 -384 ) (-1408 -980 -384 ) (-1408 -980 -276 ) (-1408 -932 -276 ) 
4 220 221 (-1410 -980 -384 ) (-1410 -980 -276 ) (-1410 -932 -276 ) (-1410 -932 -384 ) 
4 221 222 (-1416 -932 -384 ) (-1416 -980 -384 ) (-1416 -980 -276 ) (-1416 -932 -276 ) 
4 222 270 (-1528 -1024 -320 ) (-1528 -1024 -384 ) (-1416 -1024 -384 ) (-1416 -1024 -320 ) 
4 222 269 (-1416 -1024 -264 ) (-1528 -1024 -264 ) (-1528 -1024 -320 ) (-1416 -1024 -320 ) 
4 223 318 (-2048 -973 -272 ) (-2048 -973 -344 ) (-2048 -1011 -344 ) (-2048 -1011 -272 ) 
4 223 315 (-2048 -909 -272 ) (-2048 -909 -344 ) (-2048 -947 -344 ) (-2048 -947 -272 ) 
4 223 280 (-1664 -1024 -264 ) (-2048 -1024 -264 ) (-2048 -1024 -384 ) (-1664 -1024 -384 ) 
4 223 232 (-1664 -1024 -384 ) (-2048 -1024 -384 ) (-2048 -896 -384 ) (-1664 -896 -384 ) 
4 224 226 (-1408 -768 -640 ) (-1408 -768 -384 ) (-1408 -512 -384 ) (-1408 -512 -640 ) 
4 225 261 (-1024 -1024 -512 ) (-1024 -1024 -392 ) (-1408 -1024 -392 ) (-1408 -1024 -512 ) 
4 225 227 (-1408 -896 -392 ) (-1408 -776 -392 ) (-1408 -776 -512 ) (-1408 -896 -512 ) 
4 226 230 (-1536 -768 -384 ) (-1536 -512 -384 ) (-1536 -512 -640 ) (-1536 -768 -640 ) 
4 227 228 (-1416 -776 -392 ) (-1416 -776 -512 ) (-1416 -896 -512 ) (-1416 -896 -392 ) 
4 228 270 (-1416 -1024 -392 ) (-1528 -1024 -392 ) (-1528 -1024 -512 ) (-1416 -1024 -512 ) 
4 229 270 (-1416 -1024 -520 ) (-1528 -1024 -520 ) (-1528 -1024 -640 ) (-1416 -1024 -640 ) 
4 230 232 (-1664 -768 -640 ) (-1664 -768 -384 ) (-1664 -512 -384 ) (-1664 -512 -640 ) 
4 231 278 (-1536 -1024 -512 ) (-1536 -1024 -392 ) (-1656 -1024 -392 ) (-1656 -1024 -512 ) 
4 232 324 (-2048 -768 -384 ) (-2048 -512 -384 ) (-2048 -512 -640 ) (-2048 -768 -640 ) 
4 232 280 (-1664 -1024 -640 ) (-1664 -1024 -384 ) (-2048 -1024 -384 ) (-2048 -1024 -640 ) 
4 233 144 (-384 -1272 -8 ) (-384 -1152 -8 ) (-384 -1152 -128 ) (-384 -1272 -128 ) 
4 233 234 (-384 -1272 -128 ) (-128 -1272 -128 ) (-128 -1272 -8 ) (-384 -1272 -8 ) 
4 234 144 (-136 -1280 -8 ) (-384 -1280 -8 ) (-384 -1280 -128 ) (-136 -1280 -128 ) 
4 234 144 (-384 -1280 -128 ) (-384 -1280 -8 ) (-384 -1272 -8 ) (-384 -1272 -128 ) 
4 235 144 (-384 -1272 -136 ) (-384 -1152 -136 ) (-384 -1152 -256 ) (-384 -1272 -256 ) 
4 235 236 (-384 -1272 -256 ) (-128 -1272 -256 ) (-128 -1272 -136 ) (-384 -1272 -136 ) 
4 236 144 (-136 -1280 -136 ) (-384 -1280 -136 ) (-384 -1280 -256 ) (-136 -1280 -256 ) 
4 236 144 (-384 -1280 -256 ) (-384 -1280 -136 ) (-384 -1272 -136 ) (-384 -1272 -256 ) 
4 237 144 (-384 -1272 -264 ) (-384 -1152 -264 ) (-384 -1152 -384 ) (-384 -1272 -384 ) 
4 237 238 (-384 -1272 -384 ) (-128 -1272 -384 ) (-128 -1272 -264 ) (-384 -1272 -264 ) 
4 238 144 (-136 -1280 -264 ) (-384 -1280 -264 ) (-384 -1280 -384 ) (-136 -1280 -384 ) 
4 238 144 (-384 -1280 -384 ) (-384 -1280 -264 ) (-384 -1272 -264 ) (-384 -1272 -384 ) 
4 239 144 (-384 -1272 -392 ) (-384 -1152 -392 ) (-384 -1152 -512 ) (-384 -1272 -512 ) 
4 239 240 (-384 -1272 -512 ) (-128 -1272 -512 ) (-128 -1272 -392 ) (-384 -1272 -392 ) 
4 240 144 (-136 -1280 -392 ) (-384 -1280 -392 ) (-384 -1280 -512 ) (-136 -1280 -512 ) 
4 240 144 (-384 -1280 -512 ) (-384 -1280 -392 ) (-384 -1272 -392 ) (-384 -1272 -512 ) 
4 241 262 (-1024 -1152 -256 ) (-1024 -1280 -256 ) (-1024 -1280 192 ) (-1024 -1152 192 ) 
4 241 259 (-1024 -1024 192 ) (-1024 -1024 -256 ) (-1024 -1152 -256 ) (-1024 -1152 192 ) 
4 241 144 (-512 -1280 -256 ) (-512 -1280 -136 ) (-1024 -1280 -136 ) (-1024 -1280 -256 ) 
4 241 144 (-512 -1280 -136 ) (-512 -1280 -128 ) (-1024 -1280 -128 ) (-1024 -1280 -136 ) 
4 241 144 (-512 -1280 -128 ) (-512 -1280 -8 ) (-1024 -1280 -8 ) (-1024 -1280 -128 ) 
4 241 144 (-512 -1280 -8 ) (-512 -1280 0 ) (-1024 -1280 0 ) (-1024 -1280 -8 ) 
4 241 144 (-512 -1280 0 ) (-512 -1280 192 ) (-1024 -1280 192 ) (-1024 -1280 0 ) 
4 242 243 (-514.500000 -1037 -352 ) (-514.500000 -1075 -352 ) (-514.500000 -1075 -280 ) (-514.500000 -1037 -280 ) 
4 243 244 (-515.500000 -1037 -352 ) (-515.500000 -1075 -352 ) (-515.500000 -1075 -280 ) (-515.500000 -1037 -280 ) 
4 244 248 (-520 -1075 -352 ) (-520 -1075 -280 ) (-520 -1037 -280 ) (-520 -1037 -352 ) 
4 245 246 (-514.500000 -1101 -352 ) (-514.500000 -1139 -352 ) (-514.500000 -1139 -280 ) (-514.500000 -1101 -280 ) 
4 246 247 (-515.500000 -1101 -352 ) (-515.500000 -1139 -352 ) (-515.500000 -1139 -280 ) (-515.500000 -1101 -280 ) 
4 247 248 (-520 -1139 -352 ) (-520 -1139 -280 ) (-520 -1101 -280 ) (-520 -1101 -352 ) 
4 248 251 (-523.500000 -1152 -384 ) (-522.500000 -1152 -384 ) (-522.500000 -1152 -264 ) (-523.500000 -1152 -264 ) 
4 248 250 (-522.500000 -1152 -384 ) (-520 -1152 -384 ) (-520 -1152 -264 ) (-522.500000 -1152 -264 ) 
4 248 255 (-896 -1152 -384 ) (-523.500000 -1152 -384 ) (-523.500000 -1152 -264 ) (-896 -1152 -264 ) 
4 248 249 (-1016 -1024 -384 ) (-1016 -1068 -384 ) (-1016 -1068 -276 ) (-1016 -1024 -276 ) 
4 249 260 (-1024 -1024 -276 ) (-1024 -1024 -384 ) (-1024 -1068 -384 ) (-1024 -1068 -276 ) 
4 250 252 (-522.500000 -1245 -295.500000 ) (-522.500000 -1245 -264 ) (-522.500000 -1187 -264 ) (-522.500000 -1187 -295.500000 ) 
4 250 253 (-522.500000 -1187 -384 ) (-522.500000 -1245 -384 ) (-522.500000 -1245 -330.500000 ) (-522.500000 -1187 -330.500000 ) 
4 250 251 (-522.500000 -1152 -264 ) (-522.500000 -1152 -384 ) (-522.500000 -1187 -384 ) (-522.500000 -1187 -264 ) 
4 250 254 (-522.500000 -1245 -384 ) (-522.500000 -1280 -384 ) (-522.500000 -1280 -264 ) (-522.500000 -1245 -264 ) 
4 251 252 (-523.500000 -1187 -264 ) (-523.500000 -1187 -295.500000 ) (-522.500000 -1187 -295.500000 ) (-522.500000 -1187 -264 ) 
4 251 253 (-523.500000 -1187 -330.500000 ) (-523.500000 -1187 -384 ) (-522.500000 -1187 -384 ) (-522.500000 -1187 -330.500000 ) 
4 251 255 (-523.500000 -1152 -264 ) (-523.500000 -1152 -384 ) (-523.500000 -1187 -384 ) (-523.500000 -1187 -264 ) 
4 252 254 (-523.500000 -1245 -264 ) (-523.500000 -1245 -295.500000 ) (-522.500000 -1245 -295.500000 ) (-522.500000 -1245 -264 ) 
4 252 255 (-523.500000 -1245 -295.500000 ) (-523.500000 -1245 -264 ) (-523.500000 -1187 -264 ) (-523.500000 -1187 -295.500000 ) 
4 253 255 (-523.500000 -1187 -384 ) (-523.500000 -1245 -384 ) (-523.500000 -1245 -330.500000 ) (-523.500000 -1187 -330.500000 ) 
4 253 254 (-523.500000 -1245 -330.500000 ) (-523.500000 -1245 -384 ) (-522.500000 -1245 -384 ) (-522.500000 -1245 -330.500000 ) 
4 254 255 (-523.500000 -1245 -384 ) (-523.500000 -1280 -384 ) (-523.500000 -1280 -264 ) (-523.500000 -1245 -264 ) 
4 256 263 (-1024 -1152 -512 ) (-1024 -1280 -512 ) (-1024 -1280 -392 ) (-1024 -1152 -392 ) 
4 256 261 (-1024 -1024 -392 ) (-1024 -1024 -512 ) (-1024 -1152 -512 ) (-1024 -1152 -392 ) 
4 256 257 (-520 -1280 -512 ) (-520 -1280 -392 ) (-1024 -1280 -392 ) (-1024 -1280 -512 ) 
4 257 263 (-1024 -1784 -392 ) (-1024 -1280 -392 ) (-1024 -1280 -512 ) (-1024 -1784 -512 ) 
4 258 279 (-1024 -1920 -512 ) (-1024 -1792 -512 ) (-1024 -1792 -640 ) (-1024 -1920 -640 ) 
4 259 265 (-1408 -1152 -112 ) (-1408 -1152 192 ) (-1408 -1024 192 ) (-1408 -1024 -112 ) 
4 259 262 (-1408 -1152 192 ) (-1408 -1152 -256 ) (-1024 -1152 -256 ) (-1024 -1152 192 ) 
4 261 263 (-1408 -1152 -392 ) (-1408 -1152 -512 ) (-1024 -1152 -512 ) (-1024 -1152 -392 ) 
4 262 275 (-1408 -1784 -256 ) (-1408 -1784 192 ) (-1408 -1248 192 ) (-1408 -1248 -256 ) 
4 262 274 (-1408 -1248 192 ) (-1408 -1240 192 ) (-1408 -1240 -112 ) (-1408 -1248 -112 ) 
4 262 265 (-1408 -1240 192 ) (-1408 -1152 192 ) (-1408 -1152 -112 ) (-1408 -1240 -112 ) 
4 262 264 (-1408 -1784 192 ) (-1408 -1784 -256 ) (-1024 -1784 -256 ) (-1024 -1784 192 ) 
4 263 276 (-1408 -1784 -512 ) (-1408 -1784 -392 ) (-1408 -1248 -392 ) (-1408 -1248 -512 ) 
4 264 279 (-1024 -1792 -256 ) (-1024 -1792 192 ) (-1408 -1792 192 ) (-1408 -1792 -256 ) 
4 264 275 (-1408 -1792 -256 ) (-1408 -1792 192 ) (-1408 -1784 192 ) (-1408 -1784 -256 ) 
4 265 274 (-1408 -1240 -112 ) (-1408 -1240 192 ) (-1416 -1240 192 ) (-1416 -1240 -112 ) 
4 265 266 (-1416 -1024 192 ) (-1416 -1024 -112 ) (-1416 -1240 -112 ) (-1416 -1240 192 ) 
4 266 274 (-1416 -1240 -112 ) (-1416 -1240 192 ) (-1528 -1240 192 ) (-1528 -1240 -112 ) 
4 266 273 (-1528 -1240 -112 ) (-1528 -1240 192 ) (-1528 -1024 192 ) (-1528 -1024 -112 ) 
4 267 268 (-1528 -1240 -256 ) (-1528 -1024 -256 ) (-1416 -1024 -256 ) (-1416 -1240 -256 ) 
4 268 269 (-1528 -1240 -264 ) (-1528 -1024 -264 ) (-1416 -1024 -264 ) (-1416 -1240 -264 ) 
4 269 270 (-1528 -1120 -320 ) (-1528 -1024 -320 ) (-1416 -1024 -320 ) (-1416 -1120 -320 ) 
4 270 271 (-1416 -1120 -448 ) (-1416 -1120 -328 ) (-1528 -1120 -328 ) (-1528 -1120 -448 ) 
4 270 272 (-1416 -1120 -576 ) (-1416 -1120 -456 ) (-1528 -1120 -456 ) (-1528 -1120 -576 ) 
4 273 277 (-1536 -1024 192 ) (-1536 -1024 -112 ) (-1536 -1240 -112 ) (-1536 -1240 192 ) 
4 273 274 (-1536 -1240 192 ) (-1536 -1240 -112 ) (-1528 -1240 -112 ) (-1528 -1240 192 ) 
4 274 277 (-1536 -1248 -112 ) (-1536 -1248 192 ) (-1536 -1240 192 ) (-1536 -1240 -112 ) 
4 274 275 (-1536 -1248 192 ) (-1536 -1248 -112 ) (-1408 -1248 -112 ) (-1408 -1248 192 ) 
4 275 279 (-1408 -1792 -256 ) (-1408 -1792 192 ) (-1536 -1792 192 ) (-1536 -1792 -256 ) 
4 275 277 (-1536 -1792 -256 ) (-1536 -1792 192 ) (-1536 -1248 192 ) (-1536 -1248 -256 ) 
4 276 278 (-1536 -1784 -512 ) (-1536 -1784 -392 ) (-1536 -1248 -392 ) (-1536 -1248 -512 ) 
4 277 280 (-1664 -1792 -256 ) (-1664 -1792 192 ) (-1664 -1024 192 ) (-1664 -1024 -256 ) 
4 277 279 (-1664 -1792 192 ) (-1664 -1792 -256 ) (-1536 -1792 -256 ) (-1536 -1792 192 ) 
4 279 280 (-1664 -1920 -640 ) (-1664 -1920 192 ) (-1664 -1792 192 ) (-1664 -1792 -640 ) 
4 280 362 (-2048 -2048 -640 ) (-2048 -2048 -520 ) (-2048 -1920 -520 ) (-2048 -1920 -640 ) 
4 280 353 (-2048 -2048 -520 ) (-2048 -2048 -384 ) (-2048 -1920 -384 ) (-2048 -1920 -520 ) 
4 280 347 (-2048 -2048 -384 ) (-2048 -2048 -264 ) (-2048 -1792 -264 ) (-2048 -1792 -384 ) 
4 280 331 (-2048 -1101 -272 ) (-2048 -1101 -344 ) (-2048 -1139 -344 ) (-2048 -1139 -272 ) 
4 280 328 (-2048 -1037 -272 ) (-2048 -1037 -344 ) (-2048 -1075 -344 ) (-2048 -1075 -272 ) 
4 280 327 (-2048 -2048 -264 ) (-2048 -2048 192 ) (-2048 -1792 192 ) (-2048 -1792 -264 ) 
4 280 326 (-2048 -1792 192 ) (-2048 -1024 192 ) (-2048 -1024 -128 ) (-2048 -1792 -128 ) 
4 281 282 (-2048 0 0 ) (-2048 0 192 ) (-2176 0 192 ) (-2176 0 0 ) 
4 282 284 (-2176 -512 0 ) (-2176 -512 192 ) (-2176 -256 192 ) (-2176 -256 0 ) 
4 282 283 (-2176 -512 192 ) (-2176 -512 0 ) (-2048 -512 0 ) (-2048 -512 192 ) 
4 283 287 (-2048 -512 -264 ) (-2048 -768 -264 ) (-2176 -768 -264 ) (-2176 -512 -264 ) 
4 283 286 (-2048 -768 -128 ) (-2048 -768 192 ) (-2176 -768 192 ) (-2176 -768 -128 ) 
4 283 284 (-2176 -512 -264 ) (-2176 -768 -264 ) (-2176 -768 192 ) (-2176 -512 192 ) 
4 284 288 (-2816 -256 -264 ) (-2176 -256 -264 ) (-2176 -768 -264 ) (-2816 -768 -264 ) 
4 284 286 (-2176 -768 -128 ) (-2176 -768 192 ) (-2816 -768 192 ) (-2816 -768 -128 ) 
4 284 285 (-2816 -256 192 ) (-2816 -256 -128 ) (-2816 -768 -128 ) (-2816 -768 192 ) 
4 285 368 (-3072 -768 -128 ) (-3072 -768 192 ) (-3072 -256 192 ) (-3072 -256 -128 ) 
4 285 286 (-3072 -768 192 ) (-3072 -768 -128 ) (-2816 -768 -128 ) (-2816 -768 192 ) 
4 286 369 (-3072 -1024 -128 ) (-3072 -1024 192 ) (-3072 -768 192 ) (-3072 -768 -128 ) 
4 286 326 (-2048 -1024 -128 ) (-2048 -1024 192 ) (-3072 -1024 192 ) (-3072 -1024 -128 ) 
4 287 324 (-2048 -512 -384 ) (-2048 -768 -384 ) (-2176 -768 -384 ) (-2176 -512 -384 ) 
4 287 293 (-2093 -768 -344 ) (-2093 -768 -272 ) (-2131 -768 -272 ) (-2131 -768 -344 ) 
4 287 288 (-2176 -512 -384 ) (-2176 -768 -384 ) (-2176 -768 -264 ) (-2176 -512 -264 ) 
4 288 325 (-2816 -256 -384 ) (-2176 -256 -384 ) (-2176 -768 -384 ) (-2816 -768 -384 ) 
4 288 309 (-2733 -768 -344 ) (-2733 -768 -272 ) (-2771 -768 -272 ) (-2771 -768 -344 ) 
4 288 306 (-2605 -768 -344 ) (-2605 -768 -272 ) (-2642.830078 -768 -272 ) (-2642.830078 -768 -344 ) 
4 288 303 (-2477 -768 -344 ) (-2477 -768 -272 ) (-2515 -768 -272 ) (-2515 -768 -344 ) 
4 288 300 (-2349 -768 -344 ) (-2349 -768 -272 ) (-2387 -768 -272 ) (-2387 -768 -344 ) 
4 288 296 (-2220 -768 -344 ) (-2220 -768 -272 ) (-2259 -768 -272 ) (-2259 -768 -344 ) 
4 289 299 (-2093 -776 -384 ) (-2093 -808 -384 ) (-2093 -808 -264 ) (-2093 -776 -264 ) 
4 289 292 (-2093 -808 -264 ) (-2093 -808 -384 ) (-2056 -808 -384 ) (-2056 -808 -264 ) 
4 290 291 (-2050 -856 -384 ) (-2050 -856 -276 ) (-2050 -808 -276 ) (-2050 -808 -384 ) 
4 291 292 (-2056 -808 -276 ) (-2056 -808 -384 ) (-2056 -856 -384 ) (-2056 -856 -276 ) 
4 292 299 (-2093 -808 -384 ) (-2093 -888 -384 ) (-2093 -888 -264 ) (-2093 -808 -264 ) 
4 293 294 (-2131 -771.500000 -344 ) (-2093 -771.500000 -344 ) (-2093 -771.500000 -272 ) (-2131 -771.500000 -272 ) 
4 294 295 (-2131 -772.500000 -344 ) (-2093 -772.500000 -344 ) (-2093 -772.500000 -272 ) (-2131 -772.500000 -272 ) 
4 295 299 (-2093 -776 -344 ) (-2093 -776 -272 ) (-2131 -776 -272 ) (-2131 -776 -344 ) 
4 296 297 (-2259 -771.500000 -344 ) (-2220 -771.500000 -344 ) (-2220 -771.500000 -272 ) (-2259 -771.500000 -272 ) 
4 297 298 (-2259 -772.500000 -344 ) (-2220 -772.500000 -344 ) (-2220 -772.500000 -272 ) (-2259 -772.500000 -272 ) 
4 298 299 (-2220 -776 -344 ) (-2220 -776 -272 ) (-2259 -776 -272 ) (-2259 -776 -344 ) 
4 299 313 (-2252 -888 -384 ) (-2204 -888 -384 ) (-2204 -888 -276 ) (-2252 -888 -276 ) 
4 299 312 (-2349 -776 -384 ) (-2349 -888 -384 ) (-2349 -888 -264 ) (-2349 -776 -264 ) 
4 300 301 (-2387 -771.500000 -344 ) (-2349 -771.500000 -344 ) (-2349 -771.500000 -272 ) (-2387 -771.500000 -272 ) 
4 301 302 (-2387 -772.500000 -344 ) (-2349 -772.500000 -344 ) (-2349 -772.500000 -272 ) (-2387 -772.500000 -272 ) 
4 302 312 (-2349 -776 -344 ) (-2349 -776 -272 ) (-2387 -776 -272 ) (-2387 -776 -344 ) 
4 303 304 (-2515 -771.500000 -344 ) (-2477 -771.500000 -344 ) (-2477 -771.500000 -272 ) (-2515 -771.500000 -272 ) 
4 304 305 (-2515 -772.500000 -344 ) (-2477 -772.500000 -344 ) (-2477 -772.500000 -272 ) (-2515 -772.500000 -272 ) 
4 305 312 (-2477 -776 -344 ) (-2477 -776 -272 ) (-2515 -776 -272 ) (-2515 -776 -344 ) 
4 306 307 (-2642.980469 -771.500000 -344 ) (-2605 -771.500000 -344 ) (-2605 -771.500000 -272 ) (-2642.972656 -771.500000 -272 ) 
4 307 308 (-2643.019531 -772.500000 -344 ) (-2605 -772.500000 -344 ) (-2605 -772.500000 -272 ) (-2643.011719 -772.500000 -272 ) 
4 308 312 (-2605 -776 -344 ) (-2605 -776 -272 ) (-2643.169922 -776 -272 ) (-2643.169922 -776 -344 ) 
4 309 310 (-2771 -771.500000 -344 ) (-2733 -771.500000 -344 ) (-2733 -771.500000 -272 ) (-2771 -771.500000 -272 ) 
4 310 311 (-2771 -772.500000 -344 ) (-2733 -772.500000 -344 ) (-2733 -772.500000 -272 ) (-2771 -772.500000 -272 ) 
4 311 312 (-2733 -776 -344 ) (-2733 -776 -272 ) (-2771 -776 -272 ) (-2771 -776 -344 ) 
4 312 370 (-3072 -776 -384 ) (-3072 -888 -384 ) (-3072 -888 -264 ) (-3072 -776 -264 ) 
4 313 314 (-2204 -894 -384 ) (-2204 -894 -276 ) (-2252 -894 -276 ) (-2252 -894 -384 ) 
4 314 321 (-2252 -896 -384 ) (-2204 -896 -384 ) (-2204 -896 -276 ) (-2252 -896 -276 ) 
4 315 316 (-2051.500000 -909 -344 ) (-2051.500000 -947 -344 ) (-2051.500000 -947 -272 ) (-2051.500000 -909 -272 ) 
4 316 317 (-2052.500000 -909 -344 ) (-2052.500000 -947 -344 ) (-2052.500000 -947 -272 ) (-2052.500000 -909 -272 ) 
4 317 321 (-2056 -947 -344 ) (-2056 -947 -272 ) (-2056 -909 -272 ) (-2056 -909 -344 ) 
4 318 319 (-2051.500000 -973 -344 ) (-2051.500000 -1011 -344 ) (-2051.500000 -1011 -272 ) (-2051.500000 -973 -272 ) 
4 319 320 (-2052.500000 -973 -344 ) (-2052.500000 -1011 -344 ) (-2052.500000 -1011 -272 ) (-2052.500000 -973 -272 ) 
4 320 321 (-2056 -1011 -344 ) (-2056 -1011 -272 ) (-2056 -973 -272 ) (-2056 -973 -344 ) 
4 321 334 (-2056 -1024 -264 ) (-2432 -1024 -264 ) (-2432 -1024 -384 ) (-2056 -1024 -384 ) 
4 321 322 (-2432 -1016 -384 ) (-2432 -1024 -384 ) (-2432 -1024 -276 ) (-2432 -1016 -276 ) 
4 322 335 (-2440 -1024 -276 ) (-2440 -1024 -384 ) (-2432 -1024 -384 ) (-2432 -1024 -276 ) 
4 322 323 (-2440 -1016 -384 ) (-2440 -1024 -384 ) (-2440 -1024 -276 ) (-2440 -1016 -276 ) 
4 323 336 (-2440 -1024 -264 ) (-2688 -1024 -264 ) (-2688 -1024 -384 ) (-2440 -1024 -384 ) 
4 324 325 (-2176 -512 -640 ) (-2176 -768 -640 ) (-2176 -768 -384 ) (-2176 -512 -384 ) 
4 326 373 (-3072 -1024 192 ) (-3072 -1024 -128 ) (-3072 -1792 -128 ) (-3072 -1792 192 ) 
4 326 327 (-3072 -1792 192 ) (-3072 -1792 -128 ) (-2048 -1792 -128 ) (-2048 -1792 192 ) 
4 327 387 (-3072 -2048 -264 ) (-3072 -2048 -256 ) (-3072 -1792 -256 ) (-3072 -1792 -264 ) 
4 327 374 (-3072 -2048 -256 ) (-3072 -2048 -128 ) (-3072 -1792 -128 ) (-3072 -1792 -256 ) 
4 327 373 (-3072 -2048 -128 ) (-3072 -2048 192 ) (-3072 -1792 192 ) (-3072 -1792 -128 ) 
4 327 352 (-2432 -2048 -264 ) (-3072 -2048 -264 ) (-3072 -1792 -264 ) (-2432 -1792 -264 ) 
4 327 351 (-2419 -2048 -264 ) (-2432 -2048 -264 ) (-2432 -1792 -264 ) (-2419 -1792 -264 ) 
4 327 350 (-2291 -2048 -264 ) (-2419 -2048 -264 ) (-2419 -1792 -264 ) (-2291 -1792 -264 ) 
4 327 347 (-2048 -1792 -264 ) (-2048 -2048 -264 ) (-2291 -2048 -264 ) (-2291 -1792 -264 ) 
4 328 329 (-2051.500000 -1037 -344 ) (-2051.500000 -1075 -344 ) (-2051.500000 -1075 -272 ) (-2051.500000 -1037 -272 ) 
4 329 330 (-2052.500000 -1037 -344 ) (-2052.500000 -1075 -344 ) (-2052.500000 -1075 -272 ) (-2052.500000 -1037 -272 ) 
4 330 334 (-2056 -1075 -344 ) (-2056 -1075 -272 ) (-2056 -1037 -272 ) (-2056 -1037 -344 ) 
4 331 332 (-2051.500000 -1101 -344 ) (-2051.500000 -1139 -344 ) (-2051.500000 -1139 -272 ) (-2051.500000 -1101 -272 ) 
4 332 333 (-2052.500000 -1101 -344 ) (-2052.500000 -1139 -344 ) (-2052.500000 -1139 -272 ) (-2052.500000 -1101 -272 ) 
4 333 334 (-2056 -1139 -344 ) (-2056 -1139 -272 ) (-2056 -1101 -272 ) (-2056 -1101 -344 ) 
4 334 337 (-2308 -1152 -384 ) (-2260 -1152 -384 ) (-2260 -1152 -276 ) (-2308 -1152 -276 ) 
4 334 335 (-2432 -1024 -384 ) (-2432 -1064 -384 ) (-2432 -1064 -276 ) (-2432 -1024 -276 ) 
4 335 336 (-2440 -1024 -384 ) (-2440 -1064 -384 ) (-2440 -1064 -276 ) (-2440 -1024 -276 ) 
4 337 338 (-2260 -1154 -384 ) (-2260 -1154 -276 ) (-2308 -1154 -276 ) (-2308 -1154 -384 ) 
4 338 339 (-2308 -1160 -384 ) (-2260 -1160 -384 ) (-2260 -1160 -276 ) (-2308 -1160 -276 ) 
4 339 340 (-2320 -1400 -384 ) (-2272 -1400 -384 ) (-2272 -1400 -276 ) (-2320 -1400 -276 ) 
4 340 341 (-2272 -1406 -384 ) (-2272 -1406 -276 ) (-2320 -1406 -276 ) (-2320 -1406 -384 ) 
4 341 342 (-2320 -1408 -384 ) (-2272 -1408 -384 ) (-2272 -1408 -276 ) (-2320 -1408 -276 ) 
4 342 349 (-2381 -1784 -344 ) (-2381 -1784 -272 ) (-2419 -1784 -272 ) (-2419 -1784 -344 ) 
4 342 348 (-2317 -1784 -344 ) (-2317 -1784 -272 ) (-2355 -1784 -272 ) (-2355 -1784 -344 ) 
4 342 346 (-2253 -1784 -344 ) (-2253 -1784 -272 ) (-2291 -1784 -272 ) (-2291 -1784 -344 ) 
4 342 345 (-2189 -1784 -344 ) (-2189 -1784 -272 ) (-2227 -1784 -272 ) (-2227 -1784 -344 ) 
4 342 344 (-2125 -1784 -344 ) (-2125 -1784 -272 ) (-2163 -1784 -272 ) (-2163 -1784 -344 ) 
4 342 343 (-2061 -1784 -344 ) (-2061 -1784 -272 ) (-2099 -1784 -272 ) (-2099 -1784 -344 ) 
4 343 347 (-2061 -1792 -344 ) (-2061 -1792 -272 ) (-2099 -1792 -272 ) (-2099 -1792 -344 ) 
4 344 347 (-2125 -1792 -344 ) (-2125 -1792 -272 ) (-2163 -1792 -272 ) (-2163 -1792 -344 ) 
4 345 347 (-2189 -1792 -344 ) (-2189 -1792 -272 ) (-2227 -1792 -272 ) (-2227 -1792 -344 ) 
4 346 347 (-2291 -1792 -272 ) (-2291 -1792 -344 ) (-2253 -1792 -344 ) (-2253 -1792 -272 ) 
4 347 353 (-2048 -2048 -384 ) (-2291 -2048 -384 ) (-2291 -1920 -384 ) (-2048 -1920 -384 ) 
4 347 350 (-2291 -1792 -384 ) (-2291 -2048 -384 ) (-2291 -2048 -264 ) (-2291 -1792 -264 ) 
4 348 350 (-2317 -1792 -344 ) (-2317 -1792 -272 ) (-2355 -1792 -272 ) (-2355 -1792 -344 ) 
4 349 350 (-2419 -1792 -272 ) (-2419 -1792 -344 ) (-2381 -1792 -344 ) (-2381 -1792 -272 ) 
4 350 353 (-2291 -2048 -384 ) (-2419 -2048 -384 ) (-2419 -1920 -384 ) (-2291 -1920 -384 ) 
4 350 351 (-2419 -1792 -384 ) (-2419 -2048 -384 ) (-2419 -2048 -264 ) (-2419 -1792 -264 ) 
4 351 353 (-2419 -2048 -384 ) (-2432 -2048 -384 ) (-2432 -1920 -384 ) (-2419 -1920 -384 ) 
4 351 352 (-2432 -1792 -384 ) (-2432 -2048 -384 ) (-2432 -2048 -264 ) (-2432 -1792 -264 ) 
4 352 387 (-3072 -2048 -384 ) (-3072 -2048 -264 ) (-3072 -1792 -264 ) (-3072 -1792 -384 ) 
4 352 367 (-2944 -2048 -384 ) (-3072 -2048 -384 ) (-3072 -1920 -384 ) (-2944 -1920 -384 ) 
4 352 353 (-2432 -2048 -384 ) (-2944 -2048 -384 ) (-2944 -1920 -384 ) (-2432 -1920 -384 ) 
4 353 367 (-2944 -2048 -520 ) (-2944 -2048 -384 ) (-2944 -1920 -384 ) (-2944 -1920 -520 ) 
4 353 362 (-2944 -2048 -520 ) (-2944 -1920 -520 ) (-2048 -1920 -520 ) (-2048 -2048 -520 ) 
4 354 361 (-2740 -1912 -532 ) (-2740 -1912 -640 ) (-2636 -1912 -640 ) (-2636 -1912 -532 ) 
4 354 356 (-2752 -1546.500000 -640 ) (-2752 -1664 -640 ) (-2752 -1664 -520 ) (-2752 -1546.500000 -520 ) 
4 354 355 (-2752 -1536 -640 ) (-2752 -1546.500000 -640 ) (-2752 -1546.500000 -520 ) (-2752 -1536 -520 ) 
4 355 357 (-2851 -1546.500000 -520 ) (-2909 -1546.500000 -520 ) (-2909 -1546.500000 -559 ) (-2851 -1546.500000 -559 ) 
4 355 358 (-2909 -1546.500000 -594 ) (-2909 -1546.500000 -640 ) (-2851 -1546.500000 -640 ) (-2851 -1546.500000 -594 ) 
4 355 356 (-2752 -1546.500000 -640 ) (-2752 -1546.500000 -520 ) (-2851 -1546.500000 -520 ) (-2851 -1546.500000 -640 ) 
4 355 360 (-2909 -1546.500000 -520 ) (-2944 -1546.500000 -520 ) (-2944 -1546.500000 -640 ) (-2909 -1546.500000 -640 ) 
4 356 357 (-2851 -1546.500000 -520 ) (-2851 -1546.500000 -559 ) (-2851 -1547.500000 -559 ) (-2851 -1547.500000 -520 ) 
4 356 358 (-2851 -1546.500000 -594 ) (-2851 -1546.500000 -640 ) (-2851 -1547.500000 -640 ) (-2851 -1547.500000 -594 ) 
4 356 359 (-2851 -1547.500000 -640 ) (-2851 -1664 -640 ) (-2851 -1664 -520 ) (-2851 -1547.500000 -520 ) 
4 357 360 (-2909 -1546.500000 -520 ) (-2909 -1546.500000 -559 ) (-2909 -1547.500000 -559 ) (-2909 -1547.500000 -520 ) 
4 357 359 (-2909 -1547.500000 -520 ) (-2909 -1547.500000 -559 ) (-2851 -1547.500000 -559 ) (-2851 -1547.500000 -520 ) 
4 358 359 (-2909 -1547.500000 -594 ) (-2909 -1547.500000 -640 ) (-2851 -1547.500000 -640 ) (-2851 -1547.500000 -594 ) 
4 358 360 (-2909 -1546.500000 -594 ) (-2909 -1546.500000 -640 ) (-2909 -1547.500000 -640 ) (-2909 -1547.500000 -594 ) 
4 359 360 (-2909 -1547.500000 -640 ) (-2909 -1664 -640 ) (-2909 -1664 -520 ) (-2909 -1547.500000 -520 ) 
4 360 365 (-2944 -1552 -640 ) (-2944 -1648 -640 ) (-2944 -1648 -532 ) (-2944 -1552 -532 ) 
4 361 362 (-2740 -1920 -532 ) (-2740 -1920 -640 ) (-2636 -1920 -640 ) (-2636 -1920 -532 ) 
4 362 367 (-2944 -1920 -640 ) (-2944 -2048 -640 ) (-2944 -2048 -520 ) (-2944 -1920 -520 ) 
4 363 388 (-3072 -1416 -532 ) (-3072 -1784 -532 ) (-3072 -1784 -520 ) (-3072 -1416 -520 ) 
4 363 366 (-2952 -1784 -532 ) (-3072 -1784 -532 ) (-3072 -1552 -532 ) (-2952 -1552 -532 ) 
4 363 364 (-3072 -1552 -532 ) (-3072 -1416 -532 ) (-2952 -1416 -532 ) (-2952 -1552 -532 ) 
4 364 388 (-3072 -1416 -640 ) (-3072 -1552 -640 ) (-3072 -1552 -532 ) (-3072 -1416 -532 ) 
4 364 366 (-3072 -1552 -640 ) (-2952 -1552 -640 ) (-2952 -1552 -532 ) (-3072 -1552 -532 ) 
4 365 366 (-2952 -1552 -532 ) (-2952 -1552 -640 ) (-2952 -1648 -640 ) (-2952 -1648 -532 ) 
4 366 388 (-3072 -1552 -640 ) (-3072 -1784 -640 ) (-3072 -1784 -532 ) (-3072 -1552 -532 ) 
4 367 396 (-3072 -2048 -640 ) (-3072 -2048 -384 ) (-3072 -1920 -384 ) (-3072 -1920 -640 ) 
4 368 369 (-3328 -768 192 ) (-3328 -768 -128 ) (-3072 -768 -128 ) (-3072 -768 192 ) 
4 369 373 (-3072 -1024 -128 ) (-3072 -1024 192 ) (-3328 -1024 192 ) (-3328 -1024 -128 ) 
4 370 371 (-3208 -888 -384 ) (-3200 -888 -384 ) (-3200 -888 -264 ) (-3208 -888 -264 ) 
4 370 372 (-3320 -888 -264 ) (-3320 -888 -384 ) (-3208 -888 -384 ) (-3208 -888 -264 ) 
4 371 372 (-3208 -888 -264 ) (-3208 -888 -384 ) (-3208 -896 -384 ) (-3208 -896 -264 ) 
4 372 378 (-3208 -1024 -264 ) (-3320 -1024 -264 ) (-3320 -1024 -384 ) (-3208 -1024 -384 ) 
4 373 377 (-3320 -2048 -128 ) (-3328 -2048 -128 ) (-3328 -1792 -128 ) (-3320 -1792 -128 ) 
4 373 376 (-3104 -2048 -128 ) (-3320 -2048 -128 ) (-3320 -1792 -128 ) (-3104 -1792 -128 ) 
4 373 374 (-3072 -1792 -128 ) (-3072 -2048 -128 ) (-3104 -2048 -128 ) (-3104 -1792 -128 ) 
4 374 387 (-3072 -2048 -256 ) (-3104 -2048 -256 ) (-3104 -1792 -256 ) (-3072 -1792 -256 ) 
4 374 376 (-3104 -1792 -256 ) (-3104 -2048 -256 ) (-3104 -2048 -128 ) (-3104 -1792 -128 ) 
4 375 381 (-3200 -1416 -256 ) (-3104 -1416 -256 ) (-3104 -1488 -256 ) (-3200 -1488 -256 ) 
4 375 382 (-3104 -1488 -256 ) (-3104 -1712 -256 ) (-3200 -1712 -256 ) (-3200 -1488 -256 ) 
4 375 383 (-3320 -1712 -256 ) (-3320 -1416 -256 ) (-3200 -1416 -256 ) (-3200 -1712 -256 ) 
4 376 387 (-3104 -2048 -256 ) (-3320 -2048 -256 ) (-3320 -1792 -256 ) (-3104 -1792 -256 ) 
4 376 377 (-3320 -1792 -256 ) (-3320 -2048 -256 ) (-3320 -2048 -128 ) (-3320 -1792 -128 ) 
4 377 387 (-3320 -2048 -256 ) (-3328 -2048 -256 ) (-3328 -1792 -256 ) (-3320 -1792 -256 ) 
4 378 379 (-3288 -1336 -384 ) (-3240 -1336 -384 ) (-3240 -1336 -276 ) (-3288 -1336 -276 ) 
4 379 380 (-3288 -1344 -384 ) (-3240 -1344 -384 ) (-3240 -1344 -276 ) (-3288 -1344 -276 ) 
4 380 383 (-3320 -1416 -384 ) (-3200 -1416 -384 ) (-3200 -1416 -264 ) (-3320 -1416 -264 ) 
4 381 382 (-3200 -1488 -256 ) (-3200 -1488 -264 ) (-3104 -1488 -264 ) (-3104 -1488 -256 ) 
4 381 383 (-3200 -1416 -256 ) (-3200 -1416 -264 ) (-3200 -1488 -264 ) (-3200 -1488 -256 ) 
4 382 389 (-3104 -1488 -384 ) (-3104 -1712 -384 ) (-3200 -1712 -384 ) (-3200 -1488 -384 ) 
4 382 383 (-3200 -1488 -384 ) (-3200 -1712 -384 ) (-3200 -1712 -256 ) (-3200 -1488 -256 ) 
4 383 389 (-3320 -1712 -384 ) (-3320 -1488 -384 ) (-3200 -1488 -384 ) (-3200 -1712 -384 ) 
4 383 385 (-3320 -1712 -256 ) (-3320 -1712 -384 ) (-3264 -1712 -384 ) (-3264 -1712 -256 ) 
4 384 386 (-3264 -1784 -384 ) (-3120 -1784 -384 ) (-3120 -1784 -264 ) (-3264 -1784 -264 ) 
4 384 385 (-3264 -1720 -384 ) (-3264 -1784 -384 ) (-3264 -1784 -256 ) (-3264 -1720 -256 ) 
4 385 386 (-3312 -1784 -384 ) (-3264 -1784 -384 ) (-3264 -1784 -264 ) (-3312 -1784 -264 ) 
4 386 387 (-3312 -1792 -384 ) (-3120 -1792 -384 ) (-3120 -1792 -264 ) (-3312 -1792 -264 ) 
4 387 396 (-3072 -1920 -384 ) (-3072 -2048 -384 ) (-3328 -2048 -384 ) (-3328 -1920 -384 ) 
4 388 390 (-3104 -1488 -640 ) (-3104 -1784 -640 ) (-3104 -1784 -520 ) (-3104 -1488 -520 ) 
4 389 391 (-3261 -1488 -392 ) (-3203 -1488 -392 ) (-3203 -1712 -392 ) (-3261 -1712 -392 ) 
4 389 390 (-3203 -1488 -392 ) (-3104 -1488 -392 ) (-3104 -1712 -392 ) (-3203 -1712 -392 ) 
4 389 395 (-3320 -1712 -392 ) (-3320 -1488 -392 ) (-3261 -1488 -392 ) (-3261 -1712 -392 ) 
4 390 392 (-3203 -1773.500000 -392 ) (-3203 -1772.500000 -392 ) (-3203 -1772.500000 -551.010986 ) (-3203 -1773.500000 -551.010986 ) 
4 390 393 (-3203 -1772.500000 -586.010986 ) (-3203 -1772.500000 -640 ) (-3203 -1773.500000 -640 ) (-3203 -1773.500000 -586.010986 ) 
4 390 391 (-3203 -1772.500000 -392 ) (-3203 -1488 -392 ) (-3203 -1488 -640 ) (-3203 -1772.500000 -640 ) 
4 390 394 (-3203 -1784 -640 ) (-3203 -1784 -392 ) (-3203 -1773.500000 -392 ) (-3203 -1773.500000 -640 ) 
4 391 392 (-3261 -1772.500000 -392 ) (-3261 -1772.500000 -551.010986 ) (-3203 -1772.500000 -551.010986 ) (-3203 -1772.500000 -392 ) 
4 391 393 (-3261 -1772.500000 -586.010986 ) (-3261 -1772.500000 -640 ) (-3203 -1772.500000 -640 ) (-3203 -1772.500000 -586.010986 ) 
4 391 395 (-3261 -1772.500000 -392 ) (-3261 -1488 -392 ) (-3261 -1488 -640 ) (-3261 -1772.500000 -640 ) 
4 392 394 (-3261 -1773.500000 -392 ) (-3261 -1773.500000 -551.010986 ) (-3203 -1773.500000 -551.010986 ) (-3203 -1773.500000 -392 ) 
4 392 395 (-3261 -1773.500000 -392 ) (-3261 -1772.500000 -392 ) (-3261 -1772.500000 -551.010986 ) (-3261 -1773.500000 -551.010986 ) 
4 393 395 (-3261 -1772.500000 -586.010986 ) (-3261 -1772.500000 -640 ) (-3261 -1773.500000 -640 ) (-3261 -1773.500000 -586.010986 ) 
4 393 394 (-3261 -1773.500000 -586.010986 ) (-3261 -1773.500000 -640 ) (-3203 -1773.500000 -640 ) (-3203 -1773.500000 -586.010986 ) 
4 394 395 (-3261 -1784 -640 ) (-3261 -1784 -392 ) (-3261 -1773.500000 -392 ) (-3261 -1773.500000 -640 ) 
