


Using shader api: shaderapiempty.dll
materialPath: F:\Shut up and take my money\steamapps\sourcemods\mapbase_episodic\materials
Loading C:\Users\PC\Documents\GitHub\op_cometcage_vmf\ep2_outland_12.vmf
ConVarRef mat_reduceparticles doesn't point to an existing ConVar
Patching WVT material: maps/ep2_outland_12/nature/blendgrassdirt01_wvt_patch
fixing up env_cubemap materials on brush sides...
0...1...2...3...4...5...6...7...8...9...100...1...2...3...4...5...6...7...8...9...10Processing areas...done (0)
Building Faces...done (0)
Chop Details...done (0)
Find Visible Detail Sides...
Merged 552 detail faces...done (0)
Merging details...done (0)
FixTjuncs...
PruneNodes...
WriteBSP...
done (1)
writing C:\Users\PC\Documents\GitHub\op_cometcage_vmf\ep2_outland_12.prt...Building visibility clusters...
done (0)
Finding displacement neighbors...
Finding lightmap sample positions...
Displacement Alpha : 0...1...2...3...4...5...6...7...8...9...10
Building Physics collision data...
done (2) (1337161 bytes)
Placing static props...
Placing detail props : 0...1...2...3Material NATURE/BLENDGRASSGRAVEL003A uses unknown detail object type compound_gravelgrass!
Material NATURE/BLENDGRASSGRAVEL003A uses unknown detail object type compound_gravelgrass!
Material NATURE/BLENDGRASSGRAVEL003A uses unknown detail object type compound_gravelgrass!
Material NATURE/BLENDGRASSGRAVEL003A uses unknown detail object type compound_gravelgrass!
..Material NATURE/BLENDGRASSGRAVEL003A uses unknown detail object type compound_gravelgrass!
Material NATURE/BLENDGRASSGRAVEL003A uses unknown detail object type compound_gravelgrass!
Material NATURE/BLENDGRASSGRAVEL003A uses unknown detail object type compound_gravelgrass!
Material NATURE/BLENDGRASSGRAVEL003A uses unknown detail object type compound_gravelgrass!
Material NATURE/BLENDGRASSGRAVEL003A uses unknown detail object type compound_gravelgrass!
Material NATURE/BLENDGRASSGRAVEL003A uses unknown detail object type compound_gravelgrass!
Material NATURE/BLENDGRASSGRAVEL003A uses unknown detail object type compound_gravelgrass!
Material NATURE/BLENDGRASSGRAVEL003A uses unknown detail object type compound_gravelgrass!
Material NATURE/BLENDGRASSGRAVEL003A uses unknown detail object type compound_gravelgrass!
Material NATURE/BLENDGRASSGRAVEL003A uses unknown detail object type compound_gravelgrass!
Material NATURE/BLENDGRASSGRAVEL003A uses unknown detail object type compound_gravelgrass!
Material NATURE/BLENDGRASSGRAVEL003A uses unknown detail object type compound_gravelgrass!
Material NATURE/BLENDGRASSGRAVEL003A uses unknown detail object type compound_gravelgrass!
Material NATURE/BLENDGRASSGRAVEL003A uses unknown detail object type compound_gravelgrass!
Material NATURE/BLENDGRASSGRAVEL003A uses unknown detail object type compound_gravelgrass!
Material NATURE/BLENDGRASSGRAVEL003A uses unknown detail object type compound_gravelgrass!
Material NATURE/BLENDGRASSGRAVEL003A uses unknown detail object type compound_gravelgrass!
Material NATURE/BLENDGRASSGRAVEL003A uses unknown detail object type compound_gravelgrass!
.4...5...6...7...8...9...10
Compacting texture/material tables...
Reduced 8928 texinfos to 4490
Reduced 169 texdatas to 148 (4745 bytes to 4088)
Writing C:\Users\PC\Documents\GitHub\op_cometcage_vmf\ep2_outland_12.bsp
14 seconds elapsed



4 threads
reading c:\users\pc\documents\github\op_cometcage_vmf\ep2_outland_12.bsp
reading c:\users\pc\documents\github\op_cometcage_vmf\ep2_outland_12.prt
1224 portalclusters
3776 numportals
0...1...2...3...4...5...6...7...8...9...100...1...2...3...4...5...6...7...8...9...10Optimized: 2588 visible clusters (0.00%)
Total clusters visible: 603610
Average clusters visible: 493
Building PAS...
Average clusters audible: 1189
visdatasize:313208  compressed from 391680
writing c:\users\pc\documents\github\op_cometcage_vmf\ep2_outland_12.bsp
1 minute, 22 seconds elapsed



[Reading texlights from 'lights.rad']
[96 texlights parsed from 'lights.rad']

[Reading texlights from 'other.rad']
Warning: Redundant 'lights/light_recessedcool001' def in 'lights.rad' AND 'other.rad'!
Warning: Redundant 'lights/light_recessedcool002' def in 'lights.rad' AND 'other.rad'!
Warning: Redundant 'lights/light_green001' def in 'lights.rad' AND 'other.rad'!
Warning: Redundant 'lights/light_orange001' def in 'lights.rad' AND 'other.rad'!
Warning: Redundant 'lights/white007' def in 'lights.rad' AND 'other.rad'!
Warning: Redundant 'lights/white008' def in 'lights.rad' AND 'other.rad'!
Warning: Redundant 'lights/white009' def in 'lights.rad' AND 'other.rad'!
Warning: Redundant 'lights/white010' def in 'lights.rad' AND 'other.rad'!
Warning: Overriding 'lights/white011' from 'lights.rad' with 'other.rad'!
Warning: Redundant 'lights/light_panel_cool' def in 'lights.rad' AND 'other.rad'!
Warning: Redundant 'lights/light_panel_warm' def in 'lights.rad' AND 'other.rad'!
Warning: Redundant 'lights/light_panel_neutral' def in 'lights.rad' AND 'other.rad'!
Warning: Redundant 'cs_assault/windowBrightness_illum' def in 'lights.rad' AND 'other.rad'!
Warning: Redundant 'windows/hr_w/inferno/stained_glass_a_selfillum' def in 'lights.rad' AND 'other.rad'!
Warning: Redundant 'lights/hr_single_pane_illum_ambient' def in 'lights.rad' AND 'other.rad'!
Warning: Redundant 'lights/hr_single_pane_illum_sun' def in 'lights.rad' AND 'other.rad'!
Warning: Redundant 'de_nuke/nukwindowb_illum' def in 'lights.rad' AND 'other.rad'!
[21 texlights parsed from 'other.rad']

Loading c:\users\pc\documents\github\op_cometcage_vmf\ep2_outland_12.bsp
Loaded alpha texture materials\nature\forest_web03.vtf
Loaded alpha texture materials\nature\forest_web01.vtf
Loaded alpha texture materials\nature\forest_web02.vtf
Loaded alpha texture materials\models\props_forest\fern01.vtf
Loaded alpha texture materials\Models\props_c17\fence_alpha.vtf
Loaded alpha texture materials\models\props_foliage\arbre01.vtf
Loaded alpha texture materials\models\props_foliage\arbre01.vtf
Loaded alpha texture materials\models\props_foliage\arbre01.vtf
Loaded alpha texture materials\models\props_foliage\tree_deciduous_01a_branches.vtf
Loaded alpha texture materials\models\props_foliage\tree_deciduous_01a_leaves.vtf
Loaded alpha texture materials\models\props_foliage\tree_deciduous_01a_branches.vtf
Loaded alpha texture materials\models\props_foliage\tree_deciduous_01a_leaves.vtf
Patch Sample Radius Clamped!
Patch Sample Radius Clamped!
Patch Sample Radius Clamped!
Patch Sample Radius Clamped!
Patch Sample Radius Clamped!
Patch Sample Radius Clamped!
Patch Sample Radius Clamped!
Patch Sample Radius Clamped!
Patch Sample Radius Clamped!
Patch Sample Radius Clamped!
Patch Sample Radius Clamped!
Patch Sample Radius Clamped!
Patch Sample Radius Clamped!
Patch Sample Radius Clamped!
Patch Sample Radius Clamped!
Patch Sample Radius Clamped!
Patch Sample Radius Clamped!
Patch Sample Radius Clamped!
Patch Sample Radius Clamped!
Patch Sample Radius Clamped!
Patch Sample Radius Clamped!
Patch Sample Radius Clamped!
Patch Sample Radius Clamped!
Patch Sample Radius Clamped!
Patch Sample Radius Clamped!
Patch Sample Radius Clamped!
Patch Sample Radius Clamped!
Patch Sample Radius Clamped!
Patch Sample Radius Clamped!
Patch Sample Radius Clamped!
Patch Sample Radius Clamped!
Patch Sample Radius Clamped!
Patch Sample Radius Clamped!
Patch Sample Radius Clamped!
Patch Sample Radius Clamped!
Patch Sample Radius Clamped!
Patch Sample Radius Clamped!
Patch Sample Radius Clamped!
Patch Sample Radius Clamped!
Patch Sample Radius Clamped!
Patch Sample Radius Clamped!
Patch Sample Radius Clamped!
Patch Sample Radius Clamped!
Patch Sample Radius Clamped!
Patch Sample Radius Clamped!
Patch Sample Radius Clamped!
Patch Sample Radius Clamped!
Patch Sample Radius Clamped!
Patch Sample Radius Clamped!
Patch Sample Radius Clamped!
Patch Sample Radius Clamped!
Patch Sample Radius Clamped!
Patch Sample Radius Clamped!
Patch Sample Radius Clamped!
Patch Sample Radius Clamped!
Patch Sample Radius Clamped!
Patch Sample Radius Clamped!
Patch Sample Radius Clamped!
Patch Sample Radius Clamped!
Patch Sample Radius Clamped!
Patch Sample Radius Clamped!
Patch Sample Radius Clamped!
Patch Sample Radius Clamped!
Patch Sample Radius Clamped!
Patch Sample Radius Clamped!
Patch Sample Radius Clamped!
Patch Sample Radius Clamped!
Patch Sample Radius Clamped!
Patch Sample Radius Clamped!
Patch Sample Radius Clamped!
Patch Sample Radius Clamped!
Patch Sample Radius Clamped!
Patch Sample Radius Clamped!
Patch Sample Radius Clamped!
Patch Sample Radius Clamped!
Patch Sample Radius Clamped!
Patch Sample Radius Clamped!
Patch Sample Radius Clamped!
Patch Sample Radius Clamped!
Patch Sample Radius Clamped!
Patch Sample Radius Clamped!
Patch Sample Radius Clamped!
Patch Sample Radius Clamped!
Patch Sample Radius Clamped!
Patch Sample Radius Clamped!
Patch Sample Radius Clamped!
Patch Sample Radius Clamped!
Patch Sample Radius Clamped!
Patch Sample Radius Clamped!
Patch Sample Radius Clamped!
Patch Sample Radius Clamped!
Patch Sample Radius Clamped!
Patch Sample Radius Clamped!
Patch Sample Radius Clamped!
Patch Sample Radius Clamped!
Patch Sample Radius Clamped!
Patch Sample Radius Clamped!
Patch Sample Radius Clamped!
Patch Sample Radius Clamped!
Patch Sample Radius Clamped!
Patch Sample Radius Clamped!
Patch Sample Radius Clamped!
Patch Sample Radius Clamped!
Patch Sample Radius Clamped!
Patch Sample Radius Clamped!
Patch Sample Radius Clamped!
Patch Sample Radius Clamped!
Patch Sample Radius Clamped!
Patch Sample Radius Clamped!
Patch Sample Radius Clamped!
Patch Sample Radius Clamped!
Patch Sample Radius Clamped!
Patch Sample Radius Clamped!
Patch Sample Radius Clamped!
Patch Sample Radius Clamped!
Patch Sample Radius Clamped!
Patch Sample Radius Clamped!
Patch Sample Radius Clamped!
Patch Sample Radius Clamped!
Patch Sample Radius Clamped!
Patch Sample Radius Clamped!
Patch Sample Radius Clamped!
Patch Sample Radius Clamped!
Loaded alpha texture materials\Metal\metalgrate002a.vtf
Loaded alpha texture materials\Metal\metalstair004a.vtf
11735 faces
1 degenerate faces
22167478 square feet [3192116736.00 square inches]
862 Displacements
2680427 Square Feet [385981568.00 Square Inches]
11734 patches before subdivision
106210 patches after subdivision
70 direct lights
0...1...2...3...4...5...6...7...8...9...100...1...2...3...4...5...6...7...8...9...10transfers 3380938, max 679
transfer lists:  25.8 megs
0...1...2...3...4...5...6...7...8...9...10	Bounce #1 added RGB(36727, 26876, 15959)
0...1...2...3...4...5...6...7...8...9...10	Bounce #2 added RGB(3300, 2297, 1250)
0...1...2...3...4...5...6...7...8...9...10	Bounce #3 added RGB(439, 310, 162)
0...1...2...3...4...5...6...7...8...9...10	Bounce #4 added RGB(82, 55, 27)
0...1...2...3...4...5...6...7...8...9...10	Bounce #5 added RGB(16, 11, 5)
0...1...2...3...4...5...6...7...8...9...10	Bounce #6 added RGB(4, 2, 1)
0...1...2...3...4...5...6...7...8...9...10	Bounce #7 added RGB(1, 1, 0)
Build Patch/Sample Hash Table(s).....Done<0.0649 sec>
0...1...2...3...4...5...6...7...8...9...10FinalLightFace Done
Computing detail prop lighting : 0...1...2...3...4...5...6...7...8...9...10
32 of 32 (100% of) surface lights went in leaf ambient cubes.
0...1...2...3...4...5...6...7...8...9...10Writing leaf ambient...done
Computing static prop lighting : 00...1...2...3...4...5...6...7...8...9...10
Ready to Finish

Object names       Objects/Maxobjs  Memory / Maxmem  Fullness 
------------       ---------------  ---------------  -------- 
models                 312/4096        14976/196608   ( 7.6%) 
brushes               3212/32768       38544/393216   ( 9.8%) 
brushsides           28282/65536      226256/524288   (43.2%) 
planes               27362/65536      547240/1310720  (41.8%) 
vertexes             19955/65536      239460/786432   (30.4%) 
nodes                10547/65536      337504/2097152  (16.1%) 
texinfos              4490/12288      323280/884736   (36.5%) 
texdata                148/2048         4736/65536    ( 7.2%) 
dispinfos              862/0          151712/0        ( 0.0%) 
disp_verts           42830/0          856600/0        ( 0.0%) 
disp_tris            64064/0          128128/0        ( 0.0%) 
disp_lmsamples     2611336/0         2611336/0        ( 0.0%) 
faces                11735/65536      657160/3670016  (17.9%) 
hdr faces            11735/65536      657160/3670016  (17.9%) 
origfaces             8628/65536      483168/3670016  (13.2%) 
leaves               10860/65536      347520/2097152  (16.6%) 
leaffaces            11859/65536       23718/131072   (18.1%) 
leafbrushes          10325/65536       20650/131072   (15.8%) 
areas                    8/1024           64/8192     ( 0.8%) 
surfedges            87880/512000     351520/2048000  (17.2%) 
edges                52552/256000     210208/1024000  (20.5%) 
LDR worldlights          0/16384           0/1441792  ( 0.0%) 
HDR worldlights         70/16384        6160/1441792  ( 0.4%) 
leafwaterdata            0/32768           0/393216   ( 0.0%) 
waterstrips            403/131072       4030/1310720  ( 0.3%) 
waterverts               0/131072          0/1572864  ( 0.0%) 
waterindices          7980/131072      15960/262144   ( 6.1%) 
cubemapsamples          11/1024          176/16384    ( 1.1%) 
overlays                75/1024        26400/360448   ( 7.3%) 
LDR lightdata         [variable]           0/0        ( 0.0%) 
HDR lightdata         [variable]     6424816/0        ( 0.0%) 
visdata               [variable]      313208/16777216 ( 1.9%) 
entdata               [variable]      787076/393216   (200.2%) VERY FULL!
LDR ambient table    10860/65536       43440/262144   (16.6%) 
HDR ambient table    10860/65536       43440/262144   (16.6%) 
LDR leaf ambient     10860/65536      304080/1835008  (16.6%) 
HDR leaf ambient     33989/65536      951692/1835008  (51.9%) 
occluders                7/0             280/0        ( 0.0%) 
occluder polygons       14/0             168/0        ( 0.0%) 
occluder vert ind       56/0             224/0        ( 0.0%) 
detail props          [variable]           1/1475020  ( 0.0%) 
dtl prp lght          [variable]           1/4        (25.0%) 
HDR dtl prp lght      [variable]           1/22809    ( 0.0%) 
static props          [variable]           1/86222    ( 0.0%) 
pakfile               [variable]    12259482/0        ( 0.0%) 
physics               [variable]     1337161/4194304  (31.9%) 
physics terrain       [variable]      237502/1048576  (22.6%) 

Level flags = 2

Total triangle count: 29559
Writing c:\users\pc\documents\github\op_cometcage_vmf\ep2_outland_12.bsp
29 minutes, 51 seconds elapsed



Using shader api: shaderapiempty.dll
materialPath: F:\Shut up and take my money\steamapps\sourcemods\mapbase_episodic\materials
Loading C:\Users\PC\Documents\GitHub\op_cometcage_vmf\ep2_outland_12.vmf
ConVarRef mat_reduceparticles doesn't point to an existing ConVar
Patching WVT material: maps/ep2_outland_12/nature/blendgrassdirt01_wvt_patch
fixing up env_cubemap materials on brush sides...
0...1...2...3...4...5...6...7...8...9...100...1...2...3...4...5...6...7...8...9...10Processing areas...done (0)
Building Faces...done (0)
Chop Details...done (0)
Find Visible Detail Sides...
Merged 650 detail faces...done (0)
Merging details...done (0)
FixTjuncs...
PruneNodes...
WriteBSP...
done (0)
writing C:\Users\PC\Documents\GitHub\op_cometcage_vmf\ep2_outland_12.prt...Building visibility clusters...
done (0)
Finding displacement neighbors...
Found a displacement edge abutting multiple other edges.
Finding lightmap sample positions...
Displacement Alpha : 0...1...2...3...4...5...6...7...8...9...10
Building Physics collision data...
done (5) (1545777 bytes)
Placing static props...
Placing detail props : 0...1...2..Material NATURE/BLENDGRASSGRAVEL003A uses unknown detail object type compound_gravelgrass!
Material NATURE/BLENDGRASSGRAVEL003A uses unknown detail object type compound_gravelgrass!
Material NATURE/BLENDGRASSGRAVEL003A uses unknown detail object type compound_gravelgrass!
Material NATURE/BLENDGRASSGRAVEL003A uses unknown detail object type compound_gravelgrass!
.Material NATURE/BLENDGRASSGRAVEL003A uses unknown detail object type compound_gravelgrass!
Material NATURE/BLENDGRASSGRAVEL003A uses unknown detail object type compound_gravelgrass!
Material NATURE/BLENDGRASSGRAVEL003A uses unknown detail object type compound_gravelgrass!
Material NATURE/BLENDGRASSGRAVEL003A uses unknown detail object type compound_gravelgrass!
Material NATURE/BLENDGRASSGRAVEL003A uses unknown detail object type compound_gravelgrass!
Material NATURE/BLENDGRASSGRAVEL003A uses unknown detail object type compound_gravelgrass!
Material NATURE/BLENDGRASSGRAVEL003A uses unknown detail object type compound_gravelgrass!
Material NATURE/BLENDGRASSGRAVEL003A uses unknown detail object type compound_gravelgrass!
Material NATURE/BLENDGRASSGRAVEL003A uses unknown detail object type compound_gravelgrass!
Material NATURE/BLENDGRASSGRAVEL003A uses unknown detail object type compound_gravelgrass!
Material NATURE/BLENDGRASSGRAVEL003A uses unknown detail object type compound_gravelgrass!
Material NATURE/BLENDGRASSGRAVEL003A uses unknown detail object type compound_gravelgrass!
Material NATURE/BLENDGRASSGRAVEL003A uses unknown detail object type compound_gravelgrass!
Material NATURE/BLENDGRASSGRAVEL003A uses unknown detail object type compound_gravelgrass!
Material NATURE/BLENDGRASSGRAVEL003A uses unknown detail object type compound_gravelgrass!
Material NATURE/BLENDGRASSGRAVEL003A uses unknown detail object type compound_gravelgrass!
Material NATURE/BLENDGRASSGRAVEL003A uses unknown detail object type compound_gravelgrass!
Material NATURE/BLENDGRASSGRAVEL003A uses unknown detail object type compound_gravelgrass!
3...4...5...6...7...8...9...10
Compacting texture/material tables...
Reduced 10308 texinfos to 5211
Reduced 200 texdatas to 176 (5950 bytes to 5261)
Writing C:\Users\PC\Documents\GitHub\op_cometcage_vmf\ep2_outland_12.bsp
34 seconds elapsed



4 threads
reading c:\users\pc\documents\github\op_cometcage_vmf\ep2_outland_12.bsp
reading c:\users\pc\documents\github\op_cometcage_vmf\ep2_outland_12.prt
1232 portalclusters
3805 numportals
0...1...2...3...4...5...6...7...8...9...100...1...2...3...4...5...6...7..


Using shader api: shaderapiempty.dll
materialPath: F:\Shut up and take my money\steamapps\sourcemods\mapbase_episodic\materials
Loading C:\Users\PC\Documents\GitHub\op_cometcage_vmf\ep2_outland_12.vmf
ConVarRef mat_reduceparticles doesn't point to an existing ConVar
Patching WVT material: maps/ep2_outland_12/nature/blendgrassdirt01_wvt_patch
fixing up env_cubemap materials on brush sides...
0...1...2...3...4...5...6...7...8...9...100...1...2...3...4...5...6...7...8...9...10Processing areas...done (0)
Building Faces...done (0)
Chop Details...done (0)
Find Visible Detail Sides...
Merged 650 detail faces...done (0)
Merging details...done (0)
FixTjuncs...
PruneNodes...
WriteBSP...
done (0)
writing C:\Users\PC\Documents\GitHub\op_cometcage_vmf\ep2_outland_12.prt...Building visibility clusters...
done (0)
Finding displacement neighbors...
Found a displacement edge abutting multiple other edges.
Finding lightmap sample positions...
Displacement Alpha : 0...1...2...3...4...5...6...7...8...9...10
Building Physics collision data...
done (3) (1545777 bytes)
Placing static props...
Placing detail props : 0...1...2..Material NATURE/BLENDGRASSGRAVEL003A uses unknown detail object type compound_gravelgrass!
Material NATURE/BLENDGRASSGRAVEL003A uses unknown detail object type compound_gravelgrass!
Material NATURE/BLENDGRASSGRAVEL003A uses unknown detail object type compound_gravelgrass!
Material NATURE/BLENDGRASSGRAVEL003A uses unknown detail object type compound_gravelgrass!
.Material NATURE/BLENDGRASSGRAVEL003A uses unknown detail object type compound_gravelgrass!
Material NATURE/BLENDGRASSGRAVEL003A uses unknown detail object type compound_gravelgrass!
Material NATURE/BLENDGRASSGRAVEL003A uses unknown detail object type compound_gravelgrass!
Material NATURE/BLENDGRASSGRAVEL003A uses unknown detail object type compound_gravelgrass!
Material NATURE/BLENDGRASSGRAVEL003A uses unknown detail object type compound_gravelgrass!
Material NATURE/BLENDGRASSGRAVEL003A uses unknown detail object type compound_gravelgrass!
Material NATURE/BLENDGRASSGRAVEL003A uses unknown detail object type compound_gravelgrass!
Material NATURE/BLENDGRASSGRAVEL003A uses unknown detail object type compound_gravelgrass!
Material NATURE/BLENDGRASSGRAVEL003A uses unknown detail object type compound_gravelgrass!
Material NATURE/BLENDGRASSGRAVEL003A uses unknown detail object type compound_gravelgrass!
Material NATURE/BLENDGRASSGRAVEL003A uses unknown detail object type compound_gravelgrass!
Material NATURE/BLENDGRASSGRAVEL003A uses unknown detail object type compound_gravelgrass!
Material NATURE/BLENDGRASSGRAVEL003A uses unknown detail object type compound_gravelgrass!
Material NATURE/BLENDGRASSGRAVEL003A uses unknown detail object type compound_gravelgrass!
Material NATURE/BLENDGRASSGRAVEL003A uses unknown detail object type compound_gravelgrass!
Material NATURE/BLENDGRASSGRAVEL003A uses unknown detail object type compound_gravelgrass!
Material NATURE/BLENDGRASSGRAVEL003A uses unknown detail object type compound_gravelgrass!
Material NATURE/BLENDGRASSGRAVEL003A uses unknown detail object type compound_gravelgrass!
3...4...5...6...7...8...9...10
Compacting texture/material tables...
Reduced 10308 texinfos to 5211
Reduced 200 texdatas to 176 (5950 bytes to 5261)
Writing C:\Users\PC\Documents\GitHub\op_cometcage_vmf\ep2_outland_12.bsp
21 seconds elapsed



4 threads
reading c:\users\pc\documents\github\op_cometcage_vmf\ep2_outland_12.bsp
reading c:\users\pc\documents\github\op_cometcage_vmf\ep2_outland_12.prt
1224 portalclusters
3776 numportals
0...1...2...3...4...5...6...7...8...9...100...1...2...3...4...5...6...7...8...9...10Optimized: 2588 visible clusters (0.00%)
Total clusters visible: 603610
Average clusters visible: 493
Building PAS...
Average clusters audible: 1189
visdatasize:313208  compressed from 391680
writing c:\users\pc\documents\github\op_cometcage_vmf\ep2_outland_12.bsp
1 minute, 23 seconds elapsed



[Reading texlights from 'lights.rad']
[96 texlights parsed from 'lights.rad']

[Reading texlights from 'other.rad']
Warning: Redundant 'lights/light_recessedcool001' def in 'lights.rad' AND 'other.rad'!
Warning: Redundant 'lights/light_recessedcool002' def in 'lights.rad' AND 'other.rad'!
Warning: Redundant 'lights/light_green001' def in 'lights.rad' AND 'other.rad'!
Warning: Redundant 'lights/light_orange001' def in 'lights.rad' AND 'other.rad'!
Warning: Redundant 'lights/white007' def in 'lights.rad' AND 'other.rad'!
Warning: Redundant 'lights/white008' def in 'lights.rad' AND 'other.rad'!
Warning: Redundant 'lights/white009' def in 'lights.rad' AND 'other.rad'!
Warning: Redundant 'lights/white010' def in 'lights.rad' AND 'other.rad'!
Warning: Overriding 'lights/white011' from 'lights.rad' with 'other.rad'!
Warning: Redundant 'lights/light_panel_cool' def in 'lights.rad' AND 'other.rad'!
Warning: Redundant 'lights/light_panel_warm' def in 'lights.rad' AND 'other.rad'!
Warning: Redundant 'lights/light_panel_neutral' def in 'lights.rad' AND 'other.rad'!
Warning: Redundant 'cs_assault/windowBrightness_illum' def in 'lights.rad' AND 'other.rad'!
Warning: Redundant 'windows/hr_w/inferno/stained_glass_a_selfillum' def in 'lights.rad' AND 'other.rad'!
Warning: Redundant 'lights/hr_single_pane_illum_ambient' def in 'lights.rad' AND 'other.rad'!
Warning: Redundant 'lights/hr_single_pane_illum_sun' def in 'lights.rad' AND 'other.rad'!
Warning: Redundant 'de_nuke/nukwindowb_illum' def in 'lights.rad' AND 'other.rad'!
[21 texlights parsed from 'other.rad']

Loading c:\users\pc\documents\github\op_cometcage_vmf\ep2_outland_12.bsp
Loaded alpha texture materials\nature\forest_web03.vtf
Loaded alpha texture materials\nature\forest_web01.vtf
Loaded alpha texture materials\nature\forest_web02.vtf
Loaded alpha texture materials\models\props_forest\fern01.vtf
Loaded alpha texture materials\Models\props_c17\fence_alpha.vtf
Loaded alpha texture materials\models\props_foliage\arbre01.vtf
Loaded alpha texture materials\models\props_foliage\arbre01.vtf
Loaded alpha texture materials\models\props_foliage\arbre01.vtf
Loaded alpha texture materials\models\props_foliage\tree_deciduous_01a_branches.vtf
Loaded alpha texture materials\models\props_foliage\tree_deciduous_01a_leaves.vtf
Loaded alpha texture materials\models\props_foliage\tree_deciduous_01a_branches.vtf
Loaded alpha texture materials\models\props_foliage\tree_deciduous_01a_leaves.vtf
Patch Sample Radius Clamped!
Patch Sample Radius Clamped!
Patch Sample Radius Clamped!
Patch Sample Radius Clamped!
Patch Sample Radius Clamped!
Patch Sample Radius Clamped!
Patch Sample Radius Clamped!
Patch Sample Radius Clamped!
Patch Sample Radius Clamped!
Patch Sample Radius Clamped!
Patch Sample Radius Clamped!
Patch Sample Radius Clamped!
Patch Sample Radius Clamped!
Patch Sample Radius Clamped!
Patch Sample Radius Clamped!
Patch Sample Radius Clamped!
Patch Sample Radius Clamped!
Patch Sample Radius Clamped!
Patch Sample Radius Clamped!
Patch Sample Radius Clamped!
Patch Sample Radius Clamped!
Patch Sample Radius Clamped!
Patch Sample Radius Clamped!
Patch Sample Radius Clamped!
Patch Sample Radius Clamped!
Patch Sample Radius Clamped!
Patch Sample Radius Clamped!
Patch Sample Radius Clamped!
Patch Sample Radius Clamped!
Patch Sample Radius Clamped!
Patch Sample Radius Clamped!
Patch Sample Radius Clamped!
Patch Sample Radius Clamped!
Patch Sample Radius Clamped!
Patch Sample Radius Clamped!
Patch Sample Radius Clamped!
Patch Sample Radius Clamped!
Patch Sample Radius Clamped!
Patch Sample Radius Clamped!
Patch Sample Radius Clamped!
Patch Sample Radius Clamped!
Patch Sample Radius Clamped!
Patch Sample Radius Clamped!
Patch Sample Radius Clamped!
Patch Sample Radius Clamped!
Patch Sample Radius Clamped!
Patch Sample Radius Clamped!
Patch Sample Radius Clamped!
Patch Sample Radius Clamped!
Patch Sample Radius Clamped!
Patch Sample Radius Clamped!
Patch Sample Radius Clamped!
Patch Sample Radius Clamped!
Patch Sample Radius Clamped!
Patch Sample Radius Clamped!
Patch Sample Radius Clamped!
Patch Sample Radius Clamped!
Patch Sample Radius Clamped!
Patch Sample Radius Clamped!
Patch Sample Radius Clamped!
Patch Sample Radius Clamped!
Patch Sample Radius Clamped!
Patch Sample Radius Clamped!
Patch Sample Radius Clamped!
Patch Sample Radius Clamped!
Patch Sample Radius Clamped!
Patch Sample Radius Clamped!
Patch Sample Radius Clamped!
Patch Sample Radius Clamped!
Patch Sample Radius Clamped!
Patch Sample Radius Clamped!
Patch Sample Radius Clamped!
Patch Sample Radius Clamped!
Patch Sample Radius Clamped!
Patch Sample Radius Clamped!
Patch Sample Radius Clamped!
Patch Sample Radius Clamped!
Patch Sample Radius Clamped!
Patch Sample Radius Clamped!
Patch Sample Radius Clamped!
Patch Sample Radius Clamped!
Patch Sample Radius Clamped!
Patch Sample Radius Clamped!
Patch Sample Radius Clamped!
Patch Sample Radius Clamped!
Patch Sample Radius Clamped!
Patch Sample Radius Clamped!
Patch Sample Radius Clamped!
Patch Sample Radius Clamped!
Patch Sample Radius Clamped!
Patch Sample Radius Clamped!
Patch Sample Radius Clamped!
Patch Sample Radius Clamped!
Patch Sample Radius Clamped!
Patch Sample Radius Clamped!
Patch Sample Radius Clamped!
Patch Sample Radius Clamped!
Patch Sample Radius Clamped!
Patch Sample Radius Clamped!
Patch Sample Radius Clamped!
Patch Sample Radius Clamped!
Patch Sample Radius Clamped!
Patch Sample Radius Clamped!
Patch Sample Radius Clamped!
Patch Sample Radius Clamped!
Patch Sample Radius Clamped!
Patch Sample Radius Clamped!
Patch Sample Radius Clamped!
Patch Sample Radius Clamped!
Patch Sample Radius Clamped!
Patch Sample Radius Clamped!
Patch Sample Radius Clamped!
Patch Sample Radius Clamped!
Patch Sample Radius Clamped!
Patch Sample Radius Clamped!
Patch Sample Radius Clamped!
Patch Sample Radius Clamped!
Patch Sample Radius Clamped!
Patch Sample Radius Clamped!
Patch Sample Radius Clamped!
Patch Sample Radius Clamped!
Patch Sample Radius Clamped!
Patch Sample Radius Clamped!
Patch Sample Radius Clamped!
Patch Sample Radius Clamped!
Patch Sample Radius Clamped!
Patch Sample Radius Clamped!
Patch Sample Radius Clamped!
Patch Sample Radius Clamped!
Patch Sample Radius Clamped!
Patch Sample Radius Clamped!
Patch Sample Radius Clamped!
Patch Sample Radius Clamped!
Patch Sample Radius Clamped!
Patch Sample Radius Clamped!
Patch Sample Radius Clamped!
Patch Sample Radius Clamped!
Loaded alpha texture materials\Metal\metalgrate002a.vtf
Loaded alpha texture materials\Metal\metalstair004a.vtf
15653 faces
22184486 square feet [3194565888.00 square inches]
890 Displacements
2727528 Square Feet [392764064.00 Square Inches]
15653 patches before subdivision
121781 patches after subdivision
72 direct lights
0...1...2...3...4...5...6...7...8...9...100...1...2...3...4...5...6...7...8...9...10transfers 4018181, max 701
transfer lists:  30.7 megs
0...1...2...3...4...5...6...7...8...9...10	Bounce #1 added RGB(41397, 30468, 17956)
0...1...2...3...4...5...6...7...8...9...10	Bounce #2 added RGB(3453, 2412, 1319)
0...1...2...3...4...5...6...7...8...9...10	Bounce #3 added RGB(457, 324, 170)
0...1...2...3...4...5...6...7...8...9...10	Bounce #4 added RGB(85, 58, 28)
0...1...2...3...4...5...6...7...8...9...10	Bounce #5 added RGB(17, 11, 5)
0...1...2...3...4...5...6...7...8...9...10	Bounce #6 added RGB(4, 2, 1)
0...1...2...3...4...5...6...7...8...9...10	Bounce #7 added RGB(1, 1, 0)
Build Patch/Sample Hash Table(s).....Done<0.0556 sec>
0...1...2...3...4...5...6...7...8...9...10FinalLightFace Done
Computing detail prop lighting : 0...1...2...3...4...5...6...7...8...9...10
32 of 32 (100% of) surface lights went in leaf ambient cubes.
0...1...2...3...4...5...6...7...8...9...10Writing leaf ambient...done
Computing static prop lighting : 00...1...2...3...4...5...6...7...8...9...10
Ready to Finish

Object names       Objects/Maxobjs  Memory / Maxmem  Fullness 
------------       ---------------  ---------------  -------- 
models                 353/4096        16944/196608   ( 8.6%) 
brushes               3538/32768       42456/393216   (10.8%) 
brushsides           30508/65536      244064/524288   (46.6%) 
planes               24126/65536      482520/1310720  (36.8%) 
vertexes             25631/65536      307572/786432   (39.1%) 
nodes                13761/65536      440352/2097152  (21.0%) 
texinfos              5211/12288      375192/884736   (42.4%) 
texdata                176/2048         5632/65536    ( 8.6%) 
dispinfos              890/0          156640/0        ( 0.0%) 
disp_verts           43530/0          870600/0        ( 0.0%) 
disp_tris            64960/0          129920/0        ( 0.0%) 
disp_lmsamples     2664824/0         2664824/0        ( 0.0%) 
faces                15653/65536      876568/3670016  (23.9%) 
hdr faces            15653/65536      876568/3670016  (23.9%) 
origfaces            10428/65536      583968/3670016  (15.9%) 
leaves               14115/65536      451680/2097152  (21.5%) 
leaffaces            16028/65536       32056/131072   (24.5%) 
leafbrushes          12018/65536       24036/131072   (18.3%) 
areas                    8/1024           64/8192     ( 0.8%) 
surfedges           113791/512000     455164/2048000  (22.2%) 
edges                66458/256000     265832/1024000  (26.0%) 
LDR worldlights          0/16384           0/1441792  ( 0.0%) 
HDR worldlights         72/16384        6336/1441792  ( 0.4%) 
leafwaterdata            0/32768           0/393216   ( 0.0%) 
waterstrips            461/131072       4610/1310720  ( 0.4%) 
waterverts               0/131072          0/1572864  ( 0.0%) 
waterindices          9114/131072      18228/262144   ( 7.0%) 
cubemapsamples          11/1024          176/16384    ( 1.1%) 
overlays                81/1024        28512/360448   ( 7.9%) 
LDR lightdata         [variable]           0/0        ( 0.0%) 
HDR lightdata         [variable]     7236264/0        ( 0.0%) 
visdata               [variable]      313208/16777216 ( 1.9%) 
entdata               [variable]      861941/393216   (219.2%) VERY FULL!
LDR ambient table    14115/65536       56460/262144   (21.5%) 
HDR ambient table    14115/65536       56460/262144   (21.5%) 
LDR leaf ambient     14115/65536      395220/1835008  (21.5%) 
HDR leaf ambient     36031/65536     1008868/1835008  (55.0%) 
occluders                7/0             280/0        ( 0.0%) 
occluder polygons       14/0             168/0        ( 0.0%) 
occluder vert ind       56/0             224/0        ( 0.0%) 
detail props          [variable]           1/1514280  ( 0.0%) 
dtl prp lght          [variable]           1/4        (25.0%) 
HDR dtl prp lght      [variable]           1/22689    ( 0.0%) 
static props          [variable]           1/86946    ( 0.0%) 
pakfile               [variable]    12320112/0        ( 0.0%) 
physics               [variable]     1545777/4194304  (36.9%) 
physics terrain       [variable]      243522/1048576  (23.2%) 

Level flags = 2

Total triangle count: 39881
Writing c:\users\pc\documents\github\op_cometcage_vmf\ep2_outland_12.bsp
31 minutes, 30 seconds elapsed



Using shader api: shaderapiempty.dll
materialPath: F:\Shut up and take my money\steamapps\sourcemods\mapbase_episodic\materials
Loading C:\Users\PC\Documents\GitHub\op_cometcage_vmf\ep2_outland_12.vmf
ConVarRef mat_reduceparticles doesn't point to an existing ConVar
Placing static props...
11 seconds elapsed
