


materialPath: D:\software\steam\steamapps\common\EntropyZero2\entropyzero2\materials
Loading D:\software\steam\steamapps\common\EntropyZero2\timber_mymaps\metrostruggle\fakeeliteguns.vmf
Could not locate GameData file bin/EntropyZero2.fgd
fixing up env_cubemap materials on brush sides...
0...1...2...3...4...5...6...7...8...9...100...1...2...3...4...5...6...7...8...9...10Processing areas...done (0)
Building Faces...done (0)
FixTjuncs...
PruneNodes...
WriteBSP...
done (0)
writing D:\software\steam\steamapps\common\EntropyZero2\timber_mymaps\metrostruggle\fakeeliteguns.prt...Building visibility clusters...
done (0)
Finding displacement neighbors...
Finding lightmap sample positions...
Displacement Alpha : 0...1...2...3...4...5...6...7...8...9...10
Building Physics collision data...
done (0) (3954 bytes)
Placing static props...
Placing detail props : 0...1...2...3...4...5...6...7...8...9...10
Compacting texture/material tables...
Reduced 16 texinfos to 8
Reduced 3 texdatas to 3 (82 bytes to 82)
Writing D:\software\steam\steamapps\common\EntropyZero2\timber_mymaps\metrostruggle\fakeeliteguns.bsp
0 seconds elapsed



16 threads
reading d:\software\steam\steamapps\common\entropyzero2\timber_mymaps\metrostruggle\fakeeliteguns.bsp
reading d:\software\steam\steamapps\common\entropyzero2\timber_mymaps\metrostruggle\fakeeliteguns.prt
   8 portalclusters
  10 numportals
0...1...2...3...4...5...6...7...8...9...10Optimized: 0 visible clusters (0.00%)
Total clusters visible: 64
Average clusters visible: 8
Building PAS...
Average clusters audible: 8
visdatasize:84  compressed from 128
writing d:\software\steam\steamapps\common\entropyzero2\timber_mymaps\metrostruggle\fakeeliteguns.bsp
0 seconds elapsed



[Reading texlights from 'lights.rad']
[48 texlights parsed from 'lights.rad']

Loading d:\software\steam\steamapps\common\entropyzero2\timber_mymaps\metrostruggle\fakeeliteguns.bsp
54 faces
16430 square feet [2365977.00 square inches]
0 Displacements
0 Square Feet [0.00 Square Inches]
54 patches before subdivision
54 patches after subdivision
2 direct lights
0...1...2...3...4...5...6...7...8...9...100...1...2...3...4...5...6...7...8...9...10transfers 432, max 16
transfer lists:   0.0 megs
0...1...2...3...4...5...6...7...8...9...10	Bounce #1 added RGB(10, 11, 12)
0...1...2...3...4...5...6...7...8...9...10	Bounce #2 added RGB(0, 0, 0)
Build Patch/Sample Hash Table(s).....Done<0.0001 sec>
0...1...2...3...4...5...6...7...8...9...10FinalLightFace Done
0 of 0 (0% of) surface lights went in leaf ambient cubes.
0...1...2...3...4...5...6...7...8...9...10Writing leaf ambient...done
Ready to Finish

Object names       Objects/Maxobjs  Memory / Maxmem  Fullness 
------------       ---------------  ---------------  -------- 
models                   4/1024          192/49152    ( 0.4%) 
brushes                  9/8192          108/98304    ( 0.1%) 
brushsides              54/65536         432/524288   ( 0.1%) 
planes                 100/65536        2000/1310720  ( 0.2%) 
vertexes                83/65536         996/786432   ( 0.1%) 
nodes                   65/65536        2080/2097152  ( 0.1%) 
texinfos                 8/12288         576/884736   ( 0.1%) 
texdata                  3/2048           96/65536    ( 0.1%) 
dispinfos                0/0               0/0        ( 0.0%) 
disp_verts               0/0               0/0        ( 0.0%) 
disp_tris                0/0               0/0        ( 0.0%) 
disp_lmsamples           0/0               0/0        ( 0.0%) 
faces                   54/65536        3024/3670016  ( 0.1%) 
hdr faces                0/65536           0/3670016  ( 0.0%) 
origfaces               24/65536        1344/3670016  ( 0.0%) 
leaves                  70/65536        2240/2097152  ( 0.1%) 
leaffaces               54/65536         108/131072   ( 0.1%) 
leafbrushes             31/65536          62/131072   ( 0.0%) 
areas                    2/256            16/2048     ( 0.8%) 
surfedges              320/512000       1280/2048000  ( 0.1%) 
edges                  173/256000        692/1024000  ( 0.1%) 
LDR worldlights          2/65536         176/5767168  ( 0.0%) 
HDR worldlights          0/65536           0/5767168  ( 0.0%) 
leafwaterdata            0/32768           0/393216   ( 0.0%) 
waterstrips              0/32768           0/327680   ( 0.0%) 
waterverts               0/65536           0/786432   ( 0.0%) 
waterindices             0/65536           0/131072   ( 0.0%) 
cubemapsamples           0/1024            0/16384    ( 0.0%) 
overlays                 0/8192            0/2883584  ( 0.0%) 
LDR lightdata         [variable]       60280/0        ( 0.0%) 
HDR lightdata         [variable]           0/0        ( 0.0%) 
visdata               [variable]          84/16777216 ( 0.0%) 
entdata               [variable]       13980/393216   ( 3.6%) 
LDR ambient table       70/65536         280/262144   ( 0.1%) 
HDR ambient table       70/65536         280/262144   ( 0.1%) 
LDR leaf ambient       143/65536        4004/1835008  ( 0.2%) 
HDR leaf ambient        70/65536        1960/1835008  ( 0.1%) 
occluders                0/0               0/0        ( 0.0%) 
occluder polygons        0/0               0/0        ( 0.0%) 
occluder vert ind        0/0               0/0        ( 0.0%) 
detail props          [variable]           1/12       ( 8.3%) 
static props          [variable]           1/12       ( 8.3%) 
pakfile               [variable]          54/0        ( 0.0%) 
physics               [variable]        3954/4194304  ( 0.1%) 
physics terrain       [variable]           2/1048576  ( 0.0%) 

Level flags = 0

Total triangle count: 116
Writing d:\software\steam\steamapps\common\entropyzero2\timber_mymaps\metrostruggle\fakeeliteguns.bsp
0 seconds elapsed



[Reading texlights from 'lights.rad']
[48 texlights parsed from 'lights.rad']

Loading d:\software\steam\steamapps\common\entropyzero2\timber_mymaps\metrostruggle\fakeeliteguns.bsp
54 faces
16430 square feet [2365977.00 square inches]
0 Displacements
0 Square Feet [0.00 Square Inches]
54 patches before subdivision
54 patches after subdivision
2 direct lights
0...1...2...3...4...5...6...7...8...9...100...1...2...3...4...5...6...7...8...9...10transfers 432, max 16
transfer lists:   0.0 megs
0...1...2...3...4...5...6...7...8...9...10	Bounce #1 added RGB(10, 11, 12)
0...1...2...3...4...5...6...7...8...9...10	Bounce #2 added RGB(0, 0, 0)
Build Patch/Sample Hash Table(s).....Done<0.0001 sec>
0...1...2...3...4...5...6...7...8...9...10FinalLightFace Done
0 of 0 (0% of) surface lights went in leaf ambient cubes.
0...1...2...3...4...5...6...7...8...9...10Writing leaf ambient...done
Ready to Finish

Object names       Objects/Maxobjs  Memory / Maxmem  Fullness 
------------       ---------------  ---------------  -------- 
models                   4/1024          192/49152    ( 0.4%) 
brushes                  9/8192          108/98304    ( 0.1%) 
brushsides              54/65536         432/524288   ( 0.1%) 
planes                 100/65536        2000/1310720  ( 0.2%) 
vertexes                83/65536         996/786432   ( 0.1%) 
nodes                   65/65536        2080/2097152  ( 0.1%) 
texinfos                 8/12288         576/884736   ( 0.1%) 
texdata                  3/2048           96/65536    ( 0.1%) 
dispinfos                0/0               0/0        ( 0.0%) 
disp_verts               0/0               0/0        ( 0.0%) 
disp_tris                0/0               0/0        ( 0.0%) 
disp_lmsamples           0/0               0/0        ( 0.0%) 
faces                   54/65536        3024/3670016  ( 0.1%) 
hdr faces               54/65536        3024/3670016  ( 0.1%) 
origfaces               24/65536        1344/3670016  ( 0.0%) 
leaves                  70/65536        2240/2097152  ( 0.1%) 
leaffaces               54/65536         108/131072   ( 0.1%) 
leafbrushes             31/65536          62/131072   ( 0.0%) 
areas                    2/256            16/2048     ( 0.8%) 
surfedges              320/512000       1280/2048000  ( 0.1%) 
edges                  173/256000        692/1024000  ( 0.1%) 
LDR worldlights          2/65536         176/5767168  ( 0.0%) 
HDR worldlights          2/65536         176/5767168  ( 0.0%) 
leafwaterdata            0/32768           0/393216   ( 0.0%) 
waterstrips              0/32768           0/327680   ( 0.0%) 
waterverts               0/65536           0/786432   ( 0.0%) 
waterindices             0/65536           0/131072   ( 0.0%) 
cubemapsamples           0/1024            0/16384    ( 0.0%) 
overlays                 0/8192            0/2883584  ( 0.0%) 
LDR lightdata         [variable]       60280/0        ( 0.0%) 
HDR lightdata         [variable]       60280/0        ( 0.0%) 
visdata               [variable]          84/16777216 ( 0.0%) 
entdata               [variable]       13980/393216   ( 3.6%) 
LDR ambient table       70/65536         280/262144   ( 0.1%) 
HDR ambient table       70/65536         280/262144   ( 0.1%) 
LDR leaf ambient       143/65536        4004/1835008  ( 0.2%) 
HDR leaf ambient       143/65536        4004/1835008  ( 0.2%) 
occluders                0/0               0/0        ( 0.0%) 
occluder polygons        0/0               0/0        ( 0.0%) 
occluder vert ind        0/0               0/0        ( 0.0%) 
detail props          [variable]           1/12       ( 8.3%) 
static props          [variable]           1/12       ( 8.3%) 
pakfile               [variable]          54/0        ( 0.0%) 
physics               [variable]        3954/4194304  ( 0.1%) 
physics terrain       [variable]           2/1048576  ( 0.0%) 

Level flags = 0

Total triangle count: 116
Writing d:\software\steam\steamapps\common\entropyzero2\timber_mymaps\metrostruggle\fakeeliteguns.bsp
0 seconds elapsed
