PRT1
66
176
4 0 14 (0 576 380 ) (0 636 380 ) (0 636 64 ) (0 576 64 ) 
4 0 10 (0 576 64 ) (0 636 64 ) (176 636 64 ) (176 576 64 ) 
4 0 6 (176 636 64 ) (224 636 64 ) (224 576 64 ) (176 576 64 ) 
4 0 3 (224 636 64 ) (636 636 64 ) (636 576 64 ) (224 576 64 ) 
4 0 2 (384 576 128 ) (384 576 380 ) (0 576 380 ) (0 576 128 ) 
4 0 1 (384 576 64 ) (636 576 64 ) (636 576 380 ) (384 576 380 ) 
4 1 40 (448 0 380 ) (384 0 380 ) (384 0 64 ) (448 0 64 ) 
4 1 39 (636 0 380 ) (448 0 380 ) (448 0 64 ) (636 0 64 ) 
4 1 4 (448 576 64 ) (636 576 64 ) (636 0 64 ) (448 0 64 ) 
4 1 2 (384 576 380 ) (384 576 128 ) (384 0 128 ) (384 0 380 ) 
4 2 42 (384 0 380 ) (0 0 380 ) (0 0 128 ) (384 0 128 ) 
4 2 19 (0 0 187.428574 ) (0 0 297.967194 ) (0 576 297.967194 ) (0 576 187.428589 ) 
4 2 17 (0 0 128 ) (0 0 187.428574 ) (0 576 187.428589 ) (0 576 128 ) 
4 2 15 (0 0 297.967194 ) (0 0 380 ) (0 576 380 ) (0 576 297.967194 ) 
4 3 11 (224 576 -64 ) (224 636 -64 ) (636 636 -64 ) (636 576 -64 ) 
4 3 6 (224 636 -64 ) (224 576 -64 ) (224 576 64 ) (224 636 64 ) 
4 3 4 (448 576 -64 ) (636 576 -64 ) (636 576 64 ) (448 576 64 ) 
4 3 5 (224 576 64 ) (224 576 -64 ) (384 576 -64 ) (384 576 64 ) 
4 4 39 (636 0 64 ) (448 0 64 ) (448 0 -64 ) (636 0 -64 ) 
4 4 12 (636 0 -64 ) (448 0 -64 ) (448 576 -64 ) (636 576 -64 ) 
4 5 43 (384 0 64 ) (224 0 64 ) (224 0 -64 ) (384 0 -64 ) 
4 5 9 (224 48 -64 ) (224 0 -64 ) (224 0 64 ) (224 48 64 ) 
4 5 7 (224 432 -64 ) (224 288 -64 ) (224 288 64 ) (224 432 64 ) 
4 5 8 (224 240 -64 ) (224 96 -64 ) (224 96 64 ) (224 240 64 ) 
4 5 6 (224 576 -64 ) (224 480 -64 ) (224 480 64 ) (224 576 64 ) 
4 6 11 (176 576 -64 ) (176 636 -64 ) (224 636 -64 ) (224 576 -64 ) 
4 6 10 (176 636 -64 ) (176 480 -64 ) (176 480 64 ) (176 636 64 ) 
4 7 10 (176 432 -64 ) (176 288 -64 ) (176 288 64 ) (176 432 64 ) 
4 8 10 (176 240 -64 ) (176 96 -64 ) (176 96 64 ) (176 240 64 ) 
4 9 43 (224 0 64 ) (176 0 64 ) (176 0 -64 ) (224 0 -64 ) 
4 9 10 (176 48 -64 ) (176 0 -64 ) (176 0 64 ) (176 48 64 ) 
4 10 43 (176 0 64 ) (0 0 64 ) (0 0 -64 ) (176 0 -64 ) 
4 10 26 (0 0 -64 ) (0 0 64 ) (0 576 64 ) (0 576 -64 ) 
4 10 14 (0 576 64 ) (0 636 64 ) (0 636 -64 ) (0 576 -64 ) 
4 10 11 (0 576 -64 ) (0 636 -64 ) (176 636 -64 ) (176 576 -64 ) 
4 11 14 (0 576 -64 ) (0 636 -64 ) (0 636 -252 ) (0 576 -252 ) 
4 11 12 (636 576 -128 ) (636 576 -64 ) (384 576 -64 ) (384 576 -128 ) 
4 11 13 (0 576 -252 ) (636 576 -252 ) (636 576 -128 ) (0 576 -128 ) 
4 12 41 (448 0 -64 ) (384 0 -64 ) (384 0 -128 ) (448 0 -128 ) 
4 12 39 (636 0 -64 ) (448 0 -64 ) (448 0 -128 ) (636 0 -128 ) 
4 12 13 (384 576 -128 ) (636 576 -128 ) (636 0 -128 ) (384 0 -128 ) 
4 13 44 (0 0 -128 ) (0 0 -252 ) (384 0 -252 ) (384 0 -128 ) 
4 13 41 (384 0 -252 ) (448 0 -252 ) (448 0 -128 ) (384 0 -128 ) 
4 13 39 (448 0 -252 ) (636 0 -252 ) (636 0 -128 ) (448 0 -128 ) 
4 13 32 (0 0 -252 ) (0 0 -128 ) (0 576 -128 ) (0 576 -252 ) 
4 14 37 (-416 576 -128 ) (-416 576 -252 ) (-384 576 -252 ) (-384 576 -128 ) 
4 14 38 (-416 576 128 ) (-508 576 128 ) (-508 576 -252 ) (-416 576 -252 ) 
4 14 35 (-144 576 128 ) (-384 576 128 ) (-384 576 -64 ) (-144 576 -64 ) 
4 14 36 (-384 576 -112 ) (-384 576 -252 ) (-144 576 -252 ) (-144 576 -112 ) 
4 14 33 (-128 576 128 ) (-144 576 128 ) (-144 576 -56 ) (-128 576 -56 ) 
4 14 34 (-144 576 -112 ) (-144 576 -252 ) (-128 576 -252 ) (-128 576 -112 ) 
4 14 32 (0 576 -252 ) (0 576 -128 ) (-128 576 -128 ) (-128 576 -252 ) 
4 14 27 (-48 576 64 ) (-96 576 64 ) (-96 576 -64 ) (-48 576 -64 ) 
4 14 26 (0 576 -64 ) (0 576 64 ) (-48 576 64 ) (-48 576 -64 ) 
4 14 31 (-96 576 64 ) (-128 576 64 ) (-128 576 -64 ) (-96 576 -64 ) 
3 14 25 (-404 576 177 ) (-417.571381 576 160.714294 ) (-406.651184 576 166.174393 ) 
3 14 24 (-317 576 246 ) (-351.167694 576 240.398743 ) (-369 576 219 ) 
5 14 23 (-351.167694 576 240.398743 ) (-508 576 214.688522 ) (-508 576 128 ) (-483 576 128 ) (-417.571381 576 160.714294 ) 
3 14 22 (-483 576 128 ) (-416 576 128 ) (-406.651184 576 166.174393 ) 
3 14 21 (-224.275452 576 261.200745 ) (-256 576 256 ) (-195 576 246 ) 
3 14 20 (-132.459488 576 206.351364 ) (-113.394157 576 203.627747 ) (-143 576 219 ) 
4 14 19 (0 576 187.428574 ) (0 576 297.967194 ) (-224.275452 576 261.200745 ) (-113.394157 576 203.627747 ) 
3 14 18 (-96 576 128 ) (-67.166672 576 128 ) (-108 576 177 ) 
4 14 17 (0 576 128 ) (0 576 187.428574 ) (-132.459488 576 206.351364 ) (-67.166672 576 128 ) 
9 14 16 (-207 576 217 ) (-256 576 224 ) (-305 576 217 ) (-347 576 196 ) (-374 576 165 ) (-384 576 128 ) (-128 576 128 ) (-138 576 165 ) (-165 576 196 ) 
4 14 15 (0 576 297.967194 ) (0 576 380 ) (-508 576 380 ) (-508 576 214.688522 ) 
4 15 46 (0 0 297.967194 ) (0 0 380 ) (-508 0 380 ) (-508 0 214.688522 ) 
4 15 24 (-351.167694 576 240.398712 ) (-317 576 246 ) (-317 0 246 ) (-351.167694 0 240.398712 ) 
4 15 23 (-508 0 214.688477 ) (-508 576 214.688477 ) (-351.167694 576 240.398712 ) (-351.167694 0 240.398712 ) 
4 15 21 (-256 576 256 ) (-224.275467 576 261.200745 ) (-224.275452 0 261.200745 ) (-256 0 256 ) 
4 15 19 (-224.275467 576 261.200745 ) (0 576 297.967224 ) (0 0 297.967224 ) (-224.275452 0 261.200745 ) 
9 16 47 (-207 0 217 ) (-256 0 224 ) (-305 0 217 ) (-347 0 196 ) (-374 0 165 ) (-384 0 128 ) (-128 0 128 ) (-138 0 165 ) (-165 0 196 ) 
4 16 35 (-144 0 128 ) (-384 0 128 ) (-384 576 128 ) (-144 576 128 ) 
4 16 33 (-128 0 128 ) (-144 0 128 ) (-144 576 128 ) (-128 576 128 ) 
4 17 48 (0 0 128 ) (0 0 187.428574 ) (-132.459488 0 206.351364 ) (-67.166672 0 128 ) 
4 17 20 (-132.458740 0 206.350494 ) (-113.392159 0 203.626694 ) (-113.392166 576 203.626709 ) (-132.458725 576 206.350494 ) 
4 17 19 (-113.392159 0 203.626694 ) (0 0 187.427826 ) (0 576 187.427826 ) (-113.392166 576 203.626709 ) 
4 17 18 (-67.164032 576 128 ) (-67.164032 0 128 ) (-108 0 177.004166 ) (-108.001068 576 177.004440 ) 
3 18 49 (-96 0 128 ) (-67.166672 0 128 ) (-108 0 177 ) 
4 19 50 (0 0 187.428574 ) (0 0 297.967194 ) (-224.275452 0 261.200745 ) (-113.394157 0 203.627747 ) 
4 19 21 (-224.279007 0 261.200165 ) (-224.279022 576 261.200165 ) (-195.006821 576 246.001129 ) (-195.006790 0 246.001129 ) 
4 19 20 (-142.996490 576 218.995773 ) (-113.398621 576 203.627655 ) (-113.398621 0 203.627655 ) (-142.996490 0 218.995789 ) 
3 20 51 (-132.459488 0 206.351364 ) (-113.394157 0 203.627747 ) (-143 0 219 ) 
3 21 52 (-224.275452 0 261.200745 ) (-256 0 256 ) (-195 0 246 ) 
3 22 53 (-483 0 128 ) (-416 0 128 ) (-406.651184 0 166.174393 ) 
4 22 38 (-416 0 128 ) (-483 0 128 ) (-483 576 128 ) (-416 576 128 ) 
4 22 25 (-417.571411 0 160.714294 ) (-406.651184 0 166.174408 ) (-406.651184 576 166.174423 ) (-417.571411 576 160.714310 ) 
4 22 23 (-483 576 128 ) (-483 0 128 ) (-417.571411 0 160.714294 ) (-417.571411 576 160.714310 ) 
5 23 54 (-351.167694 0 240.398743 ) (-508 0 214.688522 ) (-508 0 128 ) (-483 0 128 ) (-417.571381 0 160.714294 ) 
4 23 38 (-483 0 128 ) (-508 0 128 ) (-508 576 128 ) (-483 576 128 ) 
4 23 25 (-417.576172 0 160.710938 ) (-417.576141 576 160.710968 ) (-404 576 177.003204 ) (-404 0 177.003204 ) 
4 23 24 (-369.003021 576 218.998444 ) (-351.169739 576 240.398285 ) (-351.169708 0 240.398285 ) (-369.002991 0 218.998459 ) 
3 24 55 (-317 0 246 ) (-351.167694 0 240.398743 ) (-369 0 219 ) 
3 25 56 (-404 0 177 ) (-417.571381 0 160.714294 ) (-406.651184 0 166.174393 ) 
4 26 57 (0 0 -64 ) (0 0 64 ) (-48 0 64 ) (-48 0 -64 ) 
4 26 30 (-48 48 -64 ) (-48 0 -64 ) (-48 0 64 ) (-48 48 64 ) 
4 26 28 (-48 432 -64 ) (-48 288 -64 ) (-48 288 64 ) (-48 432 64 ) 
4 26 29 (-48 240 -64 ) (-48 96 -64 ) (-48 96 64 ) (-48 240 64 ) 
4 26 27 (-48 576 -64 ) (-48 480 -64 ) (-48 480 64 ) (-48 576 64 ) 
4 27 31 (-96 576 -64 ) (-96 480 -64 ) (-96 480 64 ) (-96 576 64 ) 
4 28 31 (-96 432 -64 ) (-96 288 -64 ) (-96 288 64 ) (-96 432 64 ) 
4 29 31 (-96 240 -64 ) (-96 96 -64 ) (-96 96 64 ) (-96 240 64 ) 
4 30 57 (-48 0 64 ) (-96 0 64 ) (-96 0 -64 ) (-48 0 -64 ) 
4 30 31 (-96 48 -64 ) (-96 0 -64 ) (-96 0 64 ) (-96 48 64 ) 
4 31 57 (-96 0 64 ) (-128 0 64 ) (-128 0 -64 ) (-96 0 -64 ) 
4 31 33 (-128 0 -56 ) (-128 0 64 ) (-128 576 64 ) (-128 576 -56 ) 
4 32 58 (0 0 -252 ) (0 0 -128 ) (-128 0 -128 ) (-128 0 -252 ) 
4 32 34 (-128 0 -252 ) (-128 0 -128 ) (-128 576 -128 ) (-128 576 -252 ) 
4 33 59 (-128 0 -56 ) (-128 0 128 ) (-144 0 128 ) (-144 0 -56 ) 
4 33 35 (-144 0 -56 ) (-144 0 128 ) (-144 576 128 ) (-144 576 -56 ) 
4 34 60 (-128 0 -252 ) (-128 0 -112 ) (-144 0 -112 ) (-144 0 -252 ) 
4 34 36 (-144 576 -252 ) (-144 0 -252 ) (-144 0 -112 ) (-144 576 -112 ) 
4 35 61 (-144 0 128 ) (-384 0 128 ) (-384 0 -64 ) (-144 0 -64 ) 
4 36 62 (-384 0 -112 ) (-384 0 -252 ) (-144 0 -252 ) (-144 0 -112 ) 
4 36 37 (-384 576 -252 ) (-384 0 -252 ) (-384 0 -128 ) (-384 576 -128 ) 
4 37 63 (-416 0 -128 ) (-416 0 -252 ) (-384 0 -252 ) (-384 0 -128 ) 
4 37 38 (-416 576 -252 ) (-416 0 -252 ) (-416 0 -128 ) (-416 576 -128 ) 
4 38 64 (-416 0 128 ) (-508 0 128 ) (-508 0 -252 ) (-416 0 -252 ) 
4 39 45 (448 -128 -252 ) (636 -128 -252 ) (636 -128 380 ) (448 -128 380 ) 
4 39 40 (448 -128 64 ) (448 -128 380 ) (448 0 380 ) (448 0 64 ) 
4 39 41 (448 0 -252 ) (448 -128 -252 ) (448 -128 -64 ) (448 0 -64 ) 
4 40 45 (448 -128 64 ) (448 -128 380 ) (384 -128 380 ) (384 -128 64 ) 
4 40 42 (384 -128 128 ) (384 -128 380 ) (384 0 380 ) (384 0 128 ) 
4 41 45 (384 -128 -252 ) (448 -128 -252 ) (448 -128 -64 ) (384 -128 -64 ) 
4 41 44 (384 0 -252 ) (384 -128 -252 ) (384 -128 -128 ) (384 0 -128 ) 
4 42 50 (0 0 297.967194 ) (0 0 187.428589 ) (0 -128 187.428574 ) (0 -128 297.967194 ) 
4 42 48 (0 0 187.428589 ) (0 0 128 ) (0 -128 128 ) (0 -128 187.428574 ) 
4 42 46 (0 0 380 ) (0 0 297.967194 ) (0 -128 297.967194 ) (0 -128 380 ) 
4 42 45 (384 -128 128 ) (384 -128 380 ) (0 -128 380 ) (0 -128 128 ) 
4 43 57 (0 0 64 ) (0 0 -64 ) (0 -128 -64 ) (0 -128 64 ) 
4 43 45 (384 -128 -64 ) (384 -128 64 ) (0 -128 64 ) (0 -128 -64 ) 
4 44 58 (0 0 -128 ) (0 0 -252 ) (0 -128 -252 ) (0 -128 -128 ) 
4 44 45 (0 -128 -252 ) (384 -128 -252 ) (384 -128 -128 ) (0 -128 -128 ) 
4 45 65 (0 -128 -252 ) (0 -252 -252 ) (0 -252 380 ) (0 -128 380 ) 
4 46 65 (0 -128 297.967194 ) (0 -128 380 ) (-508 -128 380 ) (-508 -128 214.688522 ) 
4 46 55 (-351.167694 0 240.398712 ) (-317 0 246 ) (-317 -128 246 ) (-351.167694 -128 240.398712 ) 
4 46 54 (-508 -128 214.688477 ) (-508 0 214.688477 ) (-351.167694 0 240.398712 ) (-351.167694 -128 240.398712 ) 
4 46 52 (-256 0 256 ) (-224.275467 0 261.200745 ) (-224.275452 -128 261.200745 ) (-256 -128 256 ) 
4 46 50 (-224.275467 0 261.200745 ) (0 0 297.967224 ) (0 -128 297.967224 ) (-224.275452 -128 261.200745 ) 
9 47 65 (-207 -128 217 ) (-256 -128 224 ) (-305 -128 217 ) (-347 -128 196 ) (-374 -128 165 ) (-384 -128 128 ) (-128 -128 128 ) (-138 -128 165 ) (-165 -128 196 ) 
4 47 61 (-144 -128 128 ) (-384 -128 128 ) (-384 0 128 ) (-144 0 128 ) 
4 47 59 (-128 -128 128 ) (-144 -128 128 ) (-144 0 128 ) (-128 0 128 ) 
4 48 65 (0 -128 128 ) (0 -128 187.428574 ) (-132.459488 -128 206.351364 ) (-67.166672 -128 128 ) 
4 48 51 (-132.458740 -128 206.350494 ) (-113.392159 -128 203.626694 ) (-113.392159 0 203.626694 ) (-132.458740 0 206.350494 ) 
4 48 50 (-113.392159 -128 203.626694 ) (0 -128 187.427826 ) (0 0 187.427826 ) (-113.392159 0 203.626694 ) 
4 48 49 (-67.164032 0 128 ) (-67.164032 -128 128 ) (-108 -128 177.004105 ) (-108 0 177.004166 ) 
3 49 65 (-96 -128 128 ) (-67.166672 -128 128 ) (-108 -128 177 ) 
4 50 65 (0 -128 187.428574 ) (0 -128 297.967194 ) (-224.275452 -128 261.200745 ) (-113.394157 -128 203.627747 ) 
4 50 52 (-224.279007 -128 261.200165 ) (-224.279007 0 261.200165 ) (-195.006790 0 246.001129 ) (-195.006790 -128 246.001129 ) 
4 50 51 (-142.996490 0 218.995789 ) (-113.398621 0 203.627655 ) (-113.398621 -128 203.627655 ) (-142.996490 -128 218.995789 ) 
3 51 65 (-132.459488 -128 206.351364 ) (-113.394157 -128 203.627747 ) (-143 -128 219 ) 
3 52 65 (-224.275452 -128 261.200745 ) (-256 -128 256 ) (-195 -128 246 ) 
3 53 65 (-483 -128 128 ) (-416 -128 128 ) (-406.651184 -128 166.174393 ) 
4 53 64 (-416 -128 128 ) (-483 -128 128 ) (-483 0 128 ) (-416 0 128 ) 
4 53 56 (-417.571411 -128 160.714294 ) (-406.651184 -128 166.174408 ) (-406.651184 0 166.174408 ) (-417.571411 0 160.714294 ) 
4 53 54 (-483 0 128 ) (-483 -128 128 ) (-417.571411 -128 160.714294 ) (-417.571411 0 160.714294 ) 
5 54 65 (-351.167694 -128 240.398743 ) (-508 -128 214.688522 ) (-508 -128 128 ) (-483 -128 128 ) (-417.571381 -128 160.714294 ) 
4 54 64 (-483 -128 128 ) (-508 -128 128 ) (-508 0 128 ) (-483 0 128 ) 
4 54 56 (-417.576172 -128 160.710938 ) (-417.576172 0 160.710938 ) (-404 0 177.003204 ) (-404 -128 177.003204 ) 
4 54 55 (-369.002991 0 218.998459 ) (-351.169708 0 240.398285 ) (-351.169708 -128 240.398285 ) (-369.002991 -128 218.998459 ) 
3 55 65 (-317 -128 246 ) (-351.167694 -128 240.398743 ) (-369 -128 219 ) 
3 56 65 (-404 -128 177 ) (-417.571381 -128 160.714294 ) (-406.651184 -128 166.174393 ) 
4 57 65 (0 -128 -64 ) (0 -128 64 ) (-128 -128 64 ) (-128 -128 -64 ) 
4 57 59 (-128 -128 -56 ) (-128 -128 64 ) (-128 0 64 ) (-128 0 -56 ) 
4 58 65 (0 -128 -252 ) (0 -128 -128 ) (-128 -128 -128 ) (-128 -128 -252 ) 
4 58 60 (-128 -128 -252 ) (-128 -128 -128 ) (-128 0 -128 ) (-128 0 -252 ) 
4 59 65 (-128 -128 -56 ) (-128 -128 128 ) (-144 -128 128 ) (-144 -128 -56 ) 
4 59 61 (-144 -128 -56 ) (-144 -128 128 ) (-144 0 128 ) (-144 0 -56 ) 
4 60 65 (-128 -128 -252 ) (-128 -128 -112 ) (-144 -128 -112 ) (-144 -128 -252 ) 
4 60 62 (-144 0 -252 ) (-144 -128 -252 ) (-144 -128 -112 ) (-144 0 -112 ) 
4 61 65 (-144 -128 128 ) (-384 -128 128 ) (-384 -128 -64 ) (-144 -128 -64 ) 
4 62 65 (-384 -128 -112 ) (-384 -128 -252 ) (-144 -128 -252 ) (-144 -128 -112 ) 
4 62 63 (-384 0 -252 ) (-384 -128 -252 ) (-384 -128 -128 ) (-384 0 -128 ) 
4 63 65 (-416 -128 -128 ) (-416 -128 -252 ) (-384 -128 -252 ) (-384 -128 -128 ) 
4 63 64 (-416 0 -252 ) (-416 -128 -252 ) (-416 -128 -128 ) (-416 0 -128 ) 
4 64 65 (-416 -128 128 ) (-508 -128 128 ) (-508 -128 -252 ) (-416 -128 -252 ) 
