PRT1
112
281
4 0 17 (576 768 -64 ) (576 768 -196 ) (668 768 -196 ) (668 768 -64 ) 
4 0 14 (576 768 192 ) (576 768 -64 ) (668 768 -64 ) (668 768 192 ) 
3 0 8 (576 768 226.600021 ) (576 768 192 ) (604.833374 768 192 ) 
6 0 6 (668 768 436 ) (597.666626 768 436 ) (576 768 424.750000 ) (576 768 226.600021 ) (604.833374 768 192 ) (668 768 192 ) 
3 0 5 (597.666626 768 436 ) (576 768 436 ) (576 768 424.750000 ) 
4 0 2 (576 768 320 ) (576 768 436 ) (576 832 436 ) (576 832 320 ) 
4 0 3 (576 832 -196 ) (576 768 -196 ) (576 768 -64 ) (576 832 -64 ) 
4 0 1 (576 900 436 ) (576 900 -196 ) (576 832 -196 ) (576 832 436 ) 
4 1 2 (256 832 436 ) (256 832 320 ) (576 832 320 ) (576 832 436 ) 
4 1 3 (256 832 -64 ) (256 832 -196 ) (576 832 -196 ) (576 832 -64 ) 
4 1 4 (256 900 436 ) (256 900 -196 ) (256 832 -196 ) (256 832 436 ) 
3 2 11 (416 768 320 ) (457.740723 768 320 ) (447.724487 768 325.200745 ) 
4 2 10 (457.740723 768 320 ) (498.166687 768 320 ) (488.290863 768 331.850983 ) (447.724487 768 325.200745 ) 
4 2 9 (374.259216 768 320 ) (416 768 320 ) (488.290863 768 331.850983 ) (460.744965 768 364.906067 ) 
4 2 6 (498.166687 768 320 ) (576 768 320 ) (576 768 424.750000 ) (460.744965 768 364.906067 ) 
5 2 5 (576 768 436 ) (256 768 436 ) (256 768 320 ) (374.259216 768 320 ) (576 768 424.750000 ) 
4 2 4 (256 768 320 ) (256 768 436 ) (256 832 436 ) (256 832 320 ) 
4 3 18 (256 768 -112 ) (256 768 -196 ) (576 768 -196 ) (576 768 -112 ) 
4 3 4 (256 832 -196 ) (256 768 -196 ) (256 768 -64 ) (256 832 -64 ) 
4 4 31 (0 768 -196 ) (0 768 436 ) (0 900 436 ) (0 900 -196 ) 
4 4 30 (0 768 -64 ) (0 768 -196 ) (256 768 -196 ) (256 768 -64 ) 
4 4 29 (0 768 0 ) (0 768 -64 ) (256 768 -64 ) (256 768 0 ) 
4 4 24 (128 768 0 ) (256 768 0 ) (256 768 128 ) (128 768 128 ) 
4 4 28 (0 768 128 ) (0 768 0 ) (128 768 0 ) (128 768 128 ) 
4 4 19 (256 768 436 ) (0 768 436 ) (0 768 320 ) (256 768 320 ) 
3 5 62 (597.666626 0 436 ) (256 0 436 ) (256 0 258.596161 ) 
4 5 20 (256 192 258.596161 ) (256 0 258.596161 ) (256 0 320 ) (256 192 320 ) 
4 5 19 (256 768 436 ) (256 768 320 ) (256 0 320 ) (256 0 436 ) 
4 5 12 (256 0 258.595947 ) (256 768 258.595947 ) (303 768 283 ) (303 0 283 ) 
4 5 9 (355 768 310 ) (460.745117 768 364.905884 ) (460.745087 0 364.905914 ) (355 0 310 ) 
4 5 6 (460.745117 768 364.905884 ) (597.667053 768 436 ) (597.667053 0 436 ) (460.745087 0 364.905914 ) 
4 6 67 (529 0 283 ) (604.833374 0 192 ) (668 0 192 ) (668 0 210.826904 ) 
5 6 63 (668 0 436 ) (597.666626 0 436 ) (460.744995 0 364.906067 ) (529 0 283 ) (668 0 210.826904 ) 
4 6 14 (668 0 192 ) (604.833374 0 192 ) (604.833374 768 192 ) (668 768 192 ) 
4 6 10 (529.006592 0 282.996552 ) (488.294067 0 331.851471 ) (488.294037 768 331.851471 ) (529.006470 768 282.996674 ) 
4 6 9 (488.294067 0 331.851471 ) (460.748169 0 364.906494 ) (460.748138 768 364.906494 ) (488.294037 768 331.851471 ) 
4 6 8 (604.837158 768 192 ) (604.837158 0 192 ) (563.998413 0 241.006470 ) (563.998413 768 241.006409 ) 
9 7 65 (298 0 229 ) (288 0 192 ) (544 0 192 ) (534 0 229 ) (507 0 260 ) (465 0 281 ) (416 0 288 ) (367 0 281 ) (325 0 260 ) 
4 7 15 (544 0 192 ) (288 0 192 ) (288 768 192 ) (544 768 192 ) 
3 8 68 (576 0 192 ) (604.833374 0 192 ) (564 0 241 ) 
4 8 14 (604.833374 0 192 ) (576 0 192 ) (576 768 192 ) (604.833374 768 192 ) 
3 9 66 (384.275482 0 325.200745 ) (355 0 310 ) (416 0 320 ) 
4 9 64 (416 0 341.673096 ) (384.275482 0 325.200745 ) (416 0 320 ) (447.724518 0 325.200745 ) 
4 9 63 (460.744995 0 364.906067 ) (416 0 341.673096 ) (447.724518 0 325.200745 ) (488.290894 0 331.850983 ) 
4 9 11 (416.002930 768 320 ) (447.725830 768 325.200012 ) (447.725830 0 325.200012 ) (416.002930 0 320 ) 
4 9 10 (447.725830 768 325.200012 ) (488.292328 768 331.850281 ) (488.292328 0 331.850281 ) (447.725830 0 325.200012 ) 
3 10 63 (529 0 283 ) (488.290894 0 331.850983 ) (447.724518 0 325.200745 ) 
4 10 11 (447.725525 0 325.199951 ) (447.725525 768 325.199951 ) (477 768 310 ) (477 0 310 ) 
3 11 64 (477 0 310 ) (447.724518 0 325.200745 ) (416 0 320 ) 
3 12 69 (303 0 283 ) (256 0 258.596161 ) (256 0 226.599991 ) 
4 12 23 (256 192 226.600006 ) (256 0 226.600006 ) (256 0 256 ) (256 192 256 ) 
4 12 20 (256 192 256 ) (256 0 256 ) (256 0 258.596161 ) (256 192 258.596161 ) 
4 12 13 (256 0 226.601868 ) (256 768 226.601883 ) (268 768 241.002869 ) (268 0 241.002838 ) 
3 13 70 (268 0 241 ) (256 0 226.599991 ) (256 0 192 ) 
4 13 23 (256 192 192 ) (256 0 192 ) (256 0 226.600006 ) (256 192 226.600006 ) 
4 14 71 (668 0 192 ) (576 0 192 ) (576 0 -64 ) (668 0 -64 ) 
4 14 17 (576 768 -64 ) (668 768 -64 ) (668 0 -64 ) (576 0 -64 ) 
4 15 72 (544 0 192 ) (288 0 192 ) (288 0 -64 ) (544 0 -64 ) 
4 15 16 (288 384 -64 ) (288 0 -64 ) (288 0 192 ) (288 384 192 ) 
4 16 72 (288 0 192 ) (256 0 192 ) (256 0 -64 ) (288 0 -64 ) 
4 16 26 (256 0 0 ) (256 0 128 ) (256 112 128 ) (256 112 0 ) 
4 16 25 (256 112 128 ) (256 384 128 ) (256 384 0 ) (256 112 0 ) 
4 17 77 (668 0 -64 ) (576 0 -64 ) (576 0 -196 ) (668 0 -196 ) 
4 17 18 (576 768 -196 ) (576 0 -196 ) (576 0 -112 ) (576 768 -112 ) 
4 18 78 (256 0 -112 ) (256 0 -196 ) (576 0 -196 ) (576 0 -112 ) 
4 18 30 (256 768 -112 ) (256 768 -196 ) (256 0 -196 ) (256 0 -112 ) 
4 19 62 (256 0 320 ) (256 0 436 ) (0 0 436 ) (0 0 320 ) 
4 19 36 (0 0 320 ) (0 0 436 ) (0 768 436 ) (0 768 320 ) 
4 19 20 (256 192 320 ) (256 0 320 ) (0 0 320 ) (0 192 320 ) 
3 20 69 (256 0 256 ) (256 0 258.596161 ) (251 0 256 ) 
5 20 62 (256 0 258.596161 ) (256 0 320 ) (0 0 320 ) (0 0 256 ) (251 0 256 ) 
4 20 37 (0 0 256 ) (0 0 320 ) (0 192 320 ) (0 192 256 ) 
4 20 23 (0 0 256 ) (0 192 256 ) (256 192 256 ) (256 0 256 ) 
4 21 38 (0 393 256 ) (0 760 256 ) (0 760 136 ) (0 393 136 ) 
4 21 22 (128 393 136 ) (128 393 256 ) (0 393 256 ) (0 393 136 ) 
4 22 39 (0 320 256 ) (0 393 256 ) (0 393 128 ) (0 192 128 ) 
4 22 28 (128 393 128 ) (128 192 128 ) (0 192 128 ) (0 393 128 ) 
3 23 70 (256 0 192 ) (256 0 226.599991 ) (227.166687 0 192 ) 
5 23 69 (256 0 226.599991 ) (256 0 256 ) (251 0 256 ) (127.740738 0 192 ) (227.166687 0 192 ) 
4 23 62 (251 0 256 ) (0 0 256 ) (0 0 192 ) (127.740738 0 192 ) 
4 23 40 (0 0 192 ) (0 0 256 ) (0 192 256 ) (0 192 192 ) 
4 24 29 (128 768 0 ) (256 768 0 ) (256 448 0 ) (128 448 0 ) 
4 24 28 (128 768 0 ) (128 448 0 ) (128 448 128 ) (128 768 128 ) 
4 25 26 (160 112 0 ) (256 112 0 ) (256 112 128 ) (160 112 128 ) 
4 25 28 (128 384 0 ) (128 112 0 ) (128 112 128 ) (128 384 128 ) 
4 26 73 (256 0 0 ) (256 0 128 ) (160 0 128 ) (160 0 0 ) 
4 26 27 (160 80 0 ) (160 0 0 ) (160 0 128 ) (160 80 128 ) 
4 27 74 (160 0 128 ) (128 0 128 ) (128 0 0 ) (160 0 0 ) 
4 27 28 (128 80 0 ) (128 0 0 ) (128 0 128 ) (128 80 128 ) 
4 28 76 (128 0 128 ) (0 0 128 ) (0 0 0 ) (128 0 0 ) 
4 28 41 (0 0 0 ) (0 0 128 ) (0 768 128 ) (0 768 0 ) 
4 28 29 (0 448 0 ) (0 768 0 ) (128 768 0 ) (128 448 0 ) 
4 29 46 (0 448 0 ) (0 768 0 ) (0 768 -64 ) (0 448 -64 ) 
4 29 30 (0 768 -64 ) (256 768 -64 ) (256 448 -64 ) (0 448 -64 ) 
4 30 79 (256 0 -196 ) (256 0 -64 ) (0 0 -64 ) (0 0 -196 ) 
4 30 47 (0 0 -196 ) (0 0 -64 ) (0 768 -64 ) (0 768 -196 ) 
4 31 47 (0 768 -196 ) (0 768 -64 ) (-256 768 -64 ) (-256 768 -196 ) 
4 31 46 (0 768 -64 ) (0 768 0 ) (-256 768 0 ) (-256 768 -64 ) 
4 31 42 (-128 768 128 ) (-256 768 128 ) (-256 768 0 ) (-128 768 0 ) 
4 31 41 (0 768 0 ) (0 768 128 ) (-128 768 128 ) (-128 768 0 ) 
4 31 36 (0 768 320 ) (0 768 436 ) (-256 768 436 ) (-256 768 320 ) 
4 31 33 (-256 768 320 ) (-256 768 436 ) (-256 832 436 ) (-256 832 320 ) 
4 31 34 (-256 832 -196 ) (-256 768 -196 ) (-256 768 -64 ) (-256 832 -64 ) 
4 31 32 (-256 900 436 ) (-256 900 -196 ) (-256 832 -196 ) (-256 832 436 ) 
4 32 33 (-576 832 436 ) (-576 832 320 ) (-256 832 320 ) (-256 832 436 ) 
4 32 34 (-576 832 -64 ) (-576 832 -196 ) (-256 832 -196 ) (-256 832 -64 ) 
4 32 35 (-576 900 436 ) (-576 900 -196 ) (-576 832 -196 ) (-576 832 436 ) 
3 33 51 (-457.740723 768 320 ) (-416 768 320 ) (-447.724487 768 325.200745 ) 
4 33 50 (-416 768 320 ) (-374.259216 768 320 ) (-416 768 341.673065 ) (-447.724487 768 325.200745 ) 
4 33 49 (-576 768 424.750000 ) (-576 768 320 ) (-457.740723 768 320 ) (-416 768 341.673065 ) 
5 33 48 (-256 768 436 ) (-576 768 436 ) (-576 768 424.750000 ) (-374.259216 768 320 ) (-256 768 320 ) 
4 33 35 (-576 768 320 ) (-576 768 436 ) (-576 832 436 ) (-576 832 320 ) 
4 34 60 (-576 768 -112 ) (-576 768 -196 ) (-256 768 -196 ) (-256 768 -112 ) 
4 34 35 (-576 832 -196 ) (-576 768 -196 ) (-576 768 -64 ) (-576 832 -64 ) 
4 35 61 (-676 768 -64 ) (-676 768 -196 ) (-576 768 -196 ) (-576 768 -64 ) 
4 35 59 (-676 768 192 ) (-676 768 -64 ) (-576 768 -64 ) (-576 768 192 ) 
3 35 54 (-604.833374 768 192 ) (-576 768 192 ) (-576 768 226.600037 ) 
5 35 53 (-676 768 206.673065 ) (-676 768 192 ) (-604.833374 768 192 ) (-576 768 226.600037 ) (-576 768 258.596161 ) 
5 35 49 (-597.666626 768 436 ) (-676 768 436 ) (-676 768 206.673065 ) (-576 768 258.596161 ) (-576 768 424.750000 ) 
3 35 48 (-576 768 436 ) (-597.666626 768 436 ) (-576 768 424.750000 ) 
4 36 87 (0 0 320 ) (0 0 436 ) (-256 0 436 ) (-256 0 320 ) 
4 36 48 (-256 768 436 ) (-256 768 320 ) (-256 0 320 ) (-256 0 436 ) 
4 36 37 (-256 0 320 ) (-256 192 320 ) (0 192 320 ) (0 0 320 ) 
4 37 87 (0 0 256 ) (0 0 320 ) (-256 0 320 ) (-256 0 256 ) 
4 37 55 (-256 192 256 ) (-256 0 256 ) (-256 0 258.596161 ) (-256 192 258.596161 ) 
4 37 48 (-256 0 258.596161 ) (-256 0 320 ) (-256 192 320 ) (-256 192 258.596161 ) 
4 37 40 (0 0 256 ) (-256 0 256 ) (-256 192 256 ) (0 192 256 ) 
4 38 39 (-128 393 256 ) (-128 393 136 ) (0 393 136 ) (0 393 256 ) 
4 39 41 (0 393 128 ) (0 192 128 ) (-128 192 128 ) (-128 393 128 ) 
3 40 92 (-256 0 226.599991 ) (-256 0 192 ) (-227.166672 0 192 ) 
5 40 87 (0 0 192 ) (0 0 256 ) (-256 0 256 ) (-256 0 226.599991 ) (-227.166672 0 192 ) 
4 40 56 (-256 0 192 ) (-256 0 226.599991 ) (-256 192 226.599991 ) (-256 192 192 ) 
4 40 55 (-256 0 226.599991 ) (-256 0 256 ) (-256 192 256 ) (-256 192 226.599991 ) 
4 41 96 (0 0 0 ) (0 0 128 ) (-128 0 128 ) (-128 0 0 ) 
4 41 46 (-128 448 0 ) (-128 768 0 ) (0 768 0 ) (0 448 0 ) 
4 41 43 (-128 384 0 ) (-128 112 0 ) (-128 112 128 ) (-128 384 128 ) 
4 41 44 (-128 80 0 ) (-128 0 0 ) (-128 0 128 ) (-128 80 128 ) 
4 41 42 (-128 768 0 ) (-128 448 0 ) (-128 448 128 ) (-128 768 128 ) 
4 42 46 (-256 448 0 ) (-256 768 0 ) (-128 768 0 ) (-128 448 0 ) 
4 43 45 (-160 384 128 ) (-160 384 0 ) (-160 112 0 ) (-160 112 128 ) 
4 44 97 (-128 0 128 ) (-160 0 128 ) (-160 0 0 ) (-128 0 0 ) 
4 44 45 (-160 80 0 ) (-160 0 0 ) (-160 0 128 ) (-160 80 128 ) 
4 45 99 (-160 0 128 ) (-256 0 128 ) (-256 0 0 ) (-160 0 0 ) 
4 45 57 (-256 384 0 ) (-256 0 0 ) (-256 0 128 ) (-256 384 128 ) 
4 46 47 (-256 448 -64 ) (-256 768 -64 ) (0 768 -64 ) (0 448 -64 ) 
4 47 102 (0 0 -196 ) (0 0 -64 ) (-256 0 -64 ) (-256 0 -196 ) 
4 47 60 (-256 768 -112 ) (-256 768 -196 ) (-256 0 -196 ) (-256 0 -112 ) 
3 48 89 (-460.744995 0 364.906067 ) (-303 0 283 ) (-416 0 418.600037 ) 
4 48 88 (-430.500000 0 436 ) (-597.666626 0 436 ) (-460.744995 0 364.906067 ) (-416 0 418.600037 ) 
4 48 87 (-256 0 258.596161 ) (-256 0 436 ) (-430.500000 0 436 ) (-303 0 283 ) 
4 48 55 (-303.004425 768 283.005280 ) (-256 768 258.599152 ) (-256 0 258.599152 ) (-303.004425 0 283.005280 ) 
4 48 50 (-415.997101 768 341.674591 ) (-354.991577 768 309.998627 ) (-354.991577 0 309.998627 ) (-415.997101 0 341.674591 ) 
4 48 49 (-597.660828 0 436 ) (-597.660828 768 436 ) (-415.997101 768 341.674591 ) (-415.997101 0 341.674591 ) 
3 49 94 (-488.290894 0 331.850983 ) (-529 0 283 ) (-447.724518 0 325.200745 ) 
4 49 93 (-416 0 341.673096 ) (-460.744995 0 364.906067 ) (-488.290894 0 331.850983 ) (-447.724518 0 325.200745 ) 
5 49 88 (-460.744995 0 364.906067 ) (-597.666626 0 436 ) (-676 0 436 ) (-676 0 206.673065 ) (-529 0 283 ) 
4 49 53 (-676 0 206.673889 ) (-676 768 206.673889 ) (-528.998779 768 283.001465 ) (-528.998779 0 283.001465 ) 
4 49 51 (-477.002319 768 310 ) (-447.725708 768 325.200928 ) (-447.725708 0 325.200928 ) (-477.002319 0 310 ) 
4 49 50 (-447.725708 768 325.200928 ) (-416 768 341.673676 ) (-416 0 341.673676 ) (-447.725708 0 325.200928 ) 
3 50 93 (-355 0 310 ) (-416 0 341.673096 ) (-447.724518 0 325.200745 ) 
4 50 51 (-447.723877 0 325.200317 ) (-447.723877 768 325.200317 ) (-416.001038 768 320 ) (-416.001038 0 320 ) 
3 51 95 (-416 0 320 ) (-447.724518 0 325.200745 ) (-477 0 310 ) 
9 52 90 (-465 0 281 ) (-507 0 260 ) (-534 0 229 ) (-544 0 192 ) (-288 0 192 ) (-298 0 229 ) (-325 0 260 ) (-367 0 281 ) (-416 0 288 ) 
4 52 58 (-544 768 192 ) (-288 768 192 ) (-288 0 192 ) (-544 0 192 ) 
4 53 88 (-529 0 283 ) (-676 0 206.673065 ) (-676 0 192 ) (-604.833374 0 192 ) 
4 53 59 (-676 768 192 ) (-604.833374 768 192 ) (-604.833374 0 192 ) (-676 0 192 ) 
4 53 54 (-604.836914 0 192 ) (-604.836914 768 192 ) (-563.998474 768 241.006134 ) (-563.998474 0 241.006134 ) 
3 54 91 (-564 0 241 ) (-604.833374 0 192 ) (-576 0 192 ) 
4 54 59 (-604.833374 768 192 ) (-576 768 192 ) (-576 0 192 ) (-604.833374 0 192 ) 
3 55 87 (-256 0 226.600006 ) (-256 0 258.596161 ) (-303 0 283 ) 
4 55 56 (-256 768 226.601837 ) (-256 0 226.601852 ) (-268 0 241.002823 ) (-268 768 241.002808 ) 
3 56 92 (-256 0 192 ) (-256 0 226.600006 ) (-268 0 241 ) 
4 57 100 (-256 0 -64 ) (-256 0 192 ) (-288 0 192 ) (-288 0 -64 ) 
4 57 58 (-288 384 -64 ) (-288 0 -64 ) (-288 0 192 ) (-288 384 192 ) 
4 58 100 (-288 0 192 ) (-544 0 192 ) (-544 0 -64 ) (-288 0 -64 ) 
4 59 101 (-576 0 192 ) (-676 0 192 ) (-676 0 -64 ) (-576 0 -64 ) 
4 59 61 (-676 768 -64 ) (-576 768 -64 ) (-576 0 -64 ) (-676 0 -64 ) 
4 60 103 (-256 0 -196 ) (-256 0 -112 ) (-576 0 -112 ) (-576 0 -196 ) 
4 60 61 (-576 768 -196 ) (-576 0 -196 ) (-576 0 -112 ) (-576 768 -112 ) 
4 61 104 (-576 0 -64 ) (-676 0 -64 ) (-676 0 -196 ) (-576 0 -196 ) 
4 62 87 (0 0 436 ) (0 0 192 ) (0 -256 192 ) (0 -256 436 ) 
5 62 84 (256 -256 436 ) (0 -256 436 ) (0 -256 192 ) (127.740730 -256 192 ) (256 -256 258.596161 ) 
5 62 81 (576 -256 436 ) (256 -256 436 ) (256 -256 320 ) (374.259247 -256 320 ) (576 -256 424.750000 ) 
3 62 80 (597.666626 -256 436 ) (576 -256 436 ) (576 -256 424.750000 ) 
4 62 69 (127.741158 -256 192 ) (127.741165 0 192 ) (303 0 283 ) (303 -256 283 ) 
4 62 66 (355 0 310 ) (384.275757 0 325.200684 ) (384.275757 -256 325.200684 ) (355 -256 310 ) 
4 62 64 (384.275757 0 325.200684 ) (416 0 341.672974 ) (416 -256 341.672974 ) (384.275757 -256 325.200684 ) 
4 62 63 (416 0 341.672974 ) (597.666992 0 436 ) (597.666992 -256 436 ) (416 -256 341.672974 ) 
4 63 81 (576 -256 424.750031 ) (416 -256 341.673096 ) (457.740753 -256 320 ) (576 -256 320 ) 
5 63 80 (668 -256 436 ) (597.666626 -256 436 ) (576 -256 424.750031 ) (576 -256 258.596130 ) (668 -256 210.826904 ) 
4 63 67 (529 0 283 ) (668 0 210.826981 ) (668 -256 210.826981 ) (529 -256 283 ) 
4 63 64 (416 -256 341.673676 ) (416 0 341.673676 ) (477.001831 0 310 ) (477.001831 -256 310 ) 
4 64 81 (416 -256 341.673096 ) (384.275482 -256 325.200745 ) (416 -256 320 ) (457.740753 -256 320 ) 
4 64 66 (384.274048 -256 325.199982 ) (384.274048 0 325.199982 ) (415.997070 0 320 ) (415.997070 -256 320 ) 
4 65 72 (544 -256 192 ) (288 -256 192 ) (288 0 192 ) (544 0 192 ) 
3 66 81 (384.275482 -256 325.200745 ) (374.259216 -256 320 ) (416 -256 320 ) 
5 67 80 (604.833374 -256 192 ) (668 -256 192 ) (668 -256 210.826904 ) (576 -256 258.596161 ) (576 -256 226.600067 ) 
4 67 71 (668 -256 192 ) (604.833374 -256 192 ) (604.833374 0 192 ) (668 0 192 ) 
4 67 68 (604.837280 0 192 ) (604.837280 -256 192 ) (563.998413 -256 241.006424 ) (563.998413 0 241.006439 ) 
3 68 80 (576 -256 192 ) (604.833374 -256 192 ) (576 -256 226.600098 ) 
4 68 71 (604.833374 -256 192 ) (576 -256 192 ) (576 0 192 ) (604.833374 0 192 ) 
4 69 84 (256 -256 258.596161 ) (127.740730 -256 192 ) (227.166687 -256 192 ) (256 -256 226.599976 ) 
4 69 70 (227.165359 -256 192 ) (227.165359 0 192 ) (268 0 241.002838 ) (268 -256 241.002838 ) 
3 70 84 (256 -256 226.599976 ) (227.166687 -256 192 ) (256 -256 192 ) 
4 71 80 (668 -256 192 ) (576 -256 192 ) (576 -256 -64 ) (668 -256 -64 ) 
4 71 77 (668 -256 -64 ) (576 -256 -64 ) (576 0 -64 ) (668 0 -64 ) 
4 72 73 (256 -256 0 ) (256 -256 128 ) (256 0 128 ) (256 0 0 ) 
4 73 74 (160 0 0 ) (160 -80 0 ) (160 -80 128 ) (160 0 128 ) 
4 73 75 (160 -112 0 ) (160 -256 0 ) (160 -256 128 ) (160 -112 128 ) 
4 74 76 (128 0 0 ) (128 -80 0 ) (128 -80 128 ) (128 0 128 ) 
4 75 76 (128 -112 0 ) (128 -256 0 ) (128 -256 128 ) (128 -112 128 ) 
4 76 96 (0 0 128 ) (0 0 0 ) (0 -256 0 ) (0 -256 128 ) 
4 77 80 (668 -256 -64 ) (576 -256 -64 ) (576 -256 -196 ) (668 -256 -196 ) 
4 77 78 (576 0 -196 ) (576 -256 -196 ) (576 -256 -112 ) (576 0 -112 ) 
4 78 82 (256 -256 -112 ) (256 -256 -196 ) (576 -256 -196 ) (576 -256 -112 ) 
4 78 79 (256 0 -196 ) (256 -256 -196 ) (256 -256 -112 ) (256 0 -112 ) 
4 79 102 (0 0 -64 ) (0 0 -196 ) (0 -256 -196 ) (0 -256 -64 ) 
4 79 85 (256 -256 -64 ) (0 -256 -64 ) (0 -256 -196 ) (256 -256 -196 ) 
4 80 81 (576 -320 320 ) (576 -320 436 ) (576 -256 436 ) (576 -256 320 ) 
4 80 82 (576 -256 -196 ) (576 -320 -196 ) (576 -320 -64 ) (576 -256 -64 ) 
4 80 83 (576 -320 -196 ) (576 -436 -196 ) (576 -436 436 ) (576 -320 436 ) 
4 81 84 (256 -272 436 ) (256 -256 436 ) (256 -256 320 ) (256 -272 320 ) 
4 81 86 (256 -320 320 ) (256 -320 436 ) (256 -272 436 ) (256 -272 320 ) 
4 81 83 (256 -320 436 ) (256 -320 320 ) (576 -320 320 ) (576 -320 436 ) 
4 82 85 (256 -256 -196 ) (256 -272 -196 ) (256 -272 -64 ) (256 -256 -64 ) 
4 82 86 (256 -272 -196 ) (256 -320 -196 ) (256 -320 -64 ) (256 -272 -64 ) 
4 82 83 (256 -320 -64 ) (256 -320 -196 ) (576 -320 -196 ) (576 -320 -64 ) 
4 83 86 (256 -320 -196 ) (256 -436 -196 ) (256 -436 436 ) (256 -320 436 ) 
4 84 105 (0 -272 436 ) (0 -256 436 ) (0 -256 128 ) (0 -272 128 ) 
4 84 86 (256 -272 128 ) (256 -272 436 ) (0 -272 436 ) (0 -272 128 ) 
4 85 106 (0 -256 0 ) (0 -256 -196 ) (0 -272 -196 ) (0 -272 0 ) 
4 85 86 (0 -272 -196 ) (256 -272 -196 ) (256 -272 0 ) (0 -272 0 ) 
4 86 107 (0 -436 436 ) (0 -272 436 ) (0 -272 -196 ) (0 -436 -196 ) 
4 87 108 (-256 -256 436 ) (-430.499969 -256 436 ) (-333.833313 -256 320 ) (-256 -256 320 ) 
5 87 105 (0 -256 192 ) (0 -256 436 ) (-256 -256 436 ) (-256 -256 226.599976 ) (-227.166687 -256 192 ) 
4 87 92 (-227.170227 0 192 ) (-227.170227 -256 192 ) (-267.998596 -256 240.994171 ) (-267.998566 0 240.994171 ) 
4 87 89 (-303.005890 -256 283.003052 ) (-416.001526 -256 418.598236 ) (-416.001495 0 418.598236 ) (-303.005859 0 283.003052 ) 
4 87 88 (-416.001526 -256 418.598236 ) (-430.502930 -256 436 ) (-430.502930 0 436 ) (-416.001495 0 418.598236 ) 
5 88 108 (-430.499969 -256 436 ) (-576 -256 436 ) (-576 -256 320 ) (-498.166687 -256 320 ) (-416 -256 418.600037 ) 
5 88 111 (-576 -256 436 ) (-676 -256 436 ) (-676 -256 192 ) (-604.833313 -256 192 ) (-576 -256 226.599976 ) 
4 88 101 (-604.833374 -256 192 ) (-676 -256 192 ) (-676 0 192 ) (-604.833313 0 192 ) 
4 88 94 (-529.002625 0 282.998657 ) (-488.292236 0 331.851166 ) (-488.292236 -256 331.851166 ) (-529.002625 -256 282.998657 ) 
4 88 93 (-488.292236 0 331.851166 ) (-460.746063 0 364.906616 ) (-460.746063 -256 364.906616 ) (-488.292236 -256 331.851166 ) 
4 88 91 (-604.834717 -256 192 ) (-604.834717 0 192 ) (-564 0 241.002441 ) (-564 -256 241.002441 ) 
4 88 89 (-460.746063 0 364.906616 ) (-416.001953 0 418.599609 ) (-416.001953 -256 418.599609 ) (-460.746063 -256 364.906616 ) 
4 89 108 (-333.833313 -256 320 ) (-416 -256 418.600037 ) (-460.744995 -256 364.906036 ) (-374.259277 -256 320 ) 
4 89 93 (-460.744141 -256 364.907227 ) (-460.744141 0 364.907227 ) (-354.995239 0 310 ) (-354.995239 -256 310 ) 
4 90 100 (-288 -256 192 ) (-544 -256 192 ) (-544 0 192 ) (-288 0 192 ) 
3 91 111 (-604.833313 -256 192 ) (-576 -256 192 ) (-576 -256 226.599976 ) 
4 91 101 (-576 -256 192 ) (-604.833374 -256 192 ) (-604.833313 0 192 ) (-576 0 192 ) 
3 92 105 (-256 -256 192 ) (-227.166687 -256 192 ) (-256 -256 226.599976 ) 
4 93 108 (-374.259247 -256 320 ) (-460.744995 -256 364.906036 ) (-488.290863 -256 331.850952 ) (-416 -256 320 ) 
4 93 95 (-447.725861 0 325.200012 ) (-416.003021 0 320 ) (-416.003021 -256 320 ) (-447.725861 -256 325.200012 ) 
4 93 94 (-488.292328 -256 331.850281 ) (-488.292328 0 331.850281 ) (-447.725861 0 325.200012 ) (-447.725861 -256 325.200012 ) 
4 94 108 (-447.724487 -256 325.200745 ) (-488.290863 -256 331.850952 ) (-498.166656 -256 320 ) (-457.740723 -256 320 ) 
4 94 95 (-477 0 310 ) (-447.725525 0 325.199951 ) (-447.725525 -256 325.199951 ) (-477 -256 310 ) 
3 95 108 (-416 -256 320 ) (-447.724487 -256 325.200745 ) (-457.740723 -256 320 ) 
4 96 97 (-128 0 0 ) (-128 -80 0 ) (-128 -80 128 ) (-128 0 128 ) 
4 96 98 (-128 -112 0 ) (-128 -256 0 ) (-128 -256 128 ) (-128 -112 128 ) 
4 97 99 (-160 0 0 ) (-160 -80 0 ) (-160 -80 128 ) (-160 0 128 ) 
4 98 99 (-160 -112 0 ) (-160 -256 0 ) (-160 -256 128 ) (-160 -112 128 ) 
4 99 100 (-256 -256 0 ) (-256 -256 128 ) (-256 0 128 ) (-256 0 0 ) 
4 101 111 (-576 -256 192 ) (-676 -256 192 ) (-676 -256 -64 ) (-576 -256 -64 ) 
4 101 104 (-576 -256 -64 ) (-676 -256 -64 ) (-676 0 -64 ) (-576 0 -64 ) 
4 102 106 (0 -256 -196 ) (0 -256 -64 ) (-256 -256 -64 ) (-256 -256 -196 ) 
4 102 103 (-256 0 -196 ) (-256 -256 -196 ) (-256 -256 -112 ) (-256 0 -112 ) 
4 103 109 (-576 -256 -112 ) (-576 -256 -196 ) (-256 -256 -196 ) (-256 -256 -112 ) 
4 103 104 (-576 0 -196 ) (-576 -256 -196 ) (-576 -256 -112 ) (-576 0 -112 ) 
4 104 111 (-576 -256 -64 ) (-676 -256 -64 ) (-676 -256 -196 ) (-576 -256 -196 ) 
4 105 108 (-256 -272 320 ) (-256 -272 436 ) (-256 -256 436 ) (-256 -256 320 ) 
4 105 107 (-256 -272 436 ) (-256 -272 128 ) (0 -272 128 ) (0 -272 436 ) 
4 106 109 (-256 -256 -196 ) (-256 -272 -196 ) (-256 -272 -64 ) (-256 -256 -64 ) 
4 106 107 (-256 -272 0 ) (-256 -272 -196 ) (0 -272 -196 ) (0 -272 0 ) 
4 107 108 (-256 -320 320 ) (-256 -320 436 ) (-256 -272 436 ) (-256 -272 320 ) 
4 107 109 (-256 -272 -196 ) (-256 -320 -196 ) (-256 -320 -64 ) (-256 -272 -64 ) 
4 107 110 (-256 -320 -196 ) (-256 -436 -196 ) (-256 -436 436 ) (-256 -320 436 ) 
4 108 111 (-576 -320 320 ) (-576 -320 436 ) (-576 -256 436 ) (-576 -256 320 ) 
4 108 110 (-576 -320 436 ) (-576 -320 320 ) (-256 -320 320 ) (-256 -320 436 ) 
4 109 110 (-576 -320 -64 ) (-576 -320 -196 ) (-256 -320 -196 ) (-256 -320 -64 ) 
4 109 111 (-576 -256 -196 ) (-576 -320 -196 ) (-576 -320 -64 ) (-576 -256 -64 ) 
4 110 111 (-576 -320 -196 ) (-576 -436 -196 ) (-576 -436 436 ) (-576 -320 436 ) 
