


Using shader api: shaderapiempty.dll
materialPath: F:\Shut up and take my money\steamapps\sourcemods\mapbase_episodic\materials
Loading C:\Users\PC\Documents\GitHub\op_cometcage_vmf\op_cmb_01_gmod.vmf
ConVarRef mat_reduceparticles doesn't point to an existing ConVar
ConVarRef mat_reduceparticles doesn't point to an existing ConVar
fixing up env_cubemap materials on brush sides...
0...1...2...3...4...5...6...7...8...9...100...1...2...3...4...5...6...7...8...9...10Processing areas...done (0)
Building Faces...done (0)
Chop Details...done (0)
Find Visible Detail Sides...
Merged 1802 detail faces...done (1)
Merging details...done (0)
FixTjuncs...
PruneNodes...
WriteBSP...
done (0)
writing C:\Users\PC\Documents\GitHub\op_cometcage_vmf\op_cmb_01_gmod.prt...Building visibility clusters...
done (0)
Finding displacement neighbors...
Finding lightmap sample positions...
Displacement Alpha : 0...1...2...3...4...5...6...7...8...9...10
Building Physics collision data...
done (1) (1037893 bytes)
Placing static props...
Placing detail props : 0...1...2...3...4...5...6...7...8...9...10
Compacting texture/material tables...
Reduced 3399 texinfos to 1846
Reduced 639 texdatas to 546 (35265 bytes to 31184)
Writing C:\Users\PC\Documents\GitHub\op_cometcage_vmf\op_cmb_01_gmod.bsp
29 seconds elapsed



4 threads
reading c:\users\pc\documents\github\op_cometcage_vmf\op_cmb_01_gmod.bsp
reading c:\users\pc\documents\github\op_cometcage_vmf\op_cmb_01_gmod.prt
 269 portalclusters
 480 numportals
0...1...2...3...4...5...6...7...8...9...100...1...2...3...4...5...6...7...8...9...10Optimized: 42 visible clusters (0.34%)
Total clusters visible: 12251
Average clusters visible: 45
Building PAS...
Average clusters audible: 100
visdatasize:12498  compressed from 21520
writing c:\users\pc\documents\github\op_cometcage_vmf\op_cmb_01_gmod.bsp
0 seconds elapsed



[Reading texlights from 'lights.rad']
[96 texlights parsed from 'lights.rad']

[Reading texlights from 'other.rad']
Warning: Redundant 'lights/light_recessedcool001' def in 'lights.rad' AND 'other.rad'!
Warning: Redundant 'lights/light_recessedcool002' def in 'lights.rad' AND 'other.rad'!
Warning: Redundant 'lights/light_green001' def in 'lights.rad' AND 'other.rad'!
Warning: Redundant 'lights/light_orange001' def in 'lights.rad' AND 'other.rad'!
Warning: Redundant 'lights/white007' def in 'lights.rad' AND 'other.rad'!
Warning: Redundant 'lights/white008' def in 'lights.rad' AND 'other.rad'!
Warning: Redundant 'lights/white009' def in 'lights.rad' AND 'other.rad'!
Warning: Redundant 'lights/white010' def in 'lights.rad' AND 'other.rad'!
Warning: Overriding 'lights/white011' from 'lights.rad' with 'other.rad'!
Warning: Redundant 'lights/light_panel_cool' def in 'lights.rad' AND 'other.rad'!
Warning: Redundant 'lights/light_panel_warm' def in 'lights.rad' AND 'other.rad'!
Warning: Redundant 'lights/light_panel_neutral' def in 'lights.rad' AND 'other.rad'!
Warning: Redundant 'cs_assault/windowBrightness_illum' def in 'lights.rad' AND 'other.rad'!
Warning: Redundant 'windows/hr_w/inferno/stained_glass_a_selfillum' def in 'lights.rad' AND 'other.rad'!
Warning: Redundant 'lights/hr_single_pane_illum_ambient' def in 'lights.rad' AND 'other.rad'!
Warning: Redundant 'lights/hr_single_pane_illum_sun' def in 'lights.rad' AND 'other.rad'!
Warning: Redundant 'de_nuke/nukwindowb_illum' def in 'lights.rad' AND 'other.rad'!
[21 texlights parsed from 'other.rad']

Loading c:\users\pc\documents\github\op_cometcage_vmf\op_cmb_01_gmod.bsp
Loaded alpha texture materials\Models\props_c17\fence_alpha.vtf
Loaded alpha texture materials\Metal\metalcombinegrate001a.vtf
Loaded alpha texture materials\Metal\metalgrate011a.vtf
Loaded alpha texture materials\de_nuke\nuke_metalgrate_01.vtf
8372 faces
1 degenerate faces
462492 square feet [66598936.00 square inches]
0 Displacements
0 Square Feet [0.00 Square Inches]
8371 patches before subdivision
79173 patches after subdivision
925 direct lights
0...1...2...3...4...5...6...7...8...9...100...1...2...3...4...5...6...7...8...9...10transfers 8046491, max 701
transfer lists:  61.4 megs
0...1...2...3...4...5...6...7...8...9...10	Bounce #1 added RGB(358696, 638792, 778506)
0...1...2...3...4...5...6...7...8...9...10	Bounce #2 added RGB(65861, 131646, 150341)
0...1...2...3...4...5...6...7...8...9...10	Bounce #3 added RGB(16841, 36209, 37949)
0...1...2...3...4...5...6...7...8...9...10	Bounce #4 added RGB(4937, 10958, 10669)
0...1...2...3...4...5...6...7...8...9...10	Bounce #5 added RGB(1644, 3677, 3372)
0...1...2...3...4...5...6...7...8...9...10	Bounce #6 added RGB(590, 1292, 1135)
0...1...2...3...4...5...6...7...8...9...10	Bounce #7 added RGB(225, 470, 401)
0...1...2...3...4...5...6...7...8...9...10	Bounce #8 added RGB(89, 175, 146)
0...1...2...3...4...5...6...7...8...9...10	Bounce #9 added RGB(36, 66, 54)
0...1...2...3...4...5...6...7...8...9...10	Bounce #10 added RGB(15, 25, 20)
0...1...2...3...4...5...6...7...8...9...10	Bounce #11 added RGB(7, 10, 8)
0...1...2...3...4...5...6...7...8...9...10	Bounce #12 added RGB(3, 4, 3)
0...1...2...3...4...5...6...7...8...9...10	Bounce #13 added RGB(1, 1, 1)
0...1...2...3...4...5...6...7...8...9...10	Bounce #14 added RGB(1, 1, 0)
Build Patch/Sample Hash Table(s).....Done<0.0170 sec>
0...1...2...3...4...5...6...7...8...9...10FinalLightFace Done
344 of 629 (54% of) surface lights went in leaf ambient cubes.
0...1...2...3...4...5...6...7...8...9...10Writing leaf ambient...done
Computing static prop lighting : 00...1...2...3...4...5...6...7...8...9...10
Ready to Finish

Object names       Objects/Maxobjs  Memory / Maxmem  Fullness 
------------       ---------------  ---------------  -------- 
models                  67/4096         3216/196608   ( 1.6%) 
brushes               2764/32768       33168/393216   ( 8.4%) 
brushsides           19719/65536      157752/524288   (30.1%) 
planes                8142/65536      162840/1310720  (12.4%) 
vertexes             15281/65536      183372/786432   (23.3%) 
nodes                 1839/65536       58848/2097152  ( 2.8%) 
texinfos              1846/12288      132912/884736   (15.0%) 
texdata                546/2048        17472/65536    (26.7%) 
dispinfos                0/0               0/0        ( 0.0%) 
disp_verts               0/0               0/0        ( 0.0%) 
disp_tris                0/0               0/0        ( 0.0%) 
disp_lmsamples           0/0               0/0        ( 0.0%) 
faces                 8372/65536      468832/3670016  (12.8%) 
hdr faces             8372/65536      468832/3670016  (12.8%) 
origfaces             7092/65536      397152/3670016  (10.8%) 
leaves                1907/65536       61024/2097152  ( 2.9%) 
leaffaces             9425/65536       18850/131072   (14.4%) 
leafbrushes           3648/65536        7296/131072   ( 5.6%) 
areas                   10/1024           80/8192     ( 1.0%) 
surfedges            72233/512000     288932/2048000  (14.1%) 
edges                47426/256000     189704/1024000  (18.5%) 
LDR worldlights          0/16384           0/1441792  ( 0.0%) 
HDR worldlights        925/16384       81400/1441792  ( 5.6%) 
leafwaterdata            0/32768           0/393216   ( 0.0%) 
waterstrips           1007/131072      10070/1310720  ( 0.8%) 
waterverts               0/131072          0/1572864  ( 0.0%) 
waterindices         23349/131072      46698/262144   (17.8%) 
cubemapsamples          63/1024         1008/16384    ( 6.2%) 
overlays                32/1024        11264/360448   ( 3.1%) 
LDR lightdata         [variable]           0/0        ( 0.0%) 
HDR lightdata         [variable]     7167348/0        ( 0.0%) 
visdata               [variable]       12498/16777216 ( 0.1%) 
entdata               [variable]      409712/393216   (104.2%) VERY FULL!
LDR ambient table     1907/65536        7628/262144   ( 2.9%) 
HDR ambient table     1907/65536        7628/262144   ( 2.9%) 
LDR leaf ambient      1907/65536       53396/1835008  ( 2.9%) 
HDR leaf ambient      4312/65536      120736/1835008  ( 6.6%) 
occluders                0/0               0/0        ( 0.0%) 
occluder polygons        0/0               0/0        ( 0.0%) 
occluder vert ind        0/0               0/0        ( 0.0%) 
detail props          [variable]           1/12       ( 8.3%) 
static props          [variable]           1/45202    ( 0.0%) 
pakfile               [variable]     4386815/0        ( 0.0%) 
physics               [variable]     1037893/4194304  (24.7%) 
physics terrain       [variable]           2/1048576  ( 0.0%) 

Level flags = 2

Total triangle count: 26412
Writing c:\users\pc\documents\github\op_cometcage_vmf\op_cmb_01_gmod.bsp
1 minute, 29 seconds elapsed



Using shader api: shaderapiempty.dll
materialPath: F:\Shut up and take my money\steamapps\sourcemods\mapbase_episodic\materials
Loading C:\Users\PC\Documents\GitHub\op_cometcage_vmf\op_cmb_01_gmod.vmf
ConVarRef mat_reduceparticles doesn't point to an existing ConVar
ConVarRef mat_reduceparticles doesn't point to an existing ConVar
fixing up env_cubemap materials on brush sides...
0...1...2...3...4...5...6...7...8...9...100...1...2...3...4...5...6...7...8...9...10Processing areas...done (0)
Building Faces...done (0)
Chop Details...done (0)
Find Visible Detail Sides...
Merged 1802 detail faces...done (0)
Merging details...done (0)
FixTjuncs...
PruneNodes...
WriteBSP...
done (0)
writing C:\Users\PC\Documents\GitHub\op_cometcage_vmf\op_cmb_01_gmod.prt...Building visibility clusters...
done (0)
Finding displacement neighbors...
Finding lightmap sample positions...
Displacement Alpha : 0...1...2...3...4...5...6...7...8...9...10
Building Physics collision data...
done (1) (1038442 bytes)
Placing static props...
Placing detail props : 0...1...2...3...4...5...6...7...8...9...10
Compacting texture/material tables...
Reduced 3401 texinfos to 1846
Reduced 639 texdatas to 546 (35265 bytes to 31184)
Writing C:\Users\PC\Documents\GitHub\op_cometcage_vmf\op_cmb_01_gmod.bsp
37 seconds elapsed



4 threads
reading c:\users\pc\documents\github\op_cometcage_vmf\op_cmb_01_gmod.bsp
reading c:\users\pc\documents\github\op_cometcage_vmf\op_cmb_01_gmod.prt
 269 portalclusters
 480 numportals
0...1...2...3...4...5...6...7...8...9...100...1...2...3...4...5...6...7...8...9...10Optimized: 42 visible clusters (0.34%)
Total clusters visible: 12251
Average clusters visible: 45
Building PAS...
Average clusters audible: 100
visdatasize:12498  compressed from 21520
writing c:\users\pc\documents\github\op_cometcage_vmf\op_cmb_01_gmod.bsp
0 seconds elapsed



[Reading texlights from 'lights.rad']
[96 texlights parsed from 'lights.rad']

[Reading texlights from 'other.rad']
Warning: Redundant 'lights/light_recessedcool001' def in 'lights.rad' AND 'other.rad'!
Warning: Redundant 'lights/light_recessedcool002' def in 'lights.rad' AND 'other.rad'!
Warning: Redundant 'lights/light_green001' def in 'lights.rad' AND 'other.rad'!
Warning: Redundant 'lights/light_orange001' def in 'lights.rad' AND 'other.rad'!
Warning: Redundant 'lights/white007' def in 'lights.rad' AND 'other.rad'!
Warning: Redundant 'lights/white008' def in 'lights.rad' AND 'other.rad'!
Warning: Redundant 'lights/white009' def in 'lights.rad' AND 'other.rad'!
Warning: Redundant 'lights/white010' def in 'lights.rad' AND 'other.rad'!
Warning: Overriding 'lights/white011' from 'lights.rad' with 'other.rad'!
Warning: Redundant 'lights/light_panel_cool' def in 'lights.rad' AND 'other.rad'!
Warning: Redundant 'lights/light_panel_warm' def in 'lights.rad' AND 'other.rad'!
Warning: Redundant 'lights/light_panel_neutral' def in 'lights.rad' AND 'other.rad'!
Warning: Redundant 'cs_assault/windowBrightness_illum' def in 'lights.rad' AND 'other.rad'!
Warning: Redundant 'windows/hr_w/inferno/stained_glass_a_selfillum' def in 'lights.rad' AND 'other.rad'!
Warning: Redundant 'lights/hr_single_pane_illum_ambient' def in 'lights.rad' AND 'other.rad'!
Warning: Redundant 'lights/hr_single_pane_illum_sun' def in 'lights.rad' AND 'other.rad'!
Warning: Redundant 'de_nuke/nukwindowb_illum' def in 'lights.rad' AND 'other.rad'!
[21 texlights parsed from 'other.rad']

Loading c:\users\pc\documents\github\op_cometcage_vmf\op_cmb_01_gmod.bsp
Loaded alpha texture materials\Models\props_c17\fence_alpha.vtf
Loaded alpha texture materials\Metal\metalcombinegrate001a.vtf
Loaded alpha texture materials\Metal\metalgrate011a.vtf
Loaded alpha texture materials\de_nuke\nuke_metalgrate_01.vtf
8372 faces
1 degenerate faces
462492 square feet [66598936.00 square inches]
0 Displacements
0 Square Feet [0.00 Square Inches]
8371 patches before subdivision
79173 patches after subdivision
925 direct lights
0...1...2...3...4...5...6...7...8...9...100...1...2...3...4...5...6...7...8...9...10transfers 8046491, max 701
transfer lists:  61.4 megs
0...1...2...3...4...5...6...7...8...9...10	Bounce #1 added RGB(358696, 638793, 778507)
0...1...2...3...4...5...6...7...8...9...10	Bounce #2 added RGB(65861, 131646, 150341)
0...1...2...3...4...5...6...7...8...9...10	Bounce #3 added RGB(16841, 36209, 37949)
0...1...2...3...4...5...6...7...8...9...10	Bounce #4 added RGB(4937, 10958, 10669)
0...1...2...3...4...5...6...7...8...9...10	Bounce #5 added RGB(1644, 3677, 3372)
0...1...2...3...4...5...6...7...8...9...10	Bounce #6 added RGB(590, 1292, 1135)
0...1...2...3...4...5...6...7...8...9...10	Bounce #7 added RGB(225, 470, 401)
0...1...2...3...4...5...6...7...8...9...10	Bounce #8 added RGB(89, 175, 146)
0...1...2...3...4...5...6...7...8...9...10	Bounce #9 added RGB(36, 66, 54)
0...1...2...3...4...5...6...7...8...9...10	Bounce #10 added RGB(15, 25, 20)
0...1...2...3...4...5...6...7...8...9...10	Bounce #11 added RGB(7, 10, 8)
0...1...2...3...4...5...6...7...8...9...10	Bounce #12 added RGB(3, 4, 3)
0...1...2...3...4...5...6...7...8...9...10	Bounce #13 added RGB(1, 1, 1)
0...1...2...3...4...5...6...7...8...9...10	Bounce #14 added RGB(1, 1, 0)
Build Patch/Sample Hash Table(s).....Done<0.0192 sec>
0...1...2...3...4...5...6...7...8...9...10FinalLightFace Done
344 of 629 (54% of) surface lights went in leaf ambient cubes.
0...1...2...3...4...5...6...7...8...9...10Writing leaf ambient...done
Computing static prop lighting : 00...1...2...3...4...5...6...7...8...9...10
Ready to Finish

Object names       Objects/Maxobjs  Memory / Maxmem  Fullness 
------------       ---------------  ---------------  -------- 
models                  68/4096         3264/196608   ( 1.7%) 
brushes               2765/32768       33180/393216   ( 8.4%) 
brushsides           19730/65536      157840/524288   (30.1%) 
planes                8174/65536      163480/1310720  (12.5%) 
vertexes             15281/65536      183372/786432   (23.3%) 
nodes                 1845/65536       59040/2097152  ( 2.8%) 
texinfos              1846/12288      132912/884736   (15.0%) 
texdata                546/2048        17472/65536    (26.7%) 
dispinfos                0/0               0/0        ( 0.0%) 
disp_verts               0/0               0/0        ( 0.0%) 
disp_tris                0/0               0/0        ( 0.0%) 
disp_lmsamples           0/0               0/0        ( 0.0%) 
faces                 8372/65536      468832/3670016  (12.8%) 
hdr faces             8372/65536      468832/3670016  (12.8%) 
origfaces             7092/65536      397152/3670016  (10.8%) 
leaves                1914/65536       61248/2097152  ( 2.9%) 
leaffaces             9425/65536       18850/131072   (14.4%) 
leafbrushes           3649/65536        7298/131072   ( 5.6%) 
areas                   10/1024           80/8192     ( 1.0%) 
surfedges            72233/512000     288932/2048000  (14.1%) 
edges                47426/256000     189704/1024000  (18.5%) 
LDR worldlights          0/16384           0/1441792  ( 0.0%) 
HDR worldlights        925/16384       81400/1441792  ( 5.6%) 
leafwaterdata            0/32768           0/393216   ( 0.0%) 
waterstrips           1007/131072      10070/1310720  ( 0.8%) 
waterverts               0/131072          0/1572864  ( 0.0%) 
waterindices         23349/131072      46698/262144   (17.8%) 
cubemapsamples          63/1024         1008/16384    ( 6.2%) 
overlays                32/1024        11264/360448   ( 3.1%) 
LDR lightdata         [variable]           0/0        ( 0.0%) 
HDR lightdata         [variable]     7167348/0        ( 0.0%) 
visdata               [variable]       12498/16777216 ( 0.1%) 
entdata               [variable]      410094/393216   (104.3%) VERY FULL!
LDR ambient table     1914/65536        7656/262144   ( 2.9%) 
HDR ambient table     1914/65536        7656/262144   ( 2.9%) 
LDR leaf ambient      1914/65536       53592/1835008  ( 2.9%) 
HDR leaf ambient      4319/65536      120932/1835008  ( 6.6%) 
occluders                0/0               0/0        ( 0.0%) 
occluder polygons        0/0               0/0        ( 0.0%) 
occluder vert ind        0/0               0/0        ( 0.0%) 
detail props          [variable]           1/12       ( 8.3%) 
static props          [variable]           1/45202    ( 0.0%) 
pakfile               [variable]     4386815/0        ( 0.0%) 
physics               [variable]     1038442/4194304  (24.8%) 
physics terrain       [variable]           2/1048576  ( 0.0%) 

Level flags = 2

Total triangle count: 26412
Writing c:\users\pc\documents\github\op_cometcage_vmf\op_cmb_01_gmod.bsp
1 minute, 29 seconds elapsed



Using shader api: shaderapiempty.dll
materialPath: F:\Shut up and take my money\steamapps\sourcemods\mapbase_episodic\materials
Loading C:\Users\PC\Documents\GitHub\op_cometcage_vmf\op_cmb_01_gmod.vmf
ConVarRef mat_reduceparticles doesn't point to an existing ConVar
ConVarRef mat_reduceparticles doesn't point to an existing ConVar
fixing up env_cubemap materials on brush sides...
0...1...2...3...4...5...6...7...8...9...100...1...2...3...4...5...6...7...8...9...10Processing areas...done (0)
Building Faces...done (0)
Chop Details...done (0)
Find Visible Detail Sides...
Merged 1802 detail faces...done (0)
Merging details...done (0)
FixTjuncs...
PruneNodes...
WriteBSP...
done (1)
writing C:\Users\PC\Documents\GitHub\op_cometcage_vmf\op_cmb_01_gmod.prt...Building visibility clusters...
done (0)
Finding displacement neighbors...
Finding lightmap sample positions...
Displacement Alpha : 0...1...2...3...4...5...6...7...8...9...10
Building Physics collision data...
done (0) (1030789 bytes)
Placing static props...
Placing detail props : 0...1...2...3...4...5...6...7...8...9...10
Compacting texture/material tables...
Reduced 3383 texinfos to 1838
Reduced 637 texdatas to 544 (35145 bytes to 31064)
Writing C:\Users\PC\Documents\GitHub\op_cometcage_vmf\op_cmb_01_gmod.bsp
44 seconds elapsed



4 threads
reading c:\users\pc\documents\github\op_cometcage_vmf\op_cmb_01_gmod.bsp
reading c:\users\pc\documents\github\op_cometcage_vmf\op_cmb_01_gmod.prt
 269 portalclusters
 480 numportals
0...1...2...3...4...5...6...7...8...9...100...1...2...3...4...5...6...7...8...9...10Optimized: 42 visible clusters (0.34%)
Total clusters visible: 12251
Average clusters visible: 45
Building PAS...
Average clusters audible: 100
visdatasize:12498  compressed from 21520
writing c:\users\pc\documents\github\op_cometcage_vmf\op_cmb_01_gmod.bsp
0 seconds elapsed



[Reading texlights from 'lights.rad']
[96 texlights parsed from 'lights.rad']

[Reading texlights from 'other.rad']
Warning: Redundant 'lights/light_recessedcool001' def in 'lights.rad' AND 'other.rad'!
Warning: Redundant 'lights/light_recessedcool002' def in 'lights.rad' AND 'other.rad'!
Warning: Redundant 'lights/light_green001' def in 'lights.rad' AND 'other.rad'!
Warning: Redundant 'lights/light_orange001' def in 'lights.rad' AND 'other.rad'!
Warning: Redundant 'lights/white007' def in 'lights.rad' AND 'other.rad'!
Warning: Redundant 'lights/white008' def in 'lights.rad' AND 'other.rad'!
Warning: Redundant 'lights/white009' def in 'lights.rad' AND 'other.rad'!
Warning: Redundant 'lights/white010' def in 'lights.rad' AND 'other.rad'!
Warning: Overriding 'lights/white011' from 'lights.rad' with 'other.rad'!
Warning: Redundant 'lights/light_panel_cool' def in 'lights.rad' AND 'other.rad'!
Warning: Redundant 'lights/light_panel_warm' def in 'lights.rad' AND 'other.rad'!
Warning: Redundant 'lights/light_panel_neutral' def in 'lights.rad' AND 'other.rad'!
Warning: Redundant 'cs_assault/windowBrightness_illum' def in 'lights.rad' AND 'other.rad'!
Warning: Redundant 'windows/hr_w/inferno/stained_glass_a_selfillum' def in 'lights.rad' AND 'other.rad'!
Warning: Redundant 'lights/hr_single_pane_illum_ambient' def in 'lights.rad' AND 'other.rad'!
Warning: Redundant 'lights/hr_single_pane_illum_sun' def in 'lights.rad' AND 'other.rad'!
Warning: Redundant 'de_nuke/nukwindowb_illum' def in 'lights.rad' AND 'other.rad'!
[21 texlights parsed from 'other.rad']

Loading c:\users\pc\documents\github\op_cometcage_vmf\op_cmb_01_gmod.bsp
Loaded alpha texture materials\Models\props_c17\fence_alpha.vtf
Loaded alpha texture materials\Metal\metalcombinegrate001a.vtf
Loaded alpha texture materials\Metal\metalgrate011a.vtf
Loaded alpha texture materials\de_nuke\nuke_metalgrate_01.vtf
8311 faces
1 degenerate faces
462406 square feet [66586464.00 square inches]
0 Displacements
0 Square Feet [0.00 Square Inches]
8310 patches before subdivision
79108 patches after subdivision
925 direct lights
0...1...2...3...4...5...6...7...8...9...100...1...2...3...4...5...6...7...8...9...10transfers 8036397, max 701
transfer lists:  61.3 megs
0...1...2...3...4...5...6...7...8...9...10	Bounce #1 added RGB(358619, 638627, 778242)
0...1...2...3...4...5...6...7...8...9...10	Bounce #2 added RGB(65842, 131611, 150294)
0...1...2...3...4...5...6...7...8...9...10	Bounce #3 added RGB(16835, 36200, 37939)
0...1...2...3...4...5...6...7...8...9...10	Bounce #4 added RGB(4936, 10956, 10667)
0...1...2...3...4...5...6...7...8...9...10	Bounce #5 added RGB(1644, 3676, 3371)
0...1...2...3...4...5...6...7...8...9...10	Bounce #6 added RGB(590, 1292, 1135)
0...1...2...3...4...5...6...7...8...9...10	Bounce #7 added RGB(225, 470, 401)
0...1...2...3...4...5...6...7...8...9...10	Bounce #8 added RGB(89, 175, 146)
0...1...2...3...4...5...6...7...8...9...10	Bounce #9 added RGB(36, 66, 54)
0...1...2...3...4...5...6...7...8...9...10	Bounce #10 added RGB(15, 25, 20)
0...1...2...3...4...5...6...7...8...9...10	Bounce #11 added RGB(7, 10, 8)
0...1...2...3...4...5...6...7...8...9...10	Bounce #12 added RGB(3, 4, 3)
0...1...2...3...4...5...6...7...8...9...10	Bounce #13 added RGB(1, 1, 1)
0...1...2...3...4...5...6...7...8...9...10	Bounce #14 added RGB(1, 1, 0)
Build Patch/Sample Hash Table(s).....Done<0.0780 sec>
0...1...2...3...4...5...6...7...8...9...10FinalLightFace Done
344 of 629 (54% of) surface lights went in leaf ambient cubes.
0...1...2...3...4...5...6...7...8...9...10Writing leaf ambient...done
Computing static prop lighting : 00...1...2...3...4...5...6...7...8...9...10
Ready to Finish

Object names       Objects/Maxobjs  Memory / Maxmem  Fullness 
------------       ---------------  ---------------  -------- 
models                  67/4096         3216/196608   ( 1.6%) 
brushes               2746/32768       32952/393216   ( 8.4%) 
brushsides           19593/65536      156744/524288   (29.9%) 
planes                8060/65536      161200/1310720  (12.3%) 
vertexes             15196/65536      182352/786432   (23.2%) 
nodes                 1807/65536       57824/2097152  ( 2.8%) 
texinfos              1838/12288      132336/884736   (15.0%) 
texdata                544/2048        17408/65536    (26.6%) 
dispinfos                0/0               0/0        ( 0.0%) 
disp_verts               0/0               0/0        ( 0.0%) 
disp_tris                0/0               0/0        ( 0.0%) 
disp_lmsamples           0/0               0/0        ( 0.0%) 
faces                 8311/65536      465416/3670016  (12.7%) 
hdr faces             8311/65536      465416/3670016  (12.7%) 
origfaces             7036/65536      394016/3670016  (10.7%) 
leaves                1875/65536       60000/2097152  ( 2.9%) 
leaffaces             9363/65536       18726/131072   (14.3%) 
leafbrushes           3623/65536        7246/131072   ( 5.5%) 
areas                   10/1024           80/8192     ( 1.0%) 
surfedges            71710/512000     286840/2048000  (14.0%) 
edges                47059/256000     188236/1024000  (18.4%) 
LDR worldlights          0/16384           0/1441792  ( 0.0%) 
HDR worldlights        925/16384       81400/1441792  ( 5.6%) 
leafwaterdata            0/32768           0/393216   ( 0.0%) 
waterstrips           1007/131072      10070/1310720  ( 0.8%) 
waterverts               0/131072          0/1572864  ( 0.0%) 
waterindices         23349/131072      46698/262144   (17.8%) 
cubemapsamples          63/1024         1008/16384    ( 6.2%) 
overlays                32/1024        11264/360448   ( 3.1%) 
LDR lightdata         [variable]           0/0        ( 0.0%) 
HDR lightdata         [variable]     7165184/0        ( 0.0%) 
visdata               [variable]       12498/16777216 ( 0.1%) 
entdata               [variable]      408831/393216   (104.0%) VERY FULL!
LDR ambient table     1875/65536        7500/262144   ( 2.9%) 
HDR ambient table     1875/65536        7500/262144   ( 2.9%) 
LDR leaf ambient      1875/65536       52500/1835008  ( 2.9%) 
HDR leaf ambient      4300/65536      120400/1835008  ( 6.6%) 
occluders                0/0               0/0        ( 0.0%) 
occluder polygons        0/0               0/0        ( 0.0%) 
occluder vert ind        0/0               0/0        ( 0.0%) 
detail props          [variable]           1/12       ( 8.3%) 
static props          [variable]           1/45202    ( 0.0%) 
pakfile               [variable]     4385820/0        ( 0.0%) 
physics               [variable]     1030789/4194304  (24.6%) 
physics terrain       [variable]           2/1048576  ( 0.0%) 

Level flags = 2

Total triangle count: 26235
Writing c:\users\pc\documents\github\op_cometcage_vmf\op_cmb_01_gmod.bsp
1 minute, 57 seconds elapsed



Using shader api: shaderapiempty.dll
materialPath: F:\Shut up and take my money\steamapps\sourcemods\mapbase_episodic\materials
Loading C:\Users\PC\Documents\GitHub\op_cometcage_vmf\op_cmb_01_gmod.vmf
ConVarRef mat_reduceparticles doesn't point to an existing ConVar
ConVarRef mat_reduceparticles doesn't point to an existing ConVar
fixing up env_cubemap materials on brush sides...
0...1...2...3...4...5...6...7...8...9...100...1...2...3...4...5...6...7...8...9...10Processing areas...done (0)
Building Faces...done (0)
Chop Details...done (0)
Find Visible Detail Sides...
Merged 1796 detail faces...done (0)
Merging details...done (0)
FixTjuncs...
PruneNodes...
WriteBSP...
done (0)
writing C:\Users\PC\Documents\GitHub\op_cometcage_vmf\op_cmb_01_gmod.prt...Building visibility clusters...
done (0)
Finding displacement neighbors...
Finding lightmap sample positions...
Displacement Alpha : 0...1...2...3...4...5...6...7...8...9...10
Building Physics collision data...
done (1) (1030805 bytes)
Placing static props...
Placing detail props : 0...1...2...3...4...5...6...7...8...9...10
Compacting texture/material tables...
Reduced 3377 texinfos to 1838
Reduced 632 texdatas to 544 (34775 bytes to 31064)
Writing C:\Users\PC\Documents\GitHub\op_cometcage_vmf\op_cmb_01_gmod.bsp
36 seconds elapsed



4 threads
reading c:\users\pc\documents\github\op_cometcage_vmf\op_cmb_01_gmod.bsp
reading c:\users\pc\documents\github\op_cometcage_vmf\op_cmb_01_gmod.prt
 269 portalclusters
 480 numportals
0...1...2...3...4...5...6...7...8...9...100...1...2...3...4...5...6...7...8...9...10Optimized: 42 visible clusters (0.34%)
Total clusters visible: 12251
Average clusters visible: 45
Building PAS...
Average clusters audible: 100
visdatasize:12498  compressed from 21520
writing c:\users\pc\documents\github\op_cometcage_vmf\op_cmb_01_gmod.bsp
0 seconds elapsed



[Reading texlights from 'lights.rad']
[96 texlights parsed from 'lights.rad']

[Reading texlights from 'other.rad']
Warning: Redundant 'lights/light_recessedcool001' def in 'lights.rad' AND 'other.rad'!
Warning: Redundant 'lights/light_recessedcool002' def in 'lights.rad' AND 'other.rad'!
Warning: Redundant 'lights/light_green001' def in 'lights.rad' AND 'other.rad'!
Warning: Redundant 'lights/light_orange001' def in 'lights.rad' AND 'other.rad'!
Warning: Redundant 'lights/white007' def in 'lights.rad' AND 'other.rad'!
Warning: Redundant 'lights/white008' def in 'lights.rad' AND 'other.rad'!
Warning: Redundant 'lights/white009' def in 'lights.rad' AND 'other.rad'!
Warning: Redundant 'lights/white010' def in 'lights.rad' AND 'other.rad'!
Warning: Overriding 'lights/white011' from 'lights.rad' with 'other.rad'!
Warning: Redundant 'lights/light_panel_cool' def in 'lights.rad' AND 'other.rad'!
Warning: Redundant 'lights/light_panel_warm' def in 'lights.rad' AND 'other.rad'!
Warning: Redundant 'lights/light_panel_neutral' def in 'lights.rad' AND 'other.rad'!
Warning: Redundant 'cs_assault/windowBrightness_illum' def in 'lights.rad' AND 'other.rad'!
Warning: Redundant 'windows/hr_w/inferno/stained_glass_a_selfillum' def in 'lights.rad' AND 'other.rad'!
Warning: Redundant 'lights/hr_single_pane_illum_ambient' def in 'lights.rad' AND 'other.rad'!
Warning: Redundant 'lights/hr_single_pane_illum_sun' def in 'lights.rad' AND 'other.rad'!
Warning: Redundant 'de_nuke/nukwindowb_illum' def in 'lights.rad' AND 'other.rad'!
[21 texlights parsed from 'other.rad']

Loading c:\users\pc\documents\github\op_cometcage_vmf\op_cmb_01_gmod.bsp
Loaded alpha texture materials\Models\props_c17\fence_alpha.vtf
Loaded alpha texture materials\Metal\metalcombinegrate001a.vtf
Loaded alpha texture materials\Metal\metalgrate011a.vtf
Loaded alpha texture materials\de_nuke\nuke_metalgrate_01.vtf
8307 faces
1 degenerate faces
462369 square feet [66581196.00 square inches]
0 Displacements
0 Square Feet [0.00 Square Inches]
8306 patches before subdivision
79056 patches after subdivision
925 direct lights
0...1...2...3...4...5...6...7...8...9...100...1...2...3...4...5...6...7...8...9...10transfers 8035665, max 701
transfer lists:  61.3 megs
0...1...2...3...4...5...6...7...8...9...10	Bounce #1 added RGB(358657, 638690, 778289)
0...1...2...3...4...5...6...7...8...9...10	Bounce #2 added RGB(65886, 131735, 150427)
0...1...2...3...4...5...6...7...8...9...10	Bounce #3 added RGB(16868, 36325, 38079)
0...1...2...3...4...5...6...7...8...9...10	Bounce #4 added RGB(4951, 11039, 10761)
0...1...2...3...4...5...6...7...8...9...10	Bounce #5 added RGB(1650, 3723, 3424)
0...1...2...3...4...5...6...7...8...9...10	Bounce #6 added RGB(593, 1316, 1162)
0...1...2...3...4...5...6...7...8...9...10	Bounce #7 added RGB(225, 482, 415)
0...1...2...3...4...5...6...7...8...9...10	Bounce #8 added RGB(89, 180, 152)
0...1...2...3...4...5...6...7...8...9...10	Bounce #9 added RGB(37, 68, 57)
0...1...2...3...4...5...6...7...8...9...10	Bounce #10 added RGB(15, 26, 22)
0...1...2...3...4...5...6...7...8...9...10	Bounce #11 added RGB(7, 10, 8)
0...1...2...3...4...5...6...7...8...9...10	Bounce #12 added RGB(3, 4, 3)
0...1...2...3...4...5...6...7...8...9...10	Bounce #13 added RGB(1, 1, 1)
0...1...2...3...4...5...6...7...8...9...10	Bounce #14 added RGB(1, 1, 0)
Build Patch/Sample Hash Table(s).....Done<0.0196 sec>
0...1...2...3...4...5...6...7...8...9...10FinalLightFace Done
344 of 629 (54% of) surface lights went in leaf ambient cubes.
0...1...2...3...4...5...6...7...8...9...10Writing leaf ambient...done
Computing static prop lighting : 00...1...2...3...4...5...6...7...8...9...10
Ready to Finish

Object names       Objects/Maxobjs  Memory / Maxmem  Fullness 
------------       ---------------  ---------------  -------- 
models                  67/4096         3216/196608   ( 1.6%) 
brushes               2746/32768       32952/393216   ( 8.4%) 
brushsides           19593/65536      156744/524288   (29.9%) 
planes                8060/65536      161200/1310720  (12.3%) 
vertexes             15191/65536      182292/786432   (23.2%) 
nodes                 1806/65536       57792/2097152  ( 2.8%) 
texinfos              1838/12288      132336/884736   (15.0%) 
texdata                544/2048        17408/65536    (26.6%) 
dispinfos                0/0               0/0        ( 0.0%) 
disp_verts               0/0               0/0        ( 0.0%) 
disp_tris                0/0               0/0        ( 0.0%) 
disp_lmsamples           0/0               0/0        ( 0.0%) 
faces                 8307/65536      465192/3670016  (12.7%) 
hdr faces             8307/65536      465192/3670016  (12.7%) 
origfaces             7032/65536      393792/3670016  (10.7%) 
leaves                1874/65536       59968/2097152  ( 2.9%) 
leaffaces             9359/65536       18718/131072   (14.3%) 
leafbrushes           3623/65536        7246/131072   ( 5.5%) 
areas                   10/1024           80/8192     ( 1.0%) 
surfedges            71677/512000     286708/2048000  (14.0%) 
edges                47049/256000     188196/1024000  (18.4%) 
LDR worldlights          0/16384           0/1441792  ( 0.0%) 
HDR worldlights        925/16384       81400/1441792  ( 5.6%) 
leafwaterdata            0/32768           0/393216   ( 0.0%) 
waterstrips           1007/131072      10070/1310720  ( 0.8%) 
waterverts               0/131072          0/1572864  ( 0.0%) 
waterindices         23343/131072      46686/262144   (17.8%) 
cubemapsamples          63/1024         1008/16384    ( 6.2%) 
overlays                32/1024        11264/360448   ( 3.1%) 
LDR lightdata         [variable]           0/0        ( 0.0%) 
HDR lightdata         [variable]     7165424/0        ( 0.0%) 
visdata               [variable]       12498/16777216 ( 0.1%) 
entdata               [variable]      408832/393216   (104.0%) VERY FULL!
LDR ambient table     1874/65536        7496/262144   ( 2.9%) 
HDR ambient table     1874/65536        7496/262144   ( 2.9%) 
LDR leaf ambient      1874/65536       52472/1835008  ( 2.9%) 
HDR leaf ambient      4298/65536      120344/1835008  ( 6.6%) 
occluders                0/0               0/0        ( 0.0%) 
occluder polygons        0/0               0/0        ( 0.0%) 
occluder vert ind        0/0               0/0        ( 0.0%) 
detail props          [variable]           1/12       ( 8.3%) 
static props          [variable]           1/45202    ( 0.0%) 
pakfile               [variable]     4377800/0        ( 0.0%) 
physics               [variable]     1030805/4194304  (24.6%) 
physics terrain       [variable]           2/1048576  ( 0.0%) 

Level flags = 2

Total triangle count: 26232
Writing c:\users\pc\documents\github\op_cometcage_vmf\op_cmb_01_gmod.bsp
1 minute, 33 seconds elapsed



Using shader api: shaderapiempty.dll
materialPath: F:\Shut up and take my money\steamapps\sourcemods\mapbase_episodic\materials
Loading C:\Users\PC\Documents\GitHub\op_cometcage_vmf\op_cmb_01_gmod.vmf
ConVarRef mat_reduceparticles doesn't point to an existing ConVar
ConVarRef mat_reduceparticles doesn't point to an existing ConVar
fixing up env_cubemap materials on brush sides...
0...1...2...3...4...5...6...7...8...9...100...1...2...3...4...5...6...7...8...9...10Processing areas...done (0)
Building Faces...done (0)
Chop Details...done (0)
Find Visible Detail Sides...
Merged 1796 detail faces...done (1)
Merging details...done (0)
FixTjuncs...
PruneNodes...
WriteBSP...
done (0)
writing C:\Users\PC\Documents\GitHub\op_cometcage_vmf\op_cmb_01_gmod.prt...Building visibility clusters...
done (0)
Finding displacement neighbors...
Finding lightmap sample positions...
Displacement Alpha : 0...1...2...3...4...5...6...7...8...9...10
Building Physics collision data...
done (1) (1030805 bytes)
Placing static props...
Placing detail props : 0...1...2...3...4...5...6...7...8...9...10
Compacting texture/material tables...
Reduced 3377 texinfos to 1838
Reduced 632 texdatas to 544 (34775 bytes to 31064)
Writing C:\Users\PC\Documents\GitHub\op_cometcage_vmf\op_cmb_01_gmod.bsp
42 seconds elapsed



4 threads
reading c:\users\pc\documents\github\op_cometcage_vmf\op_cmb_01_gmod.bsp
reading c:\users\pc\documents\github\op_cometcage_vmf\op_cmb_01_gmod.prt
 269 portalclusters
 480 numportals
0...1...2...3...4...5...6...7...8...9...100...1...2...3...4...5...6...7...8...9...10Optimized: 42 visible clusters (0.34%)
Total clusters visible: 12251
Average clusters visible: 45
Building PAS...
Average clusters audible: 100
visdatasize:12498  compressed from 21520
writing c:\users\pc\documents\github\op_cometcage_vmf\op_cmb_01_gmod.bsp
0 seconds elapsed



[Reading texlights from 'lights.rad']
[96 texlights parsed from 'lights.rad']

[Reading texlights from 'other.rad']
Warning: Redundant 'lights/light_recessedcool001' def in 'lights.rad' AND 'other.rad'!
Warning: Redundant 'lights/light_recessedcool002' def in 'lights.rad' AND 'other.rad'!
Warning: Redundant 'lights/light_green001' def in 'lights.rad' AND 'other.rad'!
Warning: Redundant 'lights/light_orange001' def in 'lights.rad' AND 'other.rad'!
Warning: Redundant 'lights/white007' def in 'lights.rad' AND 'other.rad'!
Warning: Redundant 'lights/white008' def in 'lights.rad' AND 'other.rad'!
Warning: Redundant 'lights/white009' def in 'lights.rad' AND 'other.rad'!
Warning: Redundant 'lights/white010' def in 'lights.rad' AND 'other.rad'!
Warning: Overriding 'lights/white011' from 'lights.rad' with 'other.rad'!
Warning: Redundant 'lights/light_panel_cool' def in 'lights.rad' AND 'other.rad'!
Warning: Redundant 'lights/light_panel_warm' def in 'lights.rad' AND 'other.rad'!
Warning: Redundant 'lights/light_panel_neutral' def in 'lights.rad' AND 'other.rad'!
Warning: Redundant 'cs_assault/windowBrightness_illum' def in 'lights.rad' AND 'other.rad'!
Warning: Redundant 'windows/hr_w/inferno/stained_glass_a_selfillum' def in 'lights.rad' AND 'other.rad'!
Warning: Redundant 'lights/hr_single_pane_illum_ambient' def in 'lights.rad' AND 'other.rad'!
Warning: Redundant 'lights/hr_single_pane_illum_sun' def in 'lights.rad' AND 'other.rad'!
Warning: Redundant 'de_nuke/nukwindowb_illum' def in 'lights.rad' AND 'other.rad'!
[21 texlights parsed from 'other.rad']

Loading c:\users\pc\documents\github\op_cometcage_vmf\op_cmb_01_gmod.bsp
Loaded alpha texture materials\Models\props_c17\fence_alpha.vtf
Loaded alpha texture materials\Metal\metalcombinegrate001a.vtf
Loaded alpha texture materials\Metal\metalgrate011a.vtf
Loaded alpha texture materials\de_nuke\nuke_metalgrate_01.vtf
8307 faces
1 degenerate faces
462369 square feet [66581196.00 square inches]
0 Displacements
0 Square Feet [0.00 Square Inches]
8306 patches before subdivision
79056 patches after subdivision
925 direct lights
0...1...2...3...4...5...6...7.


Using shader api: shaderapiempty.dll
materialPath: F:\Shut up and take my money\steamapps\sourcemods\mapbase_episodic\materials
Loading C:\Users\PC\Documents\GitHub\op_cometcage_vmf\op_cmb_01_gmod.vmf
ConVarRef mat_reduceparticles doesn't point to an existing ConVar
ConVarRef mat_reduceparticles doesn't point to an existing ConVar
Placing static props...
3 seconds elapsed



Using shader api: shaderapiempty.dll
materialPath: F:\Shut up and take my money\steamapps\sourcemods\mapbase_episodic\materials
Loading C:\Users\PC\Documents\GitHub\op_cometcage_vmf\op_cmb_01_gmod.vmf
ConVarRef mat_reduceparticles doesn't point to an existing ConVar
ConVarRef mat_reduceparticles doesn't point to an existing ConVar
fixing up env_cubemap materials on brush sides...
0...1...2...3...4...5...6...7...8...9...100...1...2...3...4...5...6...7...8...9...10Processing areas...done (0)
Building Faces...done (0)
Chop Details...done (0)
Find Visible Detail Sides...
Merged 1796 detail faces...done (0)
Merging details...done (0)
FixTjuncs...
PruneNodes...
WriteBSP...
done (0)
writing C:\Users\PC\Documents\GitHub\op_cometcage_vmf\op_cmb_01_gmod.prt...Building visibility clusters...
done (0)
Finding displacement neighbors...
Finding lightmap sample positions...
Displacement Alpha : 0...1...2...3...4...5...6...7...8...9...10
Building Physics collision data...
done (1) (1030805 bytes)
Placing static props...
Placing detail props : 0...1...2...3...4...5...6...7...8...9...10
Compacting texture/material tables...
Reduced 3377 texinfos to 1838
Reduced 632 texdatas to 544 (34775 bytes to 31064)
Writing C:\Users\PC\Documents\GitHub\op_cometcage_vmf\op_cmb_01_gmod.bsp
35 seconds elapsed



4 threads
reading c:\users\pc\documents\github\op_cometcage_vmf\op_cmb_01_gmod.bsp
reading c:\users\pc\documents\github\op_cometcage_vmf\op_cmb_01_gmod.prt
 269 portalclusters
 480 numportals
0...1...2...3...4...5...6...7...8...9...100...1...2...3...4...5...6...7...8...9...10Optimized: 42 visible clusters (0.34%)
Total clusters visible: 12251
Average clusters visible: 45
Building PAS...
Average clusters audible: 100
visdatasize:12498  compressed from 21520
writing c:\users\pc\documents\github\op_cometcage_vmf\op_cmb_01_gmod.bsp
0 seconds elapsed



[Reading texlights from 'lights.rad']
[96 texlights parsed from 'lights.rad']

[Reading texlights from 'other.rad']
Warning: Redundant 'lights/light_recessedcool001' def in 'lights.rad' AND 'other.rad'!
Warning: Redundant 'lights/light_recessedcool002' def in 'lights.rad' AND 'other.rad'!
Warning: Redundant 'lights/light_green001' def in 'lights.rad' AND 'other.rad'!
Warning: Redundant 'lights/light_orange001' def in 'lights.rad' AND 'other.rad'!
Warning: Redundant 'lights/white007' def in 'lights.rad' AND 'other.rad'!
Warning: Redundant 'lights/white008' def in 'lights.rad' AND 'other.rad'!
Warning: Redundant 'lights/white009' def in 'lights.rad' AND 'other.rad'!
Warning: Redundant 'lights/white010' def in 'lights.rad' AND 'other.rad'!
Warning: Overriding 'lights/white011' from 'lights.rad' with 'other.rad'!
Warning: Redundant 'lights/light_panel_cool' def in 'lights.rad' AND 'other.rad'!
Warning: Redundant 'lights/light_panel_warm' def in 'lights.rad' AND 'other.rad'!
Warning: Redundant 'lights/light_panel_neutral' def in 'lights.rad' AND 'other.rad'!
Warning: Redundant 'cs_assault/windowBrightness_illum' def in 'lights.rad' AND 'other.rad'!
Warning: Redundant 'windows/hr_w/inferno/stained_glass_a_selfillum' def in 'lights.rad' AND 'other.rad'!
Warning: Redundant 'lights/hr_single_pane_illum_ambient' def in 'lights.rad' AND 'other.rad'!
Warning: Redundant 'lights/hr_single_pane_illum_sun' def in 'lights.rad' AND 'other.rad'!
Warning: Redundant 'de_nuke/nukwindowb_illum' def in 'lights.rad' AND 'other.rad'!
[21 texlights parsed from 'other.rad']

Loading c:\users\pc\documents\github\op_cometcage_vmf\op_cmb_01_gmod.bsp
Loaded alpha texture materials\Models\props_c17\fence_alpha.vtf
Loaded alpha texture materials\Metal\metalcombinegrate001a.vtf
Loaded alpha texture materials\Metal\metalgrate011a.vtf
Loaded alpha texture materials\de_nuke\nuke_metalgrate_01.vtf
8307 faces
1 degenerate faces
462369 square feet [66581196.00 square inches]
0 Displacements
0 Square Feet [0.00 Square Inches]
8306 patches before subdivision
79056 patches after subdivision
925 direct lights
0...1...2...3...4...5...6...7...8...9...100...1...2...3...4...5...6...7...8...9...10transfers 8035665, max 701
transfer lists:  61.3 megs
0...1...2...3...4...5...6...7...8...9...10	Bounce #1 added RGB(358656, 638688, 778287)
0...1...2...3...4...5...6...7...8...9...10	Bounce #2 added RGB(65886, 131735, 150427)
0...1...2...3...4...5...6...7...8...9...10	Bounce #3 added RGB(16868, 36325, 38079)
0...1...2...3...4...5...6...7...8...9...10	Bounce #4 added RGB(4951, 11039, 10761)
0...1...2...3...4...5...6...7...8...9...10	Bounce #5 added RGB(1650, 3723, 3424)
0...1...2...3...4...5...6...7...8...9...10	Bounce #6 added RGB(593, 1316, 1162)
0...1...2...3...4...5...6...7...8...9...10	Bounce #7 added RGB(225, 482, 415)
0...1...2...3...4...5...6...7...8...9...10	Bounce #8 added RGB(89, 180, 152)
0...1...2...3...4...5...6...7...8...9...10	Bounce #9 added RGB(37, 68, 57)
0...1...2...3...4...5...6...7...8...9...10	Bounce #10 added RGB(15, 26, 22)
0...1...2...3...4...5...6...7...8...9...10	Bounce #11 added RGB(7, 10, 8)
0...1...2...3...4...5...6...7...8...9...10	Bounce #12 added RGB(3, 4, 3)
0...1...2...3...4...5...6...7...8...9...10	Bounce #13 added RGB(1, 1, 1)
0...1...2...3...4...5...6...7...8...9...10	Bounce #14 added RGB(1, 1, 0)
Build Patch/Sample Hash Table(s).....Done<0.0523 sec>
0...1...2...3...4...5...6...7...8...9...10FinalLightFace Done
344 of 629 (54% of) surface lights went in leaf ambient cubes.
0...1...2...3...4...5...6...7...8...9...10Writing leaf ambient...done
Computing static prop lighting : 00...1...2...3...4...5...6...7...8...9...10
Ready to Finish

Object names       Objects/Maxobjs  Memory / Maxmem  Fullness 
------------       ---------------  ---------------  -------- 
models                  67/4096         3216/196608   ( 1.6%) 
brushes               2746/32768       32952/393216   ( 8.4%) 
brushsides           19593/65536      156744/524288   (29.9%) 
planes                8060/65536      161200/1310720  (12.3%) 
vertexes             15191/65536      182292/786432   (23.2%) 
nodes                 1806/65536       57792/2097152  ( 2.8%) 
texinfos              1838/12288      132336/884736   (15.0%) 
texdata                544/2048        17408/65536    (26.6%) 
dispinfos                0/0               0/0        ( 0.0%) 
disp_verts               0/0               0/0        ( 0.0%) 
disp_tris                0/0               0/0        ( 0.0%) 
disp_lmsamples           0/0               0/0        ( 0.0%) 
faces                 8307/65536      465192/3670016  (12.7%) 
hdr faces             8307/65536      465192/3670016  (12.7%) 
origfaces             7032/65536      393792/3670016  (10.7%) 
leaves                1874/65536       59968/2097152  ( 2.9%) 
leaffaces             9359/65536       18718/131072   (14.3%) 
leafbrushes           3623/65536        7246/131072   ( 5.5%) 
areas                   10/1024           80/8192     ( 1.0%) 
surfedges            71677/512000     286708/2048000  (14.0%) 
edges                47049/256000     188196/1024000  (18.4%) 
LDR worldlights          0/16384           0/1441792  ( 0.0%) 
HDR worldlights        925/16384       81400/1441792  ( 5.6%) 
leafwaterdata            0/32768           0/393216   ( 0.0%) 
waterstrips           1007/131072      10070/1310720  ( 0.8%) 
waterverts               0/131072          0/1572864  ( 0.0%) 
waterindices         23343/131072      46686/262144   (17.8%) 
cubemapsamples          63/1024         1008/16384    ( 6.2%) 
overlays                32/1024        11264/360448   ( 3.1%) 
LDR lightdata         [variable]           0/0        ( 0.0%) 
HDR lightdata         [variable]     7165424/0        ( 0.0%) 
visdata               [variable]       12498/16777216 ( 0.1%) 
entdata               [variable]      408866/393216   (104.0%) VERY FULL!
LDR ambient table     1874/65536        7496/262144   ( 2.9%) 
HDR ambient table     1874/65536        7496/262144   ( 2.9%) 
LDR leaf ambient      1874/65536       52472/1835008  ( 2.9%) 
HDR leaf ambient      4298/65536      120344/1835008  ( 6.6%) 
occluders                0/0               0/0        ( 0.0%) 
occluder polygons        0/0               0/0        ( 0.0%) 
occluder vert ind        0/0               0/0        ( 0.0%) 
detail props          [variable]           1/12       ( 8.3%) 
static props          [variable]           1/45202    ( 0.0%) 
pakfile               [variable]     4377800/0        ( 0.0%) 
physics               [variable]     1030805/4194304  (24.6%) 
physics terrain       [variable]           2/1048576  ( 0.0%) 

Level flags = 2

Total triangle count: 26232
Writing c:\users\pc\documents\github\op_cometcage_vmf\op_cmb_01_gmod.bsp
1 minute, 56 seconds elapsed



Using shader api: shaderapiempty.dll
materialPath: F:\Shut up and take my money\steamapps\sourcemods\mapbase_episodic\materials
Loading C:\Users\PC\Documents\GitHub\op_cometcage_vmf\op_cmb_01_gmod.vmf
ConVarRef mat_reduceparticles doesn't point to an existing ConVar
ConVarRef mat_reduceparticles doesn't point to an existing ConVar
Placing static props...
3 seconds elapsed



Using shader api: shaderapiempty.dll
materialPath: F:\Shut up and take my money\steamapps\sourcemods\mapbase_episodic\materials
Loading C:\Users\PC\Documents\GitHub\op_cometcage_vmf\op_cmb_01_gmod.vmf
ConVarRef mat_reduceparticles doesn't point to an existing ConVar
ConVarRef mat_reduceparticles doesn't point to an existing ConVar
fixing up env_cubemap materials on brush sides...
0...1...2...3...4...5...6...7...8...9...100...1...2...3...4...5...6...7...8...9...10Processing areas...done (0)
Building Faces...done (0)
Chop Details...done (0)
Find Visible Detail Sides...
Merged 1828 detail faces...done (0)
Merging details...done (0)
FixTjuncs...
PruneNodes...
WriteBSP...
done (0)
writing C:\Users\PC\Documents\GitHub\op_cometcage_vmf\op_cmb_01_gmod.prt...Building visibility clusters...
done (1)
Finding displacement neighbors...
Finding lightmap sample positions...
Displacement Alpha : 0...1...2...3...4...5...6...7...8...9...10
Building Physics collision data...
done (0) (1030949 bytes)
Placing static props...
Placing detail props : 0...1...2...3...4...5...6...7...8...9...10
Compacting texture/material tables...
Reduced 3366 texinfos to 1835
Reduced 630 texdatas to 543 (34684 bytes to 31005)
Writing C:\Users\PC\Documents\GitHub\op_cometcage_vmf\op_cmb_01_gmod.bsp
27 seconds elapsed



4 threads
reading c:\users\pc\documents\github\op_cometcage_vmf\op_cmb_01_gmod.bsp
reading c:\users\pc\documents\github\op_cometcage_vmf\op_cmb_01_gmod.prt
 269 portalclusters
 480 numportals
0...1...2...3...4...5...6...7...8...9...100...1...2...3...4...5...6...7...8...9...10Optimized: 42 visible clusters (0.34%)
Total clusters visible: 12251
Average clusters visible: 45
Building PAS...
Average clusters audible: 100
visdatasize:12498  compressed from 21520
writing c:\users\pc\documents\github\op_cometcage_vmf\op_cmb_01_gmod.bsp
0 seconds elapsed



[Reading texlights from 'lights.rad']
[48 texlights parsed from 'lights.rad']

[Reading texlights from 'other.rad']
[21 texlights parsed from 'other.rad']

Loading c:\users\pc\documents\github\op_cometcage_vmf\op_cmb_01_gmod.bsp
Loaded alpha texture materials\Models\props_c17\fence_alpha.vtf
Loaded alpha texture materials\Metal\metalcombinegrate001a.vtf
Loaded alpha texture materials\Metal\metalgrate011a.vtf
Loaded alpha texture materials\de_nuke\nuke_metalgrate_01.vtf
8295 faces
1 degenerate faces
462829 square feet [66647512.00 square inches]
0 Displacements
0 Square Feet [0.00 Square Inches]
8294 patches before subdivision
79144 patches after subdivision
925 direct lights
0...1...2...3...4...5...6...7...8...9...100...1...2...3...4...5...6...7...8...9...10transfers 8029540, max 701
transfer lists:  61.3 megs
0...1...2...3...4...5...6...7...8...9...10	Bounce #1 added RGB(433163, 802676, 968193)
0...1...2...3...4...5...6...7...8...9...10	Bounce #2 added RGB(80079, 173004, 198030)
0...1...2...3...4...5...6...7...8...9...10	Bounce #3 added RGB(20168, 49210, 52896)
0...1...2...3...4...5...6...7...8...9...10	Bounce #4 added RGB(5786, 15423, 15789)
0...1...2...3...4...5...6...7...8...9...10	Bounce #5 added RGB(1874, 5307, 5238)
0...1...2...3...4...5...6...7...8...9...10	Bounce #6 added RGB(655, 1907, 1839)
0...1...2...3...4...5...6...7...8...9...10	Bounce #7 added RGB(243, 707, 673)
0...1...2...3...4...5...6...7...8...9...10	Bounce #8 added RGB(94, 267, 252)
0...1...2...3...4...5...6...7...8...9...10	Bounce #9 added RGB(38, 102, 96)
0...1...2...3...4...5...6...7...8...9...10	Bounce #10 added RGB(16, 39, 37)
0...1...2...3...4...5...6...7...8...9...10	Bounce #11 added RGB(7, 15, 14)
0...1...2...3...4...5...6...7...8...9...10	Bounce #12 added RGB(3, 6, 5)
0...1...2...3...4...5...6...7...8...9...10	Bounce #13 added RGB(1, 2, 2)
0...1...2...3...4...5...6...7...8...9...10	Bounce #14 added RGB(1, 1, 1)
Build Patch/Sample Hash Table(s).....Done<0.0300 sec>
0...1...2...3...4...5...6...7...8...9...10FinalLightFace Done
344 of 629 (54% of) surface lights went in leaf ambient cubes.
0...1...2...3...4...5...6...7...8...9...10Writing leaf ambient...done
Computing static prop lighting : 00...1...2...3...4...5...6...7...8...9...10
Ready to Finish

Object names       Objects/Maxobjs  Memory / Maxmem  Fullness 
------------       ---------------  ---------------  -------- 
models                  67/4096         3216/196608   ( 1.6%) 
brushes               2746/32768       32952/393216   ( 8.4%) 
brushsides           19594/65536      156752/524288   (29.9%) 
planes                8058/65536      161160/1310720  (12.3%) 
vertexes             15166/65536      181992/786432   (23.1%) 
nodes                 1806/65536       57792/2097152  ( 2.8%) 
texinfos              1835/12288      132120/884736   (14.9%) 
texdata                543/2048        17376/65536    (26.5%) 
dispinfos                0/0               0/0        ( 0.0%) 
disp_verts               0/0               0/0        ( 0.0%) 
disp_tris                0/0               0/0        ( 0.0%) 
disp_lmsamples           0/0               0/0        ( 0.0%) 
faces                 8295/65536      464520/3670016  (12.7%) 
hdr faces             8295/65536      464520/3670016  (12.7%) 
origfaces             7030/65536      393680/3670016  (10.7%) 
leaves                1874/65536       59968/2097152  ( 2.9%) 
leaffaces             9347/65536       18694/131072   (14.3%) 
leafbrushes           3623/65536        7246/131072   ( 5.5%) 
areas                   10/1024           80/8192     ( 1.0%) 
surfedges            71577/512000     286308/2048000  (14.0%) 
edges                46996/256000     187984/1024000  (18.4%) 
LDR worldlights          0/16384           0/1441792  ( 0.0%) 
HDR worldlights        925/16384       81400/1441792  ( 5.6%) 
leafwaterdata            0/32768           0/393216   ( 0.0%) 
waterstrips            991/131072       9910/1310720  ( 0.8%) 
waterverts               0/131072          0/1572864  ( 0.0%) 
waterindices         22971/131072      45942/262144   (17.5%) 
cubemapsamples          63/1024         1008/16384    ( 6.2%) 
overlays                32/1024        11264/360448   ( 3.1%) 
LDR lightdata         [variable]           0/0        ( 0.0%) 
HDR lightdata         [variable]     7173596/0        ( 0.0%) 
visdata               [variable]       12498/16777216 ( 0.1%) 
entdata               [variable]      420750/393216   (107.0%) VERY FULL!
LDR ambient table     1874/65536        7496/262144   ( 2.9%) 
HDR ambient table     1874/65536        7496/262144   ( 2.9%) 
LDR leaf ambient      1874/65536       52472/1835008  ( 2.9%) 
HDR leaf ambient      4296/65536      120288/1835008  ( 6.6%) 
occluders                0/0               0/0        ( 0.0%) 
occluder polygons        0/0               0/0        ( 0.0%) 
occluder vert ind        0/0               0/0        ( 0.0%) 
detail props          [variable]           1/12       ( 8.3%) 
static props          [variable]           1/45202    ( 0.0%) 
pakfile               [variable]     4381223/0        ( 0.0%) 
physics               [variable]     1030949/4194304  (24.6%) 
physics terrain       [variable]           2/1048576  ( 0.0%) 

Level flags = 2

Total triangle count: 26161
Writing c:\users\pc\documents\github\op_cometcage_vmf\op_cmb_01_gmod.bsp
1 minute, 53 seconds elapsed



Using shader api: shaderapiempty.dll
materialPath: F:\Shut up and take my money\steamapps\sourcemods\mapbase_episodic\materials
Loading C:\Users\PC\Documents\GitHub\op_cometcage_vmf\op_cmb_01_gmod.vmf
ConVarRef mat_reduceparticles doesn't point to an existing ConVar
ConVarRef mat_reduceparticles doesn't point to an existing ConVar
Placing static props...
3 seconds elapsed



Using shader api: shaderapiempty.dll
materialPath: F:\Shut up and take my money\steamapps\sourcemods\mapbase_episodic\materials
Loading C:\Users\PC\Documents\GitHub\op_cometcage_vmf\op_cmb_01_gmod.vmf
ConVarRef mat_reduceparticles doesn't point to an existing ConVar
ConVarRef mat_reduceparticles doesn't point to an existing ConVar
Placing static props...
5 seconds elapsed



Using shader api: shaderapiempty.dll
materialPath: F:\Shut up and take my money\steamapps\sourcemods\mapbase_episodic\materials
Loading C:\Users\PC\Documents\GitHub\op_cometcage_vmf\op_cmb_01_gmod.vmf
ConVarRef mat_reduceparticles doesn't point to an existing ConVar
ConVarRef mat_reduceparticles doesn't point to an existing ConVar
Placing static props...
3 seconds elapsed



Using shader api: shaderapiempty.dll
materialPath: F:\Shut up and take my money\steamapps\sourcemods\mapbase_episodic\materials
Loading C:\Users\PC\Documents\GitHub\op_cometcage_vmf\op_cmb_01_gmod.vmf
ConVarRef mat_reduceparticles doesn't point to an existing ConVar
ConVarRef mat_reduceparticles doesn't point to an existing ConVar
Placing static props...
4 seconds elapsed



Using shader api: shaderapiempty.dll
materialPath: F:\Shut up and take my money\steamapps\sourcemods\mapbase_episodic\materials
Loading C:\Users\PC\Documents\GitHub\op_cometcage_vmf\op_cmb_01_gmod.vmf
ConVarRef mat_reduceparticles doesn't point to an existing ConVar
ConVarRef mat_reduceparticles doesn't point to an existing ConVar
fixing up env_cubemap materials on brush sides...
0...1...2...3...4...5...6...7...8...9...100...1...2...3...4...5...6...7...8...9...10Processing areas...done (0)
Building Faces...done (0)
Chop Details...done (0)
Find Visible Detail Sides...
Merged 1856 detail faces...done (0)
Merging details...done (0)
FixTjuncs...
PruneNodes...
WriteBSP...
done (1)
writing C:\Users\PC\Documents\GitHub\op_cometcage_vmf\op_cmb_01_gmod.prt...Building visibility clusters...
done (0)
Finding displacement neighbors...
Finding lightmap sample positions...
Displacement Alpha : 0...1...2...3...4...5...6...7...8...9...10
Building Physics collision data...
done (1) (1030837 bytes)
Placing static props...
Placing detail props : 0...1...2...3...4...5...6...7...8...9...10
Compacting texture/material tables...
Reduced 3368 texinfos to 1833
Reduced 627 texdatas to 542 (34473 bytes to 30943)
Writing C:\Users\PC\Documents\GitHub\op_cometcage_vmf\op_cmb_01_gmod.bsp
34 seconds elapsed



4 threads
reading c:\users\pc\documents\github\op_cometcage_vmf\op_cmb_01_gmod.bsp
reading c:\users\pc\documents\github\op_cometcage_vmf\op_cmb_01_gmod.prt
 269 portalclusters
 480 numportals
0...1...2...3...4...5...6...7...8...9...100...1...2...3...4...5...6...7...8...9...10Optimized: 42 visible clusters (0.34%)
Total clusters visible: 12251
Average clusters visible: 45
Building PAS...
Average clusters audible: 100
visdatasize:12498  compressed from 21520
writing c:\users\pc\documents\github\op_cometcage_vmf\op_cmb_01_gmod.bsp
0 seconds elapsed



[Reading texlights from 'lights.rad']
[48 texlights parsed from 'lights.rad']

[Reading texlights from 'other.rad']
[21 texlights parsed from 'other.rad']

Loading c:\users\pc\documents\github\op_cometcage_vmf\op_cmb_01_gmod.bsp
Loaded alpha texture materials\Models\props_c17\fence_alpha.vtf
Loaded alpha texture materials\Metal\metalcombinegrate001a.vtf
Loaded alpha texture materials\Metal\metalgrate011a.vtf
Loaded alpha texture materials\de_nuke\nuke_metalgrate_01.vtf
8301 faces
2 degenerate faces
462796 square feet [66642688.00 square inches]
0 Displacements
0 Square Feet [0.00 Square Inches]
8299 patches before subdivision
79073 patches after subdivision
925 direct lights
0...1...2...3...4...5...6...7...8...9...100...1...2...3...4...5...6...7...8...9...10transfers 8018212, max 701
transfer lists:  61.2 megs
0...1...2...3...4...5...6...7...8...9...10	Bounce #1 added RGB(432624, 801772, 967202)
0...1...2...3...4...5...6...7...8...9...10	Bounce #2 added RGB(79892, 172611, 197581)
0...1...2...3...4...5...6...7...8...9...10	Bounce #3 added RGB(20129, 49100, 52766)
0...1...2...3...4...5...6...7...8...9...10	Bounce #4 added RGB(5775, 15385, 15746)
0...1...2...3...4...5...6...7...8...9...10	Bounce #5 added RGB(1871, 5294, 5225)
0...1...2...3...4...5...6...7...8...9...10	Bounce #6 added RGB(654, 1903, 1835)
0...1...2...3...4...5...6...7...8...9...10	Bounce #7 added RGB(243, 706, 671)
0...1...2...3...4...5...6...7...8...9...10	Bounce #8 added RGB(94, 266, 251)
0...1...2...3...4...5...6...7...8...9...10	Bounce #9 added RGB(38, 102, 95)
0...1...2...3...4...5...6...7...8...9...10	Bounce #10 added RGB(16, 39, 37)
0...1...2...3...4...5...6...7...8...9...10	Bounce #11 added RGB(7, 15, 14)
0...1...2...3...4...5...6...7...8...9...10	Bounce #12 added RGB(3, 6, 5)
0...1...2...3...4...5...6...7...8...9...10	Bounce #13 added RGB(1, 2, 2)
0...1...2...3...4...5...6...7...8...9...10	Bounce #14 added RGB(1, 1, 1)
Build Patch/Sample Hash Table(s).....Done<0.0507 sec>
0...1...2...3...4...5...6...7...8...9...10FinalLightFace Done
344 of 629 (54% of) surface lights went in leaf ambient cubes.
0...1...2...3...4...5...6...7...8...9...10Writing leaf ambient...done
Computing static prop lighting : 00...1...2...3...4...5...6...7...8...9...10
Ready to Finish

Object names       Objects/Maxobjs  Memory / Maxmem  Fullness 
------------       ---------------  ---------------  -------- 
models                  67/4096         3216/196608   ( 1.6%) 
brushes               2746/32768       32952/393216   ( 8.4%) 
brushsides           19593/65536      156744/524288   (29.9%) 
planes                8056/65536      161120/1310720  (12.3%) 
vertexes             15182/65536      182184/786432   (23.2%) 
nodes                 1806/65536       57792/2097152  ( 2.8%) 
texinfos              1833/12288      131976/884736   (14.9%) 
texdata                542/2048        17344/65536    (26.5%) 
dispinfos                0/0               0/0        ( 0.0%) 
disp_verts               0/0               0/0        ( 0.0%) 
disp_tris                0/0               0/0        ( 0.0%) 
disp_lmsamples           0/0               0/0        ( 0.0%) 
faces                 8301/65536      464856/3670016  (12.7%) 
hdr faces             8301/65536      464856/3670016  (12.7%) 
origfaces             7031/65536      393736/3670016  (10.7%) 
leaves                1874/65536       59968/2097152  ( 2.9%) 
leaffaces             9354/65536       18708/131072   (14.3%) 
leafbrushes           3623/65536        7246/131072   ( 5.5%) 
areas                   10/1024           80/8192     ( 1.0%) 
surfedges            71591/512000     286364/2048000  (14.0%) 
edges                47005/256000     188020/1024000  (18.4%) 
LDR worldlights          0/16384           0/1441792  ( 0.0%) 
HDR worldlights        925/16384       81400/1441792  ( 5.6%) 
leafwaterdata            0/32768           0/393216   ( 0.0%) 
waterstrips            992/131072       9920/1310720  ( 0.8%) 
waterverts               0/131072          0/1572864  ( 0.0%) 
waterindices         23067/131072      46134/262144   (17.6%) 
cubemapsamples          63/1024         1008/16384    ( 6.2%) 
overlays                32/1024        11264/360448   ( 3.1%) 
LDR lightdata         [variable]           0/0        ( 0.0%) 
HDR lightdata         [variable]     7172880/0        ( 0.0%) 
visdata               [variable]       12498/16777216 ( 0.1%) 
entdata               [variable]      418998/393216   (106.6%) VERY FULL!
LDR ambient table     1874/65536        7496/262144   ( 2.9%) 
HDR ambient table     1874/65536        7496/262144   ( 2.9%) 
LDR leaf ambient      1874/65536       52472/1835008  ( 2.9%) 
HDR leaf ambient      4295/65536      120260/1835008  ( 6.6%) 
occluders                0/0               0/0        ( 0.0%) 
occluder polygons        0/0               0/0        ( 0.0%) 
occluder vert ind        0/0               0/0        ( 0.0%) 
detail props          [variable]           1/12       ( 8.3%) 
static props          [variable]           1/45396    ( 0.0%) 
pakfile               [variable]     4417048/0        ( 0.0%) 
physics               [variable]     1030837/4194304  (24.6%) 
physics terrain       [variable]           2/1048576  ( 0.0%) 

Level flags = 2

Total triangle count: 26159
Writing c:\users\pc\documents\github\op_cometcage_vmf\op_cmb_01_gmod.bsp
3 minutes, 33 seconds elapsed



Using shader api: shaderapiempty.dll
materialPath: F:\Shut up and take my money\steamapps\sourcemods\mapbase_episodic\materials
Loading C:\Users\PC\Documents\GitHub\op_cometcage_vmf\op_cmb_01_gmod.vmf
ConVarRef mat_reduceparticles doesn't point to an existing ConVar
ConVarRef mat_reduceparticles doesn't point to an existing ConVar
Placing static props...
4 seconds elapsed



Using shader api: shaderapiempty.dll
materialPath: F:\Shut up and take my money\steamapps\sourcemods\mapbase_episodic\materials
Loading C:\Users\PC\Documents\GitHub\op_cometcage_vmf\op_cmb_01_gmod.vmf
ConVarRef mat_reduceparticles doesn't point to an existing ConVar
ConVarRef mat_reduceparticles doesn't point to an existing ConVar
Placing static props...
3 seconds elapsed
