PRT1
508
963
4 0 20 (5632 7168 1152 ) (5120 7168 1152 ) (5120 7168 384 ) (5632 7168 384 ) 
4 0 4 (5120 7168 384 ) (5120 7168 1152 ) (5120 7680 1152 ) (5120 7680 384 ) 
4 1 3 (3532 8200 -256 ) (3636 8200 -256 ) (3636 8200 -142 ) (3532 8200 -142 ) 
4 1 2 (3532 8200 640 ) (3636 8200 640 ) (3636 8200 754 ) (3532 8200 754 ) 
4 2 9 (3532 8192 754 ) (3532 8192 640 ) (3636 8192 640 ) (3636 8192 754 ) 
4 3 10 (3532 8192 -142 ) (3532 8192 -256 ) (3636 8192 -256 ) (3636 8192 -142 ) 
4 4 22 (5120 7168 384 ) (5120 7168 1152 ) (4864 7168 1152 ) (4864 7168 384 ) 
4 5 12 (3712 7424 768 ) (3712 7808 768 ) (3712 7808 640 ) (3712 7424 640 ) 
4 6 8 (3720 7960 -152 ) (3720 8056 -152 ) (3720 8056 -216 ) (3720 7960 -216 ) 
4 6 7 (3720 8136 -256 ) (3720 8088 -256 ) (3720 8088 -148 ) (3720 8136 -148 ) 
4 7 10 (3712 8088 -148 ) (3712 8136 -148 ) (3712 8136 -256 ) (3712 8088 -256 ) 
4 8 10 (3712 7960 -152 ) (3712 8056 -152 ) (3712 8056 -216 ) (3712 7960 -216 ) 
4 9 12 (3456 7936 896 ) (3456 7936 640 ) (3712 7936 640 ) (3712 7936 896 ) 
4 10 11 (3592 7944 -256 ) (3640 7944 -256 ) (3640 7944 -148 ) (3592 7944 -148 ) 
4 11 13 (3592 7936 -256 ) (3640 7936 -256 ) (3640 7936 -148 ) (3592 7936 -148 ) 
4 12 19 (3456 7424 896 ) (3456 7680 896 ) (3456 7680 640 ) (3456 7424 640 ) 
4 12 18 (3536 7176 640 ) (3632 7176 640 ) (3632 7176 748 ) (3536 7176 748 ) 
4 12 17 (3472 7176 784 ) (3512 7176 784 ) (3512 7176 868 ) (3472 7176 868 ) 
4 12 15 (3600 7176 784 ) (3640 7176 784 ) (3640 7176 868 ) (3600 7176 868 ) 
4 12 16 (3528 7176 784 ) (3568 7176 784 ) (3568 7176 868 ) (3528 7176 868 ) 
4 12 14 (3656 7176 784 ) (3696 7176 784 ) (3696 7176 868 ) (3656 7176 868 ) 
4 14 32 (3696 7168 868 ) (3656 7168 868 ) (3656 7168 784 ) (3696 7168 784 ) 
4 15 32 (3640 7168 868 ) (3600 7168 868 ) (3600 7168 784 ) (3640 7168 784 ) 
4 16 32 (3568 7168 868 ) (3528 7168 868 ) (3528 7168 784 ) (3568 7168 784 ) 
4 17 32 (3512 7168 868 ) (3472 7168 868 ) (3472 7168 784 ) (3512 7168 784 ) 
4 18 32 (3632 7168 748 ) (3536 7168 748 ) (3536 7168 640 ) (3632 7168 640 ) 
4 19 121 (3072 7424 640 ) (3072 7424 896 ) (3072 7680 896 ) (3072 7680 640 ) 
4 20 37 (5376 6144 1152 ) (5120 6144 1152 ) (5120 6144 384 ) (5376 6144 384 ) 
4 20 35 (5632 6144 384 ) (5632 6144 1152 ) (5376 6144 1152 ) (5376 6144 384 ) 
4 20 30 (5120 6400 384 ) (5120 6144 384 ) (5120 6144 640 ) (5120 6400 640 ) 
4 20 24 (5120 6144 640 ) (5120 6144 768 ) (5120 6400 768 ) (5120 6400 640 ) 
4 20 23 (5120 6144 768 ) (5120 6144 1152 ) (5120 6400 1152 ) (5120 6400 768 ) 
4 20 22 (5120 7168 1152 ) (5120 7168 384 ) (5120 6400 384 ) (5120 6400 1152 ) 
4 20 21 (5632 6784 384 ) (5632 6272 384 ) (5376 6272 384 ) (5376 6784 384 ) 
4 22 30 (5120 6400 384 ) (5120 6400 640 ) (4864 6400 640 ) (4864 6400 384 ) 
4 22 24 (5120 6400 640 ) (5120 6400 768 ) (4864 6400 768 ) (4864 6400 640 ) 
4 22 23 (5120 6400 768 ) (5120 6400 1152 ) (4864 6400 1152 ) (4864 6400 768 ) 
4 23 44 (4944 6144 776 ) (4656 6144 776 ) (4656 6144 768 ) (4944 6144 768 ) 
4 23 43 (5120 6144 768 ) (5120 6144 776 ) (4944 6144 776 ) (4944 6144 768 ) 
4 23 46 (4656 6144 776 ) (4096 6144 776 ) (4096 6144 768 ) (4656 6144 768 ) 
4 23 42 (5120 6144 776 ) (5120 6144 1152 ) (4096 6144 1152 ) (4096 6144 776 ) 
4 23 33 (4096 6144 768 ) (4096 6144 1152 ) (4096 6400 1152 ) (4096 6400 768 ) 
4 23 29 (4352 6144 768 ) (4096 6144 768 ) (4096 6400 768 ) (4352 6400 768 ) 
4 23 26 (4360 6152 768 ) (4360 6392 768 ) (4600 6392 768 ) (4600 6152 768 ) 
4 23 24 (5120 6144 768 ) (4608 6144 768 ) (4608 6400 768 ) (5120 6400 768 ) 
4 24 44 (4944 6144 768 ) (4656 6144 768 ) (4656 6144 640 ) (4944 6144 640 ) 
4 24 43 (5120 6144 640 ) (5120 6144 768 ) (4944 6144 768 ) (4944 6144 640 ) 
4 24 46 (4656 6144 768 ) (4608 6144 768 ) (4608 6144 640 ) (4656 6144 640 ) 
4 24 30 (4608 6400 640 ) (5120 6400 640 ) (5120 6144 640 ) (4608 6144 640 ) 
4 24 25 (4608 6216 676 ) (4608 6216 740 ) (4608 6312 740 ) (4608 6312 676 ) 
4 25 26 (4600 6216 676 ) (4600 6216 740 ) (4600 6312 740 ) (4600 6312 676 ) 
4 26 28 (4360 6296 640 ) (4360 6248 640 ) (4360 6248 748 ) (4360 6296 748 ) 
4 26 27 (4528 6152 676 ) (4528 6152 740 ) (4432 6152 740 ) (4432 6152 676 ) 
4 27 46 (4432 6144 740 ) (4432 6144 676 ) (4528 6144 676 ) (4528 6144 740 ) 
4 28 29 (4352 6296 640 ) (4352 6248 640 ) (4352 6248 748 ) (4352 6296 748 ) 
4 29 46 (4352 6144 768 ) (4096 6144 768 ) (4096 6144 640 ) (4352 6144 640 ) 
4 29 33 (4096 6144 640 ) (4096 6144 768 ) (4096 6400 768 ) (4096 6400 640 ) 
4 29 31 (4096 6144 640 ) (4096 6400 640 ) (4352 6400 640 ) (4352 6144 640 ) 
4 30 44 (4944 6144 640 ) (4656 6144 640 ) (4656 6144 384 ) (4944 6144 384 ) 
4 30 43 (5120 6144 384 ) (5120 6144 640 ) (4944 6144 640 ) (4944 6144 384 ) 
4 30 46 (4656 6144 640 ) (4608 6144 640 ) (4608 6144 384 ) (4656 6144 384 ) 
4 31 46 (4352 6144 640 ) (4096 6144 640 ) (4096 6144 384 ) (4352 6144 384 ) 
4 32 33 (3840 6400 640 ) (3840 6400 1152 ) (3328 6400 1152 ) (3328 6400 640 ) 
4 33 55 (3328 6144 800.307007 ) (3328 6144 640 ) (3712 6144 640 ) (3712 6144 800.307007 ) 
4 33 50 (3540 6144 1152 ) (3428 6144 1152 ) (3428 6144 800.307007 ) (3540 6144 800.307007 ) 
4 33 49 (3712 6144 1152 ) (3540 6144 1152 ) (3540 6144 800.307007 ) (3712 6144 800.307007 ) 
4 33 54 (3428 6144 1152 ) (3328 6144 1152 ) (3328 6144 800.307007 ) (3428 6144 800.307007 ) 
4 33 48 (4096 6144 640 ) (4096 6144 1152 ) (3712 6144 1152 ) (3712 6144 640 ) 
4 34 38 (6016 5120 640 ) (6016 5120 1152 ) (5632 5120 1152 ) (5632 5120 640 ) 
4 34 36 (5632 5120 768 ) (5632 5120 1152 ) (5632 5248 1152 ) (5632 5248 768 ) 
4 34 35 (5632 5248 1152 ) (5632 6144 1152 ) (5632 6144 640 ) (5632 5248 640 ) 
4 35 37 (5376 6144 1152 ) (5376 6144 384 ) (5376 5248 384 ) (5376 5248 1152 ) 
4 35 36 (5376 5248 1152 ) (5376 5248 768 ) (5632 5248 768 ) (5632 5248 1152 ) 
4 36 39 (5632 5120 768 ) (5632 5120 1152 ) (5376 5120 1152 ) (5376 5120 768 ) 
4 36 37 (5376 5120 768 ) (5376 5120 1152 ) (5376 5248 1152 ) (5376 5248 768 ) 
4 37 43 (5120 6144 776 ) (5120 6144 384 ) (5120 5120 384 ) (5120 5120 776 ) 
4 37 42 (5120 6144 1152 ) (5120 6144 776 ) (5120 5120 776 ) (5120 5120 1152 ) 
4 37 40 (5376 5120 384 ) (5376 5120 1152 ) (5120 5120 1152 ) (5120 5120 384 ) 
4 38 39 (5632 4992 768 ) (5632 4992 1152 ) (5632 5120 1152 ) (5632 5120 768 ) 
4 39 40 (5376 5120 1152 ) (5376 5120 768 ) (5376 4992 768 ) (5376 4992 1152 ) 
4 40 90 (5120 4992 384 ) (5120 4992 640 ) (5120 5120 640 ) (5120 5120 384 ) 
4 40 75 (5120 4992 640 ) (5120 4992 768 ) (5120 5112 768 ) (5120 5112 640 ) 
4 40 71 (5120 5112 768 ) (5120 5120 768 ) (5120 5120 640 ) (5120 5112 640 ) 
4 40 57 (5120 4992 768 ) (5120 4992 1152 ) (5120 5120 1152 ) (5120 5120 768 ) 
4 40 41 (5120 4992 1152 ) (5120 4992 640 ) (5376 4992 640 ) (5376 4992 1152 ) 
4 41 78 (5120 4864 768 ) (5120 4872 768 ) (5120 4872 640 ) (5120 4864 640 ) 
4 41 75 (5120 4872 768 ) (5120 4992 768 ) (5120 4992 640 ) (5120 4872 640 ) 
4 41 81 (5120 4480 640 ) (5120 4480 768 ) (5120 4864 768 ) (5120 4864 640 ) 
4 41 57 (5120 4480 768 ) (5120 4480 1152 ) (5120 4992 1152 ) (5120 4992 768 ) 
4 42 93 (4352 5120 1152 ) (4096 5120 1152 ) (4096 5120 776 ) (4352 5120 776 ) 
4 42 58 (4944 5120 1152 ) (4656 5120 1152 ) (4656 5120 776 ) (4944 5120 776 ) 
4 42 57 (5120 5120 776 ) (5120 5120 1152 ) (4944 5120 1152 ) (4944 5120 776 ) 
4 42 60 (4656 5120 1152 ) (4352 5120 1152 ) (4352 5120 776 ) (4656 5120 776 ) 
4 42 48 (4096 6144 1152 ) (4096 6144 776 ) (4096 5120 776 ) (4096 5120 1152 ) 
4 42 44 (4656 5136 776 ) (4656 6144 776 ) (4944 6144 776 ) (4944 5136 776 ) 
4 42 43 (5120 5120 776 ) (4944 5120 776 ) (4944 6144 776 ) (5120 6144 776 ) 
4 42 46 (4656 5120 776 ) (4096 5120 776 ) (4096 6144 776 ) (4656 6144 776 ) 
4 43 90 (5120 5120 384 ) (5120 5120 640 ) (4944 5120 640 ) (4944 5120 384 ) 
4 43 71 (5120 5120 640 ) (5120 5120 768 ) (4944 5120 768 ) (4944 5120 640 ) 
4 43 57 (5120 5120 768 ) (5120 5120 776 ) (4944 5120 776 ) (4944 5120 768 ) 
4 43 45 (4944 5136 384 ) (4944 5120 384 ) (4944 5120 768 ) (4944 5136 768 ) 
4 43 44 (4944 6144 384 ) (4944 5136 384 ) (4944 5136 776 ) (4944 6144 776 ) 
4 44 45 (4656 5136 768 ) (4656 5136 384 ) (4944 5136 384 ) (4944 5136 768 ) 
4 44 46 (4656 6144 384 ) (4656 5136 384 ) (4656 5136 776 ) (4656 6144 776 ) 
4 45 91 (4656 5120 640 ) (4656 5120 384 ) (4672 5120 384 ) (4672 5120 640 ) 
4 45 90 (4928 5120 384 ) (4944 5120 384 ) (4944 5120 640 ) (4928 5120 640 ) 
4 45 74 (4656 5120 768 ) (4656 5120 640 ) (4672 5120 640 ) (4672 5120 768 ) 
4 45 73 (4788 5120 676 ) (4788 5120 740 ) (4692 5120 740 ) (4692 5120 676 ) 
4 45 72 (4828 5120 640 ) (4876 5120 640 ) (4876 5120 748 ) (4828 5120 748 ) 
4 45 71 (4928 5120 640 ) (4944 5120 640 ) (4944 5120 768 ) (4928 5120 768 ) 
4 45 46 (4656 5136 384 ) (4656 5120 384 ) (4656 5120 768 ) (4656 5136 768 ) 
4 46 93 (4352 5120 776 ) (4096 5120 776 ) (4096 5120 384 ) (4352 5120 384 ) 
4 46 91 (4480 5120 384 ) (4656 5120 384 ) (4656 5120 640 ) (4480 5120 640 ) 
4 46 92 (4352 5120 640 ) (4352 5120 384 ) (4480 5120 384 ) (4480 5120 640 ) 
4 46 74 (4352 5120 768 ) (4352 5120 640 ) (4656 5120 640 ) (4656 5120 768 ) 
4 46 60 (4656 5120 776 ) (4352 5120 776 ) (4352 5120 768 ) (4656 5120 768 ) 
4 46 48 (4096 6144 776 ) (4096 6144 640 ) (4096 5120 640 ) (4096 5120 776 ) 
4 46 47 (4096 5120 384 ) (4096 5376 384 ) (4480 5376 384 ) (4480 5120 384 ) 
4 47 93 (4352 5120 384 ) (4096 5120 384 ) (4096 5120 368 ) (4352 5120 368 ) 
4 47 92 (4480 5120 384 ) (4352 5120 384 ) (4352 5120 368 ) (4480 5120 368 ) 
4 48 99 (4096 5120 640 ) (4096 5120 1152 ) (3712 5120 1152 ) (3712 5120 640 ) 
4 48 55 (3712 6144 800.307007 ) (3712 6144 640 ) (3712 5376 640 ) (3712 5376 800.307007 ) 
4 48 49 (3712 6144 1152 ) (3712 6144 800.307007 ) (3712 5376 800.307007 ) (3712 5376 1152 ) 
4 49 55 (3712 5376 800.307007 ) (3540 5376 800.307007 ) (3540 6144 800.307007 ) (3712 6144 800.307007 ) 
4 49 51 (3540 5630.850586 901.546082 ) (3540 5630.850586 1152 ) (3540 5670.850586 1152 ) (3540 5670.850586 901.546082 ) 
4 49 52 (3540 5630.850586 804.307007 ) (3540 5630.850586 897.546082 ) (3540 5670.850586 897.546082 ) (3540 5670.850586 804.307007 ) 
4 49 50 (3540 6144 800.307007 ) (3540 5670.850586 800.307007 ) (3540 5670.850586 1152 ) (3540 6144 1152 ) 
4 49 53 (3540 5630.850586 800.307007 ) (3540 5376 800.307007 ) (3540 5376 1152 ) (3540 5630.850586 1152 ) 
4 50 55 (3428 5670.850586 800.307007 ) (3428 6144 800.307007 ) (3540 6144 800.307007 ) (3540 5670.850586 800.307007 ) 
4 50 51 (3428 5670.850586 1152 ) (3428 5670.850586 901.546082 ) (3540 5670.850586 901.546082 ) (3540 5670.850586 1152 ) 
4 50 52 (3428 5670.850586 897.546082 ) (3428 5670.850586 804.307007 ) (3540 5670.850586 804.307007 ) (3540 5670.850586 897.546082 ) 
4 50 54 (3428 6144 800.307007 ) (3428 5670.850586 800.307007 ) (3428 5670.850586 1152 ) (3428 6144 1152 ) 
4 51 54 (3428 5630.850586 901.546082 ) (3428 5630.850586 1152 ) (3428 5670.850586 1152 ) (3428 5670.850586 901.546082 ) 
4 51 53 (3428 5630.850586 1152 ) (3428 5630.850586 901.546082 ) (3540 5630.850586 901.546082 ) (3540 5630.850586 1152 ) 
4 52 53 (3428 5630.850586 897.546082 ) (3428 5630.850586 804.307007 ) (3540 5630.850586 804.307007 ) (3540 5630.850586 897.546082 ) 
4 52 54 (3428 5630.850586 804.307007 ) (3428 5630.850586 897.546082 ) (3428 5670.850586 897.546082 ) (3428 5670.850586 804.307007 ) 
4 53 55 (3540 5376 800.307007 ) (3428 5376 800.307007 ) (3428 5630.850586 800.307007 ) (3540 5630.850586 800.307007 ) 
4 53 54 (3428 5630.850586 800.307007 ) (3428 5376 800.307007 ) (3428 5376 1152 ) (3428 5630.850586 1152 ) 
4 54 55 (3428 5376 800.307007 ) (3328 5376 800.307007 ) (3328 6144 800.307007 ) (3428 6144 800.307007 ) 
4 56 100 (3704 5120 1016 ) (3328 5120 1016 ) (3328 5120 640 ) (3704 5120 640 ) 
4 57 78 (5120 4872 768 ) (5120 4864 768 ) (4944 4864 768 ) (4944 4872 768 ) 
4 57 75 (5120 5112 768 ) (5120 4872 768 ) (4944 4872 768 ) (4944 5112 768 ) 
4 57 81 (5120 4864 768 ) (5120 4480 768 ) (4944 4480 768 ) (4944 4864 768 ) 
4 57 71 (4944 5120 768 ) (5120 5120 768 ) (5120 5112 768 ) (4944 5112 768 ) 
4 57 61 (4976 4480 868 ) (4944 4480 868 ) (4944 4480 784 ) (4976 4480 784 ) 
4 57 58 (4944 4848 776 ) (4944 4848 1152 ) (4944 5120 1152 ) (4944 5120 776 ) 
4 57 59 (4944 4848 768 ) (4944 4480 768 ) (4944 4480 1152 ) (4944 4848 1152 ) 
4 58 59 (4656 4848 1152 ) (4656 4848 776 ) (4944 4848 776 ) (4944 4848 1152 ) 
4 58 60 (4656 4848 776 ) (4656 4848 1152 ) (4656 5120 1152 ) (4656 5120 776 ) 
4 59 81 (4944 4848 768 ) (4944 4480 768 ) (4656 4480 768 ) (4656 4848 768 ) 
4 59 66 (4664 4480 868 ) (4656 4480 868 ) (4656 4480 784 ) (4664 4480 784 ) 
4 59 64 (4792 4480 868 ) (4752 4480 868 ) (4752 4480 784 ) (4792 4480 784 ) 
4 59 65 (4720 4480 868 ) (4680 4480 868 ) (4680 4480 784 ) (4720 4480 784 ) 
4 59 63 (4848 4480 868 ) (4808 4480 868 ) (4808 4480 784 ) (4848 4480 784 ) 
4 59 62 (4920 4480 868 ) (4880 4480 868 ) (4880 4480 784 ) (4920 4480 784 ) 
4 59 61 (4944 4480 784 ) (4944 4480 868 ) (4936 4480 868 ) (4936 4480 784 ) 
4 59 60 (4656 4848 768 ) (4656 4480 768 ) (4656 4480 1152 ) (4656 4848 1152 ) 
4 60 93 (4352 5120 1152 ) (4352 5120 768 ) (4352 4992 768 ) (4352 4992 1152 ) 
4 60 80 (4352 4864 768 ) (4352 4872 768 ) (4656 4872 768 ) (4656 4864 768 ) 
4 60 77 (4352 4872 768 ) (4352 5112 768 ) (4656 5112 768 ) (4656 4872 768 ) 
4 60 81 (4352 4480 768 ) (4352 4864 768 ) (4656 4864 768 ) (4656 4480 768 ) 
4 60 74 (4352 5112 768 ) (4352 5120 768 ) (4656 5120 768 ) (4656 5112 768 ) 
4 60 68 (4496 4480 784 ) (4536 4480 784 ) (4536 4480 868 ) (4496 4480 868 ) 
4 60 67 (4552 4480 784 ) (4592 4480 784 ) (4592 4480 868 ) (4552 4480 868 ) 
4 60 66 (4624 4480 784 ) (4656 4480 784 ) (4656 4480 868 ) (4624 4480 868 ) 
4 61 69 (4976 4472 868 ) (4936 4472 868 ) (4936 4472 784 ) (4976 4472 784 ) 
4 62 69 (4920 4472 868 ) (4880 4472 868 ) (4880 4472 784 ) (4920 4472 784 ) 
4 63 69 (4848 4472 868 ) (4808 4472 868 ) (4808 4472 784 ) (4848 4472 784 ) 
4 64 69 (4792 4472 868 ) (4752 4472 868 ) (4752 4472 784 ) (4792 4472 784 ) 
4 65 69 (4720 4472 868 ) (4680 4472 868 ) (4680 4472 784 ) (4720 4472 784 ) 
4 66 69 (4664 4472 868 ) (4624 4472 868 ) (4624 4472 784 ) (4664 4472 784 ) 
4 67 69 (4592 4472 868 ) (4552 4472 868 ) (4552 4472 784 ) (4592 4472 784 ) 
4 68 69 (4536 4472 868 ) (4496 4472 868 ) (4496 4472 784 ) (4536 4472 784 ) 
4 69 86 (4480 4472 768 ) (4672 4472 768 ) (4672 4224 768 ) (4480 4224 768 ) 
4 69 85 (4672 4472 768 ) (4736 4472 768 ) (4736 4224 768 ) (4672 4224 768 ) 
4 69 83 (4736 4472 768 ) (4992 4472 768 ) (4992 4224 768 ) (4736 4224 768 ) 
4 70 127 (4992 4096 896 ) (4736 4096 896 ) (4736 4096 768 ) (4992 4096 768 ) 
4 70 88 (4992 4096 768 ) (4736 4096 768 ) (4736 4216 768 ) (4992 4216 768 ) 
4 71 90 (4928 5120 640 ) (5120 5120 640 ) (5120 5112 640 ) (4928 5112 640 ) 
4 71 75 (4928 5112 640 ) (5120 5112 640 ) (5120 5112 768 ) (4928 5112 768 ) 
4 72 76 (4828 5112 640 ) (4876 5112 640 ) (4876 5112 748 ) (4828 5112 748 ) 
4 73 76 (4788 5112 676 ) (4788 5112 740 ) (4692 5112 740 ) (4692 5112 676 ) 
4 74 93 (4352 5112 768 ) (4352 5120 768 ) (4352 5120 640 ) (4352 5112 640 ) 
4 74 91 (4480 5120 640 ) (4672 5120 640 ) (4672 5112 640 ) (4480 5112 640 ) 
4 74 92 (4352 5112 640 ) (4352 5120 640 ) (4480 5120 640 ) (4480 5112 640 ) 
4 74 77 (4352 5112 640 ) (4672 5112 640 ) (4672 5112 768 ) (4352 5112 768 ) 
4 75 90 (4928 5112 640 ) (5120 5112 640 ) (5120 4992 640 ) (4928 4992 640 ) 
4 75 78 (4928 4872 640 ) (5120 4872 640 ) (5120 4872 768 ) (4928 4872 768 ) 
4 76 79 (4796 4872 640 ) (4844 4872 640 ) (4844 4872 748 ) (4796 4872 748 ) 
4 77 93 (4352 4992 768 ) (4352 5112 768 ) (4352 5112 640 ) (4352 4992 640 ) 
4 77 91 (4480 5112 640 ) (4672 5112 640 ) (4672 4992 640 ) (4480 4992 640 ) 
4 77 92 (4352 4992 640 ) (4352 5112 640 ) (4480 5112 640 ) (4480 4992 640 ) 
4 77 80 (4352 4872 640 ) (4672 4872 640 ) (4672 4872 768 ) (4352 4872 768 ) 
4 78 81 (4928 4864 640 ) (5120 4864 640 ) (5120 4864 768 ) (4928 4864 768 ) 
4 79 81 (4796 4864 640 ) (4844 4864 640 ) (4844 4864 748 ) (4796 4864 748 ) 
4 80 81 (4352 4864 640 ) (4672 4864 640 ) (4672 4864 768 ) (4352 4864 768 ) 
3 81 95 (4352 4776 752 ) (4352 4776 748 ) (4352 4772 748 ) 
3 81 94 (4352 4676 748 ) (4352 4672 748 ) (4352 4672 752 ) 
4 81 96 (4352 4776 748 ) (4352 4776 640 ) (4352 4672 640 ) (4352 4672 748 ) 
4 81 82 (4776 4480 640 ) (4824 4480 640 ) (4824 4480 748 ) (4776 4480 748 ) 
4 82 83 (4776 4472 640 ) (4824 4472 640 ) (4824 4472 748 ) (4776 4472 748 ) 
4 83 85 (4736 4472 768 ) (4736 4472 640 ) (4736 4224 640 ) (4736 4224 768 ) 
4 83 84 (4816 4224 640 ) (4912 4224 640 ) (4912 4224 748 ) (4816 4224 748 ) 
4 84 88 (4816 4216 640 ) (4912 4216 640 ) (4912 4216 748 ) (4816 4216 748 ) 
4 85 86 (4672 4472 768 ) (4672 4472 640 ) (4672 4224 640 ) (4672 4224 768 ) 
4 86 87 (4544 4224 640 ) (4672 4224 640 ) (4672 4224 768 ) (4544 4224 768 ) 
4 87 89 (4544 4216 640 ) (4672 4216 640 ) (4672 4216 768 ) (4544 4216 768 ) 
4 88 128 (4992 4096 768 ) (4736 4096 768 ) (4736 4096 640 ) (4992 4096 640 ) 
4 89 129 (4672 4096 768 ) (4544 4096 768 ) (4544 4096 640 ) (4672 4096 640 ) 
4 91 92 (4480 4992 384 ) (4480 4992 640 ) (4480 5120 640 ) (4480 5120 384 ) 
4 92 93 (4352 4992 368 ) (4352 4992 640 ) (4352 5120 640 ) (4352 5120 368 ) 
4 93 99 (4096 5120 1152 ) (4096 5120 640 ) (4096 4992 640 ) (4096 4992 1152 ) 
3 94 97 (4344 4672 748 ) (4344 4672 752 ) (4344 4676 748 ) 
4 94 96 (4352 4672 748 ) (4344 4672 748 ) (4344 4676 748 ) (4352 4676 748 ) 
3 95 97 (4344 4776 752 ) (4344 4776 748 ) (4344 4772 748 ) 
4 95 96 (4344 4772 748 ) (4344 4776 748 ) (4352 4776 748 ) (4352 4772 748 ) 
4 96 97 (4344 4776 640 ) (4344 4672 640 ) (4344 4672 748 ) (4344 4776 748 ) 
4 97 117 (4096 4984 768 ) (4096 4984 640 ) (4096 4672 640 ) (4096 4672 768 ) 
4 97 109 (4096 4736 768 ) (4096 4672 768 ) (4096 4672 896 ) (4096 4736 896 ) 
4 97 108 (4096 4984 896 ) (4096 4984 768 ) (4096 4736 768 ) (4096 4736 896 ) 
4 97 104 (4096 4984 1016 ) (4096 4984 896 ) (4096 4672 896 ) (4096 4672 1016 ) 
4 97 98 (4096 4672 640 ) (4344 4672 640 ) (4344 4672 1016 ) (4096 4672 1016 ) 
4 98 120 (4096 4352 640 ) (4096 4232 640 ) (4096 4232 768 ) (4096 4352 768 ) 
4 98 117 (4096 4672 768 ) (4096 4672 640 ) (4096 4352 640 ) (4096 4352 768 ) 
4 98 109 (4096 4672 896 ) (4096 4672 768 ) (4096 4232 768 ) (4096 4232 896 ) 
4 98 104 (4096 4232 1016 ) (4096 4672 1016 ) (4096 4672 896 ) (4096 4232 896 ) 
4 99 102 (4032 4992 748 ) (3936 4992 748 ) (3936 4992 640 ) (4032 4992 640 ) 
4 100 103 (3328 4992 748 ) (3328 4992 640 ) (3704 4992 640 ) (3704 4992 748 ) 
4 100 101 (3328 4992 896 ) (3328 4992 748 ) (3704 4992 748 ) (3704 4992 896 ) 
4 101 118 (3328 4984 768 ) (3328 4984 748 ) (3456 4984 748 ) (3456 4984 768 ) 
4 101 117 (3456 4984 748 ) (3712 4984 748 ) (3712 4984 768 ) (3456 4984 768 ) 
4 101 108 (3712 4984 896 ) (3328 4984 896 ) (3328 4984 768 ) (3712 4984 768 ) 
4 101 103 (3712 4984 748 ) (3328 4984 748 ) (3328 4992 748 ) (3704 4992 748 ) 
4 102 117 (4032 4984 748 ) (3936 4984 748 ) (3936 4984 640 ) (4032 4984 640 ) 
4 103 118 (3456 4984 748 ) (3328 4984 748 ) (3328 4984 640 ) (3456 4984 640 ) 
4 103 117 (3712 4984 748 ) (3456 4984 748 ) (3456 4984 640 ) (3712 4984 640 ) 
4 104 109 (4096 4736 896 ) (4096 4232 896 ) (3456 4232 896 ) (3456 4736 896 ) 
4 104 108 (3456 4984 896 ) (4096 4984 896 ) (4096 4736 896 ) (3456 4736 896 ) 
4 104 106 (3456 4352 904 ) (3456 4352 1016 ) (3456 4736 1016 ) (3456 4736 904 ) 
4 104 105 (3456 4984 896 ) (3456 4736 896 ) (3456 4736 1016 ) (3456 4984 1016 ) 
4 104 107 (3456 4352 896 ) (3456 4232 896 ) (3456 4232 1016 ) (3456 4352 1016 ) 
4 105 108 (3328 4736 896 ) (3328 4984 896 ) (3456 4984 896 ) (3456 4736 896 ) 
4 105 106 (3456 4736 904 ) (3456 4736 1016 ) (3328 4736 1016 ) (3328 4736 904 ) 
4 106 107 (3456 4352 904 ) (3456 4352 1016 ) (3328 4352 1016 ) (3328 4352 904 ) 
4 107 116 (3328 4232 896 ) (3328 4352 896 ) (3448 4352 896 ) (3448 4232 896 ) 
4 107 113 (3448 4352 896 ) (3456 4352 896 ) (3456 4232 896 ) (3448 4232 896 ) 
4 108 118 (3328 4984 768 ) (3456 4984 768 ) (3456 4736 768 ) (3328 4736 768 ) 
4 108 117 (3456 4984 768 ) (4096 4984 768 ) (4096 4736 768 ) (3456 4736 768 ) 
4 108 114 (3336 4736 768 ) (3384 4736 768 ) (3384 4736 876 ) (3336 4736 876 ) 
4 108 109 (3456 4736 768 ) (4096 4736 768 ) (4096 4736 896 ) (3456 4736 896 ) 
4 109 120 (4096 4352 768 ) (4096 4232 768 ) (3456 4232 768 ) (3456 4352 768 ) 
4 109 117 (4096 4736 768 ) (4096 4352 768 ) (3456 4352 768 ) (3456 4736 768 ) 
4 109 113 (3456 4352 768 ) (3456 4232 768 ) (3456 4232 896 ) (3456 4352 896 ) 
4 109 112 (3456 4456 812 ) (3456 4376 812 ) (3456 4376 864 ) (3456 4456 864 ) 
4 109 111 (3456 4584 812 ) (3456 4504 812 ) (3456 4504 864 ) (3456 4584 864 ) 
4 109 110 (3456 4712 812 ) (3456 4632 812 ) (3456 4632 864 ) (3456 4712 864 ) 
4 110 115 (3448 4712 812 ) (3448 4632 812 ) (3448 4632 864 ) (3448 4712 864 ) 
4 111 115 (3448 4584 812 ) (3448 4504 812 ) (3448 4504 864 ) (3448 4584 864 ) 
4 112 115 (3448 4456 812 ) (3448 4376 812 ) (3448 4376 864 ) (3448 4456 864 ) 
4 113 120 (3448 4232 768 ) (3448 4352 768 ) (3456 4352 768 ) (3456 4232 768 ) 
4 113 116 (3448 4352 768 ) (3448 4232 768 ) (3448 4232 896 ) (3448 4352 896 ) 
4 114 115 (3336 4728 768 ) (3384 4728 768 ) (3384 4728 876 ) (3336 4728 876 ) 
4 116 120 (3328 4232 768 ) (3328 4352 768 ) (3448 4352 768 ) (3448 4232 768 ) 
4 117 120 (3456 4352 640 ) (4096 4352 640 ) (4096 4352 768 ) (3456 4352 768 ) 
4 117 119 (3456 4736 640 ) (3456 4352 640 ) (3456 4352 760 ) (3456 4736 760 ) 
4 117 118 (3456 4984 640 ) (3456 4736 640 ) (3456 4736 768 ) (3456 4984 768 ) 
4 118 119 (3328 4736 760 ) (3328 4736 640 ) (3456 4736 640 ) (3456 4736 760 ) 
4 119 120 (3328 4352 760 ) (3328 4352 640 ) (3456 4352 640 ) (3456 4352 760 ) 
4 121 122 (2816 7648 784 ) (2816 7648 640 ) (2816 7456 640 ) (2816 7456 784 ) 
4 123 137 (5376 3072 640 ) (5376 3072 704 ) (5256 3072 704 ) (5256 3072 640 ) 
4 123 125 (5256 3100 684 ) (5256 3172 684 ) (5256 3172 652 ) (5256 3100 652 ) 
4 123 124 (5256 3300 684 ) (5256 3300 652 ) (5256 3228 652 ) (5256 3228 684 ) 
4 124 126 (5248 3228 684 ) (5248 3300 684 ) (5248 3300 652 ) (5248 3228 652 ) 
4 125 126 (5248 3100 652 ) (5248 3100 684 ) (5248 3172 684 ) (5248 3172 652 ) 
4 126 139 (5248 3072 512 ) (5248 3072 704 ) (5120 3072 704 ) (5120 3072 512 ) 
4 126 134 (5120 3072 512 ) (5120 3072 640 ) (5120 3328 640 ) (5120 3328 512 ) 
4 126 131 (5120 3072 640 ) (5120 3072 704 ) (5120 3328 704 ) (5120 3328 640 ) 
4 127 130 (4992 3840 768 ) (4992 3344 768 ) (4736 3344 768 ) (4736 3840 768 ) 
4 127 128 (4736 4096 768 ) (4992 4096 768 ) (4992 3840 768 ) (4736 3840 768 ) 
4 128 130 (4736 3840 640 ) (4992 3840 640 ) (4992 3840 768 ) (4736 3840 768 ) 
4 130 132 (4736 3840 640 ) (4992 3840 640 ) (4992 3344 640 ) (4736 3344 640 ) 
4 131 139 (5120 3072 640 ) (5120 3072 704 ) (4992 3072 704 ) (4992 3072 640 ) 
4 131 144 (4992 3072 704 ) (4736 3072 704 ) (4736 3072 640 ) (4992 3072 640 ) 
4 131 134 (5120 3072 640 ) (4736 3072 640 ) (4736 3328 640 ) (5120 3328 640 ) 
4 132 133 (4768 3344 512 ) (4960 3344 512 ) (4960 3344 640 ) (4768 3344 640 ) 
4 133 134 (4768 3328 512 ) (4960 3328 512 ) (4960 3328 640 ) (4768 3328 640 ) 
4 134 155 (4992 3072 640 ) (4736 3072 640 ) (4736 3072 512 ) (4992 3072 512 ) 
4 134 139 (5120 3072 512 ) (5120 3072 552 ) (4992 3072 552 ) (4992 3072 512 ) 
4 134 139 (5120 3072 624 ) (5120 3072 640 ) (4992 3072 640 ) (4992 3072 624 ) 
4 134 139 (5120 3072 552 ) (5120 3072 624 ) (4992 3072 624 ) (4992 3072 552 ) 
4 135 159 (4288 3072 640 ) (4096 3072 640 ) (4096 3072 512 ) (4288 3072 512 ) 
4 135 136 (4096 3072 512 ) (4096 3072 640 ) (4096 3136 640 ) (4096 3136 512 ) 
4 136 183 (4096 3072 512 ) (4096 3072 640 ) (4032 3072 640 ) (4032 3072 512 ) 
4 137 138 (5256 3044 684 ) (5256 3044 652 ) (5256 2972 652 ) (5256 2972 684 ) 
4 138 139 (5248 3044 684 ) (5248 3044 652 ) (5248 2972 652 ) (5248 2972 684 ) 
4 139 140 (5120 2944 624 ) (5120 2944 552 ) (5152 2944 552 ) (5152 2944 624 ) 
4 139 144 (4992 3072 640 ) (4992 2944 640 ) (4992 2944 704 ) (4992 3072 704 ) 
4 139 144 (4992 2944 640 ) (4992 2848 640 ) (4992 2848 704 ) (4992 2944 704 ) 
4 139 155 (4992 2944 640 ) (4992 3072 640 ) (4992 3072 624 ) (4992 2944 624 ) 
4 139 155 (4992 2936 640 ) (4992 2944 640 ) (4992 2944 624 ) (4992 2936 624 ) 
4 139 155 (4992 2848 640 ) (4992 2936 640 ) (4992 2936 624 ) (4992 2848 624 ) 
4 139 160 (4992 2784 552 ) (4992 2784 624 ) (4992 2816 624 ) (4992 2816 552 ) 
4 139 155 (4992 2816 624 ) (4992 3072 624 ) (4992 3072 552 ) (4992 2816 552 ) 
4 139 153 (5000 2784 552 ) (5120 2784 552 ) (5120 2784 624 ) (5000 2784 624 ) 
5 139 152 (5120 2784 552 ) (5000 2784 552 ) (5000 2840 552 ) (5096 2936 552 ) (5120 2936 552 ) 
4 139 155 (4992 3072 512 ) (4992 2944 512 ) (4992 2944 552 ) (4992 3072 552 ) 
4 139 155 (4992 2944 512 ) (4992 2848 512 ) (4992 2848 552 ) (4992 2944 552 ) 
4 140 139 (5120 2944 624 ) (5120 2944 552 ) (5120 2936 552 ) (5120 2936 624 ) 
4 140 141 (5152 2936 552 ) (5152 2936 624 ) (5120 2936 624 ) (5120 2936 552 ) 
4 141 153 (5120 2688 640 ) (5120 2784 640 ) (5120 2784 512 ) (5120 2688 512 ) 
4 141 152 (5120 2936 552 ) (5120 2936 512 ) (5120 2784 512 ) (5120 2784 552 ) 
4 141 151 (5120 2784 640 ) (5120 2936 640 ) (5120 2936 624 ) (5120 2784 624 ) 
4 141 139 (5120 2936 624 ) (5120 2936 552 ) (5120 2784 552 ) (5120 2784 624 ) 
4 142 145 (4352 3072 768 ) (4720 3072 768 ) (4720 2816 768 ) (4352 2816 768 ) 
4 143 171 (4096 3072 896 ) (4096 3072 768 ) (4096 2816 768 ) (4096 2816 896 ) 
4 143 148 (4096 2816 768 ) (4096 3072 768 ) (4336 3072 768 ) (4336 2816 768 ) 
4 144 161 (4992 2752 640 ) (4992 2688 640 ) (4736 2688 640 ) (4736 2752 640 ) 
4 144 160 (4992 2816 640 ) (4992 2752 640 ) (4736 2752 640 ) (4736 2816 640 ) 
4 144 155 (4736 3072 640 ) (4992 3072 640 ) (4992 2816 640 ) (4736 2816 640 ) 
4 145 157 (4352 3072 640 ) (4720 3072 640 ) (4720 2816 640 ) (4352 2816 640 ) 
4 145 147 (4352 3040 640 ) (4352 2848 640 ) (4352 2848 656 ) (4352 3040 656 ) 
4 146 163 (4480 2368 640 ) (4352 2368 640 ) (4352 2688 640 ) (4480 2688 640 ) 
4 146 162 (4352 2688 640 ) (4352 2752 640 ) (4480 2752 640 ) (4480 2688 640 ) 
4 146 150 (4352 2368 640 ) (4384 2368 640 ) (4384 2368 704 ) (4352 2368 704 ) 
4 146 149 (4352 2752 640 ) (4352 2368 640 ) (4352 2368 768 ) (4352 2752 768 ) 
4 147 158 (4352 3040 640 ) (4352 2848 640 ) (4336 2848 640 ) (4336 3040 640 ) 
4 147 148 (4336 3040 640 ) (4336 2848 640 ) (4336 2848 656 ) (4336 3040 656 ) 
4 148 174 (4096 3072 768 ) (4096 3072 640 ) (4096 2816 640 ) (4096 2816 768 ) 
4 148 159 (4096 2816 640 ) (4096 3072 640 ) (4336 3072 640 ) (4336 2816 640 ) 
4 149 163 (4352 2688 640 ) (4352 2368 640 ) (4240 2368 640 ) (4240 2688 640 ) 
4 149 162 (4240 2752 640 ) (4352 2752 640 ) (4352 2688 640 ) (4240 2688 640 ) 
4 149 150 (4320 2368 640 ) (4352 2368 640 ) (4352 2368 704 ) (4320 2368 704 ) 
4 150 165 (4320 2368 640 ) (4384 2368 640 ) (4384 2360 640 ) (4320 2360 640 ) 
4 151 153 (5000 2784 624 ) (5120 2784 624 ) (5120 2784 640 ) (5000 2784 640 ) 
5 151 139 (5120 2784 624 ) (5000 2784 624 ) (5000 2840 624 ) (5096 2936 624 ) (5120 2936 624 ) 
4 152 153 (5000 2784 512 ) (5120 2784 512 ) (5120 2784 552 ) (5000 2784 552 ) 
4 153 154 (5000 2764 512 ) (5000 2716 512 ) (5000 2716 620 ) (5000 2764 620 ) 
4 154 161 (4992 2752 512 ) (4992 2716 512 ) (4992 2716 620 ) (4992 2752 620 ) 
4 154 160 (4992 2764 512 ) (4992 2752 512 ) (4992 2752 620 ) (4992 2764 620 ) 
4 155 160 (4736 2816 512 ) (4992 2816 512 ) (4992 2816 640 ) (4736 2816 640 ) 
4 155 156 (4736 3040 512 ) (4736 2848 512 ) (4736 2848 640 ) (4736 3040 640 ) 
4 156 157 (4720 3040 512 ) (4720 2848 512 ) (4720 2848 640 ) (4720 3040 640 ) 
4 157 158 (4352 3040 512 ) (4352 2848 512 ) (4352 2848 640 ) (4352 3040 640 ) 
4 158 159 (4336 3040 512 ) (4336 2848 512 ) (4336 2848 640 ) (4336 3040 640 ) 
4 159 183 (4096 3072 640 ) (4096 3072 512 ) (4096 2816 512 ) (4096 2816 640 ) 
4 159 166 (4136 2816 512 ) (4184 2816 512 ) (4184 2816 620 ) (4136 2816 620 ) 
4 160 161 (4736 2752 512 ) (4992 2752 512 ) (4992 2752 640 ) (4736 2752 640 ) 
4 162 163 (4240 2688 512 ) (4480 2688 512 ) (4480 2688 640 ) (4240 2688 640 ) 
4 163 165 (4384 2368 576 ) (4384 2368 640 ) (4320 2368 640 ) (4320 2368 576 ) 
4 163 164 (4240 2688 640 ) (4240 2688 512 ) (4240 2432 512 ) (4240 2432 640 ) 
4 164 168 (4224 2688 512 ) (4224 2432 512 ) (4224 2432 640 ) (4224 2688 640 ) 
4 166 167 (4184 2814 512 ) (4184 2814 620 ) (4136 2814 620 ) (4136 2814 512 ) 
4 167 168 (4136 2808 512 ) (4184 2808 512 ) (4184 2808 620 ) (4136 2808 620 ) 
4 168 192 (4096 2552 512 ) (4096 2504 512 ) (4096 2504 620 ) (4096 2552 620 ) 
4 168 169 (4116 2368 512 ) (4204 2368 512 ) (4204 2368 640 ) (4116 2368 640 ) 
4 169 170 (4116 2352 512 ) (4204 2352 512 ) (4204 2352 640 ) (4116 2352 640 ) 
4 170 218 (4224 2048 640 ) (4096 2048 640 ) (4096 2048 512 ) (4224 2048 512 ) 
4 170 195 (4096 2284 512 ) (4096 2172 512 ) (4096 2172 640 ) (4096 2284 640 ) 
4 171 174 (3984 3072 768 ) (4096 3072 768 ) (4096 2816 768 ) (3984 2816 768 ) 
4 172 176 (3712 2816 768 ) (3712 3072 768 ) (3968 3072 768 ) (3968 2816 768 ) 
4 172 173 (3712 3072 768 ) (3712 2816 768 ) (3712 2816 896 ) (3712 3072 896 ) 
4 173 177 (3456 2576 768 ) (3456 3072 768 ) (3712 3072 768 ) (3712 2576 768 ) 
4 174 183 (4096 3072 640 ) (4096 2816 640 ) (3984 2816 640 ) (3984 3072 640 ) 
4 174 175 (3984 3040 640 ) (3984 2848 640 ) (3984 2848 656 ) (3984 3040 656 ) 
4 175 184 (3968 2848 640 ) (3968 3040 640 ) (3984 3040 640 ) (3984 2848 640 ) 
4 175 176 (3968 3040 640 ) (3968 2848 640 ) (3968 2848 656 ) (3968 3040 656 ) 
4 176 185 (3712 2816 640 ) (3712 3072 640 ) (3968 3072 640 ) (3968 2816 640 ) 
4 176 177 (3712 3072 640 ) (3712 2816 640 ) (3712 2816 768 ) (3712 3072 768 ) 
4 177 191 (3456 2576 640 ) (3456 3072 640 ) (3488 3072 640 ) (3488 2576 640 ) 
4 177 188 (3488 3072 640 ) (3680 3072 640 ) (3680 2576 640 ) (3488 2576 640 ) 
4 177 187 (3680 3072 640 ) (3712 3072 640 ) (3712 2576 640 ) (3680 2576 640 ) 
4 178 194 (3840 2368 640 ) (3328 2368 640 ) (3328 2560 640 ) (3840 2560 640 ) 
4 178 179 (3328 2368 640 ) (3744 2368 640 ) (3744 2368 768 ) (3328 2368 768 ) 
4 179 210 (3648 2304 640 ) (3264 2304 640 ) (3328 2368 640 ) (3648 2368 640 ) 
4 179 203 (3664 2304 640 ) (3648 2304 640 ) (3648 2352 640 ) (3664 2352 640 ) 
4 179 202 (3680 2304 640 ) (3664 2304 640 ) (3664 2352 640 ) (3728 2352 640 ) 
4 179 199 (3648 2352 640 ) (3648 2368 640 ) (3744 2368 640 ) (3728 2352 640 ) 
4 179 182 (3264 2304 640 ) (3648 2304 640 ) (3648 2304 768 ) (3264 2304 768 ) 
4 179 180 (3648 2304 640 ) (3680 2304 640 ) (3680 2304 768 ) (3648 2304 768 ) 
4 180 203 (3648 2272 640 ) (3648 2304 640 ) (3664 2304 640 ) (3664 2288 640 ) 
3 180 202 (3664 2304 640 ) (3680 2304 640 ) (3664 2288 640 ) 
4 180 182 (3648 2304 768 ) (3648 2304 640 ) (3648 2272 640 ) (3648 2272 768 ) 
4 181 249 (3680 2048 768 ) (3648 2048 768 ) (3648 2048 640 ) (3680 2048 640 ) 
3 181 200 (3680 2048 640 ) (3648 2048 640 ) (3648 2080 640 ) 
4 181 182 (3648 2080 640 ) (3648 2048 640 ) (3648 2048 768 ) (3648 2080 768 ) 
4 182 249 (3648 2048 768 ) (3264 2048 768 ) (3264 2048 640 ) (3648 2048 640 ) 
4 182 215 (3648 2048 640 ) (3088 2048 640 ) (3088 2080 640 ) (3648 2080 640 ) 
4 182 212 (3088 2080 640 ) (3088 2272 640 ) (3648 2272 640 ) (3648 2080 640 ) 
4 182 211 (3088 2272 640 ) (3088 2304 640 ) (3648 2304 640 ) (3648 2272 640 ) 
4 183 184 (3984 3040 512 ) (3984 2848 512 ) (3984 2848 640 ) (3984 3040 640 ) 
4 184 185 (3968 3040 512 ) (3968 2848 512 ) (3968 2848 640 ) (3968 3040 640 ) 
4 185 187 (3712 3072 512 ) (3712 2816 512 ) (3712 2816 640 ) (3712 3072 640 ) 
4 186 193 (3904 2560 512 ) (4088 2560 512 ) (4088 2560 640 ) (3904 2560 640 ) 
4 187 189 (3680 3072 512 ) (3680 2576 512 ) (3680 2576 636 ) (3680 3072 636 ) 
4 187 188 (3680 2576 636 ) (3680 2576 640 ) (3680 3072 640 ) (3680 3072 636 ) 
4 188 191 (3488 2576 640 ) (3488 3072 640 ) (3488 3072 636 ) (3488 2576 636 ) 
4 188 189 (3488 2576 636 ) (3488 3072 636 ) (3680 3072 636 ) (3680 2576 636 ) 
4 189 191 (3488 3072 512 ) (3488 2576 512 ) (3488 2576 636 ) (3488 3072 636 ) 
4 189 190 (3680 2576 512 ) (3680 2576 636 ) (3488 2576 636 ) (3488 2576 512 ) 
4 190 194 (3488 2560 512 ) (3680 2560 512 ) (3680 2560 636 ) (3488 2560 636 ) 
4 192 193 (4088 2552 512 ) (4088 2504 512 ) (4088 2504 620 ) (4088 2552 620 ) 
4 194 210 (3328 2368 512 ) (3648 2368 512 ) (3648 2368 640 ) (3328 2368 640 ) 
4 194 205 (3648 2368 512 ) (3744 2368 512 ) (3744 2368 552 ) (3648 2368 552 ) 
4 194 204 (3792 2368 552 ) (3792 2368 616 ) (3648 2368 616 ) (3648 2368 552 ) 
4 194 199 (3744 2368 640 ) (3648 2368 640 ) (3648 2368 616 ) (3744 2368 616 ) 
4 195 197 (4080 2284 512 ) (4080 2172 512 ) (4080 2172 640 ) (4080 2284 640 ) 
4 196 197 (3968 2352 512 ) (4080 2352 512 ) (4080 2352 640 ) (3968 2352 640 ) 
4 196 198 (3840 2352 512 ) (3968 2352 512 ) (3968 2352 640 ) (3840 2352 640 ) 
4 197 198 (3968 2352 640 ) (3968 2352 512 ) (3968 2112 512 ) (3968 2112 640 ) 
4 198 251 (3968 2048 640 ) (3792 2048 640 ) (3792 2048 512 ) (3968 2048 512 ) 
4 198 206 (3792 2352 512 ) (3792 2048 512 ) (3792 2048 552 ) (3792 2352 552 ) 
4 198 204 (3792 2048 552 ) (3792 2048 616 ) (3792 2352 616 ) (3792 2352 552 ) 
4 198 201 (3792 2048 616 ) (3792 2048 640 ) (3792 2352 640 ) (3792 2352 616 ) 
4 199 210 (3648 2368 640 ) (3648 2368 616 ) (3648 2352 616 ) (3648 2352 640 ) 
4 199 204 (3648 2352 616 ) (3648 2368 616 ) (3744 2368 616 ) (3728 2352 616 ) 
4 199 203 (3648 2352 640 ) (3648 2352 616 ) (3664 2352 616 ) (3664 2352 640 ) 
4 199 202 (3664 2352 616 ) (3728 2352 616 ) (3728 2352 640 ) (3664 2352 640 ) 
4 200 252 (3680 2048 640 ) (3648 2048 640 ) (3648 2048 616 ) (3680 2048 616 ) 
4 200 215 (3648 2080 616 ) (3648 2048 616 ) (3648 2048 640 ) (3648 2080 640 ) 
3 200 204 (3648 2048 616 ) (3648 2080 616 ) (3680 2048 616 ) 
4 201 253 (3792 2048 640 ) (3712 2048 640 ) (3712 2048 616 ) (3792 2048 616 ) 
6 201 204 (3760 2352 616 ) (3792 2352 616 ) (3792 2048 616 ) (3712 2048 616 ) (3664 2096 616 ) (3664 2256 616 ) 
3 202 204 (3664 2352 616 ) (3728 2352 616 ) (3664 2288 616 ) 
4 202 203 (3664 2352 640 ) (3664 2352 616 ) (3664 2288 616 ) (3664 2288 640 ) 
4 203 211 (3648 2304 616 ) (3648 2272 616 ) (3648 2272 640 ) (3648 2304 640 ) 
4 203 210 (3648 2352 616 ) (3648 2304 616 ) (3648 2304 640 ) (3648 2352 640 ) 
4 203 204 (3648 2272 616 ) (3648 2352 616 ) (3664 2352 616 ) (3664 2288 616 ) 
4 204 254 (3648 2048 616 ) (3648 2048 552 ) (3792 2048 552 ) (3792 2048 616 ) 
4 204 215 (3648 2080 552 ) (3648 2048 552 ) (3648 2048 616 ) (3648 2080 616 ) 
4 204 213 (3648 2272 552 ) (3648 2080 552 ) (3648 2080 616 ) (3648 2272 616 ) 
4 204 211 (3648 2304 552 ) (3648 2272 552 ) (3648 2272 616 ) (3648 2304 616 ) 
4 204 210 (3648 2368 616 ) (3648 2368 552 ) (3648 2304 552 ) (3648 2304 616 ) 
3 204 209 (3648 2048 552 ) (3648 2080 552 ) (3680 2048 552 ) 
4 204 208 (3648 2272 552 ) (3648 2352 552 ) (3664 2352 552 ) (3664 2288 552 ) 
3 204 207 (3664 2352 552 ) (3728 2352 552 ) (3664 2288 552 ) 
6 204 206 (3760 2352 552 ) (3792 2352 552 ) (3792 2048 552 ) (3712 2048 552 ) (3664 2096 552 ) (3664 2256 552 ) 
4 204 205 (3648 2352 552 ) (3648 2368 552 ) (3744 2368 552 ) (3728 2352 552 ) 
4 205 210 (3648 2368 552 ) (3648 2368 512 ) (3648 2352 512 ) (3648 2352 552 ) 
4 205 208 (3664 2352 552 ) (3648 2352 552 ) (3648 2352 512 ) (3664 2352 512 ) 
4 205 207 (3728 2352 552 ) (3664 2352 552 ) (3664 2352 512 ) (3728 2352 512 ) 
4 206 256 (3712 2048 512 ) (3792 2048 512 ) (3792 2048 552 ) (3712 2048 552 ) 
4 207 208 (3664 2352 552 ) (3664 2352 512 ) (3664 2288 512 ) (3664 2288 552 ) 
4 208 211 (3648 2304 512 ) (3648 2272 512 ) (3648 2272 552 ) (3648 2304 552 ) 
4 208 210 (3648 2352 512 ) (3648 2304 512 ) (3648 2304 552 ) (3648 2352 552 ) 
4 209 255 (3648 2048 552 ) (3648 2048 512 ) (3680 2048 512 ) (3680 2048 552 ) 
4 209 215 (3648 2080 512 ) (3648 2048 512 ) (3648 2048 552 ) (3648 2080 552 ) 
4 210 211 (3264 2304 512 ) (3648 2304 512 ) (3648 2304 640 ) (3264 2304 640 ) 
4 211 213 (3088 2272 512 ) (3648 2272 512 ) (3648 2272 636 ) (3088 2272 636 ) 
4 211 212 (3648 2272 636 ) (3648 2272 640 ) (3088 2272 640 ) (3088 2272 636 ) 
4 212 215 (3648 2080 636 ) (3648 2080 640 ) (3088 2080 640 ) (3088 2080 636 ) 
4 212 213 (3648 2080 636 ) (3088 2080 636 ) (3088 2272 636 ) (3648 2272 636 ) 
4 213 215 (3088 2080 512 ) (3648 2080 512 ) (3648 2080 636 ) (3088 2080 636 ) 
4 213 214 (3088 2080 512 ) (3088 2080 636 ) (3088 2272 636 ) (3088 2272 512 ) 
4 214 356 (3072 2272 636 ) (3072 2272 512 ) (3072 2080 512 ) (3072 2080 636 ) 
4 215 255 (3264 2048 512 ) (3648 2048 512 ) (3648 2048 552 ) (3264 2048 552 ) 
4 215 254 (3264 2048 552 ) (3648 2048 552 ) (3648 2048 616 ) (3264 2048 616 ) 
4 215 252 (3648 2048 640 ) (3264 2048 640 ) (3264 2048 616 ) (3648 2048 616 ) 
13 216 260 (3255 2048 151 ) (3248.842041 2048 160 ) (3151.157715 2048 160 ) (3145 2048 151 ) (3140 2048 128 ) (3145 2048 105 ) (3158 2048 86 ) (3177 2048 73 ) (3200 2048 68 ) (3223 2048 73 ) (3242 2048 86 ) (3255 2048 105 ) (3260 2048 128 ) 
7 216 258 (3248.842041 2048 160 ) (3242.010986 2048 169.983688 ) (3222.981201 2048 183.004044 ) (3200 2048 188 ) (3177 2048 183 ) (3158 2048 170 ) (3151.157715 2048 160 ) 
4 217 263 (4096 1536 640 ) (4096 1280 640 ) (4096 1280 768 ) (4096 1536 768 ) 
4 217 222 (4096 1280 640 ) (4096 1536 640 ) (4224 1536 640 ) (4224 1280 640 ) 
4 217 220 (4224 1536 640 ) (4352 1536 640 ) (4352 1280 640 ) (4224 1280 640 ) 
4 218 219 (4136 1984 512 ) (4184 1984 512 ) (4184 1984 620 ) (4136 1984 620 ) 
4 219 221 (4136 1976 512 ) (4184 1976 512 ) (4184 1976 620 ) (4136 1976 620 ) 
4 220 222 (4224 1536 512 ) (4224 1280 512 ) (4224 1280 640 ) (4224 1536 640 ) 
4 222 264 (4096 1664 512 ) (4096 1280 512 ) (4096 1280 640 ) (4096 1664 640 ) 
4 223 231 (4608 1664 128 ) (4608 1408 128 ) (4352 1408 128 ) (4352 1664 128 ) 
4 223 226 (4352 1664 128 ) (4352 1408 128 ) (4352 1408 256 ) (4352 1664 256 ) 
4 224 294 (4480 1024 256 ) (4352 1024 256 ) (4352 1024 128 ) (4480 1024 128 ) 
4 224 248 (4480 1024 128 ) (4352 1024 128 ) (4352 1152 128 ) (4480 1152 128 ) 
4 224 227 (4352 1152 128 ) (4352 1024 128 ) (4352 1024 256 ) (4352 1152 256 ) 
4 225 226 (4288 1664 224 ) (4288 1664 160 ) (4352 1664 160 ) (4352 1664 224 ) 
4 226 231 (4352 1664 128 ) (4352 1408 128 ) (4288 1408 128 ) (4288 1664 128 ) 
4 226 228 (4288 1664 128 ) (4288 1408 128 ) (4288 1408 256 ) (4288 1664 256 ) 
4 227 294 (4352 1024 256 ) (4288 1024 256 ) (4288 1024 128 ) (4352 1024 128 ) 
4 227 248 (4352 1152 128 ) (4352 1024 128 ) (4288 1024 128 ) (4288 1152 128 ) 
4 227 244 (4352 1152 128 ) (4288 1152 128 ) (4288 1160 128 ) (4344 1160 128 ) 
3 227 233 (4288 1160 128 ) (4288 1216 128 ) (4344 1160 128 ) 
4 227 229 (4288 1216 128 ) (4288 1024 128 ) (4288 1024 256 ) (4288 1216 256 ) 
4 228 272 (4096 1664 128 ) (4096 1408 128 ) (4096 1408 256 ) (4096 1664 256 ) 
4 228 240 (4224 1408 128 ) (4096 1408 128 ) (4096 1664 128 ) (4224 1664 128 ) 
4 228 231 (4288 1664 128 ) (4288 1408 128 ) (4224 1408 128 ) (4224 1664 128 ) 
4 229 294 (4288 1024 256 ) (4224 1024 256 ) (4224 1024 128 ) (4288 1024 128 ) 
4 229 248 (4288 1152 128 ) (4288 1024 128 ) (4224 1024 128 ) (4224 1152 128 ) 
4 229 244 (4288 1160 128 ) (4288 1152 128 ) (4224 1152 128 ) (4224 1160 128 ) 
4 229 235 (4232 1160 128 ) (4224 1160 128 ) (4224 1280 128 ) (4232 1272 128 ) 
4 229 233 (4288 1216 128 ) (4288 1160 128 ) (4232 1160 128 ) (4232 1272 128 ) 
4 229 230 (4224 1280 128 ) (4224 1024 128 ) (4224 1024 256 ) (4224 1280 256 ) 
4 230 297 (4224 1024 256 ) (4096 1024 256 ) (4096 1024 128 ) (4224 1024 128 ) 
4 230 274 (4096 1400 128 ) (4096 1024 128 ) (4096 1024 256 ) (4096 1400 256 ) 
4 230 248 (4224 1024 128 ) (4096 1024 128 ) (4096 1152 128 ) (4224 1152 128 ) 
4 230 244 (4096 1152 128 ) (4096 1160 128 ) (4224 1160 128 ) (4224 1152 128 ) 
4 230 243 (4096 1160 128 ) (4096 1400 128 ) (4192 1400 128 ) (4192 1160 128 ) 
4 230 241 (4192 1400 128 ) (4224 1400 128 ) (4224 1160 128 ) (4192 1160 128 ) 
4 231 240 (4224 1664 0 ) (4224 1408 0 ) (4224 1408 128 ) (4224 1664 128 ) 
4 232 238 (4232 1344 0 ) (4608 1344 0 ) (4608 1344 48 ) (4232 1344 48 ) 
4 232 236 (4608 1344 48 ) (4608 1344 112 ) (4232 1344 112 ) (4232 1344 48 ) 
4 232 234 (4608 1344 112 ) (4608 1344 128 ) (4232 1344 128 ) (4232 1344 112 ) 
4 233 244 (4344 1160 128 ) (4232 1160 128 ) (4232 1160 112 ) (4344 1160 112 ) 
3 233 236 (4344 1160 112 ) (4232 1160 112 ) (4232 1272 112 ) 
4 233 235 (4232 1272 112 ) (4232 1160 112 ) (4232 1160 128 ) (4232 1272 128 ) 
5 234 236 (4608 1160 112 ) (4360 1160 112 ) (4232 1288 112 ) (4232 1344 112 ) (4608 1344 112 ) 
4 235 244 (4232 1160 128 ) (4224 1160 128 ) (4224 1160 112 ) (4232 1160 112 ) 
4 235 241 (4224 1160 112 ) (4224 1160 128 ) (4224 1280 128 ) (4224 1280 112 ) 
4 235 236 (4232 1160 112 ) (4224 1160 112 ) (4224 1280 112 ) (4232 1272 112 ) 
4 236 246 (4384 1160 112 ) (4224 1160 112 ) (4224 1160 48 ) (4384 1160 48 ) 
4 236 245 (4404 1160 48 ) (4452 1160 48 ) (4452 1160 108 ) (4404 1160 108 ) 
4 236 241 (4224 1160 48 ) (4224 1160 112 ) (4224 1344 112 ) (4224 1344 48 ) 
4 236 239 (4232 1160 48 ) (4224 1160 48 ) (4224 1280 48 ) (4232 1272 48 ) 
5 236 238 (4608 1160 48 ) (4360 1160 48 ) (4232 1288 48 ) (4232 1344 48 ) (4608 1344 48 ) 
3 236 237 (4344 1160 48 ) (4232 1160 48 ) (4232 1272 48 ) 
4 237 247 (4232 1160 0 ) (4344 1160 0 ) (4344 1160 48 ) (4232 1160 48 ) 
4 237 239 (4232 1160 0 ) (4232 1160 48 ) (4232 1272 48 ) (4232 1272 0 ) 
4 238 245 (4404 1160 0 ) (4452 1160 0 ) (4452 1160 48 ) (4404 1160 48 ) 
4 239 247 (4224 1160 0 ) (4232 1160 0 ) (4232 1160 48 ) (4224 1160 48 ) 
4 239 241 (4224 1280 0 ) (4224 1160 0 ) (4224 1160 48 ) (4224 1280 48 ) 
4 240 272 (4096 1664 0 ) (4096 1408 0 ) (4096 1408 128 ) (4096 1664 128 ) 
4 240 242 (4096 1408 0 ) (4192 1408 0 ) (4192 1408 124 ) (4096 1408 124 ) 
4 241 247 (4192 1160 0 ) (4224 1160 0 ) (4224 1160 48 ) (4192 1160 48 ) 
4 241 246 (4224 1160 48 ) (4224 1160 112 ) (4192 1160 112 ) (4192 1160 48 ) 
4 241 244 (4224 1160 112 ) (4224 1160 128 ) (4192 1160 128 ) (4192 1160 112 ) 
4 241 243 (4192 1400 0 ) (4192 1160 0 ) (4192 1160 128 ) (4192 1400 128 ) 
4 242 273 (4096 1408 0 ) (4096 1400 0 ) (4096 1400 124 ) (4096 1408 124 ) 
4 242 243 (4096 1400 0 ) (4192 1400 0 ) (4192 1400 124 ) (4096 1400 124 ) 
4 243 274 (4096 1400 0 ) (4096 1160 0 ) (4096 1160 128 ) (4096 1400 128 ) 
4 243 247 (4096 1160 0 ) (4192 1160 0 ) (4192 1160 48 ) (4096 1160 48 ) 
4 243 246 (4192 1160 48 ) (4192 1160 112 ) (4096 1160 112 ) (4096 1160 48 ) 
4 243 244 (4192 1160 112 ) (4192 1160 128 ) (4096 1160 128 ) (4096 1160 112 ) 
4 244 274 (4096 1152 112 ) (4096 1152 128 ) (4096 1160 128 ) (4096 1160 112 ) 
4 244 248 (4352 1152 128 ) (4096 1152 128 ) (4096 1152 112 ) (4352 1152 112 ) 
4 244 246 (4096 1160 112 ) (4344 1160 112 ) (4352 1152 112 ) (4096 1152 112 ) 
4 245 248 (4404 1152 0 ) (4452 1152 0 ) (4452 1152 108 ) (4404 1152 108 ) 
4 246 274 (4096 1152 48 ) (4096 1152 112 ) (4096 1160 112 ) (4096 1160 48 ) 
4 246 248 (4384 1152 48 ) (4384 1152 112 ) (4096 1152 112 ) (4096 1152 48 ) 
4 246 247 (4096 1160 48 ) (4344 1160 48 ) (4352 1152 48 ) (4096 1152 48 ) 
4 247 274 (4096 1160 0 ) (4096 1152 0 ) (4096 1152 48 ) (4096 1160 48 ) 
4 247 248 (4096 1152 0 ) (4352 1152 0 ) (4352 1152 48 ) (4096 1152 48 ) 
4 248 297 (4224 1024 128 ) (4096 1024 128 ) (4096 1024 0 ) (4224 1024 0 ) 
4 248 294 (4480 1024 128 ) (4224 1024 128 ) (4224 1024 0 ) (4480 1024 0 ) 
4 248 274 (4096 1152 0 ) (4096 1024 0 ) (4096 1024 128 ) (4096 1152 128 ) 
4 249 252 (3264 2048 640 ) (3680 2048 640 ) (3744 1984 640 ) (3328 1984 640 ) 
4 249 250 (3328 1984 640 ) (3744 1984 640 ) (3744 1984 768 ) (3328 1984 768 ) 
4 250 257 (3840 1792 640 ) (3328 1792 640 ) (3328 1984 640 ) (3840 1984 640 ) 
4 251 256 (3792 2048 512 ) (3792 2000 512 ) (3792 2000 552 ) (3792 2048 552 ) 
4 251 254 (3792 2000 552 ) (3792 2000 616 ) (3792 2048 616 ) (3792 2048 552 ) 
4 251 253 (3792 2000 616 ) (3792 2000 640 ) (3792 2048 640 ) (3792 2048 616 ) 
4 252 257 (3744 1984 640 ) (3328 1984 640 ) (3328 1984 616 ) (3744 1984 616 ) 
4 252 254 (3264 2048 616 ) (3680 2048 616 ) (3744 1984 616 ) (3328 1984 616 ) 
4 253 254 (3712 2048 616 ) (3792 2048 616 ) (3792 2000 616 ) (3760 2000 616 ) 
4 254 257 (3792 1984 552 ) (3792 1984 616 ) (3328 1984 616 ) (3328 1984 552 ) 
4 254 256 (3792 2048 552 ) (3792 2000 552 ) (3760 2000 552 ) (3712 2048 552 ) 
4 254 255 (3744 1984 552 ) (3328 1984 552 ) (3264 2048 552 ) (3680 2048 552 ) 
4 255 257 (3328 1984 512 ) (3744 1984 512 ) (3744 1984 552 ) (3328 1984 552 ) 
4 257 265 (3488 1792 512 ) (3680 1792 512 ) (3680 1792 636 ) (3488 1792 636 ) 
7 258 278 (3151.157715 1792 160 ) (3248.842285 1792 160 ) (3242.011475 1792 169.983276 ) (3222.981201 1792 183.004059 ) (3200 1792 188 ) (3177 1792 183 ) (3158 1792 170 ) 
4 258 260 (3248.842285 1792 160 ) (3151.157715 1792 160 ) (3151.157715 2048 160 ) (3248.842285 2048 160 ) 
4 259 275 (3904 1792 160 ) (3968 1792 160 ) (3968 1792 224 ) (3904 1792 224 ) 
13 260 278 (3158 1792 86 ) (3177 1792 73 ) (3200 1792 68 ) (3223 1792 73 ) (3242 1792 86 ) (3255 1792 105 ) (3260 1792 128 ) (3255 1792 151 ) (3248.842285 1792 160 ) (3151.157471 1792 160 ) (3145 1792 151 ) (3140 1792 128 ) (3145 1792 105 ) 
3 261 266 (3776 1536 640 ) (3712 1536 640 ) (3712 1600 640 ) 
4 261 262 (3712 1600 640 ) (3712 1536 640 ) (3712 1536 768 ) (3712 1600 768 ) 
4 261 263 (3712 1536 640 ) (3776 1536 640 ) (3776 1536 768 ) (3712 1536 768 ) 
4 262 267 (3712 1536 640 ) (3456 1536 640 ) (3456 1776 640 ) (3712 1776 640 ) 
4 262 263 (3456 1536 768 ) (3456 1536 640 ) (3712 1536 640 ) (3712 1536 768 ) 
4 263 268 (3840 1280 640 ) (3456 1280 640 ) (3456 1536 640 ) (3840 1536 640 ) 
4 263 264 (4096 1536 640 ) (4096 1280 640 ) (3840 1280 640 ) (3840 1536 640 ) 
4 264 269 (3880 1280 512 ) (3928 1280 512 ) (3928 1280 620 ) (3880 1280 620 ) 
4 264 268 (3840 1536 512 ) (3840 1280 512 ) (3840 1280 640 ) (3840 1536 640 ) 
4 265 267 (3488 1776 512 ) (3680 1776 512 ) (3680 1776 636 ) (3488 1776 636 ) 
4 266 267 (3712 1600 512 ) (3712 1536 512 ) (3712 1536 640 ) (3712 1600 640 ) 
4 266 268 (3712 1536 512 ) (3776 1536 512 ) (3776 1536 640 ) (3712 1536 640 ) 
4 267 268 (3456 1536 640 ) (3456 1536 512 ) (3712 1536 512 ) (3712 1536 640 ) 
4 269 270 (3928 1278 512 ) (3928 1278 620 ) (3880 1278 620 ) (3880 1278 512 ) 
4 270 271 (3880 1272 512 ) (3928 1272 512 ) (3928 1272 620 ) (3880 1272 620 ) 
4 271 309 (3968 1024 640 ) (3840 1024 640 ) (3840 1024 512 ) (3968 1024 512 ) 
4 272 276 (3968 1664 256 ) (3968 1664 0 ) (3968 1408 0 ) (3968 1408 256 ) 
4 272 273 (4000 1408 0 ) (4096 1408 0 ) (4096 1408 124 ) (4000 1408 124 ) 
4 273 274 (4000 1400 0 ) (4096 1400 0 ) (4096 1400 124 ) (4000 1400 124 ) 
4 274 311 (4096 1024 0 ) (4096 1024 256 ) (3968 1024 256 ) (3968 1024 0 ) 
4 275 276 (3968 1664 160 ) (3968 1664 224 ) (3904 1664 224 ) (3904 1664 160 ) 
4 276 277 (3720 1532 0 ) (3720 1484 0 ) (3720 1484 108 ) (3720 1532 108 ) 
4 277 278 (3712 1532 108 ) (3712 1532 0 ) (3712 1484 0 ) (3712 1484 108 ) 
4 278 401 (3072 1792 -128 ) (3072 1792 -160 ) (3072 1408 -160 ) (3072 1408 -128 ) 
4 278 398 (3072 1792 -120 ) (3072 1792 -128 ) (3072 1408 -128 ) (3072 1408 -120 ) 
4 278 389 (3072 1792 8 ) (3072 1792 -120 ) (3072 1408 -120 ) (3072 1408 8 ) 
4 278 386 (3072 1792 16 ) (3072 1792 8 ) (3072 1408 8 ) (3072 1408 16 ) 
4 278 385 (3072 1792 256 ) (3072 1792 16 ) (3072 1408 16 ) (3072 1408 256 ) 
4 278 293 (3072 1408 -160 ) (3072 1792 -160 ) (3328 1792 -160 ) (3328 1408 -160 ) 
4 278 292 (3328 1792 -160 ) (3712 1792 -160 ) (3712 1408 -160 ) (3328 1408 -160 ) 
4 278 291 (3328 1408 -160 ) (3712 1408 -160 ) (3712 1408 -128 ) (3328 1408 -128 ) 
4 278 289 (3712 1408 -128 ) (3712 1408 -120 ) (3328 1408 -120 ) (3328 1408 -128 ) 
4 278 285 (3072 1408 -28 ) (3072 1408 -80 ) (3112 1408 -80 ) (3112 1408 -28 ) 
4 278 284 (3128 1408 -28 ) (3128 1408 -80 ) (3208 1408 -80 ) (3208 1408 -28 ) 
4 278 283 (3224 1408 -28 ) (3224 1408 -80 ) (3304 1408 -80 ) (3304 1408 -28 ) 
4 278 282 (3712 1408 -120 ) (3712 1408 8 ) (3328 1408 8 ) (3328 1408 -120 ) 
4 278 280 (3712 1408 8 ) (3712 1408 16 ) (3328 1408 16 ) (3328 1408 8 ) 
4 278 279 (3712 1408 16 ) (3712 1408 256 ) (3072 1408 256 ) (3072 1408 16 ) 
4 279 385 (3072 1024 16 ) (3072 1024 256 ) (3072 1408 256 ) (3072 1408 16 ) 
4 279 315 (3072 1024 256 ) (3072 1024 16 ) (3648 1024 16 ) (3648 1024 256 ) 
4 279 314 (3648 1024 16 ) (3712 1024 16 ) (3712 1024 256 ) (3648 1024 256 ) 
4 279 281 (3072 1024 16 ) (3072 1152 16 ) (3328 1152 16 ) (3328 1024 16 ) 
4 279 280 (3328 1408 16 ) (3712 1408 16 ) (3712 1024 16 ) (3328 1024 16 ) 
4 280 315 (3328 1024 8 ) (3648 1024 8 ) (3648 1024 16 ) (3328 1024 16 ) 
4 280 314 (3648 1024 8 ) (3712 1024 8 ) (3712 1024 16 ) (3648 1024 16 ) 
4 280 286 (3712 1400 8 ) (3712 1152 8 ) (3328 1152 8 ) (3328 1400 8 ) 
4 280 288 (3712 1152 8 ) (3712 1024 8 ) (3328 1024 8 ) (3328 1152 8 ) 
4 280 282 (3328 1408 8 ) (3712 1408 8 ) (3712 1400 8 ) (3328 1400 8 ) 
4 280 281 (3328 1152 8 ) (3328 1024 8 ) (3328 1024 16 ) (3328 1152 16 ) 
4 281 387 (3072 1024 8 ) (3072 1024 16 ) (3072 1152 16 ) (3072 1152 8 ) 
4 281 315 (3072 1024 16 ) (3072 1024 8 ) (3328 1024 8 ) (3328 1024 16 ) 
4 281 288 (3328 1152 8 ) (3328 1024 8 ) (3072 1024 8 ) (3072 1152 8 ) 
4 282 289 (3328 1408 -120 ) (3712 1408 -120 ) (3712 1400 -120 ) (3328 1400 -120 ) 
4 282 286 (3328 1400 -120 ) (3712 1400 -120 ) (3712 1400 8 ) (3328 1400 8 ) 
4 283 287 (3304 1400 -80 ) (3304 1400 -28 ) (3224 1400 -28 ) (3224 1400 -80 ) 
4 284 287 (3208 1400 -80 ) (3208 1400 -28 ) (3128 1400 -28 ) (3128 1400 -80 ) 
4 285 390 (3072 1408 -28 ) (3072 1408 -80 ) (3072 1400 -80 ) (3072 1400 -28 ) 
4 285 287 (3112 1400 -80 ) (3112 1400 -28 ) (3072 1400 -28 ) (3072 1400 -80 ) 
4 286 289 (3328 1400 -120 ) (3712 1400 -120 ) (3712 1152 -120 ) (3328 1152 -120 ) 
4 286 288 (3328 1152 -120 ) (3712 1152 -120 ) (3712 1152 8 ) (3328 1152 8 ) 
4 287 392 (3072 1160 8 ) (3072 1400 8 ) (3072 1400 -120 ) (3072 1160 -120 ) 
4 288 393 (3072 1024 -120 ) (3072 1024 8 ) (3072 1152 8 ) (3072 1152 -120 ) 
4 288 330 (3136 1024 -120 ) (3712 1024 -120 ) (3712 1024 -32 ) (3136 1024 -32 ) 
4 288 316 (3136 1024 -32 ) (3648 1024 -32 ) (3648 1024 0 ) (3136 1024 0 ) 
4 288 315 (3072 1024 8 ) (3072 1024 0 ) (3648 1024 0 ) (3648 1024 8 ) 
4 288 314 (3648 1024 -32 ) (3712 1024 -32 ) (3712 1024 8 ) (3648 1024 8 ) 
4 288 290 (3072 1024 -120 ) (3072 1152 -120 ) (3328 1152 -120 ) (3328 1024 -120 ) 
4 288 289 (3328 1152 -120 ) (3712 1152 -120 ) (3712 1024 -120 ) (3328 1024 -120 ) 
4 289 330 (3328 1024 -128 ) (3712 1024 -128 ) (3712 1024 -120 ) (3328 1024 -120 ) 
4 289 291 (3328 1408 -128 ) (3712 1408 -128 ) (3712 1024 -128 ) (3328 1024 -128 ) 
4 289 290 (3328 1152 -128 ) (3328 1024 -128 ) (3328 1024 -120 ) (3328 1152 -120 ) 
4 290 399 (3072 1024 -128 ) (3072 1024 -120 ) (3072 1152 -120 ) (3072 1152 -128 ) 
4 290 330 (3136 1024 -128 ) (3328 1024 -128 ) (3328 1024 -120 ) (3136 1024 -120 ) 
4 291 330 (3328 1024 -160 ) (3712 1024 -160 ) (3712 1024 -128 ) (3328 1024 -128 ) 
4 291 292 (3712 1024 -160 ) (3328 1024 -160 ) (3328 1408 -160 ) (3712 1408 -160 ) 
4 292 332 (3712 1024 -160 ) (3328 1024 -160 ) (3328 1024 -256 ) (3712 1024 -256 ) 
4 292 293 (3328 1792 -160 ) (3328 1792 -256 ) (3328 1408 -256 ) (3328 1408 -160 ) 
4 293 404 (3072 1408 -160 ) (3072 1792 -160 ) (3072 1792 -256 ) (3072 1408 -256 ) 
4 294 297 (4224 1024 256 ) (4224 1024 0 ) (4224 896 0 ) (4224 896 256 ) 
4 295 296 (4224 768 512 ) (4224 768 640 ) (4224 896 640 ) (4224 896 512 ) 
4 296 310 (4096 768 512 ) (4096 768 640 ) (4096 896 640 ) (4096 896 512 ) 
4 296 299 (4096 768 640 ) (4096 768 512 ) (4224 768 512 ) (4224 768 640 ) 
4 297 311 (4096 776 0 ) (4096 776 256 ) (4096 1024 256 ) (4096 1024 0 ) 
4 297 298 (4096 776 108 ) (4096 776 0 ) (4148 776 0 ) (4148 776 108 ) 
4 298 312 (4096 768 0 ) (4096 768 108 ) (4096 776 108 ) (4096 776 0 ) 
4 298 303 (4096 768 108 ) (4096 768 0 ) (4148 768 0 ) (4148 768 108 ) 
4 299 318 (4096 688 512 ) (4096 688 640 ) (4096 768 640 ) (4096 768 512 ) 
4 299 304 (4224 688 512 ) (4224 688 640 ) (4096 688 640 ) (4096 688 512 ) 
4 300 319 (4096 688 384 ) (4096 688 504 ) (4096 768 504 ) (4096 768 384 ) 
4 300 304 (4224 688 384 ) (4224 688 504 ) (4096 688 504 ) (4096 688 384 ) 
4 301 320 (4096 688 256 ) (4096 688 376 ) (4096 768 376 ) (4096 768 256 ) 
4 301 304 (4224 688 256 ) (4224 688 376 ) (4096 688 376 ) (4096 688 256 ) 
4 302 321 (4096 688 128 ) (4096 688 248 ) (4096 768 248 ) (4096 768 128 ) 
4 302 304 (4224 688 128 ) (4224 688 248 ) (4096 688 248 ) (4096 688 128 ) 
4 303 322 (4096 688 0 ) (4096 688 120 ) (4096 768 120 ) (4096 768 0 ) 
4 303 304 (4224 688 0 ) (4224 688 120 ) (4096 688 120 ) (4096 688 0 ) 
4 304 323 (4096 592 0 ) (4096 592 640 ) (4096 688 640 ) (4096 688 0 ) 
4 304 307 (4096 592 312 ) (4096 592 192 ) (4224 592 192 ) (4224 592 312 ) 
4 304 308 (4096 592 184 ) (4096 592 64 ) (4224 592 64 ) (4224 592 184 ) 
4 304 306 (4096 592 440 ) (4096 592 320 ) (4224 592 320 ) (4224 592 440 ) 
4 304 305 (4096 592 640 ) (4096 592 448 ) (4224 592 448 ) (4224 592 640 ) 
4 305 324 (4096 512 448 ) (4096 512 640 ) (4096 592 640 ) (4096 592 448 ) 
4 306 325 (4096 512 320 ) (4096 512 440 ) (4096 592 440 ) (4096 592 320 ) 
4 307 326 (4096 512 192 ) (4096 512 312 ) (4096 592 312 ) (4096 592 192 ) 
4 308 327 (4096 512 64 ) (4096 512 184 ) (4096 592 184 ) (4096 592 64 ) 
4 309 313 (3840 1016 584 ) (3840 968 584 ) (3840 968 632 ) (3840 1016 632 ) 
4 309 310 (3840 896 640 ) (3840 896 512 ) (3968 896 512 ) (3968 896 640 ) 
4 310 318 (4096 768 512 ) (4096 768 640 ) (3968 768 640 ) (3968 768 512 ) 
4 311 312 (4044 776 0 ) (4096 776 0 ) (4096 776 108 ) (4044 776 108 ) 
4 312 322 (4096 768 0 ) (4096 768 108 ) (4044 768 108 ) (4044 768 0 ) 
4 314 330 (3648 1024 -32 ) (3712 1024 -32 ) (3712 768 -32 ) (3648 768 -32 ) 
4 314 328 (3648 768 108 ) (3648 768 0 ) (3672 768 0 ) (3672 768 108 ) 
4 314 317 (3648 832 -32 ) (3648 768 -32 ) (3648 768 0 ) (3648 832 0 ) 
4 314 316 (3648 1024 -32 ) (3648 832 -32 ) (3648 832 0 ) (3648 1024 0 ) 
4 314 315 (3648 768 0 ) (3648 768 256 ) (3648 1024 256 ) (3648 1024 0 ) 
4 315 469 (3072 1024 128 ) (3072 1024 0 ) (3072 768 0 ) (3072 768 128 ) 
4 315 468 (3072 1024 256 ) (3072 1024 128 ) (3072 768 128 ) (3072 768 256 ) 
4 315 328 (3648 768 0 ) (3648 768 108 ) (3624 768 108 ) (3624 768 0 ) 
4 315 317 (3648 832 0 ) (3648 768 0 ) (3136 768 0 ) (3136 832 0 ) 
4 315 316 (3136 1024 0 ) (3648 1024 0 ) (3648 832 0 ) (3136 832 0 ) 
4 316 330 (3136 1024 -32 ) (3648 1024 -32 ) (3648 832 -32 ) (3136 832 -32 ) 
4 316 317 (3136 832 -32 ) (3648 832 -32 ) (3648 832 0 ) (3136 832 0 ) 
4 317 330 (3136 832 -32 ) (3648 832 -32 ) (3648 768 -32 ) (3136 768 -32 ) 
4 318 323 (3968 688 640 ) (3968 688 512 ) (4096 688 512 ) (4096 688 640 ) 
4 319 323 (3968 688 504 ) (3968 688 384 ) (4096 688 384 ) (4096 688 504 ) 
4 320 323 (3968 688 376 ) (3968 688 256 ) (4096 688 256 ) (4096 688 376 ) 
4 321 323 (3968 688 248 ) (3968 688 128 ) (4096 688 128 ) (4096 688 248 ) 
4 322 323 (3968 688 120 ) (3968 688 0 ) (4096 688 0 ) (4096 688 120 ) 
4 323 327 (3968 592 184 ) (3968 592 64 ) (4096 592 64 ) (4096 592 184 ) 
4 323 325 (3968 592 440 ) (3968 592 320 ) (4096 592 320 ) (4096 592 440 ) 
4 323 326 (3968 592 312 ) (3968 592 192 ) (4096 592 192 ) (4096 592 312 ) 
4 323 324 (3968 592 640 ) (3968 592 448 ) (4096 592 448 ) (4096 592 640 ) 
4 329 476 (3072 0 -32 ) (3072 0 0 ) (3072 256 0 ) (3072 256 -32 ) 
4 329 470 (3072 0 0 ) (3072 0 128 ) (3072 256 128 ) (3072 256 0 ) 
4 329 331 (3072 0 -32 ) (3072 256 -32 ) (3328 256 -32 ) (3328 0 -32 ) 
4 330 332 (3136 1024 -160 ) (3712 1024 -160 ) (3712 768 -160 ) (3136 768 -160 ) 
4 331 482 (3072 0 -64 ) (3072 0 -32 ) (3072 256 -32 ) (3072 256 -64 ) 
4 333 336 (2680 2816 624 ) (2680 2816 720 ) (2632 2816 720 ) (2632 2816 624 ) 
4 334 336 (2616 2816 624 ) (2616 2816 720 ) (2568 2816 720 ) (2568 2816 624 ) 
4 335 357 (2944 2432 640 ) (2752 2432 640 ) (2752 2432 512 ) (2944 2432 512 ) 
4 336 340 (2560 2672 768 ) (2560 2672 448 ) (2688 2672 448 ) (2688 2672 768 ) 
4 337 340 (2560 2672 440 ) (2560 2672 320 ) (2688 2672 320 ) (2688 2672 440 ) 
4 338 340 (2560 2672 312 ) (2560 2672 192 ) (2688 2672 192 ) (2688 2672 312 ) 
4 339 340 (2560 2672 184 ) (2560 2672 64 ) (2688 2672 64 ) (2688 2672 184 ) 
4 340 345 (2560 2576 120 ) (2560 2576 0 ) (2688 2576 0 ) (2688 2576 120 ) 
4 340 344 (2560 2576 248 ) (2560 2576 128 ) (2688 2576 128 ) (2688 2576 248 ) 
4 340 343 (2560 2576 376 ) (2560 2576 256 ) (2688 2576 256 ) (2688 2576 376 ) 
4 340 342 (2560 2576 504 ) (2560 2576 384 ) (2688 2576 384 ) (2688 2576 504 ) 
4 340 341 (2560 2576 768 ) (2560 2576 512 ) (2688 2576 512 ) (2688 2576 768 ) 
4 341 346 (2600 2440 512 ) (2648 2440 512 ) (2648 2440 620 ) (2600 2440 620 ) 
4 345 348 (2600 2440 0 ) (2648 2440 0 ) (2648 2440 108 ) (2600 2440 108 ) 
4 346 347 (2648 2438 512 ) (2648 2438 620 ) (2600 2438 620 ) (2600 2438 512 ) 
4 347 360 (2600 2432 620 ) (2600 2432 512 ) (2648 2432 512 ) (2648 2432 620 ) 
4 348 349 (2648 2434 0 ) (2648 2434 108 ) (2600 2434 108 ) (2600 2434 0 ) 
4 349 370 (2600 2432 108 ) (2600 2432 0 ) (2648 2432 0 ) (2648 2432 108 ) 
4 350 411 (2048 2432 552 ) (2048 2432 624 ) (2048 2496 624 ) (2048 2496 552 ) 
4 350 364 (2048 2432 640 ) (2048 2432 512 ) (2304 2432 512 ) (2304 2432 640 ) 
4 350 352 (2048 2432 768 ) (2048 2432 640 ) (2304 2432 640 ) (2304 2432 768 ) 
3 351 363 (2368 2304 640 ) (2304 2304 640 ) (2304 2368 640 ) 
4 351 355 (2304 2304 640 ) (2368 2304 640 ) (2368 2304 768 ) (2304 2304 768 ) 
4 351 352 (2304 2368 640 ) (2304 2304 640 ) (2304 2304 768 ) (2304 2368 768 ) 
4 352 407 (2048 2304 768 ) (2048 2432 768 ) (2048 2432 640 ) (2048 2304 640 ) 
4 352 364 (2048 2304 640 ) (2048 2432 640 ) (2304 2432 640 ) (2304 2304 640 ) 
4 352 355 (2048 2304 640 ) (2304 2304 640 ) (2304 2304 768 ) (2048 2304 768 ) 
4 353 361 (2448 2304 640 ) (2752 2304 640 ) (2752 2048 640 ) (2448 2048 640 ) 
4 353 359 (2752 2304 640 ) (2944 2304 640 ) (2944 2048 640 ) (2752 2048 640 ) 
4 353 356 (2944 2304 640 ) (3072 2304 640 ) (3072 2048 640 ) (2944 2048 640 ) 
4 353 354 (2448 2272 640 ) (2448 2080 640 ) (2448 2080 656 ) (2448 2272 656 ) 
4 354 362 (2448 2272 640 ) (2448 2080 640 ) (2432 2080 640 ) (2432 2272 640 ) 
4 354 355 (2432 2272 640 ) (2432 2080 640 ) (2432 2080 656 ) (2432 2272 656 ) 
4 355 409 (2048 2048 640 ) (2048 2048 768 ) (2048 2304 768 ) (2048 2304 640 ) 
4 355 365 (2048 2048 640 ) (2048 2304 640 ) (2432 2304 640 ) (2432 2048 640 ) 
4 356 367 (2992 2064 512 ) (2992 2112 512 ) (3040 2112 512 ) (3040 2064 512 ) 
4 356 366 (2992 2240 512 ) (2992 2288 512 ) (3040 2288 512 ) (3040 2240 512 ) 
4 356 359 (2944 2304 512 ) (2944 2048 512 ) (2944 2048 640 ) (2944 2304 640 ) 
4 357 358 (2820 2312 512 ) (2876 2312 512 ) (2876 2312 640 ) (2820 2312 640 ) 
4 358 359 (2820 2304 512 ) (2876 2304 512 ) (2876 2304 640 ) (2820 2304 640 ) 
4 359 376 (2944 2048 640 ) (2752 2048 640 ) (2752 2048 512 ) (2944 2048 512 ) 
4 359 361 (2752 2304 512 ) (2752 2048 512 ) (2752 2048 640 ) (2752 2304 640 ) 
4 360 361 (2560 2304 512 ) (2688 2304 512 ) (2688 2304 640 ) (2560 2304 640 ) 
4 361 376 (2752 2048 640 ) (2560 2048 640 ) (2560 2048 512 ) (2752 2048 512 ) 
4 361 362 (2448 2272 512 ) (2448 2080 512 ) (2448 2080 640 ) (2448 2272 640 ) 
4 362 365 (2432 2272 512 ) (2432 2080 512 ) (2432 2080 640 ) (2432 2272 640 ) 
4 363 364 (2304 2368 512 ) (2304 2304 512 ) (2304 2304 640 ) (2304 2368 640 ) 
4 363 365 (2304 2304 512 ) (2368 2304 512 ) (2368 2304 640 ) (2304 2304 640 ) 
4 364 421 (2048 2312 512 ) (2048 2304 512 ) (2048 2304 552 ) (2048 2312 552 ) 
4 364 420 (2048 2304 552 ) (2048 2304 624 ) (2048 2312 624 ) (2048 2312 552 ) 
4 364 419 (2048 2432 552 ) (2048 2432 512 ) (2048 2312 512 ) (2048 2312 552 ) 
4 364 417 (2048 2432 624 ) (2048 2432 552 ) (2048 2312 552 ) (2048 2312 624 ) 
4 364 416 (2048 2304 640 ) (2048 2312 640 ) (2048 2312 624 ) (2048 2304 624 ) 
4 364 415 (2048 2312 640 ) (2048 2432 640 ) (2048 2432 624 ) (2048 2312 624 ) 
4 364 365 (2048 2304 512 ) (2304 2304 512 ) (2304 2304 640 ) (2048 2304 640 ) 
4 365 425 (2048 2048 512 ) (2048 2048 640 ) (2048 2304 640 ) (2048 2304 512 ) 
4 365 377 (2124 2048 640 ) (2068 2048 640 ) (2068 2048 512 ) (2124 2048 512 ) 
4 368 379 (2992 2048 161.230774 ) (2992 2048 128 ) (3004 2048 128 ) (2999 2048 151 ) 
4 368 371 (2992 2304 128 ) (3004 2304 128 ) (3004 2048 128 ) (2992 2048 128 ) 
4 368 369 (2992 2304 161.230774 ) (2992 2304 128 ) (2992 2048 128 ) (2992 2048 161.230804 ) 
9 369 379 (2889 2048 151 ) (2884 2048 128 ) (2992 2048 128 ) (2992 2048 161.230789 ) (2986 2048 170 ) (2967 2048 183 ) (2944 2048 188 ) (2921 2048 183 ) (2902 2048 170 ) 
4 369 371 (2884 2304 128 ) (2992 2304 128 ) (2992 2048 128 ) (2884 2048 128 ) 
4 370 373 (2352 2304 0 ) (2688 2304 0 ) (2688 2304 128 ) (2352 2304 128 ) 
4 370 372 (2688 2304 0 ) (2816 2304 0 ) (2816 2304 128 ) (2688 2304 128 ) 
9 371 380 (3004 2048 128 ) (2884 2048 128 ) (2889 2048 105 ) (2902 2048 86 ) (2921 2048 73 ) (2944 2048 68 ) (2967 2048 73 ) (2986 2048 86 ) (2999 2048 105 ) 
4 372 373 (2688 2304 128 ) (2688 2304 0 ) (2688 2176 0 ) (2688 2176 128 ) 
4 373 374 (2600 2176 0 ) (2648 2176 0 ) (2648 2176 108 ) (2600 2176 108 ) 
4 374 375 (2600 2168 0 ) (2648 2168 0 ) (2648 2168 108 ) (2600 2168 108 ) 
4 375 381 (2688 2048 128 ) (2560 2048 128 ) (2560 2048 0 ) (2688 2048 0 ) 
4 377 378 (2068 2040 512 ) (2124 2040 512 ) (2124 2040 640 ) (2068 2040 640 ) 
4 378 439 (2048 1940 512 ) (2048 1856 512 ) (2048 1856 640 ) (2048 1940 640 ) 
4 378 436 (2048 1996 512 ) (2048 1940 512 ) (2048 1940 640 ) (2048 1996 640 ) 
4 378 434 (2048 2040 512 ) (2048 1996 512 ) (2048 1996 640 ) (2048 2040 640 ) 
9 379 385 (2967 1792 183 ) (2944 1792 188 ) (2921 1792 183 ) (2902 1792 170 ) (2889 1792 151 ) (2884 1792 128 ) (3004 1792 128 ) (2999 1792 151 ) (2986 1792 170 ) 
4 379 382 (3004 1792 128 ) (2884 1792 128 ) (2884 1800 128 ) (3004 1800 128 ) 
4 379 380 (2884 1800 128 ) (2884 2048 128 ) (3004 2048 128 ) (3004 1800 128 ) 
9 380 382 (3004 1800 128 ) (2884 1800 128 ) (2889 1800 105 ) (2902 1800 86 ) (2921 1800 73 ) (2944 1800 68 ) (2967 1800 73 ) (2986 1800 86 ) (2999 1800 105 ) 
4 381 383 (2600 1800 108 ) (2600 1800 0 ) (2648 1800 0 ) (2648 1800 108 ) 
9 382 385 (3004 1792 128 ) (2884 1792 128 ) (2889 1792 105 ) (2902 1792 86 ) (2921 1792 73 ) (2944 1792 68 ) (2967 1792 73 ) (2986 1792 86 ) (2999 1792 105 ) 
4 383 384 (2648 1794 0 ) (2648 1794 108 ) (2600 1794 108 ) (2600 1794 0 ) 
4 384 396 (2600 1792 8 ) (2600 1792 0 ) (2648 1792 0 ) (2648 1792 8 ) 
4 384 388 (2600 1792 16 ) (2600 1792 8 ) (2648 1792 8 ) (2648 1792 16 ) 
4 384 385 (2600 1792 108 ) (2600 1792 16 ) (2648 1792 16 ) (2648 1792 108 ) 
4 385 469 (3072 1024 16 ) (3072 1024 128 ) (2304 1024 128 ) (2304 1024 16 ) 
4 385 468 (3072 1024 128 ) (3072 1024 256 ) (2304 1024 256 ) (2304 1024 128 ) 
4 385 386 (3008 1408 16 ) (3008 1792 16 ) (3072 1792 16 ) (3072 1408 16 ) 
4 385 387 (3072 1024 16 ) (3008 1024 16 ) (3008 1152 16 ) (3072 1152 16 ) 
4 385 388 (3008 1024 16 ) (2304 1024 16 ) (2304 1792 16 ) (3008 1792 16 ) 
4 386 394 (3008 1408 8 ) (3008 1792 8 ) (3016 1792 8 ) (3016 1408 8 ) 
4 386 391 (3016 1792 8 ) (3032 1792 8 ) (3032 1408 8 ) (3016 1408 8 ) 
4 386 389 (3032 1792 8 ) (3072 1792 8 ) (3072 1408 8 ) (3032 1408 8 ) 
4 386 388 (3008 1792 8 ) (3008 1408 8 ) (3008 1408 16 ) (3008 1792 16 ) 
4 387 469 (3072 1024 8 ) (3072 1024 16 ) (3008 1024 16 ) (3008 1024 8 ) 
4 387 397 (3016 1024 8 ) (3008 1024 8 ) (3008 1152 8 ) (3016 1152 8 ) 
4 387 393 (3072 1024 8 ) (3016 1024 8 ) (3016 1152 8 ) (3072 1152 8 ) 
4 387 388 (3008 1152 8 ) (3008 1024 8 ) (3008 1024 16 ) (3008 1152 16 ) 
4 388 469 (3008 1024 16 ) (2304 1024 16 ) (2304 1024 8 ) (3008 1024 8 ) 
4 388 396 (2304 1152 8 ) (2304 1792 8 ) (3008 1792 8 ) (3008 1152 8 ) 
4 388 397 (3008 1024 8 ) (2304 1024 8 ) (2304 1152 8 ) (3008 1152 8 ) 
4 389 398 (3032 1792 -120 ) (3072 1792 -120 ) (3072 1408 -120 ) (3032 1408 -120 ) 
4 389 391 (3032 1792 -120 ) (3032 1408 -120 ) (3032 1408 8 ) (3032 1792 8 ) 
4 389 390 (3032 1408 -28 ) (3032 1408 -80 ) (3072 1408 -80 ) (3072 1408 -28 ) 
4 390 392 (3072 1400 -80 ) (3072 1400 -28 ) (3032 1400 -28 ) (3032 1400 -80 ) 
4 391 398 (3016 1792 -120 ) (3032 1792 -120 ) (3032 1408 -120 ) (3016 1408 -120 ) 
4 391 394 (3016 1792 -120 ) (3016 1408 -120 ) (3016 1408 8 ) (3016 1792 8 ) 
4 392 395 (3016 1236 -120 ) (3016 1188 -120 ) (3016 1188 -12 ) (3016 1236 -12 ) 
4 393 469 (3072 1024 0 ) (3072 1024 8 ) (3016 1024 8 ) (3016 1024 0 ) 
4 393 399 (3072 1152 -120 ) (3072 1024 -120 ) (3016 1024 -120 ) (3016 1152 -120 ) 
4 393 397 (3016 1152 -120 ) (3016 1024 -120 ) (3016 1024 8 ) (3016 1152 8 ) 
4 394 398 (3008 1792 -120 ) (3016 1792 -120 ) (3016 1408 -120 ) (3008 1408 -120 ) 
4 394 396 (3008 1792 -120 ) (3008 1408 -120 ) (3008 1408 8 ) (3008 1792 8 ) 
4 395 396 (3008 1236 -120 ) (3008 1188 -120 ) (3008 1188 -12 ) (3008 1236 -12 ) 
4 396 400 (2304 1792 -120 ) (3008 1792 -120 ) (3008 1152 -120 ) (2304 1152 -120 ) 
4 396 397 (2304 1152 8 ) (2304 1152 -120 ) (3008 1152 -120 ) (3008 1152 8 ) 
4 397 480 (2304 1024 -32 ) (2304 1024 -120 ) (2688 1024 -120 ) (2688 1024 -32 ) 
4 397 479 (2944 1024 -120 ) (3008 1024 -120 ) (3008 1024 -32 ) (2944 1024 -32 ) 
4 397 474 (2304 1024 0 ) (2304 1024 -32 ) (2688 1024 -32 ) (2688 1024 0 ) 
4 397 473 (2944 1024 -32 ) (3008 1024 -32 ) (3008 1024 0 ) (2944 1024 0 ) 
4 397 469 (3016 1024 8 ) (2304 1024 8 ) (2304 1024 0 ) (3016 1024 0 ) 
4 397 399 (3016 1152 -120 ) (3016 1024 -120 ) (3008 1024 -120 ) (3008 1152 -120 ) 
4 397 400 (3008 1024 -120 ) (2304 1024 -120 ) (2304 1152 -120 ) (3008 1152 -120 ) 
4 398 401 (3008 1408 -128 ) (3008 1792 -128 ) (3072 1792 -128 ) (3072 1408 -128 ) 
4 398 400 (3008 1792 -128 ) (3008 1408 -128 ) (3008 1408 -120 ) (3008 1792 -120 ) 
4 399 400 (3008 1152 -128 ) (3008 1024 -128 ) (3008 1024 -120 ) (3008 1152 -120 ) 
4 400 480 (2688 1024 -120 ) (2304 1024 -120 ) (2304 1024 -128 ) (2688 1024 -128 ) 
4 400 479 (3008 1024 -120 ) (2944 1024 -120 ) (2944 1024 -128 ) (3008 1024 -128 ) 
4 400 403 (2688 1024 -128 ) (2304 1024 -128 ) (2304 1792 -128 ) (2688 1792 -128 ) 
4 400 402 (2688 1280 -128 ) (2688 1792 -128 ) (3008 1792 -128 ) (3008 1280 -128 ) 
4 401 404 (3008 1792 -160 ) (3072 1792 -160 ) (3072 1408 -160 ) (3008 1408 -160 ) 
4 401 402 (3008 1408 -128 ) (3008 1792 -128 ) (3008 1792 -160 ) (3008 1408 -160 ) 
4 402 405 (2688 1792 -160 ) (3008 1792 -160 ) (3008 1280 -160 ) (2688 1280 -160 ) 
4 402 403 (2688 1280 -128 ) (2688 1792 -128 ) (2688 1792 -160 ) (2688 1280 -160 ) 
4 403 484 (2688 1024 -128 ) (2304 1024 -128 ) (2304 1024 -160 ) (2688 1024 -160 ) 
4 403 406 (2304 1792 -160 ) (2688 1792 -160 ) (2688 1024 -160 ) (2304 1024 -160 ) 
4 404 405 (3008 1792 -160 ) (3008 1792 -256 ) (3008 1408 -256 ) (3008 1408 -160 ) 
4 405 406 (2688 1792 -160 ) (2688 1792 -256 ) (2688 1280 -256 ) (2688 1280 -160 ) 
4 406 487 (2688 1024 -160 ) (2304 1024 -160 ) (2304 1024 -256 ) (2688 1024 -256 ) 
4 407 416 (2048 2312 640 ) (2048 2304 640 ) (1920 2304 640 ) (1928 2312 640 ) 
3 407 415 (2048 2432 640 ) (2048 2312 640 ) (1928 2312 640 ) 
4 407 409 (1920 2304 640 ) (2048 2304 640 ) (2048 2304 768 ) (1920 2304 768 ) 
4 408 423 (1536 2560 640 ) (1536 2312 640 ) (1152 2312 640 ) (1152 2560 640 ) 
4 409 426 (1024 2048 640 ) (1024 2048 768 ) (1024 2304 768 ) (1024 2304 640 ) 
4 409 425 (2048 2048 640 ) (1024 2048 640 ) (1024 2304 640 ) (2048 2304 640 ) 
4 410 413 (1544 2508 512 ) (1544 2496 512 ) (1544 2496 620 ) (1544 2508 620 ) 
4 410 412 (1544 2496 640 ) (1544 2496 512 ) (2040 2496 512 ) (2040 2496 640 ) 
4 411 417 (2048 2432 552 ) (2048 2432 624 ) (2040 2432 624 ) (2040 2432 552 ) 
4 411 412 (2040 2496 624 ) (2040 2496 552 ) (2040 2432 552 ) (2040 2432 624 ) 
4 412 418 (1664 2432 512 ) (2040 2432 512 ) (2040 2432 552 ) (1664 2432 552 ) 
4 412 417 (2040 2432 552 ) (2040 2432 624 ) (1664 2432 624 ) (1664 2432 552 ) 
4 412 414 (2040 2432 624 ) (2040 2432 640 ) (1664 2432 640 ) (1664 2432 624 ) 
4 412 413 (1544 2496 512 ) (1544 2460 512 ) (1544 2460 620 ) (1544 2496 620 ) 
4 413 423 (1536 2508 512 ) (1536 2460 512 ) (1536 2460 620 ) (1536 2508 620 ) 
4 414 417 (1664 2312 624 ) (1664 2432 624 ) (2040 2432 624 ) (1920 2312 624 ) 
3 415 417 (2048 2432 624 ) (2048 2312 624 ) (1928 2312 624 ) 
4 415 416 (1928 2312 624 ) (2048 2312 624 ) (2048 2312 640 ) (1928 2312 640 ) 
4 416 420 (2048 2304 624 ) (1920 2304 624 ) (1928 2312 624 ) (2048 2312 624 ) 
4 416 425 (2048 2304 624 ) (2048 2304 640 ) (1920 2304 640 ) (1920 2304 624 ) 
4 417 422 (1756 2312 620 ) (1756 2312 552 ) (1804 2312 552 ) (1804 2312 620 ) 
4 417 420 (2048 2312 624 ) (1856 2312 624 ) (1856 2312 552 ) (2048 2312 552 ) 
4 417 418 (1920 2312 552 ) (1664 2312 552 ) (1664 2432 552 ) (2040 2432 552 ) 
3 417 419 (2048 2312 552 ) (1928 2312 552 ) (2048 2432 552 ) 
4 418 422 (1756 2312 512 ) (1804 2312 512 ) (1804 2312 552 ) (1756 2312 552 ) 
4 419 421 (1928 2312 512 ) (2048 2312 512 ) (2048 2312 552 ) (1928 2312 552 ) 
4 420 421 (2048 2304 552 ) (1920 2304 552 ) (1928 2312 552 ) (2048 2312 552 ) 
4 420 425 (2048 2304 552 ) (2048 2304 624 ) (1856 2304 624 ) (1856 2304 552 ) 
4 421 425 (1920 2304 512 ) (2048 2304 512 ) (2048 2304 552 ) (1920 2304 552 ) 
4 422 425 (1756 2304 512 ) (1804 2304 512 ) (1804 2304 620 ) (1756 2304 620 ) 
4 423 424 (1272 2312 512 ) (1372 2312 512 ) (1372 2312 640 ) (1272 2312 640 ) 
4 424 425 (1272 2304 512 ) (1372 2304 512 ) (1372 2304 640 ) (1272 2304 640 ) 
4 425 455 (1184 2048 636 ) (1184 2048 512 ) (1376 2048 512 ) (1376 2048 636 ) 
4 425 433 (1880 2048 640 ) (1824 2048 640 ) (1824 2048 512 ) (1880 2048 512 ) 
4 425 426 (1024 2048 512 ) (1024 2048 640 ) (1024 2304 640 ) (1024 2304 512 ) 
4 426 430 (896 2080 724 ) (896 2144 724 ) (896 2144 684 ) (896 2080 684 ) 
4 426 427 (896 2208 724 ) (896 2272 724 ) (896 2272 684 ) (896 2208 684 ) 
4 427 428 (894 2272 724 ) (894 2272 684 ) (894 2208 684 ) (894 2208 724 ) 
4 428 429 (890 2272 724 ) (890 2272 684 ) (890 2208 684 ) (890 2208 724 ) 
4 430 431 (894 2144 724 ) (894 2144 684 ) (894 2080 684 ) (894 2080 724 ) 
4 431 432 (890 2144 724 ) (890 2144 684 ) (890 2080 684 ) (890 2080 724 ) 
4 433 435 (1824 2040 512 ) (1880 2040 512 ) (1880 2040 640 ) (1824 2040 640 ) 
4 434 436 (1992 1996 512 ) (2048 1996 512 ) (2048 1996 640 ) (1992 1996 640 ) 
4 435 438 (1792 1996 512 ) (1976 1996 512 ) (1976 1996 640 ) (1792 1996 640 ) 
4 436 439 (1992 1940 512 ) (2048 1940 512 ) (2048 1940 640 ) (1992 1940 640 ) 
4 436 437 (1992 1996 624 ) (1992 1996 512 ) (1992 1940 512 ) (1992 1940 624 ) 
4 437 438 (1976 1996 624 ) (1976 1996 512 ) (1976 1940 512 ) (1976 1940 624 ) 
4 438 440 (1792 1940 512 ) (1976 1940 512 ) (1976 1940 640 ) (1792 1940 640 ) 
4 441 445 (1664 1792 880 ) (1664 1792 448 ) (1664 1536 448 ) (1664 1536 880 ) 
4 442 445 (1664 1792 440 ) (1664 1792 320 ) (1664 1536 320 ) (1664 1536 440 ) 
4 443 445 (1664 1792 312 ) (1664 1792 192 ) (1664 1536 192 ) (1664 1536 312 ) 
4 444 445 (1664 1792 184 ) (1664 1792 64 ) (1664 1536 64 ) (1664 1536 184 ) 
4 445 450 (1568 1792 248 ) (1568 1792 128 ) (1568 1536 128 ) (1568 1536 248 ) 
4 445 451 (1568 1792 120 ) (1568 1792 0 ) (1568 1536 0 ) (1568 1536 120 ) 
4 445 449 (1568 1792 376 ) (1568 1792 256 ) (1568 1536 256 ) (1568 1536 376 ) 
4 445 447 (1568 1792 880 ) (1568 1792 512 ) (1568 1536 512 ) (1568 1536 880 ) 
4 445 448 (1568 1792 504 ) (1568 1792 384 ) (1568 1536 384 ) (1568 1536 504 ) 
4 445 446 (1568 1792 896 ) (1568 1792 880 ) (1568 1536 880 ) (1568 1536 896 ) 
4 446 447 (1536 1792 880 ) (1568 1792 880 ) (1568 1536 880 ) (1536 1536 880 ) 
4 447 452 (1416 1660 512 ) (1416 1612 512 ) (1416 1612 620 ) (1416 1660 620 ) 
4 451 453 (1416 1688 0 ) (1416 1640 0 ) (1416 1640 108 ) (1416 1688 108 ) 
4 452 456 (1408 1660 620 ) (1408 1660 512 ) (1408 1612 512 ) (1408 1612 620 ) 
4 453 460 (1408 1688 108 ) (1408 1688 0 ) (1408 1640 0 ) (1408 1640 108 ) 
4 454 456 (1152 2040 896 ) (1152 2040 768 ) (1408 2040 768 ) (1408 2040 896 ) 
4 455 456 (1184 2040 512 ) (1376 2040 512 ) (1376 2040 636 ) (1184 2040 636 ) 
4 456 464 (1152 1920 512 ) (1152 1408 512 ) (1152 1408 640 ) (1152 1920 640 ) 
4 456 459 (1184 1280 512 ) (1232 1280 512 ) (1232 1280 620 ) (1184 1280 620 ) 
4 456 458 (1328 1280 620 ) (1328 1280 640 ) (1184 1280 640 ) (1184 1280 620 ) 
4 456 457 (1328 1280 512 ) (1376 1280 512 ) (1376 1280 640 ) (1328 1280 640 ) 
4 457 458 (1328 1272 620 ) (1328 1272 640 ) (1328 1280 640 ) (1328 1280 620 ) 
4 458 459 (1184 1272 620 ) (1184 1280 620 ) (1232 1280 620 ) (1232 1272 620 ) 
4 460 461 (1320 1408 0 ) (1368 1408 0 ) (1368 1408 108 ) (1320 1408 108 ) 
4 461 462 (1320 1400 0 ) (1368 1400 0 ) (1368 1400 108 ) (1320 1400 108 ) 
4 462 463 (1280 1152 0 ) (1408 1152 0 ) (1408 1152 128 ) (1280 1152 128 ) 
4 463 489 (1408 1024 0 ) (1408 1024 128 ) (1280 1024 128 ) (1280 1024 0 ) 
4 463 465 (1152 1152 0 ) (1152 1024 0 ) (1152 1024 128 ) (1152 1152 128 ) 
4 465 466 (1032 1112 0 ) (1032 1064 0 ) (1032 1064 108 ) (1032 1112 108 ) 
4 466 467 (1024 1112 0 ) (1024 1064 0 ) (1024 1064 108 ) (1024 1112 108 ) 
4 468 469 (2304 768 128 ) (2304 1024 128 ) (3072 1024 128 ) (3072 768 128 ) 
4 469 475 (2560 768 0 ) (2304 768 0 ) (2304 896 0 ) (2560 896 0 ) 
4 469 474 (2304 1024 0 ) (2688 1024 0 ) (2688 896 0 ) (2304 896 0 ) 
4 469 473 (2944 1024 0 ) (3008 1024 0 ) (3008 832 0 ) (2944 832 0 ) 
4 470 476 (3072 256 0 ) (3072 0 0 ) (2320 0 0 ) (2320 256 0 ) 
4 470 471 (2320 192 0 ) (2320 64 0 ) (2320 64 40 ) (2320 192 40 ) 
4 471 477 (2304 64 0 ) (2304 192 0 ) (2320 192 0 ) (2320 64 0 ) 
4 471 472 (2304 192 0 ) (2304 64 0 ) (2304 64 40 ) (2304 192 40 ) 
4 472 499 (2048 256 0 ) (2048 0 0 ) (2048 0 128 ) (2048 256 128 ) 
4 472 478 (2048 0 0 ) (2048 256 0 ) (2304 256 0 ) (2304 0 0 ) 
4 473 479 (2944 1024 -32 ) (3008 1024 -32 ) (3008 832 -32 ) (2944 832 -32 ) 
4 474 480 (2304 896 -32 ) (2304 1024 -32 ) (2688 1024 -32 ) (2688 896 -32 ) 
4 474 475 (2304 896 0 ) (2304 896 -32 ) (2560 896 -32 ) (2560 896 0 ) 
4 475 481 (2304 768 -32 ) (2304 896 -32 ) (2560 896 -32 ) (2560 768 -32 ) 
4 476 482 (3072 0 -32 ) (2320 0 -32 ) (2320 256 -32 ) (3072 256 -32 ) 
4 476 477 (2320 192 -32 ) (2320 64 -32 ) (2320 64 0 ) (2320 192 0 ) 
4 477 483 (2304 64 -32 ) (2304 192 -32 ) (2320 192 -32 ) (2320 64 -32 ) 
4 477 478 (2304 192 -32 ) (2304 64 -32 ) (2304 64 0 ) (2304 192 0 ) 
4 478 500 (2048 256 -32 ) (2048 0 -32 ) (2048 0 0 ) (2048 256 0 ) 
4 478 486 (2304 0 -32 ) (2048 0 -32 ) (2048 256 -32 ) (2304 256 -32 ) 
4 480 484 (2304 896 -128 ) (2304 1024 -128 ) (2688 1024 -128 ) (2688 896 -128 ) 
4 480 481 (2304 896 -32 ) (2304 896 -128 ) (2560 896 -128 ) (2560 896 -32 ) 
4 481 485 (2304 768 -128 ) (2304 896 -128 ) (2560 896 -128 ) (2560 768 -128 ) 
4 482 483 (2320 192 -64 ) (2320 64 -64 ) (2320 64 -32 ) (2320 192 -32 ) 
4 483 486 (2304 64 -32 ) (2304 192 -32 ) (2304 192 -64 ) (2304 64 -64 ) 
4 484 487 (2304 1024 -160 ) (2688 1024 -160 ) (2688 896 -160 ) (2304 896 -160 ) 
4 484 485 (2560 896 -128 ) (2304 896 -128 ) (2304 896 -160 ) (2560 896 -160 ) 
4 485 488 (2560 768 -160 ) (2304 768 -160 ) (2304 896 -160 ) (2560 896 -160 ) 
4 486 501 (2048 256 -64 ) (2048 0 -64 ) (2048 0 -32 ) (2048 256 -32 ) 
4 487 488 (2304 896 -160 ) (2304 896 -256 ) (2560 896 -256 ) (2560 896 -160 ) 
4 489 490 (1308 904 0 ) (1356 904 0 ) (1356 904 108 ) (1308 904 108 ) 
4 490 491 (1308 896 0 ) (1356 896 0 ) (1356 896 108 ) (1308 896 108 ) 
4 491 493 (1160 680 100 ) (1160 760 100 ) (1160 760 44 ) (1160 680 44 ) 
4 491 492 (1220 648 0 ) (1268 648 0 ) (1268 648 108 ) (1220 648 108 ) 
4 492 495 (1220 640 0 ) (1268 640 0 ) (1268 640 108 ) (1220 640 108 ) 
4 493 494 (1152 680 100 ) (1152 760 100 ) (1152 760 44 ) (1152 680 44 ) 
4 494 495 (1024 640 0 ) (1152 640 0 ) (1152 640 128 ) (1024 640 128 ) 
4 495 496 (1128 392 0 ) (1176 392 0 ) (1176 392 108 ) (1128 392 108 ) 
4 496 497 (1176 386 0 ) (1176 386 108 ) (1128 386 108 ) (1128 386 0 ) 
4 497 498 (1128 384 0 ) (1176 384 0 ) (1176 384 108 ) (1128 384 108 ) 
4 498 499 (1024 256 0 ) (1280 256 0 ) (1280 256 128 ) (1024 256 128 ) 
4 499 502 (1024 0 0 ) (1024 0 128 ) (1024 256 128 ) (1024 256 0 ) 
4 499 500 (1024 0 0 ) (1024 256 0 ) (2048 256 0 ) (2048 0 0 ) 
4 500 502 (1024 0 -32 ) (1024 0 0 ) (1024 256 0 ) (1024 256 -32 ) 
4 500 501 (2048 0 -32 ) (1024 0 -32 ) (1024 256 -32 ) (2048 256 -32 ) 
4 501 503 (1024 0 -64 ) (1024 0 -32 ) (1024 256 -32 ) (1024 256 -64 ) 
4 502 504 (0 192 -32 ) (0 64 -32 ) (0 64 40 ) (0 192 40 ) 
4 502 503 (0 0 -32 ) (0 256 -32 ) (1024 256 -32 ) (1024 0 -32 ) 
4 503 506 (0 64 -32 ) (0 192 -32 ) (0 192 -64 ) (0 64 -64 ) 
4 504 506 (-16 64 -32 ) (-16 192 -32 ) (0 192 -32 ) (0 64 -32 ) 
4 504 505 (-16 192 40 ) (-16 192 -32 ) (-16 64 -32 ) (-16 64 40 ) 
4 505 507 (-16 0 -32 ) (-1024 0 -32 ) (-1024 256 -32 ) (-16 256 -32 ) 
4 506 507 (-16 192 -64 ) (-16 64 -64 ) (-16 64 -32 ) (-16 192 -32 ) 
