PRT1
509
975
4 0 17 (5632 7168 1152 ) (5120 7168 1152 ) (5120 7168 384 ) (5632 7168 384 ) 
4 0 4 (5120 7168 384 ) (5120 7168 1152 ) (5120 7680 1152 ) (5120 7680 384 ) 
4 1 3 (3456 8200 640 ) (3456 8352 640 ) (3712 8352 640 ) (3712 8200 640 ) 
4 1 2 (3532 8200 640 ) (3636 8200 640 ) (3636 8200 754 ) (3532 8200 754 ) 
4 2 13 (3532 8192 754 ) (3532 8192 640 ) (3636 8192 640 ) (3636 8192 754 ) 
4 4 19 (5120 7168 384 ) (5120 7168 1152 ) (4864 7168 1152 ) (4864 7168 384 ) 
4 5 13 (3456 8192 768 ) (3712 8192 768 ) (3712 7680 768 ) (3456 7680 768 ) 
4 5 6 (3456 7680 768 ) (3712 7680 768 ) (3712 7680 896 ) (3456 7680 896 ) 
4 6 122 (3072 7424 896 ) (3072 7680 896 ) (3072 7680 768 ) (3072 7424 768 ) 
4 6 14 (3712 7424 768 ) (3072 7424 768 ) (3072 7680 768 ) (3712 7680 768 ) 
4 6 7 (3456 7424 768 ) (3712 7424 768 ) (3712 7424 896 ) (3456 7424 896 ) 
4 7 15 (3712 7176 768 ) (3456 7176 768 ) (3456 7424 768 ) (3712 7424 768 ) 
4 7 11 (3512 7176 868 ) (3472 7176 868 ) (3472 7176 784 ) (3512 7176 784 ) 
4 7 10 (3568 7176 868 ) (3528 7176 868 ) (3528 7176 784 ) (3568 7176 784 ) 
4 7 8 (3696 7176 868 ) (3656 7176 868 ) (3656 7176 784 ) (3696 7176 784 ) 
4 7 9 (3640 7176 868 ) (3600 7176 868 ) (3600 7176 784 ) (3640 7176 784 ) 
4 8 29 (3696 7168 868 ) (3656 7168 868 ) (3656 7168 784 ) (3696 7168 784 ) 
4 9 29 (3640 7168 868 ) (3600 7168 868 ) (3600 7168 784 ) (3640 7168 784 ) 
4 10 29 (3568 7168 868 ) (3528 7168 868 ) (3528 7168 784 ) (3568 7168 784 ) 
4 11 29 (3512 7168 868 ) (3472 7168 868 ) (3472 7168 784 ) (3512 7168 784 ) 
4 12 13 (3712 7808 640 ) (3712 7680 640 ) (3712 7680 768 ) (3712 7808 768 ) 
4 12 14 (3712 7680 640 ) (3840 7680 640 ) (3840 7680 768 ) (3712 7680 768 ) 
4 13 14 (3456 7680 640 ) (3712 7680 640 ) (3712 7680 768 ) (3456 7680 768 ) 
4 14 122 (3072 7424 768 ) (3072 7680 768 ) (3072 7680 640 ) (3072 7424 640 ) 
4 14 15 (3456 7424 640 ) (3712 7424 640 ) (3712 7424 768 ) (3456 7424 768 ) 
4 15 16 (3536 7176 640 ) (3632 7176 640 ) (3632 7176 748 ) (3536 7176 748 ) 
4 16 29 (3632 7168 748 ) (3536 7168 748 ) (3536 7168 640 ) (3632 7168 640 ) 
4 17 34 (5376 6144 1152 ) (5120 6144 1152 ) (5120 6144 384 ) (5376 6144 384 ) 
4 17 32 (5632 6144 384 ) (5632 6144 1152 ) (5376 6144 1152 ) (5376 6144 384 ) 
4 17 27 (5120 6400 384 ) (5120 6144 384 ) (5120 6144 640 ) (5120 6400 640 ) 
4 17 21 (5120 6144 640 ) (5120 6144 768 ) (5120 6400 768 ) (5120 6400 640 ) 
4 17 20 (5120 6144 768 ) (5120 6144 1152 ) (5120 6400 1152 ) (5120 6400 768 ) 
4 17 19 (5120 7168 1152 ) (5120 7168 384 ) (5120 6400 384 ) (5120 6400 1152 ) 
4 17 18 (5632 6784 384 ) (5632 6272 384 ) (5376 6272 384 ) (5376 6784 384 ) 
4 19 27 (5120 6400 384 ) (5120 6400 640 ) (4864 6400 640 ) (4864 6400 384 ) 
4 19 21 (5120 6400 640 ) (5120 6400 768 ) (4864 6400 768 ) (4864 6400 640 ) 
4 19 20 (5120 6400 768 ) (5120 6400 1152 ) (4864 6400 1152 ) (4864 6400 768 ) 
4 20 41 (4944 6144 776 ) (4656 6144 776 ) (4656 6144 768 ) (4944 6144 768 ) 
4 20 40 (5120 6144 768 ) (5120 6144 776 ) (4944 6144 776 ) (4944 6144 768 ) 
4 20 43 (4656 6144 776 ) (4096 6144 776 ) (4096 6144 768 ) (4656 6144 768 ) 
4 20 39 (5120 6144 776 ) (5120 6144 1152 ) (4096 6144 1152 ) (4096 6144 776 ) 
4 20 30 (4096 6144 768 ) (4096 6144 1152 ) (4096 6400 1152 ) (4096 6400 768 ) 
4 20 26 (4352 6144 768 ) (4096 6144 768 ) (4096 6400 768 ) (4352 6400 768 ) 
4 20 23 (4360 6152 768 ) (4360 6392 768 ) (4600 6392 768 ) (4600 6152 768 ) 
4 20 21 (5120 6144 768 ) (4608 6144 768 ) (4608 6400 768 ) (5120 6400 768 ) 
4 21 41 (4944 6144 768 ) (4656 6144 768 ) (4656 6144 640 ) (4944 6144 640 ) 
4 21 40 (5120 6144 640 ) (5120 6144 768 ) (4944 6144 768 ) (4944 6144 640 ) 
4 21 43 (4656 6144 768 ) (4608 6144 768 ) (4608 6144 640 ) (4656 6144 640 ) 
4 21 27 (4608 6400 640 ) (5120 6400 640 ) (5120 6144 640 ) (4608 6144 640 ) 
4 21 22 (4608 6216 676 ) (4608 6216 740 ) (4608 6312 740 ) (4608 6312 676 ) 
4 22 23 (4600 6216 676 ) (4600 6216 740 ) (4600 6312 740 ) (4600 6312 676 ) 
4 23 25 (4360 6296 640 ) (4360 6248 640 ) (4360 6248 748 ) (4360 6296 748 ) 
4 23 24 (4528 6152 676 ) (4528 6152 740 ) (4432 6152 740 ) (4432 6152 676 ) 
4 24 43 (4432 6144 740 ) (4432 6144 676 ) (4528 6144 676 ) (4528 6144 740 ) 
4 25 26 (4352 6296 640 ) (4352 6248 640 ) (4352 6248 748 ) (4352 6296 748 ) 
4 26 43 (4352 6144 768 ) (4096 6144 768 ) (4096 6144 640 ) (4352 6144 640 ) 
4 26 30 (4096 6144 640 ) (4096 6144 768 ) (4096 6400 768 ) (4096 6400 640 ) 
4 26 28 (4096 6144 640 ) (4096 6400 640 ) (4352 6400 640 ) (4352 6144 640 ) 
4 27 41 (4944 6144 640 ) (4656 6144 640 ) (4656 6144 384 ) (4944 6144 384 ) 
4 27 40 (5120 6144 384 ) (5120 6144 640 ) (4944 6144 640 ) (4944 6144 384 ) 
4 27 43 (4656 6144 640 ) (4608 6144 640 ) (4608 6144 384 ) (4656 6144 384 ) 
4 28 43 (4352 6144 640 ) (4096 6144 640 ) (4096 6144 384 ) (4352 6144 384 ) 
4 29 30 (3840 6400 640 ) (3840 6400 1152 ) (3328 6400 1152 ) (3328 6400 640 ) 
4 30 56 (3328 6144 800.307007 ) (3328 6144 640 ) (3712 6144 640 ) (3712 6144 800.307007 ) 
4 30 52 (3428 6144 800.307007 ) (3540 6144 800.307007 ) (3540 6144 897.546082 ) (3428 6144 897.546082 ) 
4 30 51 (3540 6144 800.307007 ) (3712 6144 800.307007 ) (3712 6144 897.546082 ) (3540 6144 897.546082 ) 
4 30 55 (3328 6144 897.546082 ) (3328 6144 800.307007 ) (3428 6144 800.307007 ) (3428 6144 897.546082 ) 
4 30 47 (3540 6144 1152 ) (3428 6144 1152 ) (3428 6144 897.546082 ) (3540 6144 897.546082 ) 
4 30 46 (3712 6144 1152 ) (3540 6144 1152 ) (3540 6144 897.546082 ) (3712 6144 897.546082 ) 
4 30 50 (3428 6144 1152 ) (3328 6144 1152 ) (3328 6144 897.546082 ) (3428 6144 897.546082 ) 
4 30 45 (4096 6144 640 ) (4096 6144 1152 ) (3712 6144 1152 ) (3712 6144 640 ) 
4 31 35 (6016 5120 640 ) (6016 5120 1152 ) (5632 5120 1152 ) (5632 5120 640 ) 
4 31 33 (5632 5120 768 ) (5632 5120 1152 ) (5632 5248 1152 ) (5632 5248 768 ) 
4 31 32 (5632 5248 1152 ) (5632 6144 1152 ) (5632 6144 640 ) (5632 5248 640 ) 
4 32 34 (5376 6144 1152 ) (5376 6144 384 ) (5376 5248 384 ) (5376 5248 1152 ) 
4 32 33 (5376 5248 1152 ) (5376 5248 768 ) (5632 5248 768 ) (5632 5248 1152 ) 
4 33 36 (5632 5120 768 ) (5632 5120 1152 ) (5376 5120 1152 ) (5376 5120 768 ) 
4 33 34 (5376 5120 768 ) (5376 5120 1152 ) (5376 5248 1152 ) (5376 5248 768 ) 
4 34 40 (5120 6144 776 ) (5120 6144 384 ) (5120 5120 384 ) (5120 5120 776 ) 
4 34 39 (5120 6144 1152 ) (5120 6144 776 ) (5120 5120 776 ) (5120 5120 1152 ) 
4 34 37 (5376 5120 384 ) (5376 5120 1152 ) (5120 5120 1152 ) (5120 5120 384 ) 
4 35 36 (5632 4992 768 ) (5632 4992 1152 ) (5632 5120 1152 ) (5632 5120 768 ) 
4 36 37 (5376 5120 1152 ) (5376 5120 768 ) (5376 4992 768 ) (5376 4992 1152 ) 
4 37 73 (5120 4992 384 ) (5120 4992 640 ) (5120 5120 640 ) (5120 5120 384 ) 
4 37 66 (5120 4992 640 ) (5120 4992 768 ) (5120 5112 768 ) (5120 5112 640 ) 
4 37 62 (5120 5112 768 ) (5120 5120 768 ) (5120 5120 640 ) (5120 5112 640 ) 
4 37 58 (5120 4992 768 ) (5120 4992 1152 ) (5120 5120 1152 ) (5120 5120 768 ) 
4 37 38 (5120 4992 1152 ) (5120 4992 640 ) (5376 4992 640 ) (5376 4992 1152 ) 
4 38 69 (5120 4864 768 ) (5120 4872 768 ) (5120 4872 640 ) (5120 4864 640 ) 
4 38 66 (5120 4872 768 ) (5120 4992 768 ) (5120 4992 640 ) (5120 4872 640 ) 
4 38 72 (5120 4480 640 ) (5120 4480 768 ) (5120 4864 768 ) (5120 4864 640 ) 
4 38 58 (5120 4480 768 ) (5120 4480 1152 ) (5120 4992 1152 ) (5120 4992 768 ) 
4 39 94 (4352 5120 1152 ) (4096 5120 1152 ) (4096 5120 776 ) (4352 5120 776 ) 
4 39 59 (4944 5120 1152 ) (4656 5120 1152 ) (4656 5120 776 ) (4944 5120 776 ) 
4 39 58 (5120 5120 776 ) (5120 5120 1152 ) (4944 5120 1152 ) (4944 5120 776 ) 
4 39 61 (4656 5120 1152 ) (4352 5120 1152 ) (4352 5120 776 ) (4656 5120 776 ) 
4 39 45 (4096 6144 1152 ) (4096 6144 776 ) (4096 5120 776 ) (4096 5120 1152 ) 
4 39 41 (4656 5136 776 ) (4656 6144 776 ) (4944 6144 776 ) (4944 5136 776 ) 
4 39 40 (5120 5120 776 ) (4944 5120 776 ) (4944 6144 776 ) (5120 6144 776 ) 
4 39 43 (4656 5120 776 ) (4096 5120 776 ) (4096 6144 776 ) (4656 6144 776 ) 
4 40 73 (5120 5120 384 ) (5120 5120 640 ) (4944 5120 640 ) (4944 5120 384 ) 
4 40 62 (5120 5120 640 ) (5120 5120 768 ) (4944 5120 768 ) (4944 5120 640 ) 
4 40 58 (5120 5120 768 ) (5120 5120 776 ) (4944 5120 776 ) (4944 5120 768 ) 
4 40 42 (4944 5136 384 ) (4944 5120 384 ) (4944 5120 768 ) (4944 5136 768 ) 
4 40 41 (4944 6144 384 ) (4944 5136 384 ) (4944 5136 776 ) (4944 6144 776 ) 
4 41 42 (4656 5136 768 ) (4656 5136 384 ) (4944 5136 384 ) (4944 5136 768 ) 
4 41 43 (4656 6144 384 ) (4656 5136 384 ) (4656 5136 776 ) (4656 6144 776 ) 
4 42 74 (4656 5120 640 ) (4656 5120 384 ) (4672 5120 384 ) (4672 5120 640 ) 
4 42 73 (4928 5120 384 ) (4944 5120 384 ) (4944 5120 640 ) (4928 5120 640 ) 
4 42 65 (4656 5120 768 ) (4656 5120 640 ) (4672 5120 640 ) (4672 5120 768 ) 
4 42 64 (4788 5120 676 ) (4788 5120 740 ) (4692 5120 740 ) (4692 5120 676 ) 
4 42 63 (4828 5120 640 ) (4876 5120 640 ) (4876 5120 748 ) (4828 5120 748 ) 
4 42 62 (4928 5120 640 ) (4944 5120 640 ) (4944 5120 768 ) (4928 5120 768 ) 
4 42 43 (4656 5136 384 ) (4656 5120 384 ) (4656 5120 768 ) (4656 5136 768 ) 
4 43 94 (4352 5120 776 ) (4096 5120 776 ) (4096 5120 384 ) (4352 5120 384 ) 
4 43 74 (4480 5120 384 ) (4656 5120 384 ) (4656 5120 640 ) (4480 5120 640 ) 
4 43 75 (4352 5120 640 ) (4352 5120 384 ) (4480 5120 384 ) (4480 5120 640 ) 
4 43 65 (4352 5120 768 ) (4352 5120 640 ) (4656 5120 640 ) (4656 5120 768 ) 
4 43 61 (4656 5120 776 ) (4352 5120 776 ) (4352 5120 768 ) (4656 5120 768 ) 
4 43 45 (4096 6144 776 ) (4096 6144 640 ) (4096 5120 640 ) (4096 5120 776 ) 
4 43 44 (4096 5120 384 ) (4096 5376 384 ) (4480 5376 384 ) (4480 5120 384 ) 
4 44 94 (4352 5120 384 ) (4096 5120 384 ) (4096 5120 368 ) (4352 5120 368 ) 
4 44 75 (4480 5120 384 ) (4352 5120 384 ) (4352 5120 368 ) (4480 5120 368 ) 
4 45 100 (4096 5120 640 ) (4096 5120 1152 ) (3712 5120 1152 ) (3712 5120 640 ) 
4 45 56 (3712 6144 800.307007 ) (3712 6144 640 ) (3712 5376 640 ) (3712 5376 800.307007 ) 
4 45 51 (3712 6144 897.546082 ) (3712 6144 800.307007 ) (3712 5376 800.307007 ) (3712 5376 897.546082 ) 
4 45 46 (3712 6144 1152 ) (3712 6144 897.546082 ) (3712 5376 897.546082 ) (3712 5376 1152 ) 
4 46 51 (3712 5376 897.546082 ) (3540 5376 897.546082 ) (3540 6144 897.546082 ) (3712 6144 897.546082 ) 
4 46 48 (3540 5630.850586 901.546082 ) (3540 5630.850586 1152 ) (3540 5670.850586 1152 ) (3540 5670.850586 901.546082 ) 
4 46 47 (3540 6144 897.546082 ) (3540 5670.850586 897.546082 ) (3540 5670.850586 1152 ) (3540 6144 1152 ) 
4 46 49 (3540 5630.850586 897.546082 ) (3540 5376 897.546082 ) (3540 5376 1152 ) (3540 5630.850586 1152 ) 
4 47 52 (3428 5670.850586 897.546082 ) (3428 6144 897.546082 ) (3540 6144 897.546082 ) (3540 5670.850586 897.546082 ) 
4 47 48 (3428 5670.850586 1152 ) (3428 5670.850586 901.546082 ) (3540 5670.850586 901.546082 ) (3540 5670.850586 1152 ) 
4 47 50 (3428 6144 897.546082 ) (3428 5670.850586 897.546082 ) (3428 5670.850586 1152 ) (3428 6144 1152 ) 
4 48 50 (3428 5630.850586 901.546082 ) (3428 5630.850586 1152 ) (3428 5670.850586 1152 ) (3428 5670.850586 901.546082 ) 
4 48 49 (3428 5630.850586 1152 ) (3428 5630.850586 901.546082 ) (3540 5630.850586 901.546082 ) (3540 5630.850586 1152 ) 
4 49 54 (3540 5376 897.546082 ) (3428 5376 897.546082 ) (3428 5630.850586 897.546082 ) (3540 5630.850586 897.546082 ) 
4 49 50 (3428 5630.850586 897.546082 ) (3428 5376 897.546082 ) (3428 5376 1152 ) (3428 5630.850586 1152 ) 
4 50 55 (3428 5376 897.546082 ) (3328 5376 897.546082 ) (3328 6144 897.546082 ) (3428 6144 897.546082 ) 
4 51 56 (3712 5376 800.307007 ) (3540 5376 800.307007 ) (3540 6144 800.307007 ) (3712 6144 800.307007 ) 
4 51 53 (3540 5630.850586 804.307007 ) (3540 5630.850586 897.546082 ) (3540 5670.850586 897.546082 ) (3540 5670.850586 804.307007 ) 
4 51 52 (3540 6144 800.307007 ) (3540 5670.850586 800.307007 ) (3540 5670.850586 897.546082 ) (3540 6144 897.546082 ) 
4 51 54 (3540 5630.850586 800.307007 ) (3540 5376 800.307007 ) (3540 5376 897.546082 ) (3540 5630.850586 897.546082 ) 
4 52 56 (3428 5670.850586 800.307007 ) (3428 6144 800.307007 ) (3540 6144 800.307007 ) (3540 5670.850586 800.307007 ) 
4 52 53 (3428 5670.850586 897.546082 ) (3428 5670.850586 804.307007 ) (3540 5670.850586 804.307007 ) (3540 5670.850586 897.546082 ) 
4 52 55 (3428 6144 800.307007 ) (3428 5670.850586 800.307007 ) (3428 5670.850586 897.546082 ) (3428 6144 897.546082 ) 
4 53 55 (3428 5630.850586 804.307007 ) (3428 5630.850586 897.546082 ) (3428 5670.850586 897.546082 ) (3428 5670.850586 804.307007 ) 
4 53 54 (3428 5630.850586 897.546082 ) (3428 5630.850586 804.307007 ) (3540 5630.850586 804.307007 ) (3540 5630.850586 897.546082 ) 
4 54 56 (3540 5376 800.307007 ) (3428 5376 800.307007 ) (3428 5630.850586 800.307007 ) (3540 5630.850586 800.307007 ) 
4 54 55 (3428 5630.850586 800.307007 ) (3428 5376 800.307007 ) (3428 5376 897.546082 ) (3428 5630.850586 897.546082 ) 
4 55 56 (3428 5376 800.307007 ) (3328 5376 800.307007 ) (3328 6144 800.307007 ) (3428 6144 800.307007 ) 
4 57 101 (3704 5120 1016 ) (3328 5120 1016 ) (3328 5120 640 ) (3704 5120 640 ) 
4 58 76 (4976 4480 868 ) (4944 4480 868 ) (4944 4480 784 ) (4976 4480 784 ) 
4 58 69 (4944 4864 768 ) (4944 4872 768 ) (5120 4872 768 ) (5120 4864 768 ) 
4 58 66 (4944 4872 768 ) (4944 5112 768 ) (5120 5112 768 ) (5120 4872 768 ) 
4 58 72 (5120 4480 768 ) (4944 4480 768 ) (4944 4864 768 ) (5120 4864 768 ) 
4 58 62 (4944 5112 768 ) (4944 5120 768 ) (5120 5120 768 ) (5120 5112 768 ) 
4 58 59 (4944 4848 776 ) (4944 4848 1152 ) (4944 5120 1152 ) (4944 5120 776 ) 
4 58 60 (4944 4848 768 ) (4944 4480 768 ) (4944 4480 1152 ) (4944 4848 1152 ) 
4 59 60 (4656 4848 1152 ) (4656 4848 776 ) (4944 4848 776 ) (4944 4848 1152 ) 
4 59 61 (4656 4848 776 ) (4656 4848 1152 ) (4656 5120 1152 ) (4656 5120 776 ) 
4 60 81 (4664 4480 868 ) (4656 4480 868 ) (4656 4480 784 ) (4664 4480 784 ) 
4 60 79 (4792 4480 868 ) (4752 4480 868 ) (4752 4480 784 ) (4792 4480 784 ) 
4 60 80 (4720 4480 868 ) (4680 4480 868 ) (4680 4480 784 ) (4720 4480 784 ) 
4 60 78 (4848 4480 868 ) (4808 4480 868 ) (4808 4480 784 ) (4848 4480 784 ) 
4 60 77 (4920 4480 868 ) (4880 4480 868 ) (4880 4480 784 ) (4920 4480 784 ) 
4 60 76 (4944 4480 784 ) (4944 4480 868 ) (4936 4480 868 ) (4936 4480 784 ) 
4 60 72 (4944 4480 768 ) (4656 4480 768 ) (4656 4848 768 ) (4944 4848 768 ) 
4 60 61 (4656 4848 768 ) (4656 4480 768 ) (4656 4480 1152 ) (4656 4848 1152 ) 
4 61 94 (4352 4992 1152 ) (4352 5120 1152 ) (4352 5120 768 ) (4352 4992 768 ) 
4 61 83 (4496 4480 784 ) (4536 4480 784 ) (4536 4480 868 ) (4496 4480 868 ) 
4 61 82 (4552 4480 784 ) (4592 4480 784 ) (4592 4480 868 ) (4552 4480 868 ) 
4 61 81 (4624 4480 784 ) (4656 4480 784 ) (4656 4480 868 ) (4624 4480 868 ) 
4 61 71 (4352 4864 768 ) (4352 4872 768 ) (4656 4872 768 ) (4656 4864 768 ) 
4 61 68 (4352 4872 768 ) (4352 5112 768 ) (4656 5112 768 ) (4656 4872 768 ) 
4 61 72 (4656 4480 768 ) (4352 4480 768 ) (4352 4864 768 ) (4656 4864 768 ) 
4 61 65 (4352 5112 768 ) (4352 5120 768 ) (4656 5120 768 ) (4656 5112 768 ) 
4 62 73 (4928 5120 640 ) (5120 5120 640 ) (5120 5112 640 ) (4928 5112 640 ) 
4 62 66 (4928 5112 640 ) (5120 5112 640 ) (5120 5112 768 ) (4928 5112 768 ) 
4 63 67 (4828 5112 640 ) (4876 5112 640 ) (4876 5112 748 ) (4828 5112 748 ) 
4 64 67 (4788 5112 676 ) (4788 5112 740 ) (4692 5112 740 ) (4692 5112 676 ) 
4 65 94 (4352 5112 768 ) (4352 5120 768 ) (4352 5120 640 ) (4352 5112 640 ) 
4 65 74 (4480 5120 640 ) (4672 5120 640 ) (4672 5112 640 ) (4480 5112 640 ) 
4 65 75 (4352 5112 640 ) (4352 5120 640 ) (4480 5120 640 ) (4480 5112 640 ) 
4 65 68 (4352 5112 640 ) (4672 5112 640 ) (4672 5112 768 ) (4352 5112 768 ) 
4 66 73 (4928 5112 640 ) (5120 5112 640 ) (5120 4992 640 ) (4928 4992 640 ) 
4 66 69 (4928 4872 640 ) (5120 4872 640 ) (5120 4872 768 ) (4928 4872 768 ) 
4 67 70 (4796 4872 640 ) (4844 4872 640 ) (4844 4872 748 ) (4796 4872 748 ) 
4 68 94 (4352 4992 768 ) (4352 5112 768 ) (4352 5112 640 ) (4352 4992 640 ) 
4 68 74 (4480 5112 640 ) (4672 5112 640 ) (4672 4992 640 ) (4480 4992 640 ) 
4 68 75 (4352 4992 640 ) (4352 5112 640 ) (4480 5112 640 ) (4480 4992 640 ) 
4 68 71 (4352 4872 640 ) (4672 4872 640 ) (4672 4872 768 ) (4352 4872 768 ) 
4 69 72 (4928 4864 640 ) (5120 4864 640 ) (5120 4864 768 ) (4928 4864 768 ) 
4 70 72 (4796 4864 640 ) (4844 4864 640 ) (4844 4864 748 ) (4796 4864 748 ) 
4 71 72 (4352 4864 640 ) (4672 4864 640 ) (4672 4864 768 ) (4352 4864 768 ) 
3 72 96 (4352 4776 752 ) (4352 4776 748 ) (4352 4772 748 ) 
3 72 95 (4352 4676 748 ) (4352 4672 748 ) (4352 4672 752 ) 
4 72 97 (4352 4776 748 ) (4352 4776 640 ) (4352 4672 640 ) (4352 4672 748 ) 
4 72 86 (4776 4480 640 ) (4824 4480 640 ) (4824 4480 748 ) (4776 4480 748 ) 
4 74 75 (4480 4992 384 ) (4480 4992 640 ) (4480 5120 640 ) (4480 5120 384 ) 
4 75 94 (4352 4992 368 ) (4352 4992 640 ) (4352 5120 640 ) (4352 5120 368 ) 
4 76 84 (4976 4472 868 ) (4936 4472 868 ) (4936 4472 784 ) (4976 4472 784 ) 
4 77 84 (4920 4472 868 ) (4880 4472 868 ) (4880 4472 784 ) (4920 4472 784 ) 
4 78 84 (4848 4472 868 ) (4808 4472 868 ) (4808 4472 784 ) (4848 4472 784 ) 
4 79 84 (4792 4472 868 ) (4752 4472 868 ) (4752 4472 784 ) (4792 4472 784 ) 
4 80 84 (4720 4472 868 ) (4680 4472 868 ) (4680 4472 784 ) (4720 4472 784 ) 
4 81 84 (4664 4472 868 ) (4624 4472 868 ) (4624 4472 784 ) (4664 4472 784 ) 
4 82 84 (4592 4472 868 ) (4552 4472 868 ) (4552 4472 784 ) (4592 4472 784 ) 
4 83 84 (4536 4472 868 ) (4496 4472 868 ) (4496 4472 784 ) (4536 4472 784 ) 
4 84 90 (4480 4472 768 ) (4672 4472 768 ) (4672 4224 768 ) (4480 4224 768 ) 
4 84 89 (4672 4472 768 ) (4736 4472 768 ) (4736 4224 768 ) (4672 4224 768 ) 
4 84 87 (4736 4472 768 ) (4992 4472 768 ) (4992 4224 768 ) (4736 4224 768 ) 
4 85 128 (4992 4096 896 ) (4736 4096 896 ) (4736 4096 768 ) (4992 4096 768 ) 
4 85 92 (4992 4216 768 ) (4992 4096 768 ) (4736 4096 768 ) (4736 4216 768 ) 
4 86 87 (4776 4472 640 ) (4824 4472 640 ) (4824 4472 748 ) (4776 4472 748 ) 
4 87 89 (4736 4472 768 ) (4736 4472 640 ) (4736 4224 640 ) (4736 4224 768 ) 
4 87 88 (4816 4224 640 ) (4912 4224 640 ) (4912 4224 748 ) (4816 4224 748 ) 
4 88 92 (4816 4216 640 ) (4912 4216 640 ) (4912 4216 748 ) (4816 4216 748 ) 
4 89 90 (4672 4472 768 ) (4672 4472 640 ) (4672 4224 640 ) (4672 4224 768 ) 
4 90 91 (4544 4224 640 ) (4672 4224 640 ) (4672 4224 768 ) (4544 4224 768 ) 
4 91 93 (4544 4216 640 ) (4672 4216 640 ) (4672 4216 768 ) (4544 4216 768 ) 
4 92 129 (4992 4096 768 ) (4736 4096 768 ) (4736 4096 640 ) (4992 4096 640 ) 
4 93 130 (4672 4096 768 ) (4544 4096 768 ) (4544 4096 640 ) (4672 4096 640 ) 
4 94 100 (4096 5120 1152 ) (4096 5120 640 ) (4096 4992 640 ) (4096 4992 1152 ) 
3 95 98 (4344 4672 748 ) (4344 4672 752 ) (4344 4676 748 ) 
4 95 97 (4352 4672 748 ) (4344 4672 748 ) (4344 4676 748 ) (4352 4676 748 ) 
3 96 98 (4344 4776 752 ) (4344 4776 748 ) (4344 4772 748 ) 
4 96 97 (4344 4772 748 ) (4344 4776 748 ) (4352 4776 748 ) (4352 4772 748 ) 
4 97 98 (4344 4776 640 ) (4344 4672 640 ) (4344 4672 748 ) (4344 4776 748 ) 
4 98 118 (4096 4984 768 ) (4096 4984 640 ) (4096 4672 640 ) (4096 4672 768 ) 
4 98 110 (4096 4736 768 ) (4096 4672 768 ) (4096 4672 896 ) (4096 4736 896 ) 
4 98 109 (4096 4984 896 ) (4096 4984 768 ) (4096 4736 768 ) (4096 4736 896 ) 
4 98 105 (4096 4984 1016 ) (4096 4984 896 ) (4096 4672 896 ) (4096 4672 1016 ) 
4 98 99 (4096 4672 640 ) (4344 4672 640 ) (4344 4672 1016 ) (4096 4672 1016 ) 
4 99 121 (4096 4352 640 ) (4096 4232 640 ) (4096 4232 768 ) (4096 4352 768 ) 
4 99 118 (4096 4672 768 ) (4096 4672 640 ) (4096 4352 640 ) (4096 4352 768 ) 
4 99 110 (4096 4672 896 ) (4096 4672 768 ) (4096 4232 768 ) (4096 4232 896 ) 
4 99 105 (4096 4232 1016 ) (4096 4672 1016 ) (4096 4672 896 ) (4096 4232 896 ) 
4 100 103 (4032 4992 748 ) (3936 4992 748 ) (3936 4992 640 ) (4032 4992 640 ) 
4 101 104 (3328 4992 748 ) (3328 4992 640 ) (3704 4992 640 ) (3704 4992 748 ) 
4 101 102 (3328 4992 896 ) (3328 4992 748 ) (3704 4992 748 ) (3704 4992 896 ) 
4 102 119 (3328 4984 768 ) (3328 4984 748 ) (3456 4984 748 ) (3456 4984 768 ) 
4 102 118 (3456 4984 748 ) (3712 4984 748 ) (3712 4984 768 ) (3456 4984 768 ) 
4 102 109 (3712 4984 896 ) (3328 4984 896 ) (3328 4984 768 ) (3712 4984 768 ) 
4 102 104 (3712 4984 748 ) (3328 4984 748 ) (3328 4992 748 ) (3704 4992 748 ) 
4 103 118 (4032 4984 748 ) (3936 4984 748 ) (3936 4984 640 ) (4032 4984 640 ) 
4 104 119 (3456 4984 748 ) (3328 4984 748 ) (3328 4984 640 ) (3456 4984 640 ) 
4 104 118 (3712 4984 748 ) (3456 4984 748 ) (3456 4984 640 ) (3712 4984 640 ) 
4 105 110 (4096 4736 896 ) (4096 4232 896 ) (3456 4232 896 ) (3456 4736 896 ) 
4 105 109 (3456 4984 896 ) (4096 4984 896 ) (4096 4736 896 ) (3456 4736 896 ) 
4 105 107 (3456 4352 904 ) (3456 4352 1016 ) (3456 4736 1016 ) (3456 4736 904 ) 
4 105 106 (3456 4984 896 ) (3456 4736 896 ) (3456 4736 1016 ) (3456 4984 1016 ) 
4 105 108 (3456 4352 896 ) (3456 4232 896 ) (3456 4232 1016 ) (3456 4352 1016 ) 
4 106 109 (3328 4736 896 ) (3328 4984 896 ) (3456 4984 896 ) (3456 4736 896 ) 
4 106 107 (3456 4736 904 ) (3456 4736 1016 ) (3328 4736 1016 ) (3328 4736 904 ) 
4 107 108 (3456 4352 904 ) (3456 4352 1016 ) (3328 4352 1016 ) (3328 4352 904 ) 
4 108 117 (3328 4232 896 ) (3328 4352 896 ) (3448 4352 896 ) (3448 4232 896 ) 
4 108 114 (3448 4352 896 ) (3456 4352 896 ) (3456 4232 896 ) (3448 4232 896 ) 
4 109 119 (3328 4984 768 ) (3456 4984 768 ) (3456 4736 768 ) (3328 4736 768 ) 
4 109 118 (3456 4984 768 ) (4096 4984 768 ) (4096 4736 768 ) (3456 4736 768 ) 
4 109 115 (3336 4736 768 ) (3384 4736 768 ) (3384 4736 876 ) (3336 4736 876 ) 
4 109 110 (3456 4736 768 ) (4096 4736 768 ) (4096 4736 896 ) (3456 4736 896 ) 
4 110 121 (4096 4352 768 ) (4096 4232 768 ) (3456 4232 768 ) (3456 4352 768 ) 
4 110 118 (4096 4736 768 ) (4096 4352 768 ) (3456 4352 768 ) (3456 4736 768 ) 
4 110 114 (3456 4352 768 ) (3456 4232 768 ) (3456 4232 896 ) (3456 4352 896 ) 
4 110 113 (3456 4456 812 ) (3456 4376 812 ) (3456 4376 864 ) (3456 4456 864 ) 
4 110 112 (3456 4584 812 ) (3456 4504 812 ) (3456 4504 864 ) (3456 4584 864 ) 
4 110 111 (3456 4712 812 ) (3456 4632 812 ) (3456 4632 864 ) (3456 4712 864 ) 
4 111 116 (3448 4712 812 ) (3448 4632 812 ) (3448 4632 864 ) (3448 4712 864 ) 
4 112 116 (3448 4584 812 ) (3448 4504 812 ) (3448 4504 864 ) (3448 4584 864 ) 
4 113 116 (3448 4456 812 ) (3448 4376 812 ) (3448 4376 864 ) (3448 4456 864 ) 
4 114 121 (3448 4232 768 ) (3448 4352 768 ) (3456 4352 768 ) (3456 4232 768 ) 
4 114 117 (3448 4352 768 ) (3448 4232 768 ) (3448 4232 896 ) (3448 4352 896 ) 
4 115 116 (3336 4728 768 ) (3384 4728 768 ) (3384 4728 876 ) (3336 4728 876 ) 
4 117 121 (3328 4232 768 ) (3328 4352 768 ) (3448 4352 768 ) (3448 4232 768 ) 
4 118 121 (3456 4352 640 ) (4096 4352 640 ) (4096 4352 768 ) (3456 4352 768 ) 
4 118 120 (3456 4736 640 ) (3456 4352 640 ) (3456 4352 760 ) (3456 4736 760 ) 
4 118 119 (3456 4984 640 ) (3456 4736 640 ) (3456 4736 768 ) (3456 4984 768 ) 
4 119 120 (3328 4736 760 ) (3328 4736 640 ) (3456 4736 640 ) (3456 4736 760 ) 
4 120 121 (3328 4352 760 ) (3328 4352 640 ) (3456 4352 640 ) (3456 4352 760 ) 
4 122 123 (2816 7648 784 ) (2816 7648 640 ) (2816 7456 640 ) (2816 7456 784 ) 
4 124 138 (5376 3072 640 ) (5376 3072 704 ) (5256 3072 704 ) (5256 3072 640 ) 
4 124 126 (5256 3100 684 ) (5256 3172 684 ) (5256 3172 652 ) (5256 3100 652 ) 
4 124 125 (5256 3300 684 ) (5256 3300 652 ) (5256 3228 652 ) (5256 3228 684 ) 
4 125 127 (5248 3228 684 ) (5248 3300 684 ) (5248 3300 652 ) (5248 3228 652 ) 
4 126 127 (5248 3100 652 ) (5248 3100 684 ) (5248 3172 684 ) (5248 3172 652 ) 
4 127 140 (5248 3072 512 ) (5248 3072 704 ) (5120 3072 704 ) (5120 3072 512 ) 
4 127 135 (5120 3072 512 ) (5120 3072 640 ) (5120 3328 640 ) (5120 3328 512 ) 
4 127 132 (5120 3072 640 ) (5120 3072 704 ) (5120 3328 704 ) (5120 3328 640 ) 
4 128 131 (4992 3840 768 ) (4992 3344 768 ) (4736 3344 768 ) (4736 3840 768 ) 
4 128 129 (4736 4096 768 ) (4992 4096 768 ) (4992 3840 768 ) (4736 3840 768 ) 
4 129 131 (4736 3840 640 ) (4992 3840 640 ) (4992 3840 768 ) (4736 3840 768 ) 
4 131 133 (4736 3840 640 ) (4992 3840 640 ) (4992 3344 640 ) (4736 3344 640 ) 
4 132 140 (5120 3072 640 ) (5120 3072 704 ) (4992 3072 704 ) (4992 3072 640 ) 
4 132 145 (4992 3072 704 ) (4736 3072 704 ) (4736 3072 640 ) (4992 3072 640 ) 
4 132 135 (5120 3072 640 ) (4736 3072 640 ) (4736 3328 640 ) (5120 3328 640 ) 
4 133 134 (4768 3344 512 ) (4960 3344 512 ) (4960 3344 640 ) (4768 3344 640 ) 
4 134 135 (4768 3328 512 ) (4960 3328 512 ) (4960 3328 640 ) (4768 3328 640 ) 
4 135 156 (4992 3072 640 ) (4736 3072 640 ) (4736 3072 512 ) (4992 3072 512 ) 
4 135 140 (5120 3072 512 ) (5120 3072 552 ) (4992 3072 552 ) (4992 3072 512 ) 
4 135 140 (5120 3072 624 ) (5120 3072 640 ) (4992 3072 640 ) (4992 3072 624 ) 
4 135 140 (5120 3072 552 ) (5120 3072 624 ) (4992 3072 624 ) (4992 3072 552 ) 
4 136 160 (4288 3072 640 ) (4096 3072 640 ) (4096 3072 512 ) (4288 3072 512 ) 
4 136 137 (4096 3072 512 ) (4096 3072 640 ) (4096 3136 640 ) (4096 3136 512 ) 
4 137 184 (4096 3072 512 ) (4096 3072 640 ) (4032 3072 640 ) (4032 3072 512 ) 
4 138 139 (5256 3044 684 ) (5256 3044 652 ) (5256 2972 652 ) (5256 2972 684 ) 
4 139 140 (5248 3044 684 ) (5248 3044 652 ) (5248 2972 652 ) (5248 2972 684 ) 
4 140 141 (5120 2944 624 ) (5120 2944 552 ) (5152 2944 552 ) (5152 2944 624 ) 
4 140 145 (4992 3072 640 ) (4992 2944 640 ) (4992 2944 704 ) (4992 3072 704 ) 
4 140 145 (4992 2944 640 ) (4992 2848 640 ) (4992 2848 704 ) (4992 2944 704 ) 
4 140 156 (4992 2944 640 ) (4992 3072 640 ) (4992 3072 624 ) (4992 2944 624 ) 
4 140 156 (4992 2936 640 ) (4992 2944 640 ) (4992 2944 624 ) (4992 2936 624 ) 
4 140 156 (4992 2848 640 ) (4992 2936 640 ) (4992 2936 624 ) (4992 2848 624 ) 
4 140 161 (4992 2784 552 ) (4992 2784 624 ) (4992 2816 624 ) (4992 2816 552 ) 
4 140 156 (4992 2816 624 ) (4992 3072 624 ) (4992 3072 552 ) (4992 2816 552 ) 
4 140 154 (5000 2784 552 ) (5120 2784 552 ) (5120 2784 624 ) (5000 2784 624 ) 
5 140 153 (5120 2784 552 ) (5000 2784 552 ) (5000 2840 552 ) (5096 2936 552 ) (5120 2936 552 ) 
4 140 156 (4992 3072 512 ) (4992 2944 512 ) (4992 2944 552 ) (4992 3072 552 ) 
4 140 156 (4992 2944 512 ) (4992 2848 512 ) (4992 2848 552 ) (4992 2944 552 ) 
4 141 140 (5120 2944 624 ) (5120 2944 552 ) (5120 2936 552 ) (5120 2936 624 ) 
4 141 142 (5152 2936 552 ) (5152 2936 624 ) (5120 2936 624 ) (5120 2936 552 ) 
4 142 154 (5120 2688 640 ) (5120 2784 640 ) (5120 2784 512 ) (5120 2688 512 ) 
4 142 153 (5120 2936 552 ) (5120 2936 512 ) (5120 2784 512 ) (5120 2784 552 ) 
4 142 152 (5120 2784 640 ) (5120 2936 640 ) (5120 2936 624 ) (5120 2784 624 ) 
4 142 140 (5120 2936 624 ) (5120 2936 552 ) (5120 2784 552 ) (5120 2784 624 ) 
4 143 146 (4352 3072 768 ) (4720 3072 768 ) (4720 2816 768 ) (4352 2816 768 ) 
4 144 172 (4096 3072 896 ) (4096 3072 768 ) (4096 2816 768 ) (4096 2816 896 ) 
4 144 149 (4096 2816 768 ) (4096 3072 768 ) (4336 3072 768 ) (4336 2816 768 ) 
4 145 162 (4992 2752 640 ) (4992 2688 640 ) (4736 2688 640 ) (4736 2752 640 ) 
4 145 161 (4992 2816 640 ) (4992 2752 640 ) (4736 2752 640 ) (4736 2816 640 ) 
4 145 156 (4736 3072 640 ) (4992 3072 640 ) (4992 2816 640 ) (4736 2816 640 ) 
4 146 158 (4352 3072 640 ) (4720 3072 640 ) (4720 2816 640 ) (4352 2816 640 ) 
4 146 148 (4352 3040 640 ) (4352 2848 640 ) (4352 2848 656 ) (4352 3040 656 ) 
4 147 164 (4480 2368 640 ) (4352 2368 640 ) (4352 2688 640 ) (4480 2688 640 ) 
4 147 163 (4352 2688 640 ) (4352 2752 640 ) (4480 2752 640 ) (4480 2688 640 ) 
4 147 151 (4352 2368 640 ) (4384 2368 640 ) (4384 2368 704 ) (4352 2368 704 ) 
4 147 150 (4352 2752 640 ) (4352 2368 640 ) (4352 2368 768 ) (4352 2752 768 ) 
4 148 159 (4352 3040 640 ) (4352 2848 640 ) (4336 2848 640 ) (4336 3040 640 ) 
4 148 149 (4336 3040 640 ) (4336 2848 640 ) (4336 2848 656 ) (4336 3040 656 ) 
4 149 175 (4096 3072 768 ) (4096 3072 640 ) (4096 2816 640 ) (4096 2816 768 ) 
4 149 160 (4096 2816 640 ) (4096 3072 640 ) (4336 3072 640 ) (4336 2816 640 ) 
4 150 164 (4352 2688 640 ) (4352 2368 640 ) (4240 2368 640 ) (4240 2688 640 ) 
4 150 163 (4240 2752 640 ) (4352 2752 640 ) (4352 2688 640 ) (4240 2688 640 ) 
4 150 151 (4320 2368 640 ) (4352 2368 640 ) (4352 2368 704 ) (4320 2368 704 ) 
4 151 166 (4320 2368 640 ) (4384 2368 640 ) (4384 2360 640 ) (4320 2360 640 ) 
4 152 154 (5000 2784 624 ) (5120 2784 624 ) (5120 2784 640 ) (5000 2784 640 ) 
5 152 140 (5120 2784 624 ) (5000 2784 624 ) (5000 2840 624 ) (5096 2936 624 ) (5120 2936 624 ) 
4 153 154 (5000 2784 512 ) (5120 2784 512 ) (5120 2784 552 ) (5000 2784 552 ) 
4 154 155 (5000 2764 512 ) (5000 2716 512 ) (5000 2716 620 ) (5000 2764 620 ) 
4 155 162 (4992 2752 512 ) (4992 2716 512 ) (4992 2716 620 ) (4992 2752 620 ) 
4 155 161 (4992 2764 512 ) (4992 2752 512 ) (4992 2752 620 ) (4992 2764 620 ) 
4 156 161 (4736 2816 512 ) (4992 2816 512 ) (4992 2816 640 ) (4736 2816 640 ) 
4 156 157 (4736 3040 512 ) (4736 2848 512 ) (4736 2848 640 ) (4736 3040 640 ) 
4 157 158 (4720 3040 512 ) (4720 2848 512 ) (4720 2848 640 ) (4720 3040 640 ) 
4 158 159 (4352 3040 512 ) (4352 2848 512 ) (4352 2848 640 ) (4352 3040 640 ) 
4 159 160 (4336 3040 512 ) (4336 2848 512 ) (4336 2848 640 ) (4336 3040 640 ) 
4 160 184 (4096 3072 640 ) (4096 3072 512 ) (4096 2816 512 ) (4096 2816 640 ) 
4 160 167 (4136 2816 512 ) (4184 2816 512 ) (4184 2816 620 ) (4136 2816 620 ) 
4 161 162 (4736 2752 512 ) (4992 2752 512 ) (4992 2752 640 ) (4736 2752 640 ) 
4 163 164 (4240 2688 512 ) (4480 2688 512 ) (4480 2688 640 ) (4240 2688 640 ) 
4 164 166 (4384 2368 576 ) (4384 2368 640 ) (4320 2368 640 ) (4320 2368 576 ) 
4 164 165 (4240 2688 640 ) (4240 2688 512 ) (4240 2432 512 ) (4240 2432 640 ) 
4 165 169 (4224 2688 512 ) (4224 2432 512 ) (4224 2432 640 ) (4224 2688 640 ) 
4 167 168 (4184 2814 512 ) (4184 2814 620 ) (4136 2814 620 ) (4136 2814 512 ) 
4 168 169 (4136 2808 512 ) (4184 2808 512 ) (4184 2808 620 ) (4136 2808 620 ) 
4 169 193 (4096 2552 512 ) (4096 2504 512 ) (4096 2504 620 ) (4096 2552 620 ) 
4 169 170 (4116 2368 512 ) (4204 2368 512 ) (4204 2368 640 ) (4116 2368 640 ) 
4 170 171 (4116 2352 512 ) (4204 2352 512 ) (4204 2352 640 ) (4116 2352 640 ) 
4 171 219 (4224 2048 640 ) (4096 2048 640 ) (4096 2048 512 ) (4224 2048 512 ) 
4 171 196 (4096 2284 512 ) (4096 2172 512 ) (4096 2172 640 ) (4096 2284 640 ) 
4 172 175 (3984 3072 768 ) (4096 3072 768 ) (4096 2816 768 ) (3984 2816 768 ) 
4 173 177 (3712 2816 768 ) (3712 3072 768 ) (3968 3072 768 ) (3968 2816 768 ) 
4 173 174 (3712 3072 768 ) (3712 2816 768 ) (3712 2816 896 ) (3712 3072 896 ) 
4 174 178 (3456 2576 768 ) (3456 3072 768 ) (3712 3072 768 ) (3712 2576 768 ) 
4 175 184 (4096 3072 640 ) (4096 2816 640 ) (3984 2816 640 ) (3984 3072 640 ) 
4 175 176 (3984 3040 640 ) (3984 2848 640 ) (3984 2848 656 ) (3984 3040 656 ) 
4 176 185 (3968 2848 640 ) (3968 3040 640 ) (3984 3040 640 ) (3984 2848 640 ) 
4 176 177 (3968 3040 640 ) (3968 2848 640 ) (3968 2848 656 ) (3968 3040 656 ) 
4 177 186 (3712 2816 640 ) (3712 3072 640 ) (3968 3072 640 ) (3968 2816 640 ) 
4 177 178 (3712 3072 640 ) (3712 2816 640 ) (3712 2816 768 ) (3712 3072 768 ) 
4 178 192 (3456 2576 640 ) (3456 3072 640 ) (3488 3072 640 ) (3488 2576 640 ) 
4 178 189 (3488 3072 640 ) (3680 3072 640 ) (3680 2576 640 ) (3488 2576 640 ) 
4 178 188 (3680 3072 640 ) (3712 3072 640 ) (3712 2576 640 ) (3680 2576 640 ) 
4 179 195 (3840 2368 640 ) (3328 2368 640 ) (3328 2560 640 ) (3840 2560 640 ) 
4 179 180 (3328 2368 640 ) (3744 2368 640 ) (3744 2368 768 ) (3328 2368 768 ) 
4 180 211 (3648 2304 640 ) (3264 2304 640 ) (3328 2368 640 ) (3648 2368 640 ) 
4 180 204 (3664 2304 640 ) (3648 2304 640 ) (3648 2352 640 ) (3664 2352 640 ) 
4 180 203 (3680 2304 640 ) (3664 2304 640 ) (3664 2352 640 ) (3728 2352 640 ) 
4 180 200 (3648 2352 640 ) (3648 2368 640 ) (3744 2368 640 ) (3728 2352 640 ) 
4 180 183 (3264 2304 640 ) (3648 2304 640 ) (3648 2304 768 ) (3264 2304 768 ) 
4 180 181 (3648 2304 640 ) (3680 2304 640 ) (3680 2304 768 ) (3648 2304 768 ) 
4 181 204 (3648 2272 640 ) (3648 2304 640 ) (3664 2304 640 ) (3664 2288 640 ) 
3 181 203 (3664 2304 640 ) (3680 2304 640 ) (3664 2288 640 ) 
4 181 183 (3648 2304 768 ) (3648 2304 640 ) (3648 2272 640 ) (3648 2272 768 ) 
4 182 250 (3680 2048 768 ) (3648 2048 768 ) (3648 2048 640 ) (3680 2048 640 ) 
3 182 201 (3680 2048 640 ) (3648 2048 640 ) (3648 2080 640 ) 
4 182 183 (3648 2080 640 ) (3648 2048 640 ) (3648 2048 768 ) (3648 2080 768 ) 
4 183 250 (3648 2048 768 ) (3264 2048 768 ) (3264 2048 640 ) (3648 2048 640 ) 
4 183 216 (3648 2048 640 ) (3088 2048 640 ) (3088 2080 640 ) (3648 2080 640 ) 
4 183 213 (3088 2080 640 ) (3088 2272 640 ) (3648 2272 640 ) (3648 2080 640 ) 
4 183 212 (3088 2272 640 ) (3088 2304 640 ) (3648 2304 640 ) (3648 2272 640 ) 
4 184 185 (3984 3040 512 ) (3984 2848 512 ) (3984 2848 640 ) (3984 3040 640 ) 
4 185 186 (3968 3040 512 ) (3968 2848 512 ) (3968 2848 640 ) (3968 3040 640 ) 
4 186 188 (3712 3072 512 ) (3712 2816 512 ) (3712 2816 640 ) (3712 3072 640 ) 
4 187 194 (3904 2560 512 ) (4088 2560 512 ) (4088 2560 640 ) (3904 2560 640 ) 
4 188 190 (3680 3072 512 ) (3680 2576 512 ) (3680 2576 636 ) (3680 3072 636 ) 
4 188 189 (3680 2576 636 ) (3680 2576 640 ) (3680 3072 640 ) (3680 3072 636 ) 
4 189 192 (3488 2576 640 ) (3488 3072 640 ) (3488 3072 636 ) (3488 2576 636 ) 
4 189 190 (3488 2576 636 ) (3488 3072 636 ) (3680 3072 636 ) (3680 2576 636 ) 
4 190 192 (3488 3072 512 ) (3488 2576 512 ) (3488 2576 636 ) (3488 3072 636 ) 
4 190 191 (3680 2576 512 ) (3680 2576 636 ) (3488 2576 636 ) (3488 2576 512 ) 
4 191 195 (3488 2560 512 ) (3680 2560 512 ) (3680 2560 636 ) (3488 2560 636 ) 
4 193 194 (4088 2552 512 ) (4088 2504 512 ) (4088 2504 620 ) (4088 2552 620 ) 
4 195 211 (3328 2368 512 ) (3648 2368 512 ) (3648 2368 640 ) (3328 2368 640 ) 
4 195 206 (3648 2368 512 ) (3744 2368 512 ) (3744 2368 552 ) (3648 2368 552 ) 
4 195 205 (3792 2368 552 ) (3792 2368 616 ) (3648 2368 616 ) (3648 2368 552 ) 
4 195 200 (3744 2368 640 ) (3648 2368 640 ) (3648 2368 616 ) (3744 2368 616 ) 
4 196 198 (4080 2284 512 ) (4080 2172 512 ) (4080 2172 640 ) (4080 2284 640 ) 
4 197 198 (3968 2352 512 ) (4080 2352 512 ) (4080 2352 640 ) (3968 2352 640 ) 
4 197 199 (3856 2352 512 ) (3968 2352 512 ) (3968 2352 640 ) (3856 2352 640 ) 
4 198 199 (3968 2352 640 ) (3968 2352 512 ) (3968 2112 512 ) (3968 2112 640 ) 
4 199 252 (3968 2048 640 ) (3792 2048 640 ) (3792 2048 512 ) (3968 2048 512 ) 
4 199 207 (3792 2352 512 ) (3792 2048 512 ) (3792 2048 552 ) (3792 2352 552 ) 
4 199 205 (3792 2048 552 ) (3792 2048 616 ) (3792 2352 616 ) (3792 2352 552 ) 
4 199 202 (3792 2048 616 ) (3792 2048 640 ) (3792 2352 640 ) (3792 2352 616 ) 
4 200 211 (3648 2368 640 ) (3648 2368 616 ) (3648 2352 616 ) (3648 2352 640 ) 
4 200 205 (3648 2352 616 ) (3648 2368 616 ) (3744 2368 616 ) (3728 2352 616 ) 
4 200 204 (3648 2352 640 ) (3648 2352 616 ) (3664 2352 616 ) (3664 2352 640 ) 
4 200 203 (3664 2352 616 ) (3728 2352 616 ) (3728 2352 640 ) (3664 2352 640 ) 
4 201 253 (3680 2048 640 ) (3648 2048 640 ) (3648 2048 616 ) (3680 2048 616 ) 
4 201 216 (3648 2080 616 ) (3648 2048 616 ) (3648 2048 640 ) (3648 2080 640 ) 
3 201 205 (3648 2048 616 ) (3648 2080 616 ) (3680 2048 616 ) 
4 202 254 (3792 2048 640 ) (3712 2048 640 ) (3712 2048 616 ) (3792 2048 616 ) 
6 202 205 (3760 2352 616 ) (3792 2352 616 ) (3792 2048 616 ) (3712 2048 616 ) (3664 2096 616 ) (3664 2256 616 ) 
3 203 205 (3664 2352 616 ) (3728 2352 616 ) (3664 2288 616 ) 
4 203 204 (3664 2352 640 ) (3664 2352 616 ) (3664 2288 616 ) (3664 2288 640 ) 
4 204 212 (3648 2304 616 ) (3648 2272 616 ) (3648 2272 640 ) (3648 2304 640 ) 
4 204 211 (3648 2352 616 ) (3648 2304 616 ) (3648 2304 640 ) (3648 2352 640 ) 
4 204 205 (3648 2272 616 ) (3648 2352 616 ) (3664 2352 616 ) (3664 2288 616 ) 
4 205 255 (3648 2048 616 ) (3648 2048 552 ) (3792 2048 552 ) (3792 2048 616 ) 
4 205 216 (3648 2080 552 ) (3648 2048 552 ) (3648 2048 616 ) (3648 2080 616 ) 
4 205 214 (3648 2272 552 ) (3648 2080 552 ) (3648 2080 616 ) (3648 2272 616 ) 
4 205 212 (3648 2304 552 ) (3648 2272 552 ) (3648 2272 616 ) (3648 2304 616 ) 
4 205 211 (3648 2368 616 ) (3648 2368 552 ) (3648 2304 552 ) (3648 2304 616 ) 
3 205 210 (3648 2048 552 ) (3648 2080 552 ) (3680 2048 552 ) 
4 205 209 (3648 2272 552 ) (3648 2352 552 ) (3664 2352 552 ) (3664 2288 552 ) 
3 205 208 (3664 2352 552 ) (3728 2352 552 ) (3664 2288 552 ) 
6 205 207 (3760 2352 552 ) (3792 2352 552 ) (3792 2048 552 ) (3712 2048 552 ) (3664 2096 552 ) (3664 2256 552 ) 
4 205 206 (3648 2352 552 ) (3648 2368 552 ) (3744 2368 552 ) (3728 2352 552 ) 
4 206 211 (3648 2368 552 ) (3648 2368 512 ) (3648 2352 512 ) (3648 2352 552 ) 
4 206 209 (3664 2352 552 ) (3648 2352 552 ) (3648 2352 512 ) (3664 2352 512 ) 
4 206 208 (3728 2352 552 ) (3664 2352 552 ) (3664 2352 512 ) (3728 2352 512 ) 
4 207 257 (3712 2048 512 ) (3792 2048 512 ) (3792 2048 552 ) (3712 2048 552 ) 
4 208 209 (3664 2352 552 ) (3664 2352 512 ) (3664 2288 512 ) (3664 2288 552 ) 
4 209 212 (3648 2304 512 ) (3648 2272 512 ) (3648 2272 552 ) (3648 2304 552 ) 
4 209 211 (3648 2352 512 ) (3648 2304 512 ) (3648 2304 552 ) (3648 2352 552 ) 
4 210 256 (3648 2048 552 ) (3648 2048 512 ) (3680 2048 512 ) (3680 2048 552 ) 
4 210 216 (3648 2080 512 ) (3648 2048 512 ) (3648 2048 552 ) (3648 2080 552 ) 
4 211 212 (3264 2304 512 ) (3648 2304 512 ) (3648 2304 640 ) (3264 2304 640 ) 
4 212 214 (3088 2272 512 ) (3648 2272 512 ) (3648 2272 636 ) (3088 2272 636 ) 
4 212 213 (3648 2272 636 ) (3648 2272 640 ) (3088 2272 640 ) (3088 2272 636 ) 
4 213 216 (3648 2080 636 ) (3648 2080 640 ) (3088 2080 640 ) (3088 2080 636 ) 
4 213 214 (3648 2080 636 ) (3088 2080 636 ) (3088 2272 636 ) (3648 2272 636 ) 
4 214 216 (3088 2080 512 ) (3648 2080 512 ) (3648 2080 636 ) (3088 2080 636 ) 
4 214 215 (3088 2080 512 ) (3088 2080 636 ) (3088 2272 636 ) (3088 2272 512 ) 
4 215 357 (3072 2272 636 ) (3072 2272 512 ) (3072 2080 512 ) (3072 2080 636 ) 
4 216 256 (3264 2048 512 ) (3648 2048 512 ) (3648 2048 552 ) (3264 2048 552 ) 
4 216 255 (3264 2048 552 ) (3648 2048 552 ) (3648 2048 616 ) (3264 2048 616 ) 
4 216 253 (3648 2048 640 ) (3264 2048 640 ) (3264 2048 616 ) (3648 2048 616 ) 
13 217 261 (3255 2048 151 ) (3248.842041 2048 160 ) (3151.157715 2048 160 ) (3145 2048 151 ) (3140 2048 128 ) (3145 2048 105 ) (3158 2048 86 ) (3177 2048 73 ) (3200 2048 68 ) (3223 2048 73 ) (3242 2048 86 ) (3255 2048 105 ) (3260 2048 128 ) 
7 217 259 (3248.842041 2048 160 ) (3242.010986 2048 169.983688 ) (3222.981201 2048 183.004044 ) (3200 2048 188 ) (3177 2048 183 ) (3158 2048 170 ) (3151.157715 2048 160 ) 
4 218 264 (4096 1536 640 ) (4096 1280 640 ) (4096 1280 768 ) (4096 1536 768 ) 
4 218 223 (4096 1280 640 ) (4096 1536 640 ) (4224 1536 640 ) (4224 1280 640 ) 
4 218 221 (4224 1536 640 ) (4352 1536 640 ) (4352 1280 640 ) (4224 1280 640 ) 
4 219 220 (4136 1984 512 ) (4184 1984 512 ) (4184 1984 620 ) (4136 1984 620 ) 
4 220 222 (4136 1976 512 ) (4184 1976 512 ) (4184 1976 620 ) (4136 1976 620 ) 
4 221 223 (4224 1536 512 ) (4224 1280 512 ) (4224 1280 640 ) (4224 1536 640 ) 
4 223 265 (4096 1664 512 ) (4096 1280 512 ) (4096 1280 640 ) (4096 1664 640 ) 
4 224 232 (4608 1664 128 ) (4608 1408 128 ) (4352 1408 128 ) (4352 1664 128 ) 
4 224 227 (4352 1664 128 ) (4352 1408 128 ) (4352 1408 256 ) (4352 1664 256 ) 
4 225 295 (4480 1024 256 ) (4352 1024 256 ) (4352 1024 128 ) (4480 1024 128 ) 
4 225 249 (4480 1024 128 ) (4352 1024 128 ) (4352 1152 128 ) (4480 1152 128 ) 
4 225 228 (4352 1152 128 ) (4352 1024 128 ) (4352 1024 256 ) (4352 1152 256 ) 
4 226 227 (4288 1664 224 ) (4288 1664 160 ) (4352 1664 160 ) (4352 1664 224 ) 
4 227 232 (4352 1664 128 ) (4352 1408 128 ) (4288 1408 128 ) (4288 1664 128 ) 
4 227 229 (4288 1664 128 ) (4288 1408 128 ) (4288 1408 256 ) (4288 1664 256 ) 
4 228 295 (4352 1024 256 ) (4288 1024 256 ) (4288 1024 128 ) (4352 1024 128 ) 
4 228 249 (4352 1152 128 ) (4352 1024 128 ) (4288 1024 128 ) (4288 1152 128 ) 
4 228 245 (4352 1152 128 ) (4288 1152 128 ) (4288 1160 128 ) (4344 1160 128 ) 
3 228 234 (4288 1160 128 ) (4288 1216 128 ) (4344 1160 128 ) 
4 228 230 (4288 1216 128 ) (4288 1024 128 ) (4288 1024 256 ) (4288 1216 256 ) 
4 229 273 (4096 1664 128 ) (4096 1408 128 ) (4096 1408 256 ) (4096 1664 256 ) 
4 229 241 (4224 1408 128 ) (4096 1408 128 ) (4096 1664 128 ) (4224 1664 128 ) 
4 229 232 (4288 1664 128 ) (4288 1408 128 ) (4224 1408 128 ) (4224 1664 128 ) 
4 230 295 (4288 1024 256 ) (4224 1024 256 ) (4224 1024 128 ) (4288 1024 128 ) 
4 230 249 (4288 1152 128 ) (4288 1024 128 ) (4224 1024 128 ) (4224 1152 128 ) 
4 230 245 (4288 1160 128 ) (4288 1152 128 ) (4224 1152 128 ) (4224 1160 128 ) 
4 230 236 (4232 1160 128 ) (4224 1160 128 ) (4224 1280 128 ) (4232 1272 128 ) 
4 230 234 (4288 1216 128 ) (4288 1160 128 ) (4232 1160 128 ) (4232 1272 128 ) 
4 230 231 (4224 1280 128 ) (4224 1024 128 ) (4224 1024 256 ) (4224 1280 256 ) 
4 231 298 (4224 1024 256 ) (4096 1024 256 ) (4096 1024 128 ) (4224 1024 128 ) 
4 231 275 (4096 1400 128 ) (4096 1024 128 ) (4096 1024 256 ) (4096 1400 256 ) 
4 231 249 (4224 1024 128 ) (4096 1024 128 ) (4096 1152 128 ) (4224 1152 128 ) 
4 231 245 (4096 1152 128 ) (4096 1160 128 ) (4224 1160 128 ) (4224 1152 128 ) 
4 231 244 (4096 1160 128 ) (4096 1400 128 ) (4192 1400 128 ) (4192 1160 128 ) 
4 231 242 (4192 1400 128 ) (4224 1400 128 ) (4224 1160 128 ) (4192 1160 128 ) 
4 232 241 (4224 1664 0 ) (4224 1408 0 ) (4224 1408 128 ) (4224 1664 128 ) 
4 233 239 (4232 1344 0 ) (4608 1344 0 ) (4608 1344 48 ) (4232 1344 48 ) 
4 233 237 (4608 1344 48 ) (4608 1344 112 ) (4232 1344 112 ) (4232 1344 48 ) 
4 233 235 (4608 1344 112 ) (4608 1344 128 ) (4232 1344 128 ) (4232 1344 112 ) 
4 234 245 (4344 1160 128 ) (4232 1160 128 ) (4232 1160 112 ) (4344 1160 112 ) 
3 234 237 (4344 1160 112 ) (4232 1160 112 ) (4232 1272 112 ) 
4 234 236 (4232 1272 112 ) (4232 1160 112 ) (4232 1160 128 ) (4232 1272 128 ) 
5 235 237 (4608 1160 112 ) (4360 1160 112 ) (4232 1288 112 ) (4232 1344 112 ) (4608 1344 112 ) 
4 236 245 (4232 1160 128 ) (4224 1160 128 ) (4224 1160 112 ) (4232 1160 112 ) 
4 236 242 (4224 1160 112 ) (4224 1160 128 ) (4224 1280 128 ) (4224 1280 112 ) 
4 236 237 (4232 1160 112 ) (4224 1160 112 ) (4224 1280 112 ) (4232 1272 112 ) 
4 237 247 (4384 1160 112 ) (4224 1160 112 ) (4224 1160 48 ) (4384 1160 48 ) 
4 237 246 (4404 1160 48 ) (4452 1160 48 ) (4452 1160 108 ) (4404 1160 108 ) 
4 237 242 (4224 1160 48 ) (4224 1160 112 ) (4224 1344 112 ) (4224 1344 48 ) 
4 237 240 (4232 1160 48 ) (4224 1160 48 ) (4224 1280 48 ) (4232 1272 48 ) 
5 237 239 (4608 1160 48 ) (4360 1160 48 ) (4232 1288 48 ) (4232 1344 48 ) (4608 1344 48 ) 
3 237 238 (4344 1160 48 ) (4232 1160 48 ) (4232 1272 48 ) 
4 238 248 (4232 1160 0 ) (4344 1160 0 ) (4344 1160 48 ) (4232 1160 48 ) 
4 238 240 (4232 1160 0 ) (4232 1160 48 ) (4232 1272 48 ) (4232 1272 0 ) 
4 239 246 (4404 1160 0 ) (4452 1160 0 ) (4452 1160 48 ) (4404 1160 48 ) 
4 240 248 (4224 1160 0 ) (4232 1160 0 ) (4232 1160 48 ) (4224 1160 48 ) 
4 240 242 (4224 1280 0 ) (4224 1160 0 ) (4224 1160 48 ) (4224 1280 48 ) 
4 241 273 (4096 1664 0 ) (4096 1408 0 ) (4096 1408 128 ) (4096 1664 128 ) 
4 241 243 (4096 1408 0 ) (4192 1408 0 ) (4192 1408 124 ) (4096 1408 124 ) 
4 242 248 (4192 1160 0 ) (4224 1160 0 ) (4224 1160 48 ) (4192 1160 48 ) 
4 242 247 (4224 1160 48 ) (4224 1160 112 ) (4192 1160 112 ) (4192 1160 48 ) 
4 242 245 (4224 1160 112 ) (4224 1160 128 ) (4192 1160 128 ) (4192 1160 112 ) 
4 242 244 (4192 1400 0 ) (4192 1160 0 ) (4192 1160 128 ) (4192 1400 128 ) 
4 243 274 (4096 1408 0 ) (4096 1400 0 ) (4096 1400 124 ) (4096 1408 124 ) 
4 243 244 (4096 1400 0 ) (4192 1400 0 ) (4192 1400 124 ) (4096 1400 124 ) 
4 244 275 (4096 1400 0 ) (4096 1160 0 ) (4096 1160 128 ) (4096 1400 128 ) 
4 244 248 (4096 1160 0 ) (4192 1160 0 ) (4192 1160 48 ) (4096 1160 48 ) 
4 244 247 (4192 1160 48 ) (4192 1160 112 ) (4096 1160 112 ) (4096 1160 48 ) 
4 244 245 (4192 1160 112 ) (4192 1160 128 ) (4096 1160 128 ) (4096 1160 112 ) 
4 245 275 (4096 1152 112 ) (4096 1152 128 ) (4096 1160 128 ) (4096 1160 112 ) 
4 245 249 (4352 1152 128 ) (4096 1152 128 ) (4096 1152 112 ) (4352 1152 112 ) 
4 245 247 (4096 1160 112 ) (4344 1160 112 ) (4352 1152 112 ) (4096 1152 112 ) 
4 246 249 (4404 1152 0 ) (4452 1152 0 ) (4452 1152 108 ) (4404 1152 108 ) 
4 247 275 (4096 1152 48 ) (4096 1152 112 ) (4096 1160 112 ) (4096 1160 48 ) 
4 247 249 (4384 1152 48 ) (4384 1152 112 ) (4096 1152 112 ) (4096 1152 48 ) 
4 247 248 (4096 1160 48 ) (4344 1160 48 ) (4352 1152 48 ) (4096 1152 48 ) 
4 248 275 (4096 1160 0 ) (4096 1152 0 ) (4096 1152 48 ) (4096 1160 48 ) 
4 248 249 (4096 1152 0 ) (4352 1152 0 ) (4352 1152 48 ) (4096 1152 48 ) 
4 249 298 (4224 1024 128 ) (4096 1024 128 ) (4096 1024 0 ) (4224 1024 0 ) 
4 249 295 (4480 1024 128 ) (4224 1024 128 ) (4224 1024 0 ) (4480 1024 0 ) 
4 249 275 (4096 1152 0 ) (4096 1024 0 ) (4096 1024 128 ) (4096 1152 128 ) 
4 250 253 (3264 2048 640 ) (3680 2048 640 ) (3744 1984 640 ) (3328 1984 640 ) 
4 250 251 (3328 1984 640 ) (3744 1984 640 ) (3744 1984 768 ) (3328 1984 768 ) 
4 251 258 (3840 1792 640 ) (3328 1792 640 ) (3328 1984 640 ) (3840 1984 640 ) 
4 252 257 (3792 2048 512 ) (3792 2000 512 ) (3792 2000 552 ) (3792 2048 552 ) 
4 252 255 (3792 2000 552 ) (3792 2000 616 ) (3792 2048 616 ) (3792 2048 552 ) 
4 252 254 (3792 2000 616 ) (3792 2000 640 ) (3792 2048 640 ) (3792 2048 616 ) 
4 253 258 (3744 1984 640 ) (3328 1984 640 ) (3328 1984 616 ) (3744 1984 616 ) 
4 253 255 (3264 2048 616 ) (3680 2048 616 ) (3744 1984 616 ) (3328 1984 616 ) 
4 254 255 (3712 2048 616 ) (3792 2048 616 ) (3792 2000 616 ) (3760 2000 616 ) 
4 255 258 (3792 1984 552 ) (3792 1984 616 ) (3328 1984 616 ) (3328 1984 552 ) 
4 255 257 (3792 2048 552 ) (3792 2000 552 ) (3760 2000 552 ) (3712 2048 552 ) 
4 255 256 (3744 1984 552 ) (3328 1984 552 ) (3264 2048 552 ) (3680 2048 552 ) 
4 256 258 (3328 1984 512 ) (3744 1984 512 ) (3744 1984 552 ) (3328 1984 552 ) 
4 258 266 (3488 1792 512 ) (3680 1792 512 ) (3680 1792 636 ) (3488 1792 636 ) 
7 259 279 (3151.157715 1792 160 ) (3248.842285 1792 160 ) (3242.011475 1792 169.983276 ) (3222.981201 1792 183.004059 ) (3200 1792 188 ) (3177 1792 183 ) (3158 1792 170 ) 
4 259 261 (3248.842285 1792 160 ) (3151.157715 1792 160 ) (3151.157715 2048 160 ) (3248.842285 2048 160 ) 
4 260 276 (3904 1792 160 ) (3968 1792 160 ) (3968 1792 224 ) (3904 1792 224 ) 
13 261 279 (3158 1792 86 ) (3177 1792 73 ) (3200 1792 68 ) (3223 1792 73 ) (3242 1792 86 ) (3255 1792 105 ) (3260 1792 128 ) (3255 1792 151 ) (3248.842285 1792 160 ) (3151.157471 1792 160 ) (3145 1792 151 ) (3140 1792 128 ) (3145 1792 105 ) 
3 262 267 (3776 1536 640 ) (3712 1536 640 ) (3712 1600 640 ) 
4 262 263 (3712 1600 640 ) (3712 1536 640 ) (3712 1536 768 ) (3712 1600 768 ) 
4 262 264 (3712 1536 640 ) (3776 1536 640 ) (3776 1536 768 ) (3712 1536 768 ) 
4 263 268 (3712 1536 640 ) (3456 1536 640 ) (3456 1776 640 ) (3712 1776 640 ) 
4 263 264 (3456 1536 768 ) (3456 1536 640 ) (3712 1536 640 ) (3712 1536 768 ) 
4 264 269 (3840 1280 640 ) (3456 1280 640 ) (3456 1536 640 ) (3840 1536 640 ) 
4 264 265 (4096 1536 640 ) (4096 1280 640 ) (3840 1280 640 ) (3840 1536 640 ) 
4 265 270 (3880 1280 512 ) (3928 1280 512 ) (3928 1280 620 ) (3880 1280 620 ) 
4 265 269 (3840 1536 512 ) (3840 1280 512 ) (3840 1280 640 ) (3840 1536 640 ) 
4 266 268 (3488 1776 512 ) (3680 1776 512 ) (3680 1776 636 ) (3488 1776 636 ) 
4 267 268 (3712 1600 512 ) (3712 1536 512 ) (3712 1536 640 ) (3712 1600 640 ) 
4 267 269 (3712 1536 512 ) (3776 1536 512 ) (3776 1536 640 ) (3712 1536 640 ) 
4 268 269 (3456 1536 640 ) (3456 1536 512 ) (3712 1536 512 ) (3712 1536 640 ) 
4 270 271 (3928 1278 512 ) (3928 1278 620 ) (3880 1278 620 ) (3880 1278 512 ) 
4 271 272 (3880 1272 512 ) (3928 1272 512 ) (3928 1272 620 ) (3880 1272 620 ) 
4 272 310 (3968 1024 640 ) (3840 1024 640 ) (3840 1024 512 ) (3968 1024 512 ) 
4 273 277 (3968 1664 256 ) (3968 1664 0 ) (3968 1408 0 ) (3968 1408 256 ) 
4 273 274 (4000 1408 0 ) (4096 1408 0 ) (4096 1408 124 ) (4000 1408 124 ) 
4 274 275 (4000 1400 0 ) (4096 1400 0 ) (4096 1400 124 ) (4000 1400 124 ) 
4 275 312 (4096 1024 0 ) (4096 1024 256 ) (3968 1024 256 ) (3968 1024 0 ) 
4 276 277 (3968 1664 160 ) (3968 1664 224 ) (3904 1664 224 ) (3904 1664 160 ) 
4 277 278 (3720 1532 0 ) (3720 1484 0 ) (3720 1484 108 ) (3720 1532 108 ) 
4 278 279 (3712 1532 108 ) (3712 1532 0 ) (3712 1484 0 ) (3712 1484 108 ) 
4 279 402 (3072 1792 -128 ) (3072 1792 -160 ) (3072 1408 -160 ) (3072 1408 -128 ) 
4 279 399 (3072 1792 -120 ) (3072 1792 -128 ) (3072 1408 -128 ) (3072 1408 -120 ) 
4 279 390 (3072 1792 8 ) (3072 1792 -120 ) (3072 1408 -120 ) (3072 1408 8 ) 
4 279 387 (3072 1792 16 ) (3072 1792 8 ) (3072 1408 8 ) (3072 1408 16 ) 
4 279 386 (3072 1792 256 ) (3072 1792 16 ) (3072 1408 16 ) (3072 1408 256 ) 
4 279 294 (3072 1408 -160 ) (3072 1792 -160 ) (3328 1792 -160 ) (3328 1408 -160 ) 
4 279 293 (3328 1792 -160 ) (3712 1792 -160 ) (3712 1408 -160 ) (3328 1408 -160 ) 
4 279 292 (3328 1408 -160 ) (3712 1408 -160 ) (3712 1408 -128 ) (3328 1408 -128 ) 
4 279 290 (3712 1408 -128 ) (3712 1408 -120 ) (3328 1408 -120 ) (3328 1408 -128 ) 
4 279 286 (3072 1408 -28 ) (3072 1408 -80 ) (3112 1408 -80 ) (3112 1408 -28 ) 
4 279 285 (3128 1408 -28 ) (3128 1408 -80 ) (3208 1408 -80 ) (3208 1408 -28 ) 
4 279 284 (3224 1408 -28 ) (3224 1408 -80 ) (3304 1408 -80 ) (3304 1408 -28 ) 
4 279 283 (3712 1408 -120 ) (3712 1408 8 ) (3328 1408 8 ) (3328 1408 -120 ) 
4 279 281 (3712 1408 8 ) (3712 1408 16 ) (3328 1408 16 ) (3328 1408 8 ) 
4 279 280 (3712 1408 16 ) (3712 1408 256 ) (3072 1408 256 ) (3072 1408 16 ) 
4 280 386 (3072 1024 16 ) (3072 1024 256 ) (3072 1408 256 ) (3072 1408 16 ) 
4 280 316 (3072 1024 256 ) (3072 1024 16 ) (3648 1024 16 ) (3648 1024 256 ) 
4 280 315 (3648 1024 16 ) (3712 1024 16 ) (3712 1024 256 ) (3648 1024 256 ) 
4 280 282 (3072 1024 16 ) (3072 1152 16 ) (3328 1152 16 ) (3328 1024 16 ) 
4 280 281 (3328 1408 16 ) (3712 1408 16 ) (3712 1024 16 ) (3328 1024 16 ) 
4 281 316 (3328 1024 8 ) (3648 1024 8 ) (3648 1024 16 ) (3328 1024 16 ) 
4 281 315 (3648 1024 8 ) (3712 1024 8 ) (3712 1024 16 ) (3648 1024 16 ) 
4 281 287 (3712 1400 8 ) (3712 1152 8 ) (3328 1152 8 ) (3328 1400 8 ) 
4 281 289 (3712 1152 8 ) (3712 1024 8 ) (3328 1024 8 ) (3328 1152 8 ) 
4 281 283 (3328 1408 8 ) (3712 1408 8 ) (3712 1400 8 ) (3328 1400 8 ) 
4 281 282 (3328 1152 8 ) (3328 1024 8 ) (3328 1024 16 ) (3328 1152 16 ) 
4 282 388 (3072 1024 8 ) (3072 1024 16 ) (3072 1152 16 ) (3072 1152 8 ) 
4 282 316 (3072 1024 16 ) (3072 1024 8 ) (3328 1024 8 ) (3328 1024 16 ) 
4 282 289 (3328 1152 8 ) (3328 1024 8 ) (3072 1024 8 ) (3072 1152 8 ) 
4 283 290 (3328 1408 -120 ) (3712 1408 -120 ) (3712 1400 -120 ) (3328 1400 -120 ) 
4 283 287 (3328 1400 -120 ) (3712 1400 -120 ) (3712 1400 8 ) (3328 1400 8 ) 
4 284 288 (3304 1400 -80 ) (3304 1400 -28 ) (3224 1400 -28 ) (3224 1400 -80 ) 
4 285 288 (3208 1400 -80 ) (3208 1400 -28 ) (3128 1400 -28 ) (3128 1400 -80 ) 
4 286 391 (3072 1408 -28 ) (3072 1408 -80 ) (3072 1400 -80 ) (3072 1400 -28 ) 
4 286 288 (3112 1400 -80 ) (3112 1400 -28 ) (3072 1400 -28 ) (3072 1400 -80 ) 
4 287 290 (3328 1400 -120 ) (3712 1400 -120 ) (3712 1152 -120 ) (3328 1152 -120 ) 
4 287 289 (3328 1152 -120 ) (3712 1152 -120 ) (3712 1152 8 ) (3328 1152 8 ) 
4 288 393 (3072 1160 8 ) (3072 1400 8 ) (3072 1400 -120 ) (3072 1160 -120 ) 
4 289 394 (3072 1024 -120 ) (3072 1024 8 ) (3072 1152 8 ) (3072 1152 -120 ) 
4 289 331 (3136 1024 -120 ) (3712 1024 -120 ) (3712 1024 -32 ) (3136 1024 -32 ) 
4 289 317 (3136 1024 -32 ) (3648 1024 -32 ) (3648 1024 0 ) (3136 1024 0 ) 
4 289 316 (3072 1024 8 ) (3072 1024 0 ) (3648 1024 0 ) (3648 1024 8 ) 
4 289 315 (3648 1024 -32 ) (3712 1024 -32 ) (3712 1024 8 ) (3648 1024 8 ) 
4 289 291 (3072 1024 -120 ) (3072 1152 -120 ) (3328 1152 -120 ) (3328 1024 -120 ) 
4 289 290 (3328 1152 -120 ) (3712 1152 -120 ) (3712 1024 -120 ) (3328 1024 -120 ) 
4 290 331 (3328 1024 -128 ) (3712 1024 -128 ) (3712 1024 -120 ) (3328 1024 -120 ) 
4 290 292 (3328 1408 -128 ) (3712 1408 -128 ) (3712 1024 -128 ) (3328 1024 -128 ) 
4 290 291 (3328 1152 -128 ) (3328 1024 -128 ) (3328 1024 -120 ) (3328 1152 -120 ) 
4 291 400 (3072 1024 -128 ) (3072 1024 -120 ) (3072 1152 -120 ) (3072 1152 -128 ) 
4 291 331 (3136 1024 -128 ) (3328 1024 -128 ) (3328 1024 -120 ) (3136 1024 -120 ) 
4 292 331 (3328 1024 -160 ) (3712 1024 -160 ) (3712 1024 -128 ) (3328 1024 -128 ) 
4 292 293 (3712 1024 -160 ) (3328 1024 -160 ) (3328 1408 -160 ) (3712 1408 -160 ) 
4 293 333 (3712 1024 -160 ) (3328 1024 -160 ) (3328 1024 -256 ) (3712 1024 -256 ) 
4 293 294 (3328 1792 -160 ) (3328 1792 -256 ) (3328 1408 -256 ) (3328 1408 -160 ) 
4 294 405 (3072 1408 -160 ) (3072 1792 -160 ) (3072 1792 -256 ) (3072 1408 -256 ) 
4 295 298 (4224 1024 256 ) (4224 1024 0 ) (4224 896 0 ) (4224 896 256 ) 
4 296 297 (4224 768 512 ) (4224 768 640 ) (4224 896 640 ) (4224 896 512 ) 
4 297 311 (4096 768 512 ) (4096 768 640 ) (4096 896 640 ) (4096 896 512 ) 
4 297 300 (4096 768 640 ) (4096 768 512 ) (4224 768 512 ) (4224 768 640 ) 
4 298 312 (4096 776 0 ) (4096 776 256 ) (4096 1024 256 ) (4096 1024 0 ) 
4 298 299 (4096 776 108 ) (4096 776 0 ) (4148 776 0 ) (4148 776 108 ) 
4 299 313 (4096 768 0 ) (4096 768 108 ) (4096 776 108 ) (4096 776 0 ) 
4 299 304 (4096 768 108 ) (4096 768 0 ) (4148 768 0 ) (4148 768 108 ) 
4 300 319 (4096 688 512 ) (4096 688 640 ) (4096 768 640 ) (4096 768 512 ) 
4 300 305 (4224 688 512 ) (4224 688 640 ) (4096 688 640 ) (4096 688 512 ) 
4 301 320 (4096 688 384 ) (4096 688 504 ) (4096 768 504 ) (4096 768 384 ) 
4 301 305 (4224 688 384 ) (4224 688 504 ) (4096 688 504 ) (4096 688 384 ) 
4 302 321 (4096 688 256 ) (4096 688 376 ) (4096 768 376 ) (4096 768 256 ) 
4 302 305 (4224 688 256 ) (4224 688 376 ) (4096 688 376 ) (4096 688 256 ) 
4 303 322 (4096 688 128 ) (4096 688 248 ) (4096 768 248 ) (4096 768 128 ) 
4 303 305 (4224 688 128 ) (4224 688 248 ) (4096 688 248 ) (4096 688 128 ) 
4 304 323 (4096 688 0 ) (4096 688 120 ) (4096 768 120 ) (4096 768 0 ) 
4 304 305 (4224 688 0 ) (4224 688 120 ) (4096 688 120 ) (4096 688 0 ) 
4 305 324 (4096 592 0 ) (4096 592 640 ) (4096 688 640 ) (4096 688 0 ) 
4 305 308 (4096 592 312 ) (4096 592 192 ) (4224 592 192 ) (4224 592 312 ) 
4 305 309 (4096 592 184 ) (4096 592 64 ) (4224 592 64 ) (4224 592 184 ) 
4 305 307 (4096 592 440 ) (4096 592 320 ) (4224 592 320 ) (4224 592 440 ) 
4 305 306 (4096 592 640 ) (4096 592 448 ) (4224 592 448 ) (4224 592 640 ) 
4 306 325 (4096 512 448 ) (4096 512 640 ) (4096 592 640 ) (4096 592 448 ) 
4 307 326 (4096 512 320 ) (4096 512 440 ) (4096 592 440 ) (4096 592 320 ) 
4 308 327 (4096 512 192 ) (4096 512 312 ) (4096 592 312 ) (4096 592 192 ) 
4 309 328 (4096 512 64 ) (4096 512 184 ) (4096 592 184 ) (4096 592 64 ) 
4 310 314 (3840 1016 584 ) (3840 968 584 ) (3840 968 632 ) (3840 1016 632 ) 
4 310 311 (3840 896 640 ) (3840 896 512 ) (3968 896 512 ) (3968 896 640 ) 
4 311 319 (4096 768 512 ) (4096 768 640 ) (3968 768 640 ) (3968 768 512 ) 
4 312 313 (4044 776 0 ) (4096 776 0 ) (4096 776 108 ) (4044 776 108 ) 
4 313 323 (4096 768 0 ) (4096 768 108 ) (4044 768 108 ) (4044 768 0 ) 
4 315 331 (3648 1024 -32 ) (3712 1024 -32 ) (3712 768 -32 ) (3648 768 -32 ) 
4 315 329 (3648 768 108 ) (3648 768 0 ) (3672 768 0 ) (3672 768 108 ) 
4 315 318 (3648 832 -32 ) (3648 768 -32 ) (3648 768 0 ) (3648 832 0 ) 
4 315 317 (3648 1024 -32 ) (3648 832 -32 ) (3648 832 0 ) (3648 1024 0 ) 
4 315 316 (3648 768 0 ) (3648 768 256 ) (3648 1024 256 ) (3648 1024 0 ) 
4 316 470 (3072 1024 128 ) (3072 1024 0 ) (3072 768 0 ) (3072 768 128 ) 
4 316 469 (3072 1024 256 ) (3072 1024 128 ) (3072 768 128 ) (3072 768 256 ) 
4 316 329 (3648 768 0 ) (3648 768 108 ) (3624 768 108 ) (3624 768 0 ) 
4 316 318 (3648 832 0 ) (3648 768 0 ) (3136 768 0 ) (3136 832 0 ) 
4 316 317 (3136 1024 0 ) (3648 1024 0 ) (3648 832 0 ) (3136 832 0 ) 
4 317 331 (3136 1024 -32 ) (3648 1024 -32 ) (3648 832 -32 ) (3136 832 -32 ) 
4 317 318 (3136 832 -32 ) (3648 832 -32 ) (3648 832 0 ) (3136 832 0 ) 
4 318 331 (3136 832 -32 ) (3648 832 -32 ) (3648 768 -32 ) (3136 768 -32 ) 
4 319 324 (3968 688 640 ) (3968 688 512 ) (4096 688 512 ) (4096 688 640 ) 
4 320 324 (3968 688 504 ) (3968 688 384 ) (4096 688 384 ) (4096 688 504 ) 
4 321 324 (3968 688 376 ) (3968 688 256 ) (4096 688 256 ) (4096 688 376 ) 
4 322 324 (3968 688 248 ) (3968 688 128 ) (4096 688 128 ) (4096 688 248 ) 
4 323 324 (3968 688 120 ) (3968 688 0 ) (4096 688 0 ) (4096 688 120 ) 
4 324 328 (3968 592 184 ) (3968 592 64 ) (4096 592 64 ) (4096 592 184 ) 
4 324 326 (3968 592 440 ) (3968 592 320 ) (4096 592 320 ) (4096 592 440 ) 
4 324 327 (3968 592 312 ) (3968 592 192 ) (4096 592 192 ) (4096 592 312 ) 
4 324 325 (3968 592 640 ) (3968 592 448 ) (4096 592 448 ) (4096 592 640 ) 
4 330 477 (3072 0 -32 ) (3072 0 0 ) (3072 256 0 ) (3072 256 -32 ) 
4 330 471 (3072 0 0 ) (3072 0 128 ) (3072 256 128 ) (3072 256 0 ) 
4 330 332 (3072 0 -32 ) (3072 256 -32 ) (3328 256 -32 ) (3328 0 -32 ) 
4 331 333 (3136 1024 -160 ) (3712 1024 -160 ) (3712 768 -160 ) (3136 768 -160 ) 
4 332 483 (3072 0 -64 ) (3072 0 -32 ) (3072 256 -32 ) (3072 256 -64 ) 
4 334 337 (2680 2816 624 ) (2680 2816 720 ) (2632 2816 720 ) (2632 2816 624 ) 
4 335 337 (2616 2816 624 ) (2616 2816 720 ) (2568 2816 720 ) (2568 2816 624 ) 
4 336 358 (2944 2432 640 ) (2752 2432 640 ) (2752 2432 512 ) (2944 2432 512 ) 
4 337 341 (2560 2672 768 ) (2560 2672 448 ) (2688 2672 448 ) (2688 2672 768 ) 
4 338 341 (2560 2672 440 ) (2560 2672 320 ) (2688 2672 320 ) (2688 2672 440 ) 
4 339 341 (2560 2672 312 ) (2560 2672 192 ) (2688 2672 192 ) (2688 2672 312 ) 
4 340 341 (2560 2672 184 ) (2560 2672 64 ) (2688 2672 64 ) (2688 2672 184 ) 
4 341 346 (2560 2576 120 ) (2560 2576 0 ) (2688 2576 0 ) (2688 2576 120 ) 
4 341 345 (2560 2576 248 ) (2560 2576 128 ) (2688 2576 128 ) (2688 2576 248 ) 
4 341 344 (2560 2576 376 ) (2560 2576 256 ) (2688 2576 256 ) (2688 2576 376 ) 
4 341 343 (2560 2576 504 ) (2560 2576 384 ) (2688 2576 384 ) (2688 2576 504 ) 
4 341 342 (2560 2576 768 ) (2560 2576 512 ) (2688 2576 512 ) (2688 2576 768 ) 
4 342 347 (2600 2440 512 ) (2648 2440 512 ) (2648 2440 620 ) (2600 2440 620 ) 
4 346 349 (2600 2440 0 ) (2648 2440 0 ) (2648 2440 108 ) (2600 2440 108 ) 
4 347 348 (2648 2438 512 ) (2648 2438 620 ) (2600 2438 620 ) (2600 2438 512 ) 
4 348 361 (2600 2432 620 ) (2600 2432 512 ) (2648 2432 512 ) (2648 2432 620 ) 
4 349 350 (2648 2434 0 ) (2648 2434 108 ) (2600 2434 108 ) (2600 2434 0 ) 
4 350 371 (2600 2432 108 ) (2600 2432 0 ) (2648 2432 0 ) (2648 2432 108 ) 
4 351 412 (2048 2432 552 ) (2048 2432 624 ) (2048 2496 624 ) (2048 2496 552 ) 
4 351 365 (2048 2432 640 ) (2048 2432 512 ) (2304 2432 512 ) (2304 2432 640 ) 
4 351 353 (2048 2432 768 ) (2048 2432 640 ) (2304 2432 640 ) (2304 2432 768 ) 
3 352 364 (2368 2304 640 ) (2304 2304 640 ) (2304 2368 640 ) 
4 352 356 (2304 2304 640 ) (2368 2304 640 ) (2368 2304 768 ) (2304 2304 768 ) 
4 352 353 (2304 2368 640 ) (2304 2304 640 ) (2304 2304 768 ) (2304 2368 768 ) 
4 353 408 (2048 2304 768 ) (2048 2432 768 ) (2048 2432 640 ) (2048 2304 640 ) 
4 353 365 (2048 2304 640 ) (2048 2432 640 ) (2304 2432 640 ) (2304 2304 640 ) 
4 353 356 (2048 2304 640 ) (2304 2304 640 ) (2304 2304 768 ) (2048 2304 768 ) 
4 354 362 (2448 2304 640 ) (2752 2304 640 ) (2752 2048 640 ) (2448 2048 640 ) 
4 354 360 (2752 2304 640 ) (2944 2304 640 ) (2944 2048 640 ) (2752 2048 640 ) 
4 354 357 (2944 2304 640 ) (3072 2304 640 ) (3072 2048 640 ) (2944 2048 640 ) 
4 354 355 (2448 2272 640 ) (2448 2080 640 ) (2448 2080 656 ) (2448 2272 656 ) 
4 355 363 (2448 2272 640 ) (2448 2080 640 ) (2432 2080 640 ) (2432 2272 640 ) 
4 355 356 (2432 2272 640 ) (2432 2080 640 ) (2432 2080 656 ) (2432 2272 656 ) 
4 356 410 (2048 2048 640 ) (2048 2048 768 ) (2048 2304 768 ) (2048 2304 640 ) 
4 356 366 (2048 2048 640 ) (2048 2304 640 ) (2432 2304 640 ) (2432 2048 640 ) 
4 357 368 (2992 2064 512 ) (2992 2112 512 ) (3040 2112 512 ) (3040 2064 512 ) 
4 357 367 (2992 2240 512 ) (2992 2288 512 ) (3040 2288 512 ) (3040 2240 512 ) 
4 357 360 (2944 2304 512 ) (2944 2048 512 ) (2944 2048 640 ) (2944 2304 640 ) 
4 358 359 (2820 2312 512 ) (2876 2312 512 ) (2876 2312 640 ) (2820 2312 640 ) 
4 359 360 (2820 2304 512 ) (2876 2304 512 ) (2876 2304 640 ) (2820 2304 640 ) 
4 360 377 (2944 2048 640 ) (2752 2048 640 ) (2752 2048 512 ) (2944 2048 512 ) 
4 360 362 (2752 2304 512 ) (2752 2048 512 ) (2752 2048 640 ) (2752 2304 640 ) 
4 361 362 (2560 2304 512 ) (2688 2304 512 ) (2688 2304 640 ) (2560 2304 640 ) 
4 362 377 (2752 2048 640 ) (2560 2048 640 ) (2560 2048 512 ) (2752 2048 512 ) 
4 362 363 (2448 2272 512 ) (2448 2080 512 ) (2448 2080 640 ) (2448 2272 640 ) 
4 363 366 (2432 2272 512 ) (2432 2080 512 ) (2432 2080 640 ) (2432 2272 640 ) 
4 364 365 (2304 2368 512 ) (2304 2304 512 ) (2304 2304 640 ) (2304 2368 640 ) 
4 364 366 (2304 2304 512 ) (2368 2304 512 ) (2368 2304 640 ) (2304 2304 640 ) 
4 365 422 (2048 2312 512 ) (2048 2304 512 ) (2048 2304 552 ) (2048 2312 552 ) 
4 365 421 (2048 2304 552 ) (2048 2304 624 ) (2048 2312 624 ) (2048 2312 552 ) 
4 365 420 (2048 2432 552 ) (2048 2432 512 ) (2048 2312 512 ) (2048 2312 552 ) 
4 365 418 (2048 2432 624 ) (2048 2432 552 ) (2048 2312 552 ) (2048 2312 624 ) 
4 365 417 (2048 2304 640 ) (2048 2312 640 ) (2048 2312 624 ) (2048 2304 624 ) 
4 365 416 (2048 2312 640 ) (2048 2432 640 ) (2048 2432 624 ) (2048 2312 624 ) 
4 365 366 (2048 2304 512 ) (2304 2304 512 ) (2304 2304 640 ) (2048 2304 640 ) 
4 366 426 (2048 2048 512 ) (2048 2048 640 ) (2048 2304 640 ) (2048 2304 512 ) 
4 366 378 (2124 2048 640 ) (2068 2048 640 ) (2068 2048 512 ) (2124 2048 512 ) 
4 369 380 (2992 2048 161.230774 ) (2992 2048 128 ) (3004 2048 128 ) (2999 2048 151 ) 
4 369 372 (2992 2304 128 ) (3004 2304 128 ) (3004 2048 128 ) (2992 2048 128 ) 
4 369 370 (2992 2304 161.230774 ) (2992 2304 128 ) (2992 2048 128 ) (2992 2048 161.230804 ) 
9 370 380 (2889 2048 151 ) (2884 2048 128 ) (2992 2048 128 ) (2992 2048 161.230789 ) (2986 2048 170 ) (2967 2048 183 ) (2944 2048 188 ) (2921 2048 183 ) (2902 2048 170 ) 
4 370 372 (2884 2304 128 ) (2992 2304 128 ) (2992 2048 128 ) (2884 2048 128 ) 
4 371 374 (2352 2304 0 ) (2688 2304 0 ) (2688 2304 128 ) (2352 2304 128 ) 
4 371 373 (2688 2304 0 ) (2816 2304 0 ) (2816 2304 128 ) (2688 2304 128 ) 
9 372 381 (3004 2048 128 ) (2884 2048 128 ) (2889 2048 105 ) (2902 2048 86 ) (2921 2048 73 ) (2944 2048 68 ) (2967 2048 73 ) (2986 2048 86 ) (2999 2048 105 ) 
4 373 374 (2688 2304 128 ) (2688 2304 0 ) (2688 2176 0 ) (2688 2176 128 ) 
4 374 375 (2600 2176 0 ) (2648 2176 0 ) (2648 2176 108 ) (2600 2176 108 ) 
4 375 376 (2600 2168 0 ) (2648 2168 0 ) (2648 2168 108 ) (2600 2168 108 ) 
4 376 382 (2688 2048 128 ) (2560 2048 128 ) (2560 2048 0 ) (2688 2048 0 ) 
4 378 379 (2068 2040 512 ) (2124 2040 512 ) (2124 2040 640 ) (2068 2040 640 ) 
4 379 440 (2048 1940 512 ) (2048 1856 512 ) (2048 1856 640 ) (2048 1940 640 ) 
4 379 437 (2048 1996 512 ) (2048 1940 512 ) (2048 1940 640 ) (2048 1996 640 ) 
4 379 435 (2048 2040 512 ) (2048 1996 512 ) (2048 1996 640 ) (2048 2040 640 ) 
9 380 386 (2967 1792 183 ) (2944 1792 188 ) (2921 1792 183 ) (2902 1792 170 ) (2889 1792 151 ) (2884 1792 128 ) (3004 1792 128 ) (2999 1792 151 ) (2986 1792 170 ) 
4 380 383 (3004 1792 128 ) (2884 1792 128 ) (2884 1800 128 ) (3004 1800 128 ) 
4 380 381 (2884 1800 128 ) (2884 2048 128 ) (3004 2048 128 ) (3004 1800 128 ) 
9 381 383 (3004 1800 128 ) (2884 1800 128 ) (2889 1800 105 ) (2902 1800 86 ) (2921 1800 73 ) (2944 1800 68 ) (2967 1800 73 ) (2986 1800 86 ) (2999 1800 105 ) 
4 382 384 (2600 1800 108 ) (2600 1800 0 ) (2648 1800 0 ) (2648 1800 108 ) 
9 383 386 (3004 1792 128 ) (2884 1792 128 ) (2889 1792 105 ) (2902 1792 86 ) (2921 1792 73 ) (2944 1792 68 ) (2967 1792 73 ) (2986 1792 86 ) (2999 1792 105 ) 
4 384 385 (2648 1794 0 ) (2648 1794 108 ) (2600 1794 108 ) (2600 1794 0 ) 
4 385 397 (2600 1792 8 ) (2600 1792 0 ) (2648 1792 0 ) (2648 1792 8 ) 
4 385 389 (2600 1792 16 ) (2600 1792 8 ) (2648 1792 8 ) (2648 1792 16 ) 
4 385 386 (2600 1792 108 ) (2600 1792 16 ) (2648 1792 16 ) (2648 1792 108 ) 
4 386 470 (3072 1024 16 ) (3072 1024 128 ) (2304 1024 128 ) (2304 1024 16 ) 
4 386 469 (3072 1024 128 ) (3072 1024 256 ) (2304 1024 256 ) (2304 1024 128 ) 
4 386 387 (3008 1408 16 ) (3008 1792 16 ) (3072 1792 16 ) (3072 1408 16 ) 
4 386 388 (3072 1024 16 ) (3008 1024 16 ) (3008 1152 16 ) (3072 1152 16 ) 
4 386 389 (3008 1024 16 ) (2304 1024 16 ) (2304 1792 16 ) (3008 1792 16 ) 
4 387 395 (3008 1408 8 ) (3008 1792 8 ) (3016 1792 8 ) (3016 1408 8 ) 
4 387 392 (3016 1792 8 ) (3032 1792 8 ) (3032 1408 8 ) (3016 1408 8 ) 
4 387 390 (3032 1792 8 ) (3072 1792 8 ) (3072 1408 8 ) (3032 1408 8 ) 
4 387 389 (3008 1792 8 ) (3008 1408 8 ) (3008 1408 16 ) (3008 1792 16 ) 
4 388 470 (3072 1024 8 ) (3072 1024 16 ) (3008 1024 16 ) (3008 1024 8 ) 
4 388 398 (3016 1024 8 ) (3008 1024 8 ) (3008 1152 8 ) (3016 1152 8 ) 
4 388 394 (3072 1024 8 ) (3016 1024 8 ) (3016 1152 8 ) (3072 1152 8 ) 
4 388 389 (3008 1152 8 ) (3008 1024 8 ) (3008 1024 16 ) (3008 1152 16 ) 
4 389 470 (3008 1024 16 ) (2304 1024 16 ) (2304 1024 8 ) (3008 1024 8 ) 
4 389 397 (2304 1152 8 ) (2304 1792 8 ) (3008 1792 8 ) (3008 1152 8 ) 
4 389 398 (3008 1024 8 ) (2304 1024 8 ) (2304 1152 8 ) (3008 1152 8 ) 
4 390 399 (3032 1792 -120 ) (3072 1792 -120 ) (3072 1408 -120 ) (3032 1408 -120 ) 
4 390 392 (3032 1792 -120 ) (3032 1408 -120 ) (3032 1408 8 ) (3032 1792 8 ) 
4 390 391 (3032 1408 -28 ) (3032 1408 -80 ) (3072 1408 -80 ) (3072 1408 -28 ) 
4 391 393 (3072 1400 -80 ) (3072 1400 -28 ) (3032 1400 -28 ) (3032 1400 -80 ) 
4 392 399 (3016 1792 -120 ) (3032 1792 -120 ) (3032 1408 -120 ) (3016 1408 -120 ) 
4 392 395 (3016 1792 -120 ) (3016 1408 -120 ) (3016 1408 8 ) (3016 1792 8 ) 
4 393 396 (3016 1236 -120 ) (3016 1188 -120 ) (3016 1188 -12 ) (3016 1236 -12 ) 
4 394 470 (3072 1024 0 ) (3072 1024 8 ) (3016 1024 8 ) (3016 1024 0 ) 
4 394 400 (3072 1152 -120 ) (3072 1024 -120 ) (3016 1024 -120 ) (3016 1152 -120 ) 
4 394 398 (3016 1152 -120 ) (3016 1024 -120 ) (3016 1024 8 ) (3016 1152 8 ) 
4 395 399 (3008 1792 -120 ) (3016 1792 -120 ) (3016 1408 -120 ) (3008 1408 -120 ) 
4 395 397 (3008 1792 -120 ) (3008 1408 -120 ) (3008 1408 8 ) (3008 1792 8 ) 
4 396 397 (3008 1236 -120 ) (3008 1188 -120 ) (3008 1188 -12 ) (3008 1236 -12 ) 
4 397 401 (2304 1792 -120 ) (3008 1792 -120 ) (3008 1152 -120 ) (2304 1152 -120 ) 
4 397 398 (2304 1152 8 ) (2304 1152 -120 ) (3008 1152 -120 ) (3008 1152 8 ) 
4 398 481 (2304 1024 -32 ) (2304 1024 -120 ) (2688 1024 -120 ) (2688 1024 -32 ) 
4 398 480 (2944 1024 -120 ) (3008 1024 -120 ) (3008 1024 -32 ) (2944 1024 -32 ) 
4 398 475 (2304 1024 0 ) (2304 1024 -32 ) (2688 1024 -32 ) (2688 1024 0 ) 
4 398 474 (2944 1024 -32 ) (3008 1024 -32 ) (3008 1024 0 ) (2944 1024 0 ) 
4 398 470 (3016 1024 8 ) (2304 1024 8 ) (2304 1024 0 ) (3016 1024 0 ) 
4 398 400 (3016 1152 -120 ) (3016 1024 -120 ) (3008 1024 -120 ) (3008 1152 -120 ) 
4 398 401 (3008 1024 -120 ) (2304 1024 -120 ) (2304 1152 -120 ) (3008 1152 -120 ) 
4 399 402 (3008 1408 -128 ) (3008 1792 -128 ) (3072 1792 -128 ) (3072 1408 -128 ) 
4 399 401 (3008 1792 -128 ) (3008 1408 -128 ) (3008 1408 -120 ) (3008 1792 -120 ) 
4 400 401 (3008 1152 -128 ) (3008 1024 -128 ) (3008 1024 -120 ) (3008 1152 -120 ) 
4 401 481 (2688 1024 -120 ) (2304 1024 -120 ) (2304 1024 -128 ) (2688 1024 -128 ) 
4 401 480 (3008 1024 -120 ) (2944 1024 -120 ) (2944 1024 -128 ) (3008 1024 -128 ) 
4 401 404 (2688 1024 -128 ) (2304 1024 -128 ) (2304 1792 -128 ) (2688 1792 -128 ) 
4 401 403 (2688 1280 -128 ) (2688 1792 -128 ) (3008 1792 -128 ) (3008 1280 -128 ) 
4 402 405 (3008 1792 -160 ) (3072 1792 -160 ) (3072 1408 -160 ) (3008 1408 -160 ) 
4 402 403 (3008 1408 -128 ) (3008 1792 -128 ) (3008 1792 -160 ) (3008 1408 -160 ) 
4 403 406 (2688 1792 -160 ) (3008 1792 -160 ) (3008 1280 -160 ) (2688 1280 -160 ) 
4 403 404 (2688 1280 -128 ) (2688 1792 -128 ) (2688 1792 -160 ) (2688 1280 -160 ) 
4 404 485 (2688 1024 -128 ) (2304 1024 -128 ) (2304 1024 -160 ) (2688 1024 -160 ) 
4 404 407 (2304 1792 -160 ) (2688 1792 -160 ) (2688 1024 -160 ) (2304 1024 -160 ) 
4 405 406 (3008 1792 -160 ) (3008 1792 -256 ) (3008 1408 -256 ) (3008 1408 -160 ) 
4 406 407 (2688 1792 -160 ) (2688 1792 -256 ) (2688 1280 -256 ) (2688 1280 -160 ) 
4 407 488 (2688 1024 -160 ) (2304 1024 -160 ) (2304 1024 -256 ) (2688 1024 -256 ) 
4 408 417 (2048 2312 640 ) (2048 2304 640 ) (1920 2304 640 ) (1928 2312 640 ) 
3 408 416 (2048 2432 640 ) (2048 2312 640 ) (1928 2312 640 ) 
4 408 410 (1920 2304 640 ) (2048 2304 640 ) (2048 2304 768 ) (1920 2304 768 ) 
4 409 424 (1536 2560 640 ) (1536 2312 640 ) (1152 2312 640 ) (1152 2560 640 ) 
4 410 427 (1024 2048 640 ) (1024 2048 768 ) (1024 2304 768 ) (1024 2304 640 ) 
4 410 426 (2048 2048 640 ) (1024 2048 640 ) (1024 2304 640 ) (2048 2304 640 ) 
4 411 414 (1544 2508 512 ) (1544 2496 512 ) (1544 2496 620 ) (1544 2508 620 ) 
4 411 413 (1544 2496 640 ) (1544 2496 512 ) (2040 2496 512 ) (2040 2496 640 ) 
4 412 418 (2048 2432 552 ) (2048 2432 624 ) (2040 2432 624 ) (2040 2432 552 ) 
4 412 413 (2040 2496 624 ) (2040 2496 552 ) (2040 2432 552 ) (2040 2432 624 ) 
4 413 419 (1664 2432 512 ) (2040 2432 512 ) (2040 2432 552 ) (1664 2432 552 ) 
4 413 418 (2040 2432 552 ) (2040 2432 624 ) (1664 2432 624 ) (1664 2432 552 ) 
4 413 415 (2040 2432 624 ) (2040 2432 640 ) (1664 2432 640 ) (1664 2432 624 ) 
4 413 414 (1544 2496 512 ) (1544 2460 512 ) (1544 2460 620 ) (1544 2496 620 ) 
4 414 424 (1536 2508 512 ) (1536 2460 512 ) (1536 2460 620 ) (1536 2508 620 ) 
4 415 418 (1664 2312 624 ) (1664 2432 624 ) (2040 2432 624 ) (1920 2312 624 ) 
3 416 418 (2048 2432 624 ) (2048 2312 624 ) (1928 2312 624 ) 
4 416 417 (1928 2312 624 ) (2048 2312 624 ) (2048 2312 640 ) (1928 2312 640 ) 
4 417 421 (2048 2304 624 ) (1920 2304 624 ) (1928 2312 624 ) (2048 2312 624 ) 
4 417 426 (2048 2304 624 ) (2048 2304 640 ) (1920 2304 640 ) (1920 2304 624 ) 
4 418 423 (1756 2312 620 ) (1756 2312 552 ) (1804 2312 552 ) (1804 2312 620 ) 
4 418 421 (2048 2312 624 ) (1856 2312 624 ) (1856 2312 552 ) (2048 2312 552 ) 
4 418 419 (1920 2312 552 ) (1664 2312 552 ) (1664 2432 552 ) (2040 2432 552 ) 
3 418 420 (2048 2312 552 ) (1928 2312 552 ) (2048 2432 552 ) 
4 419 423 (1756 2312 512 ) (1804 2312 512 ) (1804 2312 552 ) (1756 2312 552 ) 
4 420 422 (1928 2312 512 ) (2048 2312 512 ) (2048 2312 552 ) (1928 2312 552 ) 
4 421 422 (2048 2304 552 ) (1920 2304 552 ) (1928 2312 552 ) (2048 2312 552 ) 
4 421 426 (2048 2304 552 ) (2048 2304 624 ) (1856 2304 624 ) (1856 2304 552 ) 
4 422 426 (1920 2304 512 ) (2048 2304 512 ) (2048 2304 552 ) (1920 2304 552 ) 
4 423 426 (1756 2304 512 ) (1804 2304 512 ) (1804 2304 620 ) (1756 2304 620 ) 
4 424 425 (1272 2312 512 ) (1372 2312 512 ) (1372 2312 640 ) (1272 2312 640 ) 
4 425 426 (1272 2304 512 ) (1372 2304 512 ) (1372 2304 640 ) (1272 2304 640 ) 
4 426 456 (1184 2048 636 ) (1184 2048 512 ) (1376 2048 512 ) (1376 2048 636 ) 
4 426 434 (1880 2048 640 ) (1824 2048 640 ) (1824 2048 512 ) (1880 2048 512 ) 
4 426 427 (1024 2048 512 ) (1024 2048 640 ) (1024 2304 640 ) (1024 2304 512 ) 
4 427 431 (896 2080 724 ) (896 2144 724 ) (896 2144 684 ) (896 2080 684 ) 
4 427 428 (896 2208 724 ) (896 2272 724 ) (896 2272 684 ) (896 2208 684 ) 
4 428 429 (894 2272 724 ) (894 2272 684 ) (894 2208 684 ) (894 2208 724 ) 
4 429 430 (890 2272 724 ) (890 2272 684 ) (890 2208 684 ) (890 2208 724 ) 
4 431 432 (894 2144 724 ) (894 2144 684 ) (894 2080 684 ) (894 2080 724 ) 
4 432 433 (890 2144 724 ) (890 2144 684 ) (890 2080 684 ) (890 2080 724 ) 
4 434 436 (1824 2040 512 ) (1880 2040 512 ) (1880 2040 640 ) (1824 2040 640 ) 
4 435 437 (1992 1996 512 ) (2048 1996 512 ) (2048 1996 640 ) (1992 1996 640 ) 
4 436 439 (1792 1996 512 ) (1976 1996 512 ) (1976 1996 640 ) (1792 1996 640 ) 
4 437 440 (1992 1940 512 ) (2048 1940 512 ) (2048 1940 640 ) (1992 1940 640 ) 
4 437 438 (1992 1996 624 ) (1992 1996 512 ) (1992 1940 512 ) (1992 1940 624 ) 
4 438 439 (1976 1996 624 ) (1976 1996 512 ) (1976 1940 512 ) (1976 1940 624 ) 
4 439 441 (1792 1940 512 ) (1976 1940 512 ) (1976 1940 640 ) (1792 1940 640 ) 
4 442 446 (1664 1792 880 ) (1664 1792 448 ) (1664 1536 448 ) (1664 1536 880 ) 
4 443 446 (1664 1792 440 ) (1664 1792 320 ) (1664 1536 320 ) (1664 1536 440 ) 
4 444 446 (1664 1792 312 ) (1664 1792 192 ) (1664 1536 192 ) (1664 1536 312 ) 
4 445 446 (1664 1792 184 ) (1664 1792 64 ) (1664 1536 64 ) (1664 1536 184 ) 
4 446 451 (1568 1792 248 ) (1568 1792 128 ) (1568 1536 128 ) (1568 1536 248 ) 
4 446 452 (1568 1792 120 ) (1568 1792 0 ) (1568 1536 0 ) (1568 1536 120 ) 
4 446 450 (1568 1792 376 ) (1568 1792 256 ) (1568 1536 256 ) (1568 1536 376 ) 
4 446 448 (1568 1792 880 ) (1568 1792 512 ) (1568 1536 512 ) (1568 1536 880 ) 
4 446 449 (1568 1792 504 ) (1568 1792 384 ) (1568 1536 384 ) (1568 1536 504 ) 
4 446 447 (1568 1792 896 ) (1568 1792 880 ) (1568 1536 880 ) (1568 1536 896 ) 
4 447 448 (1536 1792 880 ) (1568 1792 880 ) (1568 1536 880 ) (1536 1536 880 ) 
4 448 453 (1416 1660 512 ) (1416 1612 512 ) (1416 1612 620 ) (1416 1660 620 ) 
4 452 454 (1416 1688 0 ) (1416 1640 0 ) (1416 1640 108 ) (1416 1688 108 ) 
4 453 457 (1408 1660 620 ) (1408 1660 512 ) (1408 1612 512 ) (1408 1612 620 ) 
4 454 461 (1408 1688 108 ) (1408 1688 0 ) (1408 1640 0 ) (1408 1640 108 ) 
4 455 457 (1152 2040 896 ) (1152 2040 768 ) (1408 2040 768 ) (1408 2040 896 ) 
4 456 457 (1184 2040 512 ) (1376 2040 512 ) (1376 2040 636 ) (1184 2040 636 ) 
4 457 465 (1152 1920 512 ) (1152 1408 512 ) (1152 1408 640 ) (1152 1920 640 ) 
4 457 460 (1184 1280 512 ) (1232 1280 512 ) (1232 1280 620 ) (1184 1280 620 ) 
4 457 459 (1328 1280 620 ) (1328 1280 640 ) (1184 1280 640 ) (1184 1280 620 ) 
4 457 458 (1328 1280 512 ) (1376 1280 512 ) (1376 1280 640 ) (1328 1280 640 ) 
4 458 459 (1328 1272 620 ) (1328 1272 640 ) (1328 1280 640 ) (1328 1280 620 ) 
4 459 460 (1184 1272 620 ) (1184 1280 620 ) (1232 1280 620 ) (1232 1272 620 ) 
4 461 462 (1320 1408 0 ) (1368 1408 0 ) (1368 1408 108 ) (1320 1408 108 ) 
4 462 463 (1320 1400 0 ) (1368 1400 0 ) (1368 1400 108 ) (1320 1400 108 ) 
4 463 464 (1280 1152 0 ) (1408 1152 0 ) (1408 1152 128 ) (1280 1152 128 ) 
4 464 490 (1408 1024 0 ) (1408 1024 128 ) (1280 1024 128 ) (1280 1024 0 ) 
4 464 466 (1152 1152 0 ) (1152 1024 0 ) (1152 1024 128 ) (1152 1152 128 ) 
4 466 467 (1032 1112 0 ) (1032 1064 0 ) (1032 1064 108 ) (1032 1112 108 ) 
4 467 468 (1024 1112 0 ) (1024 1064 0 ) (1024 1064 108 ) (1024 1112 108 ) 
4 469 470 (2304 768 128 ) (2304 1024 128 ) (3072 1024 128 ) (3072 768 128 ) 
4 470 476 (2560 768 0 ) (2304 768 0 ) (2304 896 0 ) (2560 896 0 ) 
4 470 475 (2304 1024 0 ) (2688 1024 0 ) (2688 896 0 ) (2304 896 0 ) 
4 470 474 (2944 1024 0 ) (3008 1024 0 ) (3008 832 0 ) (2944 832 0 ) 
4 471 477 (3072 256 0 ) (3072 0 0 ) (2320 0 0 ) (2320 256 0 ) 
4 471 472 (2320 192 0 ) (2320 64 0 ) (2320 64 40 ) (2320 192 40 ) 
4 472 478 (2304 64 0 ) (2304 192 0 ) (2320 192 0 ) (2320 64 0 ) 
4 472 473 (2304 192 0 ) (2304 64 0 ) (2304 64 40 ) (2304 192 40 ) 
4 473 500 (2048 256 0 ) (2048 0 0 ) (2048 0 128 ) (2048 256 128 ) 
4 473 479 (2048 0 0 ) (2048 256 0 ) (2304 256 0 ) (2304 0 0 ) 
4 474 480 (2944 1024 -32 ) (3008 1024 -32 ) (3008 832 -32 ) (2944 832 -32 ) 
4 475 481 (2304 896 -32 ) (2304 1024 -32 ) (2688 1024 -32 ) (2688 896 -32 ) 
4 475 476 (2304 896 0 ) (2304 896 -32 ) (2560 896 -32 ) (2560 896 0 ) 
4 476 482 (2304 768 -32 ) (2304 896 -32 ) (2560 896 -32 ) (2560 768 -32 ) 
4 477 483 (3072 0 -32 ) (2320 0 -32 ) (2320 256 -32 ) (3072 256 -32 ) 
4 477 478 (2320 192 -32 ) (2320 64 -32 ) (2320 64 0 ) (2320 192 0 ) 
4 478 484 (2304 64 -32 ) (2304 192 -32 ) (2320 192 -32 ) (2320 64 -32 ) 
4 478 479 (2304 192 -32 ) (2304 64 -32 ) (2304 64 0 ) (2304 192 0 ) 
4 479 501 (2048 256 -32 ) (2048 0 -32 ) (2048 0 0 ) (2048 256 0 ) 
4 479 487 (2304 0 -32 ) (2048 0 -32 ) (2048 256 -32 ) (2304 256 -32 ) 
4 481 485 (2304 896 -128 ) (2304 1024 -128 ) (2688 1024 -128 ) (2688 896 -128 ) 
4 481 482 (2304 896 -32 ) (2304 896 -128 ) (2560 896 -128 ) (2560 896 -32 ) 
4 482 486 (2304 768 -128 ) (2304 896 -128 ) (2560 896 -128 ) (2560 768 -128 ) 
4 483 484 (2320 192 -64 ) (2320 64 -64 ) (2320 64 -32 ) (2320 192 -32 ) 
4 484 487 (2304 64 -32 ) (2304 192 -32 ) (2304 192 -64 ) (2304 64 -64 ) 
4 485 488 (2304 1024 -160 ) (2688 1024 -160 ) (2688 896 -160 ) (2304 896 -160 ) 
4 485 486 (2560 896 -128 ) (2304 896 -128 ) (2304 896 -160 ) (2560 896 -160 ) 
4 486 489 (2560 768 -160 ) (2304 768 -160 ) (2304 896 -160 ) (2560 896 -160 ) 
4 487 502 (2048 256 -64 ) (2048 0 -64 ) (2048 0 -32 ) (2048 256 -32 ) 
4 488 489 (2304 896 -160 ) (2304 896 -256 ) (2560 896 -256 ) (2560 896 -160 ) 
4 490 491 (1308 904 0 ) (1356 904 0 ) (1356 904 108 ) (1308 904 108 ) 
4 491 492 (1308 896 0 ) (1356 896 0 ) (1356 896 108 ) (1308 896 108 ) 
4 492 494 (1160 680 100 ) (1160 760 100 ) (1160 760 44 ) (1160 680 44 ) 
4 492 493 (1220 648 0 ) (1268 648 0 ) (1268 648 108 ) (1220 648 108 ) 
4 493 496 (1220 640 0 ) (1268 640 0 ) (1268 640 108 ) (1220 640 108 ) 
4 494 495 (1152 680 100 ) (1152 760 100 ) (1152 760 44 ) (1152 680 44 ) 
4 495 496 (1024 640 0 ) (1152 640 0 ) (1152 640 128 ) (1024 640 128 ) 
4 496 497 (1128 392 0 ) (1176 392 0 ) (1176 392 108 ) (1128 392 108 ) 
4 497 498 (1176 386 0 ) (1176 386 108 ) (1128 386 108 ) (1128 386 0 ) 
4 498 499 (1128 384 0 ) (1176 384 0 ) (1176 384 108 ) (1128 384 108 ) 
4 499 500 (1024 256 0 ) (1280 256 0 ) (1280 256 128 ) (1024 256 128 ) 
4 500 503 (1024 0 0 ) (1024 0 128 ) (1024 256 128 ) (1024 256 0 ) 
4 500 501 (1024 0 0 ) (1024 256 0 ) (2048 256 0 ) (2048 0 0 ) 
4 501 503 (1024 0 -32 ) (1024 0 0 ) (1024 256 0 ) (1024 256 -32 ) 
4 501 502 (2048 0 -32 ) (1024 0 -32 ) (1024 256 -32 ) (2048 256 -32 ) 
4 502 504 (1024 0 -64 ) (1024 0 -32 ) (1024 256 -32 ) (1024 256 -64 ) 
4 503 505 (0 192 -32 ) (0 64 -32 ) (0 64 40 ) (0 192 40 ) 
4 503 504 (0 0 -32 ) (0 256 -32 ) (1024 256 -32 ) (1024 0 -32 ) 
4 504 507 (0 64 -32 ) (0 192 -32 ) (0 192 -64 ) (0 64 -64 ) 
4 505 507 (-16 64 -32 ) (-16 192 -32 ) (0 192 -32 ) (0 64 -32 ) 
4 505 506 (-16 192 40 ) (-16 192 -32 ) (-16 64 -32 ) (-16 64 40 ) 
4 506 508 (-16 0 -32 ) (-1024 0 -32 ) (-1024 256 -32 ) (-16 256 -32 ) 
4 507 508 (-16 192 -64 ) (-16 64 -64 ) (-16 64 -32 ) (-16 192 -32 ) 
