PRT1
42
64
4 0 21 (-1024 1920 128 ) (-1024 1736 128 ) (-1024 1736 248 ) (-1024 1920 248 ) 
4 0 1 (-480 1736 128 ) (-416 1736 128 ) (-416 1736 248 ) (-480 1736 248 ) 
4 1 2 (-480 1728 128 ) (-416 1728 128 ) (-416 1728 248 ) (-480 1728 248 ) 
4 2 22 (-1024 1728 128 ) (-1024 1024 128 ) (-1024 1024 248 ) (-1024 1728 248 ) 
4 2 3 (-384 1024 128 ) (-1024 1024 128 ) (-1024 1728 128 ) (-384 1728 128 ) 
4 3 27 (-1024 1728 120 ) (-1024 1600 120 ) (-1024 1600 128 ) (-1024 1728 128 ) 
4 3 28 (-1024 1600 120 ) (-1024 1024 120 ) (-1024 1024 128 ) (-1024 1600 128 ) 
4 3 20 (-1024 1024 120 ) (-1024 1728 120 ) (-512 1728 120 ) (-512 1024 120 ) 
4 3 13 (-512 1728 120 ) (-504 1728 120 ) (-504 1024 120 ) (-512 1024 120 ) 
4 3 11 (-384 1528 120 ) (-384 1024 120 ) (-504 1024 120 ) (-504 1528 120 ) 
4 3 10 (-384 1536 120 ) (-384 1528 120 ) (-504 1528 120 ) (-504 1536 120 ) 
4 3 8 (-504 1728 120 ) (-384 1728 120 ) (-384 1536 120 ) (-504 1536 120 ) 
4 4 9 (-304 1536 16 ) (-304 1536 104 ) (-336 1536 104 ) (-336 1536 16 ) 
4 4 6 (-376 1696 0 ) (-376 1632 0 ) (-376 1632 120 ) (-376 1696 120 ) 
4 4 5 (-376 1920 120 ) (-376 1920 0 ) (-376 1727.988403 0 ) (-376 1727.988403 120 ) 
4 5 7 (-384 1920 0 ) (-384 1735.988403 0 ) (-384 1735.988403 120 ) (-384 1920 120 ) 
4 6 8 (-384 1696 0 ) (-384 1632 0 ) (-384 1632 120 ) (-384 1696 120 ) 
4 7 12 (-504 1768 44 ) (-504 1768 100 ) (-504 1880 100 ) (-504 1880 44 ) 
4 8 13 (-504 1728 0 ) (-504 1536 0 ) (-504 1536 120 ) (-504 1728 120 ) 
4 8 10 (-504 1536 120 ) (-504 1536 0 ) (-384 1536 0 ) (-384 1536 120 ) 
4 10 13 (-504 1536 0 ) (-504 1528 0 ) (-504 1528 120 ) (-504 1536 120 ) 
4 10 11 (-504 1528 120 ) (-504 1528 0 ) (-384 1528 0 ) (-384 1528 120 ) 
4 11 13 (-504 1528 0 ) (-504 1024 0 ) (-504 1024 120 ) (-504 1528 120 ) 
4 12 14 (-512 1768 44 ) (-512 1768 100 ) (-512 1880 100 ) (-512 1880 44 ) 
4 13 20 (-512 1728 0 ) (-512 1024 0 ) (-512 1024 120 ) (-512 1728 120 ) 
4 14 15 (-624 1736 0 ) (-528 1736 0 ) (-528 1736 120 ) (-624 1736 120 ) 
4 15 20 (-624 1728 0 ) (-528 1728 0 ) (-528 1728 120 ) (-624 1728 120 ) 
4 16 17 (-816 1736 0 ) (-656 1736 0 ) (-656 1736 120 ) (-816 1736 120 ) 
4 17 20 (-816 1728 0 ) (-656 1728 0 ) (-656 1728 120 ) (-816 1728 120 ) 
4 18 19 (-1008 1736 0 ) (-848 1736 0 ) (-848 1736 120 ) (-1008 1736 120 ) 
4 19 20 (-1008 1728 0 ) (-848 1728 0 ) (-848 1728 120 ) (-1008 1728 120 ) 
4 20 36 (-1024 1728 0 ) (-1024 1600 0 ) (-1024 1600 120 ) (-1024 1728 120 ) 
4 20 39 (-1024 1600 0 ) (-1024 1024 0 ) (-1024 1024 120 ) (-1024 1600 120 ) 
4 22 27 (-1216 1600 128 ) (-1216 1728 128 ) (-1024 1728 128 ) (-1024 1600 128 ) 
4 22 28 (-1024 1024 128 ) (-1216 1024 128 ) (-1216 1600 128 ) (-1024 1600 128 ) 
4 22 23 (-1216 1600 248 ) (-1216 1728 248 ) (-1216 1728 128 ) (-1216 1600 128 ) 
4 22 25 (-1216 1024 248 ) (-1216 1600 248 ) (-1216 1600 128 ) (-1216 1024 128 ) 
4 23 27 (-1216 1728 128 ) (-1216 1600 128 ) (-1408 1600 128 ) (-1280 1728 128 ) 
4 23 25 (-1216 1600 128 ) (-1216 1600 248 ) (-1408 1600 248 ) (-1408 1600 128 ) 
4 24 29 (-1792 1600 128 ) (-1792 1920 128 ) (-1536 1920 128 ) (-1536 1600 128 ) 
4 24 26 (-1792 1824 128 ) (-1792 1760 128 ) (-1792 1760 224 ) (-1792 1824 224 ) 
4 24 25 (-1536 1600 248 ) (-1792 1600 248 ) (-1792 1600 128 ) (-1536 1600 128 ) 
4 25 28 (-1216 1024 128 ) (-1536 1024 128 ) (-1536 1600 128 ) (-1216 1600 128 ) 
4 25 29 (-1536 1024 128 ) (-1792 1024 128 ) (-1792 1600 128 ) (-1536 1600 128 ) 
4 26 30 (-1800 1760 128 ) (-1800 1824 128 ) (-1792 1824 128 ) (-1792 1760 128 ) 
4 27 36 (-1280 1728 120 ) (-1024 1728 120 ) (-1024 1600 120 ) (-1408 1600 120 ) 
4 27 28 (-1408 1600 120 ) (-1024 1600 120 ) (-1024 1600 128 ) (-1408 1600 128 ) 
4 28 39 (-1024 1024 120 ) (-1536 1024 120 ) (-1536 1600 120 ) (-1024 1600 120 ) 
4 28 29 (-1536 1600 120 ) (-1536 1024 120 ) (-1536 1024 128 ) (-1536 1600 128 ) 
4 29 40 (-1536 1024 120 ) (-1792 1024 120 ) (-1792 1728 120 ) (-1536 1728 120 ) 
4 29 35 (-1792 1728 120 ) (-1792 1920 120 ) (-1536 1920 120 ) (-1536 1728 120 ) 
4 29 30 (-1792 1824 120 ) (-1792 1760 120 ) (-1792 1760 128 ) (-1792 1824 128 ) 
4 30 41 (-1800 1760 120 ) (-1800 1824 120 ) (-1792 1824 120 ) (-1792 1760 120 ) 
4 31 32 (-1200 1736 0 ) (-1040 1736 0 ) (-1040 1736 120 ) (-1200 1736 120 ) 
4 32 36 (-1200 1728 0 ) (-1040 1728 0 ) (-1040 1728 120 ) (-1200 1728 120 ) 
4 33 34 (-1528 1736 120 ) (-1528 1736 0 ) (-1288 1736 0 ) (-1288 1736 120 ) 
4 34 38 (-1528 1728 0 ) (-1520 1728 0 ) (-1520 1728 120 ) (-1528 1728 120 ) 
4 34 37 (-1520 1728 0 ) (-1296 1728 0 ) (-1296 1728 120 ) (-1520 1728 120 ) 
4 35 41 (-1792 1760 120 ) (-1792 1824 120 ) (-1792 1824 96 ) (-1792 1760 96 ) 
4 35 40 (-1792 1728 120 ) (-1792 1728 64 ) (-1536 1728 64 ) (-1536 1728 120 ) 
4 36 37 (-1288 1720 0 ) (-1400 1608 0 ) (-1400 1608 120 ) (-1288 1720 120 ) 
4 36 39 (-1408 1600 0 ) (-1024 1600 0 ) (-1024 1600 120 ) (-1408 1600 120 ) 
4 37 38 (-1520 1728 120 ) (-1520 1728 0 ) (-1408 1616 0 ) (-1408 1616 120 ) 
4 39 40 (-1536 1024 64 ) (-1536 1024 120 ) (-1536 1600 120 ) (-1536 1600 64 ) 
