PRT1
491
901
4 1 5 (-1696 -7616 368 ) (-1696 -7616 320 ) (-1632 -7616 320 ) (-1632 -7616 368 ) 
4 1 2 (-1744 -7616 320 ) (-1744 -7424 320 ) (-1584 -7424 320 ) (-1584 -7616 320 ) 
4 2 20 (-1696 -7616 -144 ) (-1696 -7616 -256 ) (-1664 -7616 -256 ) (-1664 -7616 -144 ) 
4 2 18 (-1664 -7616 -144 ) (-1664 -7616 -256 ) (-1632 -7616 -256 ) (-1632 -7616 -144 ) 
4 2 15 (-1632 -7616 -16 ) (-1696 -7616 -16 ) (-1696 -7616 -128 ) (-1632 -7616 -128 ) 
4 2 14 (-1632 -7616 112 ) (-1696 -7616 112 ) (-1696 -7616 0 ) (-1632 -7616 0 ) 
4 2 13 (-1632 -7616 240 ) (-1696 -7616 240 ) (-1696 -7616 128 ) (-1632 -7616 128 ) 
4 2 5 (-1632 -7616 320 ) (-1696 -7616 320 ) (-1696 -7616 256 ) (-1632 -7616 256 ) 
4 3 6 (-1632 -7864 368 ) (-1632 -7864 376 ) (-1632 -7624 376 ) (-1632 -7624 368 ) 
4 3 4 (-1544 -7864 368 ) (-1632 -7864 368 ) (-1632 -7624 368 ) (-1544 -7624 368 ) 
4 4 6 (-1632 -7624 256 ) (-1632 -7864 256 ) (-1632 -7864 368 ) (-1632 -7624 368 ) 
4 5 6 (-1696 -7624 368 ) (-1696 -7624 256 ) (-1632 -7624 256 ) (-1632 -7624 368 ) 
4 6 7 (-1696 -7624 256 ) (-1696 -7864 256 ) (-1696 -7864 376 ) (-1696 -7624 376 ) 
4 7 11 (-1824 -7864 256 ) (-1800 -7864 256 ) (-1800 -7864 376 ) (-1824 -7864 376 ) 
4 7 10 (-1800 -7864 256 ) (-1792 -7864 256 ) (-1792 -7864 376 ) (-1800 -7864 376 ) 
4 7 9 (-1824 -7624 256 ) (-1824 -7864 256 ) (-1824 -7864 376 ) (-1824 -7624 376 ) 
4 8 9 (-1888 -7624 256 ) (-1824 -7624 256 ) (-1824 -7624 368 ) (-1888 -7624 368 ) 
4 9 52 (-2048 -7864 376 ) (-2048 -7624 376 ) (-2048 -7624 256 ) (-2048 -7864 256 ) 
4 9 12 (-1920 -7864 256 ) (-1912 -7864 256 ) (-1912 -7864 376 ) (-1920 -7864 376 ) 
4 9 11 (-1912 -7864 256 ) (-1824 -7864 256 ) (-1824 -7864 376 ) (-1912 -7864 376 ) 
4 10 11 (-1800 -7864 376 ) (-1800 -7864 256 ) (-1800 -7872 256 ) (-1800 -7872 376 ) 
4 11 221 (-1800 -8192 376 ) (-1912 -8192 376 ) (-1912 -8192 256 ) (-1800 -8192 256 ) 
4 11 12 (-1912 -7864 376 ) (-1912 -7864 256 ) (-1912 -7872 256 ) (-1912 -7872 376 ) 
4 16 19 (-1632 -7872 -144 ) (-1632 -7872 -136 ) (-1632 -7624 -136 ) (-1632 -7624 -144 ) 
4 16 17 (-1544 -7872 -144 ) (-1632 -7872 -144 ) (-1632 -7624 -144 ) (-1544 -7624 -144 ) 
4 17 19 (-1632 -7624 -256 ) (-1632 -7872 -256 ) (-1632 -7872 -144 ) (-1632 -7624 -144 ) 
4 18 20 (-1664 -7616 -256 ) (-1664 -7624 -256 ) (-1664 -7624 -144 ) (-1664 -7616 -144 ) 
4 18 19 (-1664 -7624 -144 ) (-1664 -7624 -256 ) (-1632 -7624 -256 ) (-1632 -7624 -144 ) 
4 19 21 (-1664 -7624 -256 ) (-1664 -7872 -256 ) (-1664 -7872 -136 ) (-1664 -7624 -136 ) 
4 20 21 (-1696 -7624 -256 ) (-1664 -7624 -256 ) (-1664 -7624 -144 ) (-1696 -7624 -144 ) 
4 21 218 (-1664 -8192 -136 ) (-1792 -8192 -136 ) (-1792 -8192 -256 ) (-1664 -8192 -256 ) 
4 21 23 (-1792 -7624 -256 ) (-1792 -7872 -256 ) (-1792 -7872 -136 ) (-1792 -7624 -136 ) 
4 22 23 (-1888 -7624 -256 ) (-1824 -7624 -256 ) (-1824 -7624 -144 ) (-1888 -7624 -144 ) 
4 24 56 (-3072 -6144 -288 ) (-3072 -6144 640 ) (-3328 -6144 640 ) (-3328 -6144 -288 ) 
4 25 26 (-4260 -6136 0 ) (-4212 -6136 0 ) (-4212 -6136 108 ) (-4260 -6136 108 ) 
4 26 64 (-4260 -6144 108 ) (-4260 -6144 0 ) (-4212 -6144 0 ) (-4212 -6144 108 ) 
4 27 29 (-4436 -6136 0 ) (-4388 -6136 0 ) (-4388 -6136 108 ) (-4436 -6136 108 ) 
4 27 28 (-4328 -6136 32 ) (-4328 -6136 92 ) (-4360 -6136 92 ) (-4360 -6136 32 ) 
4 28 64 (-4360 -6144 92 ) (-4360 -6144 32 ) (-4328 -6144 32 ) (-4328 -6144 92 ) 
4 29 65 (-4436 -6144 108 ) (-4436 -6144 0 ) (-4416 -6144 0 ) (-4416 -6144 108 ) 
4 29 64 (-4416 -6144 0 ) (-4388 -6144 0 ) (-4388 -6144 108 ) (-4416 -6144 108 ) 
4 30 65 (-4608 -6144 376 ) (-4608 -6144 0 ) (-4480 -6144 0 ) (-4480 -6144 376 ) 
4 30 31 (-4608 -5952 0 ) (-4480 -5952 0 ) (-4480 -6144 0 ) (-4608 -6144 0 ) 
4 31 65 (-4480 -6144 0 ) (-4608 -6144 0 ) (-4608 -6144 -128 ) (-4480 -6144 -128 ) 
4 32 36 (-2944 -6528 256 ) (-2944 -6528 376 ) (-2944 -6400 376 ) (-2944 -6400 256 ) 
4 33 37 (-2944 -6528 128 ) (-2944 -6528 248 ) (-2944 -6400 248 ) (-2944 -6400 128 ) 
4 34 38 (-2944 -6528 0 ) (-2944 -6528 120 ) (-2944 -6400 120 ) (-2944 -6400 0 ) 
4 35 39 (-2944 -6528 -128 ) (-2944 -6528 -8 ) (-2944 -6400 -8 ) (-2944 -6400 -128 ) 
4 36 57 (-3072 -6528 256 ) (-3072 -6528 376 ) (-3072 -6272 376 ) (-3072 -6272 256 ) 
4 37 57 (-3072 -6528 128 ) (-3072 -6528 248 ) (-3072 -6272 248 ) (-3072 -6272 128 ) 
4 38 57 (-3072 -6528 0 ) (-3072 -6528 120 ) (-3072 -6272 120 ) (-3072 -6272 0 ) 
4 39 57 (-3072 -6528 -128 ) (-3072 -6528 -8 ) (-3072 -6272 -8 ) (-3072 -6272 -128 ) 
4 40 257 (-2112 -8192 704 ) (-2144 -8192 704 ) (-2144 -8192 576 ) (-2112 -8192 576 ) 
4 40 45 (-2112 -8192 576 ) (-2144 -8192 576 ) (-2144 -7944 576 ) (-2112 -7944 576 ) 
4 40 42 (-2144 -7944 576 ) (-2144 -8192 576 ) (-2144 -8192 672 ) (-2144 -7944 672 ) 
4 40 41 (-2144 -8192 672 ) (-2144 -8192 704 ) (-2144 -7944 704 ) (-2144 -7944 672 ) 
4 41 257 (-2144 -8192 704 ) (-2208 -8192 704 ) (-2208 -8192 672 ) (-2144 -8192 672 ) 
4 41 43 (-2208 -8192 672 ) (-2208 -8192 704 ) (-2208 -7944 704 ) (-2208 -7944 672 ) 
4 41 42 (-2208 -8192 672 ) (-2208 -7944 672 ) (-2144 -7944 672 ) (-2144 -8192 672 ) 
4 42 257 (-2208 -8192 672 ) (-2208 -8192 576 ) (-2144 -8192 576 ) (-2144 -8192 672 ) 
4 42 46 (-2144 -8192 576 ) (-2208 -8192 576 ) (-2208 -7872 576 ) (-2144 -7872 576 ) 
4 42 43 (-2208 -7944 576 ) (-2208 -8192 576 ) (-2208 -8192 672 ) (-2208 -7944 672 ) 
4 43 257 (-2208 -8192 704 ) (-2240 -8192 704 ) (-2240 -8192 576 ) (-2208 -8192 576 ) 
4 43 47 (-2208 -8192 576 ) (-2240 -8192 576 ) (-2240 -7944 576 ) (-2208 -7944 576 ) 
4 44 258 (-2304 -8192 704 ) (-2816 -8192 704 ) (-2816 -8192 576 ) (-2304 -8192 576 ) 
4 45 273 (-2144 -8192 568 ) (-2144 -8192 512 ) (-2112 -8192 512 ) (-2112 -8192 568 ) 
4 45 48 (-2144 -8000 512 ) (-2144 -7944 512 ) (-2112 -7944 512 ) (-2112 -8000 512 ) 
4 45 49 (-2112 -8192 512 ) (-2144 -8192 512 ) (-2144 -8000 512 ) (-2112 -8000 512 ) 
4 45 46 (-2144 -7944 512 ) (-2144 -8192 512 ) (-2144 -8192 576 ) (-2144 -7944 576 ) 
4 46 273 (-2208 -8192 568 ) (-2208 -8192 512 ) (-2144 -8192 512 ) (-2144 -8192 568 ) 
4 46 48 (-2208 -8000 512 ) (-2208 -7944 512 ) (-2144 -7944 512 ) (-2144 -8000 512 ) 
4 46 49 (-2144 -8192 512 ) (-2208 -8192 512 ) (-2208 -8000 512 ) (-2144 -8000 512 ) 
4 46 47 (-2208 -7944 512 ) (-2208 -8192 512 ) (-2208 -8192 576 ) (-2208 -7944 576 ) 
4 47 273 (-2240 -8192 568 ) (-2240 -8192 512 ) (-2208 -8192 512 ) (-2208 -8192 568 ) 
4 47 48 (-2240 -8000 512 ) (-2240 -7944 512 ) (-2208 -7944 512 ) (-2208 -8000 512 ) 
4 47 49 (-2208 -8192 512 ) (-2240 -8192 512 ) (-2240 -8000 512 ) (-2208 -8000 512 ) 
4 48 49 (-2240 -8000 512 ) (-2240 -8000 448 ) (-2112 -8000 448 ) (-2112 -8000 512 ) 
4 49 275 (-2112 -8192 512 ) (-2240 -8192 512 ) (-2240 -8192 384 ) (-2112 -8192 384 ) 
4 50 276 (-2368 -8192 512 ) (-2496 -8192 512 ) (-2496 -8192 384 ) (-2368 -8192 384 ) 
4 50 51 (-2368 -8192 384 ) (-2496 -8192 384 ) (-2496 -8072 384 ) (-2368 -8072 384 ) 
4 51 288 (-2368 -8192 384 ) (-2496 -8192 384 ) (-2496 -8192 376 ) (-2368 -8192 376 ) 
4 51 54 (-2368 -8192 376 ) (-2496 -8192 376 ) (-2496 -8112 376 ) (-2368 -8112 376 ) 
4 51 53 (-2496 -8112 376 ) (-2496 -8072 376 ) (-2368 -8072 376 ) (-2368 -8112 376 ) 
4 53 54 (-2496 -8112 376 ) (-2496 -8112 320.250000 ) (-2368 -8112 320.250000 ) (-2368 -8112 376 ) 
4 54 289 (-2368 -8192 256 ) (-2368 -8192 376 ) (-2496 -8192 376 ) (-2496 -8192 256 ) 
4 55 290 (-2824 -8192 376 ) (-2944 -8192 376 ) (-2944 -8192 256 ) (-2824 -8192 256 ) 
4 56 57 (-3072 -6272 -288 ) (-3072 -6272 640 ) (-3328 -6272 640 ) (-3328 -6272 -288 ) 
4 57 59 (-3328 -6272 640 ) (-3328 -6272 -288 ) (-3328 -6528 -288 ) (-3328 -6528 640 ) 
4 57 58 (-3072 -6528 640 ) (-3328 -6528 640 ) (-3328 -6528 -256 ) (-3072 -6528 -256 ) 
4 58 59 (-3328 -6912 -256 ) (-3328 -6912 640 ) (-3328 -6528 640 ) (-3328 -6528 -256 ) 
4 59 62 (-3456 -6272 0 ) (-3456 -6272 -288 ) (-3456 -6848 -288 ) (-3456 -6848 0 ) 
4 59 60 (-3456 -6272 640 ) (-3456 -6272 0 ) (-3456 -6848 0 ) (-3456 -6848 640 ) 
4 60 62 (-3840 -6272 0 ) (-3456 -6272 0 ) (-3456 -6848 0 ) (-3840 -6848 0 ) 
4 60 61 (-3840 -6272 640 ) (-3840 -6272 0 ) (-3840 -6784 0 ) (-3840 -6784 640 ) 
4 61 68 (-4096 -6272 376 ) (-4096 -6272 0 ) (-4096 -6784 0 ) (-4096 -6784 376 ) 
4 61 67 (-4096 -6272 640 ) (-4096 -6272 376 ) (-4096 -6784 376 ) (-4096 -6784 640 ) 
4 61 63 (-4096 -6272 0 ) (-3856 -6272 0 ) (-3856 -6784 0 ) (-4096 -6784 0 ) 
4 63 68 (-4096 -6784 -288 ) (-4096 -6784 0 ) (-4096 -6272 0 ) (-4096 -6272 -288 ) 
4 64 68 (-4416 -6272 -256 ) (-4096 -6272 -256 ) (-4096 -6272 376 ) (-4416 -6272 376 ) 
4 64 66 (-4096 -6272 -256 ) (-4224 -6272 -256 ) (-4224 -6144 -256 ) (-4096 -6144 -256 ) 
4 64 65 (-4416 -6272 -128 ) (-4416 -6272 376 ) (-4416 -6144 376 ) (-4416 -6144 -128 ) 
4 65 68 (-4608 -6272 376 ) (-4608 -6272 -128 ) (-4416 -6272 -128 ) (-4416 -6272 376 ) 
4 66 68 (-4224 -6272 -288 ) (-4096 -6272 -288 ) (-4096 -6272 -256 ) (-4224 -6272 -256 ) 
4 67 68 (-4096 -6784 376 ) (-4480 -6784 376 ) (-4480 -6272 376 ) (-4096 -6272 376 ) 
4 68 102 (-4608 -6512 -128 ) (-4608 -6416 -128 ) (-4608 -6416 -256 ) (-4608 -6512 -256 ) 
4 68 92 (-4608 -6784 44 ) (-4608 -6784 116 ) (-4608 -6772 116 ) (-4608 -6772 44 ) 
4 68 85 (-4608 -6556 110 ) (-4608 -6556 36 ) (-4608 -6596 36 ) (-4608 -6596 110 ) 
4 68 84 (-4608 -6460 108 ) (-4608 -6460 0 ) (-4608 -6508 0 ) (-4608 -6508 108 ) 
4 68 82 (-4208 -6784 -256 ) (-4112 -6784 -256 ) (-4112 -6784 -64 ) (-4208 -6784 -64 ) 
4 68 81 (-4608 -6784 128 ) (-4608 -6784 0 ) (-4480 -6784 0 ) (-4480 -6784 128 ) 
4 68 79 (-4480 -6784 0 ) (-4096 -6784 0 ) (-4096 -6784 120 ) (-4480 -6784 120 ) 
4 68 78 (-4352 -6784 128 ) (-4480 -6784 128 ) (-4480 -6784 120 ) (-4352 -6784 120 ) 
4 68 77 (-4096 -6784 120 ) (-4096 -6784 128 ) (-4352 -6784 128 ) (-4352 -6784 120 ) 
4 68 76 (-4608 -6784 256 ) (-4608 -6784 128 ) (-4480 -6784 128 ) (-4480 -6784 256 ) 
4 68 74 (-4480 -6784 128 ) (-4096 -6784 128 ) (-4096 -6784 248 ) (-4480 -6784 248 ) 
4 68 73 (-4352 -6784 256 ) (-4480 -6784 256 ) (-4480 -6784 248 ) (-4352 -6784 248 ) 
4 68 72 (-4096 -6784 248 ) (-4096 -6784 256 ) (-4352 -6784 256 ) (-4352 -6784 248 ) 
4 68 71 (-4608 -6784 376 ) (-4608 -6784 256 ) (-4480 -6784 256 ) (-4480 -6784 376 ) 
4 68 69 (-4480 -6784 256 ) (-4096 -6784 256 ) (-4096 -6784 376 ) (-4480 -6784 376 ) 
4 69 73 (-4480 -6912 256 ) (-4480 -6784 256 ) (-4352 -6784 256 ) (-4352 -6912 256 ) 
4 69 72 (-4352 -6784 256 ) (-4096 -6784 256 ) (-4096 -6912 256 ) (-4352 -6912 256 ) 
4 69 71 (-4480 -6784 376 ) (-4480 -6784 256 ) (-4480 -6912 256 ) (-4480 -6912 376 ) 
4 69 70 (-4352 -6912 376 ) (-4480 -6912 376 ) (-4480 -6912 256 ) (-4352 -6912 256 ) 
4 70 136 (-4352 -7168 376 ) (-4480 -7168 376 ) (-4480 -7168 256 ) (-4352 -7168 256 ) 
4 71 76 (-4608 -6912 256 ) (-4608 -6784 256 ) (-4480 -6784 256 ) (-4480 -6912 256 ) 
4 72 74 (-4352 -6912 248 ) (-4352 -6784 248 ) (-4096 -6784 248 ) (-4096 -6912 248 ) 
4 72 73 (-4352 -6784 248 ) (-4352 -6912 248 ) (-4352 -6912 256 ) (-4352 -6784 256 ) 
4 73 76 (-4480 -6912 256 ) (-4480 -6784 256 ) (-4480 -6784 248 ) (-4480 -6912 248 ) 
4 73 74 (-4480 -6912 248 ) (-4480 -6784 248 ) (-4352 -6784 248 ) (-4352 -6912 248 ) 
4 74 78 (-4480 -6784 128 ) (-4352 -6784 128 ) (-4352 -6912 128 ) (-4480 -6912 128 ) 
4 74 77 (-4352 -6784 128 ) (-4096 -6784 128 ) (-4096 -6912 128 ) (-4352 -6912 128 ) 
4 74 76 (-4480 -6784 128 ) (-4480 -6912 128 ) (-4480 -6912 248 ) (-4480 -6784 248 ) 
4 74 75 (-4352 -6912 248 ) (-4480 -6912 248 ) (-4480 -6912 128 ) (-4352 -6912 128 ) 
4 75 138 (-4352 -7168 248 ) (-4480 -7168 248 ) (-4480 -7168 128 ) (-4352 -7168 128 ) 
4 76 81 (-4608 -6912 128 ) (-4608 -6784 128 ) (-4480 -6784 128 ) (-4480 -6912 128 ) 
4 77 79 (-4352 -6784 120 ) (-4096 -6784 120 ) (-4096 -6912 120 ) (-4352 -6912 120 ) 
4 77 78 (-4352 -6784 120 ) (-4352 -6912 120 ) (-4352 -6912 128 ) (-4352 -6784 128 ) 
4 78 81 (-4480 -6912 128 ) (-4480 -6784 128 ) (-4480 -6784 120 ) (-4480 -6912 120 ) 
4 78 79 (-4480 -6912 120 ) (-4480 -6784 120 ) (-4352 -6784 120 ) (-4352 -6912 120 ) 
4 79 81 (-4480 -6784 0 ) (-4480 -6912 0 ) (-4480 -6912 120 ) (-4480 -6784 120 ) 
4 79 80 (-4352 -6912 120 ) (-4480 -6912 120 ) (-4480 -6912 0 ) (-4352 -6912 0 ) 
4 80 140 (-4352 -7168 120 ) (-4480 -7168 120 ) (-4480 -7168 0 ) (-4352 -7168 0 ) 
4 81 93 (-4608 -6840 116 ) (-4608 -6840 44 ) (-4608 -6872 44 ) (-4608 -6872 116 ) 
4 81 92 (-4608 -6784 116 ) (-4608 -6784 44 ) (-4608 -6804 44 ) (-4608 -6804 116 ) 
4 82 83 (-4112 -6800 -64 ) (-4208 -6800 -64 ) (-4208 -6800 -256 ) (-4112 -6800 -256 ) 
4 83 142 (-4096 -7168 -256 ) (-4096 -7168 -64 ) (-4224 -7168 -64 ) (-4224 -7168 -256 ) 
4 84 86 (-4624 -6460 0 ) (-4624 -6508 0 ) (-4624 -6508 108 ) (-4624 -6460 108 ) 
4 85 86 (-4624 -6596 36 ) (-4624 -6596 110 ) (-4624 -6556 110 ) (-4624 -6556 36 ) 
4 86 97 (-4940 -6720 0 ) (-4892 -6720 0 ) (-4892 -6720 108 ) (-4940 -6720 108 ) 
4 86 90 (-4728 -6720 0 ) (-4680 -6720 0 ) (-4680 -6720 108 ) (-4728 -6720 108 ) 
4 87 156 (-5120 -6400 120 ) (-5120 -6400 0 ) (-5120 -6648 0 ) (-5120 -6648 120 ) 
4 88 157 (-5120 -6664 120 ) (-5120 -6664 0 ) (-5120 -6720 0 ) (-5120 -6720 120 ) 
4 88 99 (-5120 -6720 0 ) (-5000 -6720 0 ) (-5000 -6720 120 ) (-5120 -6720 120 ) 
4 89 94 (-4680 -6772 0 ) (-4616 -6772 0 ) (-4616 -6772 120 ) (-4680 -6772 120 ) 
4 89 91 (-4680 -6772 0 ) (-4680 -6772 120 ) (-4680 -6728 120 ) (-4680 -6728 0 ) 
4 90 91 (-4680 -6728 0 ) (-4680 -6728 108 ) (-4728 -6728 108 ) (-4728 -6728 0 ) 
4 91 95 (-4728 -6728 0 ) (-4728 -6772 0 ) (-4728 -6772 120 ) (-4728 -6728 120 ) 
4 91 94 (-4728 -6772 120 ) (-4728 -6772 0 ) (-4680 -6772 0 ) (-4680 -6772 120 ) 
4 92 94 (-4616 -6772 116 ) (-4616 -6772 44 ) (-4616 -6804 44 ) (-4616 -6804 116 ) 
4 93 94 (-4616 -6872 44 ) (-4616 -6872 116 ) (-4616 -6840 116 ) (-4616 -6840 44 ) 
4 94 95 (-4728 -6772 0 ) (-4728 -6912 0 ) (-4728 -6912 120 ) (-4728 -6772 120 ) 
4 96 98 (-4892 -6728 0 ) (-4892 -6912 0 ) (-4892 -6912 120 ) (-4892 -6728 120 ) 
4 97 98 (-4940 -6728 0 ) (-4892 -6728 0 ) (-4892 -6728 108 ) (-4940 -6728 108 ) 
4 99 157 (-5120 -6720 120 ) (-5120 -6720 0 ) (-5120 -6912 0 ) (-5120 -6912 120 ) 
4 100 165 (-5120 -6512 -128 ) (-5120 -6528 -128 ) (-5120 -6528 -64 ) (-5120 -6512 -64 ) 
4 100 164 (-5120 -6416 -128 ) (-5120 -6512 -128 ) (-5120 -6512 -64 ) (-5120 -6416 -64 ) 
4 100 163 (-5120 -6400 -64 ) (-5120 -6400 -128 ) (-5120 -6416 -128 ) (-5120 -6416 -64 ) 
4 100 104 (-4624 -6528 -128 ) (-5120 -6528 -128 ) (-5120 -6512 -128 ) (-4624 -6512 -128 ) 
4 100 103 (-5120 -6512 -128 ) (-5120 -6416 -128 ) (-4624 -6416 -128 ) (-4624 -6512 -128 ) 
4 100 101 (-5120 -6416 -128 ) (-5120 -6400 -128 ) (-4624 -6400 -128 ) (-4624 -6416 -128 ) 
4 101 166 (-5120 -6416 -128 ) (-5120 -6400 -128 ) (-5120 -6400 -256 ) (-5120 -6416 -256 ) 
4 101 103 (-5120 -6416 -256 ) (-4624 -6416 -256 ) (-4624 -6416 -128 ) (-5120 -6416 -128 ) 
4 102 103 (-4624 -6416 -128 ) (-4624 -6416 -256 ) (-4624 -6512 -256 ) (-4624 -6512 -128 ) 
4 103 167 (-5120 -6512 -128 ) (-5120 -6416 -128 ) (-5120 -6416 -256 ) (-5120 -6512 -256 ) 
4 103 104 (-5120 -6512 -256 ) (-4624 -6512 -256 ) (-4624 -6512 -128 ) (-5120 -6512 -128 ) 
4 104 169 (-5120 -6528 -128 ) (-5120 -6512 -128 ) (-5120 -6512 -256 ) (-5120 -6528 -256 ) 
4 105 119 (-3584 -7596 238 ) (-3584 -7596 166 ) (-3584 -7636 166 ) (-3584 -7636 238 ) 
4 106 119 (-3584 -7724 238 ) (-3584 -7724 166 ) (-3584 -7764 166 ) (-3584 -7764 238 ) 
4 107 119 (-3584 -7980 238 ) (-3584 -7980 166 ) (-3584 -8020 166 ) (-3584 -8020 238 ) 
4 108 111 (-3568 -7784 34 ) (-3568 -7784 106 ) (-3568 -7704 106 ) (-3568 -7704 34 ) 
4 108 109 (-3512 -7808 0 ) (-3464 -7808 0 ) (-3464 -7808 108 ) (-3512 -7808 108 ) 
4 109 110 (-3512 -7816 0 ) (-3464 -7816 0 ) (-3464 -7816 108 ) (-3512 -7816 108 ) 
4 110 113 (-3568 -7976 0 ) (-3568 -8024 0 ) (-3568 -8024 108 ) (-3568 -7976 108 ) 
4 110 112 (-3568 -7912 34 ) (-3568 -7912 106 ) (-3568 -7832 106 ) (-3568 -7832 34 ) 
4 111 125 (-3584 -7704 106 ) (-3584 -7704 34 ) (-3584 -7784 34 ) (-3584 -7784 106 ) 
4 112 125 (-3584 -7832 106 ) (-3584 -7832 34 ) (-3584 -7912 34 ) (-3584 -7912 106 ) 
4 113 125 (-3584 -7976 108 ) (-3584 -7976 0 ) (-3584 -8024 0 ) (-3584 -8024 108 ) 
4 114 129 (-3884 -7552 38 ) (-3884 -7552 110 ) (-3924 -7552 110 ) (-3924 -7552 38 ) 
4 115 129 (-4008 -7552 38 ) (-4008 -7552 110 ) (-4048 -7552 110 ) (-4048 -7552 38 ) 
4 116 144 (-4096 -7552 640 ) (-4096 -7552 384 ) (-4096 -8064 384 ) (-4096 -8064 640 ) 
4 116 117 (-4096 -8000 384 ) (-4096 -7744 384 ) (-3904 -7744 384 ) (-3904 -8000 384 ) 
4 117 145 (-4096 -7744 376 ) (-4096 -8000 376 ) (-4096 -8000 384 ) (-4096 -7744 384 ) 
4 117 122 (-4096 -8000 376 ) (-4096 -7744 376 ) (-3904 -7744 376 ) (-3904 -8000 376 ) 
4 118 123 (-3712 -8064 376 ) (-3840 -8064 376 ) (-3840 -8064 256 ) (-3712 -8064 256 ) 
4 118 120 (-3840 -7680 376 ) (-3840 -7552 376 ) (-3840 -7552 256 ) (-3840 -7680 256 ) 
4 118 122 (-3840 -8064 256 ) (-3840 -8064 376 ) (-3840 -7680 376 ) (-3840 -7680 256 ) 
4 119 124 (-3840 -8064 128 ) (-3712 -8064 128 ) (-3712 -8064 248 ) (-3840 -8064 248 ) 
4 119 121 (-3840 -7552 128 ) (-3840 -7680 128 ) (-3840 -7680 248 ) (-3840 -7552 248 ) 
4 119 122 (-3840 -7680 128 ) (-3840 -8064 128 ) (-3840 -8064 248 ) (-3840 -7680 248 ) 
4 120 146 (-4096 -7552 376 ) (-4096 -7552 256 ) (-4096 -7680 256 ) (-4096 -7680 376 ) 
4 120 122 (-3840 -7680 256 ) (-3840 -7680 376 ) (-4096 -7680 376 ) (-4096 -7680 256 ) 
4 121 148 (-4096 -7552 248 ) (-4096 -7552 128 ) (-4096 -7680 128 ) (-4096 -7680 248 ) 
4 121 122 (-4096 -7680 128 ) (-3840 -7680 128 ) (-3840 -7680 248 ) (-4096 -7680 248 ) 
4 122 147 (-4096 -8064 248 ) (-4096 -8064 256 ) (-4096 -7680 256 ) (-4096 -7680 248 ) 
4 122 146 (-4096 -8064 256 ) (-4096 -8064 376 ) (-4096 -7680 376 ) (-4096 -7680 256 ) 
4 122 148 (-4096 -7680 128 ) (-4096 -8064 128 ) (-4096 -8064 248 ) (-4096 -7680 248 ) 
4 122 128 (-3840 -7680 128 ) (-3840 -8064 128 ) (-4096 -8064 128 ) (-4096 -7680 128 ) 
4 122 124 (-4096 -8064 248 ) (-4096 -8064 128 ) (-3840 -8064 128 ) (-3840 -8064 248 ) 
4 122 123 (-4096 -8064 376 ) (-4096 -8064 256 ) (-3840 -8064 256 ) (-3840 -8064 376 ) 
4 123 336 (-3840 -8192 256 ) (-3712 -8192 256 ) (-3712 -8192 376 ) (-3840 -8192 376 ) 
4 123 146 (-4096 -8192 256 ) (-4096 -8192 376 ) (-4096 -8064 376 ) (-4096 -8064 256 ) 
4 124 339 (-3840 -8192 128 ) (-3832 -8192 128 ) (-3832 -8192 184 ) (-3840 -8192 184 ) 
4 124 338 (-3832 -8192 128 ) (-3712 -8192 128 ) (-3712 -8192 184 ) (-3832 -8192 184 ) 
4 124 337 (-3712 -8192 184 ) (-3712 -8192 192 ) (-3840 -8192 192 ) (-3840 -8192 184 ) 
4 124 336 (-3712 -8192 192 ) (-3712 -8192 248 ) (-3840 -8192 248 ) (-3840 -8192 192 ) 
4 124 148 (-4096 -8192 128 ) (-4096 -8192 248 ) (-4096 -8064 248 ) (-4096 -8064 128 ) 
4 125 133 (-3584 -7680 0 ) (-3584 -7968 0 ) (-3712 -7968 0 ) (-3712 -7680 0 ) 
4 125 130 (-3712 -7552 0 ) (-3584 -7552 0 ) (-3584 -7680 0 ) (-3712 -7680 0 ) 
4 125 127 (-3712 -7552 0 ) (-3712 -8064 0 ) (-3712 -8064 120 ) (-3712 -7552 120 ) 
4 127 339 (-3840 -8192 120 ) (-3840 -8192 0 ) (-3832 -8192 0 ) (-3832 -8192 120 ) 
4 127 338 (-3832 -8192 0 ) (-3712 -8192 0 ) (-3712 -8192 120 ) (-3832 -8192 120 ) 
4 127 129 (-3840 -7552 0 ) (-3840 -8192 0 ) (-3840 -8192 120 ) (-3840 -7552 120 ) 
4 128 149 (-4096 -8064 128 ) (-4096 -7680 128 ) (-4096 -7680 120 ) (-4096 -8064 120 ) 
4 128 129 (-4096 -8064 120 ) (-4096 -7680 120 ) (-3840 -7680 120 ) (-3840 -8064 120 ) 
4 129 150 (-4096 -8192 0 ) (-4096 -8192 120 ) (-4096 -7552 120 ) (-4096 -7552 0 ) 
4 129 134 (-4096 -8064 0 ) (-4096 -7680 0 ) (-3840 -7680 0 ) (-3840 -8064 0 ) 
4 130 133 (-3584 -7680 -192 ) (-3584 -7680 0 ) (-3712 -7680 0 ) (-3712 -7680 -192 ) 
4 130 131 (-3712 -7552 -192 ) (-3712 -7680 -192 ) (-3712 -7680 -16 ) (-3712 -7552 -16 ) 
4 131 152 (-4096 -7552 -16 ) (-4096 -7552 -192 ) (-4096 -7680 -192 ) (-4096 -7680 -16 ) 
4 131 134 (-4096 -7680 -16 ) (-4096 -7680 -192 ) (-3840 -7680 -192 ) (-3840 -7680 -16 ) 
4 131 132 (-3744 -7680 -192 ) (-4096 -7680 -192 ) (-4096 -7552 -192 ) (-3744 -7552 -192 ) 
4 132 152 (-4096 -7552 -192 ) (-4096 -7552 -256 ) (-4096 -7680 -256 ) (-4096 -7680 -192 ) 
4 132 134 (-4096 -7680 -256 ) (-3840 -7680 -256 ) (-3840 -7680 -192 ) (-4096 -7680 -192 ) 
4 134 152 (-4096 -7680 -16 ) (-4096 -7680 -256 ) (-4096 -8064 -256 ) (-4096 -8064 -16 ) 
4 134 151 (-4096 -8064 0 ) (-4096 -7680 0 ) (-4096 -7680 -16 ) (-4096 -8064 -16 ) 
4 134 135 (-4096 -8064 -256 ) (-3840 -8064 -256 ) (-3840 -8064 -16 ) (-4096 -8064 -16 ) 
4 135 348 (-4096 -8192 -147 ) (-4096 -8192 -173 ) (-4092 -8192 -173 ) (-4092 -8192 -147 ) 
4 135 347 (-4044 -8192 -256 ) (-3996 -8192 -256 ) (-3996 -8192 -148 ) (-4044 -8192 -148 ) 
4 135 343 (-3884 -8192 -173 ) (-3884 -8192 -147 ) (-3980 -8192 -147 ) (-3980 -8192 -173 ) 
4 135 152 (-4096 -8192 -256 ) (-4096 -8192 -16 ) (-4096 -8064 -16 ) (-4096 -8064 -256 ) 
4 136 137 (-4480 -7424 256 ) (-4352 -7424 256 ) (-4352 -7424 376 ) (-4480 -7424 376 ) 
4 138 139 (-4480 -7424 128 ) (-4352 -7424 128 ) (-4352 -7424 248 ) (-4480 -7424 248 ) 
4 140 141 (-4480 -7424 0 ) (-4352 -7424 0 ) (-4352 -7424 120 ) (-4480 -7424 120 ) 
4 142 143 (-4112 -7536 -64 ) (-4208 -7536 -64 ) (-4208 -7536 -256 ) (-4112 -7536 -256 ) 
4 143 152 (-4112 -7552 -64 ) (-4208 -7552 -64 ) (-4208 -7552 -256 ) (-4112 -7552 -256 ) 
4 144 145 (-4096 -7744 384 ) (-4096 -8000 384 ) (-4160 -8000 384 ) (-4160 -7744 384 ) 
4 145 146 (-4096 -7744 376 ) (-4096 -8000 376 ) (-4160 -8000 376 ) (-4160 -7744 376 ) 
4 146 147 (-4224 -8064 256 ) (-4224 -7680 256 ) (-4096 -7680 256 ) (-4096 -8064 256 ) 
4 147 148 (-4224 -8064 248 ) (-4224 -7680 248 ) (-4096 -7680 248 ) (-4096 -8064 248 ) 
4 148 149 (-4224 -8064 128 ) (-4224 -7680 128 ) (-4096 -7680 128 ) (-4096 -8064 128 ) 
4 149 150 (-4224 -8064 120 ) (-4224 -7680 120 ) (-4096 -7680 120 ) (-4096 -8064 120 ) 
4 150 151 (-4096 -7680 0 ) (-4096 -8064 0 ) (-4224 -8064 0 ) (-4224 -7680 0 ) 
4 151 152 (-4096 -7680 -16 ) (-4096 -8064 -16 ) (-4224 -8064 -16 ) (-4224 -7680 -16 ) 
4 152 365 (-4336 -8192 -256 ) (-4240 -8192 -256 ) (-4240 -8192 -64 ) (-4336 -8192 -64 ) 
4 152 363 (-4096 -8192 -173 ) (-4096 -8192 -147 ) (-4188 -8192 -147 ) (-4188 -8192 -173 ) 
4 153 206 (-6340 -6144 -256 ) (-6292 -6144 -256 ) (-6292 -6144 -148 ) (-6340 -6144 -148 ) 
4 153 155 (-6528 -5920 -8 ) (-6528 -5824 -8 ) (-6528 -5824 -256 ) (-6528 -5920 -256 ) 
4 154 155 (-6528 -5920 -768 ) (-6528 -5824 -768 ) (-6528 -5824 -1024 ) (-6528 -5920 -1024 ) 
4 156 158 (-5240 -6556 0 ) (-5240 -6604 0 ) (-5240 -6604 108 ) (-5240 -6556 108 ) 
4 157 159 (-5240 -6684 0 ) (-5240 -6732 0 ) (-5240 -6732 108 ) (-5240 -6684 108 ) 
4 158 160 (-5248 -6556 0 ) (-5248 -6604 0 ) (-5248 -6604 108 ) (-5248 -6556 108 ) 
4 159 160 (-5248 -6684 0 ) (-5248 -6732 0 ) (-5248 -6732 108 ) (-5248 -6684 108 ) 
4 160 162 (-5496 -6700 0 ) (-5496 -6748 0 ) (-5496 -6748 108 ) (-5496 -6700 108 ) 
4 160 161 (-5496 -6636 36 ) (-5496 -6636 108 ) (-5496 -6576 108 ) (-5496 -6576 36 ) 
4 161 191 (-5504 -6636 36 ) (-5504 -6636 108 ) (-5504 -6576 108 ) (-5504 -6576 36 ) 
4 162 191 (-5504 -6700 0 ) (-5504 -6748 0 ) (-5504 -6748 108 ) (-5504 -6700 108 ) 
4 163 166 (-5488 -6400 -128 ) (-5120 -6400 -128 ) (-5120 -6416 -128 ) (-5488 -6416 -128 ) 
4 163 164 (-5488 -6416 -128 ) (-5120 -6416 -128 ) (-5120 -6416 -64 ) (-5488 -6416 -64 ) 
4 164 167 (-5488 -6416 -128 ) (-5120 -6416 -128 ) (-5120 -6512 -128 ) (-5488 -6512 -128 ) 
4 164 165 (-5488 -6512 -128 ) (-5120 -6512 -128 ) (-5120 -6512 -64 ) (-5488 -6512 -64 ) 
4 165 169 (-5488 -6512 -128 ) (-5120 -6512 -128 ) (-5120 -6528 -128 ) (-5488 -6528 -128 ) 
4 166 167 (-5488 -6416 -256 ) (-5120 -6416 -256 ) (-5120 -6416 -128 ) (-5488 -6416 -128 ) 
4 167 169 (-5488 -6512 -256 ) (-5120 -6512 -256 ) (-5120 -6512 -128 ) (-5488 -6512 -128 ) 
4 167 168 (-5488 -6416 -128 ) (-5488 -6416 -256 ) (-5488 -6512 -256 ) (-5488 -6512 -128 ) 
4 168 191 (-5504 -6416 -256 ) (-5504 -6512 -256 ) (-5504 -6512 -128 ) (-5504 -6416 -128 ) 
4 170 194 (-5696 -6400 490 ) (-5736 -6400 490 ) (-5736 -6400 418 ) (-5696 -6400 418 ) 
4 170 187 (-5656 -6400 490 ) (-5696 -6400 490 ) (-5696 -6400 418 ) (-5656 -6400 418 ) 
4 171 194 (-5736 -6400 290 ) (-5696 -6400 290 ) (-5696 -6400 362 ) (-5736 -6400 362 ) 
4 171 187 (-5696 -6400 290 ) (-5656 -6400 290 ) (-5656 -6400 362 ) (-5696 -6400 362 ) 
4 172 200 (-6144 -6400 448 ) (-6144 -6400 896 ) (-6144 -6392 896 ) (-6144 -6392 448 ) 
4 172 199 (-6144 -6392 896 ) (-6144 -6208 896 ) (-6144 -6208 448 ) (-6144 -6392 448 ) 
4 172 195 (-6144 -6400 896 ) (-6144 -6400 448 ) (-5888 -6400 448 ) (-5888 -6400 896 ) 
4 172 194 (-5888 -6400 448 ) (-5760 -6400 448 ) (-5760 -6400 896 ) (-5888 -6400 896 ) 
4 172 173 (-6144 -6208 448 ) (-5760 -6208 448 ) (-5760 -6392 448 ) (-6144 -6392 448 ) 
4 173 199 (-6144 -6392 448 ) (-6144 -6208 448 ) (-6144 -6208 384 ) (-6144 -6392 384 ) 
4 174 195 (-5992 -6400 290 ) (-5912 -6400 290 ) (-5912 -6400 362 ) (-5992 -6400 362 ) 
4 175 194 (-5736 -6400 162 ) (-5696 -6400 162 ) (-5696 -6400 234 ) (-5736 -6400 234 ) 
4 175 187 (-5696 -6400 162 ) (-5656 -6400 162 ) (-5656 -6400 234 ) (-5696 -6400 234 ) 
4 176 195 (-5992 -6400 162 ) (-5912 -6400 162 ) (-5912 -6400 234 ) (-5992 -6400 234 ) 
4 177 194 (-5736 -6400 34 ) (-5696 -6400 34 ) (-5696 -6400 106 ) (-5736 -6400 106 ) 
4 177 191 (-5696 -6400 34 ) (-5656 -6400 34 ) (-5656 -6400 106 ) (-5696 -6400 106 ) 
4 178 179 (-5888 -6392 -128 ) (-5888 -6152 -128 ) (-5504 -6152 -128 ) (-5504 -6392 -128 ) 
4 179 184 (-5888 -6224 -256 ) (-5888 -6320 -256 ) (-5888 -6320 -148 ) (-5888 -6224 -148 ) 
4 179 180 (-5760 -6392 -256 ) (-5608 -6392 -256 ) (-5608 -6392 -128 ) (-5760 -6392 -128 ) 
4 180 194 (-5760 -6400 -256 ) (-5696 -6400 -256 ) (-5696 -6400 -128 ) (-5760 -6400 -128 ) 
4 180 191 (-5696 -6400 -256 ) (-5608 -6400 -256 ) (-5608 -6400 -128 ) (-5696 -6400 -128 ) 
4 181 208 (-6144 -6224 -128 ) (-6144 -6152 -128 ) (-6144 -6152 -148 ) (-6144 -6224 -148 ) 
4 181 183 (-5896 -6224 -128 ) (-6144 -6224 -128 ) (-6144 -6224 -148 ) (-5896 -6224 -148 ) 
4 181 182 (-5896 -6224 -148 ) (-6144 -6224 -148 ) (-6144 -6152 -148 ) (-5896 -6152 -148 ) 
4 182 208 (-6144 -6152 -256 ) (-6144 -6224 -256 ) (-6144 -6224 -148 ) (-6144 -6152 -148 ) 
4 182 185 (-6144 -6224 -256 ) (-5896 -6224 -256 ) (-5896 -6224 -148 ) (-6144 -6224 -148 ) 
4 183 208 (-6144 -6320 -128 ) (-6144 -6224 -128 ) (-6144 -6224 -148 ) (-6144 -6320 -148 ) 
4 183 186 (-5896 -6320 -128 ) (-6144 -6320 -128 ) (-6144 -6320 -148 ) (-5896 -6320 -148 ) 
4 183 185 (-5896 -6320 -148 ) (-6144 -6320 -148 ) (-6144 -6224 -148 ) (-5896 -6224 -148 ) 
4 184 185 (-5890 -6320 -256 ) (-5890 -6320 -148 ) (-5890 -6224 -148 ) (-5890 -6224 -256 ) 
4 185 208 (-6144 -6224 -148 ) (-6144 -6224 -256 ) (-6144 -6320 -256 ) (-6144 -6320 -148 ) 
4 185 186 (-6144 -6320 -256 ) (-5896 -6320 -256 ) (-5896 -6320 -148 ) (-6144 -6320 -148 ) 
4 186 208 (-6144 -6392 -128 ) (-6144 -6320 -128 ) (-6144 -6320 -256 ) (-6144 -6392 -256 ) 
4 187 194 (-5696 -6400 896 ) (-5696 -6400 128 ) (-5696 -6784 128 ) (-5696 -6784 896 ) 
4 187 191 (-5696 -6904 128 ) (-5696 -6400 128 ) (-5504 -6400 128 ) (-5504 -6904 128 ) 
4 187 188 (-5504 -6904 248 ) (-5504 -6904 896 ) (-5696 -6904 896 ) (-5696 -6904 248 ) 
4 188 189 (-5504 -6912 248 ) (-5504 -6912 896 ) (-5696 -6912 896 ) (-5696 -6912 248 ) 
4 189 191 (-5696 -7104 128 ) (-5696 -6912 128 ) (-5504 -6912 128 ) (-5504 -7104 128 ) 
4 189 190 (-5696 -7104 128 ) (-5504 -7104 128 ) (-5504 -7104 256 ) (-5696 -7104 256 ) 
4 190 212 (-5504 -7168 128 ) (-5504 -7168 256 ) (-5696 -7168 256 ) (-5696 -7168 128 ) 
4 191 194 (-5696 -6400 128 ) (-5696 -6400 -256 ) (-5696 -6784 -256 ) (-5696 -6784 128 ) 
4 191 192 (-5504 -7104 -128 ) (-5504 -7104 0 ) (-5696 -7104 0 ) (-5696 -7104 -128 ) 
4 191 193 (-5696 -7104 -256 ) (-5504 -7104 -256 ) (-5504 -7104 -136 ) (-5696 -7104 -136 ) 
4 192 213 (-5504 -7168 -128 ) (-5504 -7168 0 ) (-5696 -7168 0 ) (-5696 -7168 -128 ) 
4 193 214 (-5504 -7168 -256 ) (-5504 -7168 -136 ) (-5696 -7168 -136 ) (-5696 -7168 -256 ) 
4 194 197 (-5888 -6496 -240 ) (-5888 -6496 -128 ) (-5888 -6432 -128 ) (-5888 -6432 -240 ) 
4 194 195 (-5888 -6400 896 ) (-5888 -6400 128 ) (-5888 -6784 128 ) (-5888 -6784 896 ) 
4 195 209 (-6144 -6400 896 ) (-6144 -6400 128 ) (-6144 -6784 128 ) (-6144 -6784 896 ) 
4 195 196 (-5888 -6784 128 ) (-5888 -6784 896 ) (-6144 -6784 896 ) (-6144 -6784 128 ) 
4 196 210 (-6144 -6784 896 ) (-6144 -6784 -128 ) (-6144 -6912 -128 ) (-6144 -6912 896 ) 
4 196 198 (-6144 -6912 -128 ) (-6144 -6784 -128 ) (-5888 -6784 -128 ) (-5888 -6912 -128 ) 
4 198 211 (-6144 -6912 -128 ) (-6144 -6784 -128 ) (-6144 -6784 -256 ) (-6144 -6912 -256 ) 
4 199 200 (-6144 -6392 448 ) (-6144 -6392 896 ) (-6272 -6392 896 ) (-6272 -6392 448 ) 
4 200 209 (-6144 -6400 448 ) (-6144 -6400 896 ) (-6272 -6400 896 ) (-6272 -6400 448 ) 
4 201 209 (-6168 -6400 362 ) (-6248 -6400 362 ) (-6248 -6400 290 ) (-6168 -6400 290 ) 
4 202 209 (-6504 -6400 418 ) (-6424 -6400 418 ) (-6424 -6400 490 ) (-6504 -6400 490 ) 
4 203 209 (-6504 -6400 290 ) (-6424 -6400 290 ) (-6424 -6400 362 ) (-6504 -6400 362 ) 
4 204 209 (-6248 -6400 162 ) (-6168 -6400 162 ) (-6168 -6400 234 ) (-6248 -6400 234 ) 
4 205 209 (-6504 -6400 162 ) (-6424 -6400 162 ) (-6424 -6400 234 ) (-6504 -6400 234 ) 
4 206 207 (-6340 -6146 -148 ) (-6340 -6146 -256 ) (-6292 -6146 -256 ) (-6292 -6146 -148 ) 
4 207 208 (-6340 -6152 -256 ) (-6292 -6152 -256 ) (-6292 -6152 -148 ) (-6340 -6152 -148 ) 
4 209 210 (-6528 -6784 896 ) (-6528 -6784 128 ) (-6144 -6784 128 ) (-6144 -6784 896 ) 
4 210 211 (-6528 -6912 -128 ) (-6528 -6784 -128 ) (-6144 -6784 -128 ) (-6144 -6912 -128 ) 
4 215 217 (-896 -8704 -256 ) (-896 -8832 -256 ) (-896 -8832 832 ) (-896 -8704 832 ) 
4 215 216 (-896 -8832 832 ) (-896 -8832 384 ) (-384 -8832 384 ) (-384 -8832 832 ) 
4 216 231 (-384 -9216 384 ) (-384 -9216 832 ) (-896 -9216 832 ) (-896 -9216 384 ) 
4 216 217 (-896 -9216 384 ) (-896 -9216 832 ) (-896 -8832 832 ) (-896 -8832 384 ) 
4 217 234 (-1024 -9216 832 ) (-1024 -9216 -256 ) (-896 -9216 -256 ) (-896 -9216 832 ) 
4 217 228 (-1536 -8896 -256 ) (-1536 -9216 -256 ) (-1536 -9216 832 ) (-1536 -8896 832 ) 
4 217 227 (-1536 -8704 -32 ) (-1536 -8704 -256 ) (-1536 -8896 -256 ) (-1536 -8896 -32 ) 
4 217 226 (-1536 -9216 -256 ) (-1536 -8896 -256 ) (-1024 -8896 -256 ) (-1024 -9216 -256 ) 
4 217 228 (-2048 -9216 160 ) (-2048 -9216 128 ) (-2048 -9280 128 ) (-2048 -9280 160 ) 
4 217 228 (-2048 -9216 288 ) (-2048 -9216 160 ) (-2048 -9280 160 ) (-2048 -9280 288 ) 
4 217 228 (-2048 -9216 832 ) (-2048 -9216 288 ) (-2048 -9280 288 ) (-2048 -9280 832 ) 
4 217 228 (-2048 -9216 128 ) (-1800 -9216 128 ) (-1800 -9280 128 ) (-2048 -9280 128 ) 
4 217 238 (-2036 -9280 233 ) (-2036 -9280 160 ) (-1996 -9280 160 ) (-1996 -9280 233 ) 
4 217 237 (-1972 -9280 233 ) (-1972 -9280 160 ) (-1932 -9280 160 ) (-1932 -9280 233 ) 
4 217 236 (-2036 -9280 361 ) (-2036 -9280 288 ) (-1996 -9280 288 ) (-1996 -9280 361 ) 
4 217 235 (-1972 -9280 361 ) (-1972 -9280 288 ) (-1932 -9280 288 ) (-1932 -9280 361 ) 
4 217 234 (-1024 -9716 128 ) (-1024 -9984 128 ) (-1664 -9984 128 ) (-1664 -9716 128 ) 
4 217 234 (-1664 -9984 128 ) (-1024 -9984 128 ) (-1024 -9984 832 ) (-1664 -9984 832 ) 
4 217 239 (-1792 -9344 128 ) (-1792 -9472 128 ) (-1792 -9472 248 ) (-1792 -9344 248 ) 
4 217 228 (-1800 -9216 32 ) (-1800 -9280 32 ) (-1800 -9280 105 ) (-1800 -9216 105 ) 
4 217 228 (-1800 -9280 105 ) (-1800 -9280 128 ) (-1800 -9216 128 ) (-1800 -9216 105 ) 
4 217 241 (-1792 -9356 105 ) (-1792 -9356 32 ) (-1792 -9396 32 ) (-1792 -9396 105 ) 
4 217 234 (-1664 -9716 32 ) (-1024 -9716 32 ) (-1024 -9716 128 ) (-1664 -9716 128 ) 
4 217 244 (-1792 -9676 32 ) (-1792 -9716 32 ) (-1792 -9716 105 ) (-1792 -9676 105 ) 
4 217 243 (-1792 -9612 32 ) (-1792 -9652 32 ) (-1792 -9652 105 ) (-1792 -9612 105 ) 
4 217 242 (-1792 -9420 105 ) (-1792 -9420 32 ) (-1792 -9460 32 ) (-1792 -9460 105 ) 
4 217 246 (-1792 -9900 32 ) (-1792 -9940 32 ) (-1792 -9940 105 ) (-1792 -9900 105 ) 
4 217 245 (-1792 -9772 32 ) (-1792 -9812 32 ) (-1792 -9812 105 ) (-1792 -9772 105 ) 
4 217 228 (-2048 -9216 0 ) (-2048 -9216 -256 ) (-2048 -9280 -256 ) (-2048 -9280 0 ) 
4 217 228 (-2048 -9280 32 ) (-2048 -9216 32 ) (-2048 -9216 0 ) (-2048 -9280 0 ) 
4 217 228 (-2048 -9280 -256 ) (-2048 -9216 -256 ) (-1024 -9216 -256 ) (-1024 -9280 -256 ) 
4 217 250 (-2048 -9280 -256 ) (-1792 -9280 -256 ) (-1792 -9280 -32 ) (-2048 -9280 -32 ) 
4 217 234 (-1536 -9280 -256 ) (-1024 -9280 -256 ) (-1024 -9984 -256 ) (-1536 -9984 -256 ) 
4 217 234 (-1664 -9984 -256 ) (-1024 -9984 -256 ) (-1024 -9984 32 ) (-1664 -9984 32 ) 
4 217 250 (-1792 -9280 -32 ) (-1792 -9280 -256 ) (-1792 -9472 -256 ) (-1792 -9472 -32 ) 
4 218 219 (-1792 -8448 -256 ) (-1664 -8448 -256 ) (-1664 -8448 -136 ) (-1792 -8448 -136 ) 
4 219 220 (-1720 -8696 -256 ) (-1608 -8696 -256 ) (-1608 -8696 -144 ) (-1720 -8696 -144 ) 
4 220 227 (-1720 -8704 -144 ) (-1720 -8704 -256 ) (-1608 -8704 -256 ) (-1608 -8704 -144 ) 
4 221 222 (-1912 -8256 256 ) (-1912 -8504 256 ) (-1912 -8504 376 ) (-1912 -8256 376 ) 
4 222 224 (-1920 -8504 376 ) (-1920 -8264 376 ) (-1920 -8264 256 ) (-1920 -8504 256 ) 
4 223 229 (-1920 -8832 384 ) (-1920 -8832 832 ) (-2048 -8832 832 ) (-2048 -8832 384 ) 
4 223 228 (-2048 -9216 704 ) (-2048 -9216 832 ) (-2560 -9216 832 ) (-2560 -9216 704 ) 
4 223 228 (-2560 -9216 832 ) (-2816 -9216 832 ) (-2816 -9216 704 ) (-2560 -9216 704 ) 
4 223 228 (-2816 -9216 832 ) (-2944 -9216 832 ) (-2944 -9216 704 ) (-2816 -9216 704 ) 
4 223 228 (-2944 -9216 832 ) (-3072 -9216 832 ) (-3072 -9216 704 ) (-2944 -9216 704 ) 
4 223 228 (-3072 -8832 704 ) (-3072 -9216 704 ) (-3072 -9216 832 ) (-3072 -8832 832 ) 
4 223 228 (-2944 -9216 704 ) (-3072 -9216 704 ) (-3072 -9216 576 ) (-2944 -9216 576 ) 
4 223 228 (-2048 -9216 576 ) (-2048 -9216 704 ) (-2944 -9216 704 ) (-2944 -9216 576 ) 
4 223 228 (-3072 -8832 576 ) (-3072 -9216 576 ) (-3072 -9216 704 ) (-3072 -8832 704 ) 
4 223 228 (-2944 -9216 576 ) (-3072 -9216 576 ) (-3072 -9216 512 ) (-2944 -9216 512 ) 
4 223 228 (-2048 -9216 512 ) (-2048 -9216 576 ) (-2944 -9216 576 ) (-2944 -9216 512 ) 
4 223 228 (-3072 -8832 512 ) (-3072 -9216 512 ) (-3072 -9216 576 ) (-3072 -8832 576 ) 
4 223 228 (-2944 -9216 512 ) (-3072 -9216 512 ) (-3072 -9216 384 ) (-2944 -9216 384 ) 
4 223 228 (-2048 -9216 384 ) (-2048 -9216 512 ) (-2944 -9216 512 ) (-2944 -9216 384 ) 
4 223 228 (-3072 -8832 384 ) (-3072 -9216 384 ) (-3072 -9216 512 ) (-3072 -8832 512 ) 
4 223 228 (-2048 -9216 384 ) (-3072 -9216 384 ) (-3072 -8832 384 ) (-2048 -8832 384 ) 
4 224 293 (-2048 -8264 256 ) (-2048 -8504 256 ) (-2048 -8504 376 ) (-2048 -8264 376 ) 
4 225 230 (-1933 -8704 40 ) (-1933 -8704 112 ) (-1971 -8704 112 ) (-1971 -8704 40 ) 
4 226 228 (-1024 -9216 -264 ) (-1024 -9216 -256 ) (-1536 -9216 -256 ) (-1536 -9216 -264 ) 
4 226 228 (-1536 -8896 -264 ) (-1536 -9216 -264 ) (-1536 -9216 -256 ) (-1536 -8896 -256 ) 
4 227 228 (-1920 -8896 -32 ) (-1920 -8896 -256 ) (-1536 -8896 -256 ) (-1536 -8896 -32 ) 
4 227 228 (-1920 -8896 -256 ) (-1920 -8896 -32 ) (-2048 -8896 -32 ) (-2048 -8896 -256 ) 
4 227 228 (-2176 -8896 -128 ) (-2048 -8896 -128 ) (-2048 -8896 -32 ) (-2176 -8896 -32 ) 
4 227 228 (-2432 -8896 -128 ) (-2176 -8896 -128 ) (-2176 -8896 -32 ) (-2432 -8896 -32 ) 
4 227 228 (-2608 -8896 -128 ) (-2432 -8896 -128 ) (-2432 -8896 -32 ) (-2608 -8896 -32 ) 
4 227 228 (-2048 -9216 -256 ) (-2048 -9216 -128 ) (-2176 -9216 -128 ) (-2176 -9216 -256 ) 
4 227 228 (-2048 -8896 -256 ) (-2048 -9216 -256 ) (-2176 -9216 -256 ) (-2176 -8896 -256 ) 
4 227 228 (-2176 -9216 -128 ) (-2304 -9216 -128 ) (-2304 -9216 -256 ) (-2176 -9216 -256 ) 
4 227 228 (-2176 -8896 -256 ) (-2176 -9216 -256 ) (-2304 -9216 -256 ) (-2304 -8896 -256 ) 
4 227 228 (-2304 -9216 -128 ) (-2608 -9216 -128 ) (-2608 -9216 -256 ) (-2304 -9216 -256 ) 
4 227 228 (-2304 -8896 -256 ) (-2304 -9216 -256 ) (-2608 -9216 -256 ) (-2608 -8896 -256 ) 
4 227 228 (-2608 -8896 -256 ) (-2608 -9216 -256 ) (-2608 -9216 -128 ) (-2608 -8896 -128 ) 
4 228 217 (-1536 -9216 -256 ) (-1536 -9216 32 ) (-1920 -9216 32 ) (-1920 -9216 -256 ) 
4 228 217 (-1536 -9216 32 ) (-1536 -9216 128 ) (-1800 -9216 128 ) (-1800 -9216 32 ) 
4 228 217 (-1536 -9216 128 ) (-1536 -9216 832 ) (-1920 -9216 832 ) (-1920 -9216 128 ) 
4 228 227 (-2048 -9216 -256 ) (-2048 -9216 -128 ) (-2048 -8896 -128 ) (-2048 -8896 -256 ) 
4 228 223 (-2048 -9216 384 ) (-2048 -9216 512 ) (-2048 -8896 512 ) (-2048 -8896 384 ) 
4 228 223 (-2048 -9216 512 ) (-2048 -9216 576 ) (-2048 -8896 576 ) (-2048 -8896 512 ) 
4 228 223 (-2048 -9216 576 ) (-2048 -9216 704 ) (-2048 -8896 704 ) (-2048 -8896 576 ) 
4 228 223 (-2048 -9216 704 ) (-2048 -9216 832 ) (-2048 -8896 832 ) (-2048 -8896 704 ) 
4 228 217 (-1920 -9216 -256 ) (-1920 -9216 32 ) (-2048 -9216 32 ) (-2048 -9216 -256 ) 
4 228 217 (-1920 -9216 128 ) (-1920 -9216 832 ) (-2048 -9216 832 ) (-2048 -9216 128 ) 
4 228 217 (-2048 -9280 32 ) (-2048 -9216 32 ) (-1800 -9216 32 ) (-1800 -9280 32 ) 
4 228 249 (-2004 -9280 32 ) (-1964 -9280 32 ) (-1964 -9280 105 ) (-2004 -9280 105 ) 
4 228 248 (-1908 -9280 32 ) (-1868 -9280 32 ) (-1868 -9280 105 ) (-1908 -9280 105 ) 
4 228 247 (-1844 -9280 32 ) (-1804 -9280 32 ) (-1804 -9280 105 ) (-1844 -9280 105 ) 
4 228 234 (-1536 -9280 -264 ) (-1024 -9280 -264 ) (-1024 -9280 -256 ) (-1536 -9280 -256 ) 
4 228 320 (-3072 -8896 256 ) (-3072 -8832 256 ) (-2944 -8832 256 ) (-2944 -8896 256 ) 
4 228 333 (-2432 -8704 0 ) (-2432 -8696 0 ) (-2304 -8696 0 ) (-2304 -8704 0 ) 
4 228 332 (-2304 -8696 0 ) (-2176 -8696 0 ) (-2176 -8704 0 ) (-2304 -8704 0 ) 
4 228 327 (-2432 -8704 0 ) (-2432 -8896 0 ) (-2432 -8896 120 ) (-2432 -8704 120 ) 
4 228 227 (-2304 -9216 -128 ) (-2608 -9216 -128 ) (-2608 -8896 -128 ) (-2304 -8896 -128 ) 
4 228 334 (-2624 -9216 -128 ) (-3072 -9216 -128 ) (-3072 -8896 -128 ) (-2624 -8896 -128 ) 
4 228 227 (-2176 -9216 -128 ) (-2304 -9216 -128 ) (-2304 -8896 -128 ) (-2176 -8896 -128 ) 
4 228 227 (-2048 -9216 -128 ) (-2176 -9216 -128 ) (-2176 -8896 -128 ) (-2048 -8896 -128 ) 
4 228 334 (-2624 -8896 -256 ) (-2624 -9216 -256 ) (-2624 -9216 -128 ) (-2624 -8896 -128 ) 
4 228 335 (-2368 -9184 -264 ) (-2368 -9056 -264 ) (-2240 -9056 -264 ) (-2240 -9184 -264 ) 
4 228 362 (-3968 -8832 158 ) (-3072 -8832 158 ) (-3072 -8896 158 ) (-3968 -8896 158 ) 
4 228 455 (-5120 -8896 384 ) (-5120 -8896 832 ) (-5120 -8704 832 ) (-5120 -8704 384 ) 
4 228 370 (-4352 -8896 -256 ) (-4352 -8896 -32 ) (-4352 -8704 -32 ) (-4352 -8704 -256 ) 
4 228 375 (-2900 -9280 288 ) (-2860 -9280 288 ) (-2860 -9280 361 ) (-2900 -9280 361 ) 
4 228 374 (-2516 -9280 288 ) (-2476 -9280 288 ) (-2476 -9280 361 ) (-2516 -9280 361 ) 
4 228 373 (-2292 -9280 288 ) (-2252 -9280 288 ) (-2252 -9280 361 ) (-2292 -9280 361 ) 
4 228 372 (-2228 -9280 288 ) (-2188 -9280 288 ) (-2188 -9280 361 ) (-2228 -9280 361 ) 
4 228 371 (-2132 -9280 288 ) (-2092 -9280 288 ) (-2092 -9280 361 ) (-2132 -9280 361 ) 
4 228 408 (-3072 -9280 288 ) (-3072 -9288 288 ) (-3072 -9288 832 ) (-3072 -9280 832 ) 
4 228 404 (-3072 -9288 832 ) (-3072 -9288 288 ) (-2944 -9288 288 ) (-2944 -9288 832 ) 
4 228 378 (-2644 -9280 233 ) (-2644 -9280 160 ) (-2604 -9280 160 ) (-2604 -9280 233 ) 
4 228 377 (-2164 -9280 160 ) (-2124 -9280 160 ) (-2124 -9280 233 ) (-2164 -9280 233 ) 
4 228 376 (-2100 -9280 160 ) (-2060 -9280 160 ) (-2060 -9280 233 ) (-2100 -9280 233 ) 
4 228 379 (-2772 -9280 160 ) (-2732 -9280 160 ) (-2732 -9280 233 ) (-2772 -9280 233 ) 
4 228 408 (-3072 -9280 160 ) (-3072 -9288 160 ) (-3072 -9288 288 ) (-3072 -9280 288 ) 
4 228 404 (-3072 -9288 288 ) (-3072 -9288 160 ) (-2944 -9288 160 ) (-2944 -9288 288 ) 
4 228 381 (-2228 -9280 32 ) (-2188 -9280 32 ) (-2188 -9280 105 ) (-2228 -9280 105 ) 
4 228 382 (-2292 -9280 32 ) (-2252 -9280 32 ) (-2252 -9280 105 ) (-2292 -9280 105 ) 
4 228 380 (-2132 -9280 32 ) (-2092 -9280 32 ) (-2092 -9280 105 ) (-2132 -9280 105 ) 
4 228 383 (-2496 -9280 32 ) (-2352 -9280 32 ) (-2352 -9280 120 ) (-2496 -9280 120 ) 
4 228 408 (-3072 -9280 105 ) (-3072 -9288 105 ) (-3072 -9288 160 ) (-3072 -9280 160 ) 
4 228 404 (-3072 -9288 160 ) (-3072 -9288 105 ) (-2944 -9288 105 ) (-2944 -9288 160 ) 
4 228 385 (-2676 -9280 32 ) (-2636 -9280 32 ) (-2636 -9280 105 ) (-2676 -9280 105 ) 
4 228 384 (-2612 -9280 32 ) (-2572 -9280 32 ) (-2572 -9280 105 ) (-2612 -9280 105 ) 
4 228 387 (-2868 -9280 32 ) (-2827 -9280 32 ) (-2827 -9280 105 ) (-2868 -9280 105 ) 
4 228 388 (-2932 -9280 32 ) (-2892 -9280 32 ) (-2892 -9280 105 ) (-2932 -9280 105 ) 
4 228 386 (-2772 -9280 32 ) (-2732 -9280 32 ) (-2732 -9280 105 ) (-2772 -9280 105 ) 
4 228 408 (-3072 -9280 32 ) (-3072 -9288 32 ) (-3072 -9288 105 ) (-3072 -9280 105 ) 
4 228 404 (-3072 -9288 105 ) (-3072 -9288 32 ) (-2944 -9288 32 ) (-2944 -9288 105 ) 
4 228 389 (-2496 -9280 0 ) (-2352 -9280 0 ) (-2352 -9280 32 ) (-2496 -9280 32 ) 
4 228 408 (-3072 -9280 0 ) (-3072 -9288 0 ) (-3072 -9288 32 ) (-3072 -9280 32 ) 
4 228 404 (-3072 -9288 32 ) (-3072 -9288 0 ) (-2944 -9288 0 ) (-2944 -9288 32 ) 
4 228 250 (-2048 -9280 -256 ) (-2048 -9280 -32 ) (-2608 -9280 -32 ) (-2608 -9280 -256 ) 
4 228 390 (-2624 -9280 -32 ) (-3072 -9280 -32 ) (-3072 -9280 -256 ) (-2624 -9280 -256 ) 
4 228 411 (-4096 -9280 -32 ) (-4096 -9280 -256 ) (-3840 -9280 -256 ) (-3840 -9280 -32 ) 
4 228 410 (-3840 -9280 832 ) (-4096 -9280 832 ) (-4096 -9280 256 ) (-3840 -9280 256 ) 
4 228 409 (-3584 -9280 832 ) (-3840 -9280 832 ) (-3840 -9280 -264 ) (-3584 -9280 -264 ) 
4 228 408 (-3072 -9280 0 ) (-3072 -9280 832 ) (-3584 -9280 832 ) (-3584 -9280 0 ) 
4 228 390 (-3072 -9280 -256 ) (-3072 -9280 -32 ) (-3584 -9280 -32 ) (-3584 -9280 -256 ) 
4 228 411 (-5104 -9280 -256 ) (-4096 -9280 -256 ) (-4096 -9280 -32 ) (-5104 -9280 -32 ) 
4 228 445 (-5120 -9280 256 ) (-5120 -9280 192 ) (-4736 -9280 192 ) (-4736 -9280 256 ) 
4 228 443 (-4096 -9280 160 ) (-4096 -9280 256 ) (-4352 -9280 256 ) (-4352 -9280 160 ) 
4 228 441 (-5120 -9280 384 ) (-5120 -9280 256 ) (-4096 -9280 256 ) (-4096 -9280 384 ) 
4 228 440 (-5120 -9280 832 ) (-5120 -9280 384 ) (-4096 -9280 384 ) (-4096 -9280 832 ) 
4 228 458 (-5312 -8896 -128 ) (-5312 -9216 -128 ) (-5312 -9216 832 ) (-5312 -8896 832 ) 
4 228 471 (-5696 -9216 -128 ) (-5888 -9216 -128 ) (-5888 -9216 -256 ) (-5696 -9216 -256 ) 
4 228 470 (-5312 -9216 -128 ) (-5696 -9216 -128 ) (-5696 -9216 -256 ) (-5312 -9216 -256 ) 
4 228 464 (-5696 -8704 -256 ) (-5312 -8704 -256 ) (-5312 -9216 -256 ) (-5696 -9216 -256 ) 
4 228 463 (-5888 -8960 -256 ) (-5888 -9088 -256 ) (-5888 -9088 -128 ) (-5888 -8960 -128 ) 
4 228 464 (-5312 -8896 -264 ) (-5312 -9216 -264 ) (-5312 -9216 -256 ) (-5312 -8896 -256 ) 
4 228 470 (-5312 -9280 -264 ) (-5312 -9280 832 ) (-5312 -9216 832 ) (-5312 -9216 -264 ) 
4 228 469 (-5312 -9280 -32 ) (-5312 -9280 -256 ) (-5120 -9280 -256 ) (-5120 -9280 -32 ) 
4 228 468 (-5312 -9280 832 ) (-5312 -9280 384 ) (-5120 -9280 384 ) (-5120 -9280 832 ) 
4 229 228 (-2048 -8896 256 ) (-2048 -8896 376 ) (-2048 -8832 376 ) (-2048 -8832 256 ) 
4 229 228 (-2048 -8896 376 ) (-2048 -8896 384 ) (-2048 -8832 384 ) (-2048 -8832 376 ) 
4 229 223 (-2048 -8896 384 ) (-2048 -8896 512 ) (-2048 -8832 512 ) (-2048 -8832 384 ) 
4 229 223 (-2048 -8896 512 ) (-2048 -8896 576 ) (-2048 -8832 576 ) (-2048 -8832 512 ) 
4 229 223 (-2048 -8896 576 ) (-2048 -8896 704 ) (-2048 -8832 704 ) (-2048 -8832 576 ) 
4 229 223 (-2048 -8896 704 ) (-2048 -8896 832 ) (-2048 -8832 832 ) (-2048 -8832 704 ) 
4 229 228 (-1920 -8896 256 ) (-1920 -8896 832 ) (-2048 -8896 832 ) (-2048 -8896 256 ) 
4 230 323 (-2048 -8896 0 ) (-2048 -8896 120 ) (-2048 -8704 120 ) (-2048 -8704 0 ) 
4 230 228 (-1920 -8896 0 ) (-1920 -8896 120 ) (-2048 -8896 120 ) (-2048 -8896 0 ) 
4 231 234 (-896 -9216 832 ) (-896 -9216 384 ) (-896 -9472 384 ) (-896 -9472 832 ) 
4 231 232 (-896 -9472 832 ) (-896 -9472 384 ) (-384 -9472 384 ) (-384 -9472 832 ) 
4 232 234 (-896 -9600 -256 ) (-896 -9600 832 ) (-896 -9472 832 ) (-896 -9472 -256 ) 
4 232 233 (-896 -9600 832 ) (-896 -9600 384 ) (-384 -9600 384 ) (-384 -9600 832 ) 
4 233 234 (-768 -10240 832 ) (-896 -10240 832 ) (-896 -10240 384 ) (-768 -10240 384 ) 
4 233 252 (-704 -10240 832 ) (-768 -10240 832 ) (-768 -10240 384 ) (-704 -10240 384 ) 
4 233 234 (-896 -10240 384 ) (-896 -10240 832 ) (-896 -9600 832 ) (-896 -9600 384 ) 
4 234 217 (-1024 -9984 32 ) (-1024 -9280 32 ) (-1024 -9280 -256 ) (-1024 -9984 -256 ) 
4 234 217 (-1024 -9280 32 ) (-1024 -9216 32 ) (-1024 -9216 -256 ) (-1024 -9280 -256 ) 
4 234 217 (-1024 -9716 128 ) (-1024 -9420 128 ) (-1024 -9420 32 ) (-1024 -9716 32 ) 
4 234 217 (-1024 -9420 128 ) (-1024 -9396 128 ) (-1024 -9396 32 ) (-1024 -9420 32 ) 
4 234 217 (-1024 -9396 128 ) (-1024 -9356 128 ) (-1024 -9356 32 ) (-1024 -9396 32 ) 
4 234 217 (-1024 -9280 105 ) (-1024 -9280 32 ) (-1024 -9356 32 ) (-1024 -9356 105 ) 
4 234 217 (-1024 -9356 128 ) (-1024 -9280 128 ) (-1024 -9280 105 ) (-1024 -9356 105 ) 
4 234 217 (-1024 -9280 128 ) (-1024 -9216 128 ) (-1024 -9216 32 ) (-1024 -9280 32 ) 
4 234 217 (-1024 -9984 832 ) (-1024 -9288 832 ) (-1024 -9288 128 ) (-1024 -9984 128 ) 
4 234 217 (-1024 -9280 160 ) (-1024 -9280 128 ) (-1024 -9288 128 ) (-1024 -9288 160 ) 
4 234 217 (-1024 -9280 288 ) (-1024 -9280 160 ) (-1024 -9288 160 ) (-1024 -9288 288 ) 
4 234 217 (-1024 -9288 832 ) (-1024 -9280 832 ) (-1024 -9280 288 ) (-1024 -9288 288 ) 
4 234 217 (-1024 -9280 832 ) (-1024 -9216 832 ) (-1024 -9216 128 ) (-1024 -9280 128 ) 
4 234 217 (-1664 -9984 32 ) (-1664 -9716 32 ) (-1024 -9716 32 ) (-1024 -9984 32 ) 
4 234 217 (-1664 -9716 128 ) (-1664 -9716 32 ) (-1664 -9984 32 ) (-1664 -9984 128 ) 
4 234 251 (-1216 -9856 -264 ) (-1344 -9856 -264 ) (-1344 -9728 -264 ) (-1216 -9728 -264 ) 
4 234 448 (-376 -11264 384 ) (-384 -11264 384 ) (-384 -11264 -256 ) (-376 -11264 -256 ) 
4 234 447 (0 -11264 -256 ) (0 -11264 384 ) (-376 -11264 384 ) (-376 -11264 -256 ) 
4 234 254 (-1664 -10380 -148 ) (-1664 -10380 -256 ) (-1664 -10484 -256 ) (-1664 -10484 -148 ) 
4 234 453 (-896 -11648 832 ) (-1024 -11648 832 ) (-1024 -11648 384 ) (-896 -11648 384 ) 
4 234 452 (-640 -11648 832 ) (-896 -11648 832 ) (-896 -11648 384 ) (-640 -11648 384 ) 
4 234 451 (-384 -11648 832 ) (-640 -11648 832 ) (-640 -11648 384 ) (-384 -11648 384 ) 
4 234 450 (-128 -11648 832 ) (-384 -11648 832 ) (-384 -11648 384 ) (-128 -11648 384 ) 
4 234 449 (0 -11648 384 ) (0 -11648 832 ) (-128 -11648 832 ) (-128 -11648 384 ) 
4 234 448 (-384 -11640 384 ) (-384 -11264 384 ) (-376 -11264 384 ) (-376 -11640 384 ) 
4 234 447 (0 -11648 384 ) (-376 -11648 384 ) (-376 -11264 384 ) (0 -11264 384 ) 
4 234 452 (-640 -11648 384 ) (-896 -11648 384 ) (-896 -11648 -256 ) (-640 -11648 -256 ) 
4 234 454 (-1792 -11648 832 ) (-1792 -11648 384 ) (-1024 -11648 384 ) (-1024 -11648 832 ) 
4 239 240 (-1800 -9344 128 ) (-1800 -9472 128 ) (-1800 -9472 248 ) (-1800 -9344 248 ) 
4 252 234 (-768 -10240 832 ) (-768 -10240 256 ) (-768 -10816 256 ) (-768 -10816 832 ) 
4 252 253 (-768 -10816 832 ) (-768 -10816 256 ) (-704 -10816 256 ) (-704 -10816 832 ) 
4 253 234 (-768 -10880 256 ) (-768 -10880 832 ) (-768 -10816 832 ) (-768 -10816 256 ) 
4 253 234 (-768 -10880 832 ) (-768 -10880 256 ) (0 -10880 256 ) (0 -10880 832 ) 
4 254 255 (-1672 -10380 -256 ) (-1672 -10484 -256 ) (-1672 -10484 -148 ) (-1672 -10380 -148 ) 
4 256 268 (-2560 -8256 704 ) (-2560 -8512 704 ) (-2816 -8512 704 ) (-2816 -8256 704 ) 
4 257 260 (-2200 -8256 576 ) (-2152 -8256 576 ) (-2152 -8256 684 ) (-2200 -8256 684 ) 
4 258 268 (-2816 -8256 576 ) (-2560 -8256 576 ) (-2560 -8256 704 ) (-2816 -8256 704 ) 
4 259 262 (-2152 -8264 576 ) (-2152 -8696 576 ) (-2152 -8696 704 ) (-2152 -8264 704 ) 
4 260 261 (-2152 -8258 576 ) (-2152 -8258 684 ) (-2200 -8258 684 ) (-2200 -8258 576 ) 
4 261 262 (-2200 -8264 576 ) (-2152 -8264 576 ) (-2152 -8264 684 ) (-2200 -8264 684 ) 
4 262 271 (-2252 -8696 598 ) (-2252 -8696 682 ) (-2292 -8696 682 ) (-2292 -8696 598 ) 
4 262 269 (-2188 -8696 598 ) (-2188 -8696 682 ) (-2228 -8696 682 ) (-2228 -8696 598 ) 
4 262 263 (-2304 -8264 576 ) (-2304 -8504 576 ) (-2304 -8504 704 ) (-2304 -8264 704 ) 
4 263 264 (-2312 -8264 576 ) (-2312 -8504 576 ) (-2312 -8504 704 ) (-2312 -8264 704 ) 
4 264 266 (-2552 -8328 576 ) (-2552 -8440 576 ) (-2552 -8440 696 ) (-2552 -8328 696 ) 
4 265 267 (-2552 -8512 576 ) (-2552 -8696 576 ) (-2552 -8696 704 ) (-2552 -8512 704 ) 
4 266 268 (-2560 -8328 576 ) (-2560 -8440 576 ) (-2560 -8440 696 ) (-2560 -8328 696 ) 
4 267 268 (-2560 -8512 576 ) (-2560 -8696 576 ) (-2560 -8696 704 ) (-2560 -8512 704 ) 
4 268 274 (-2816 -8256 576 ) (-2560 -8256 576 ) (-2560 -8512 576 ) (-2816 -8512 576 ) 
4 269 270 (-2228 -8697 598 ) (-2188 -8697 598 ) (-2188 -8697 682 ) (-2228 -8697 682 ) 
4 271 272 (-2292 -8697 598 ) (-2252 -8697 598 ) (-2252 -8697 682 ) (-2292 -8697 682 ) 
4 273 275 (-2240 -8192 512 ) (-2112 -8192 512 ) (-2112 -8256 512 ) (-2240 -8256 512 ) 
4 275 279 (-2200 -8256 384 ) (-2152 -8256 384 ) (-2152 -8256 492 ) (-2200 -8256 492 ) 
4 276 288 (-2496 -8192 384 ) (-2368 -8192 384 ) (-2368 -8256 384 ) (-2496 -8256 384 ) 
4 276 281 (-2456 -8256 384 ) (-2408 -8256 384 ) (-2408 -8256 492 ) (-2456 -8256 492 ) 
4 277 280 (-2152 -8264 384 ) (-2152 -8504 384 ) (-2152 -8504 492 ) (-2152 -8264 492 ) 
4 277 278 (-2152 -8504 492 ) (-2152 -8504 512 ) (-2152 -8264 512 ) (-2152 -8264 492 ) 
4 278 282 (-2200 -8264 492 ) (-2200 -8504 492 ) (-2200 -8504 512 ) (-2200 -8264 512 ) 
4 278 280 (-2200 -8504 492 ) (-2200 -8264 492 ) (-2152 -8264 492 ) (-2152 -8504 492 ) 
4 279 280 (-2152 -8258 384 ) (-2152 -8258 492 ) (-2200 -8258 492 ) (-2200 -8258 384 ) 
4 280 283 (-2200 -8504 384 ) (-2184 -8504 384 ) (-2184 -8504 492 ) (-2200 -8504 492 ) 
4 280 282 (-2200 -8264 384 ) (-2200 -8504 384 ) (-2200 -8504 492 ) (-2200 -8264 492 ) 
4 281 282 (-2456 -8264 384 ) (-2408 -8264 384 ) (-2408 -8264 492 ) (-2456 -8264 492 ) 
4 282 284 (-2552 -8328 384 ) (-2552 -8440 384 ) (-2552 -8440 504 ) (-2552 -8328 504 ) 
4 282 283 (-2232 -8504 384 ) (-2200 -8504 384 ) (-2200 -8504 492 ) (-2232 -8504 492 ) 
4 283 285 (-2232 -8512 384 ) (-2184 -8512 384 ) (-2184 -8512 492 ) (-2232 -8512 492 ) 
4 285 286 (-2304 -8580 384 ) (-2304 -8628 384 ) (-2304 -8628 492 ) (-2304 -8580 492 ) 
4 286 287 (-2312 -8580 384 ) (-2312 -8628 384 ) (-2312 -8628 492 ) (-2312 -8580 492 ) 
4 288 289 (-2496 -8192 376 ) (-2368 -8192 376 ) (-2368 -8256 376 ) (-2496 -8256 376 ) 
4 289 291 (-2456 -8256 256 ) (-2408 -8256 256 ) (-2408 -8256 364 ) (-2456 -8256 364 ) 
4 290 292 (-2944 -8256 256 ) (-2824 -8256 256 ) (-2824 -8256 376 ) (-2944 -8256 376 ) 
4 291 293 (-2456 -8264 256 ) (-2408 -8264 256 ) (-2408 -8264 364 ) (-2456 -8264 364 ) 
4 292 296 (-2944 -8264 256 ) (-2824 -8264 256 ) (-2824 -8264 368 ) (-2944 -8264 368 ) 
4 292 294 (-2824 -8264 368 ) (-2824 -8264 376 ) (-2944 -8264 376 ) (-2944 -8264 368 ) 
4 293 298 (-2552 -8504 256 ) (-2432 -8504 256 ) (-2432 -8504 376 ) (-2552 -8504 376 ) 
4 293 297 (-2388 -8504 256 ) (-2340 -8504 256 ) (-2340 -8504 364 ) (-2388 -8504 364 ) 
4 293 295 (-2552 -8328 256 ) (-2552 -8440 256 ) (-2552 -8440 368 ) (-2552 -8328 368 ) 
4 294 299 (-2824 -8504 376 ) (-2944 -8504 376 ) (-2944 -8504 368 ) (-2824 -8504 368 ) 
4 294 296 (-2944 -8264 368 ) (-2824 -8264 368 ) (-2824 -8504 368 ) (-2944 -8504 368 ) 
4 296 299 (-2944 -8504 256 ) (-2824 -8504 256 ) (-2824 -8504 368 ) (-2944 -8504 368 ) 
4 297 304 (-2388 -8512 256 ) (-2340 -8512 256 ) (-2340 -8512 364 ) (-2388 -8512 364 ) 
4 298 305 (-2552 -8512 256 ) (-2440 -8512 256 ) (-2440 -8512 376 ) (-2552 -8512 376 ) 
4 299 307 (-2944 -8512 256 ) (-2824 -8512 256 ) (-2824 -8512 376 ) (-2944 -8512 376 ) 
4 300 302 (-2296 -8580 256 ) (-2296 -8628 256 ) (-2296 -8628 364 ) (-2296 -8580 364 ) 
4 301 308 (-2296 -8704 256 ) (-2184 -8704 256 ) (-2184 -8704 376 ) (-2296 -8704 376 ) 
4 301 303 (-2296 -8672 256 ) (-2296 -8704 256 ) (-2296 -8704 376 ) (-2296 -8672 376 ) 
4 302 304 (-2304 -8580 256 ) (-2304 -8628 256 ) (-2304 -8628 364 ) (-2304 -8580 364 ) 
4 303 308 (-2304 -8704 256 ) (-2296 -8704 256 ) (-2296 -8704 376 ) (-2304 -8704 376 ) 
4 303 304 (-2304 -8672 256 ) (-2304 -8704 256 ) (-2304 -8704 376 ) (-2304 -8672 376 ) 
4 304 308 (-2432 -8704 256 ) (-2304 -8704 256 ) (-2304 -8704 376 ) (-2432 -8704 376 ) 
4 305 309 (-2552 -8704 256 ) (-2440 -8704 256 ) (-2440 -8704 376 ) (-2552 -8704 376 ) 
4 306 310 (-2712 -8704 256 ) (-2664 -8704 256 ) (-2664 -8704 364 ) (-2712 -8704 364 ) 
4 307 311 (-2944 -8704 256 ) (-2824 -8704 256 ) (-2824 -8704 376 ) (-2944 -8704 376 ) 
4 308 312 (-2432 -8712 256 ) (-2184 -8712 256 ) (-2184 -8712 376 ) (-2432 -8712 376 ) 
4 309 313 (-2560 -8712 256 ) (-2440 -8712 256 ) (-2440 -8712 376 ) (-2560 -8712 376 ) 
4 310 313 (-2712 -8712 256 ) (-2664 -8712 256 ) (-2664 -8712 364 ) (-2712 -8712 364 ) 
4 311 313 (-2944 -8712 376 ) (-2944 -8712 256 ) (-2816 -8712 256 ) (-2816 -8712 376 ) 
4 312 315 (-2348 -8824 298 ) (-2348 -8824 370 ) (-2388 -8824 370 ) (-2388 -8824 298 ) 
4 312 314 (-2220 -8824 298 ) (-2220 -8824 370 ) (-2260 -8824 370 ) (-2260 -8824 298 ) 
4 313 319 (-2860 -8824 298 ) (-2860 -8824 370 ) (-2900 -8824 370 ) (-2900 -8824 298 ) 
4 313 318 (-2732 -8824 298 ) (-2732 -8824 370 ) (-2772 -8824 370 ) (-2772 -8824 298 ) 
4 313 317 (-2604 -8824 298 ) (-2604 -8824 370 ) (-2644 -8824 370 ) (-2644 -8824 298 ) 
4 313 316 (-2476 -8824 296 ) (-2476 -8824 370 ) (-2516 -8824 370 ) (-2516 -8824 296 ) 
4 314 228 (-2220 -8832 298 ) (-2220 -8832 370 ) (-2260 -8832 370 ) (-2260 -8832 298 ) 
4 315 228 (-2348 -8832 298 ) (-2348 -8832 370 ) (-2388 -8832 370 ) (-2388 -8832 298 ) 
4 316 228 (-2476 -8832 296 ) (-2476 -8832 370 ) (-2516 -8832 370 ) (-2516 -8832 296 ) 
4 317 228 (-2604 -8832 298 ) (-2604 -8832 370 ) (-2644 -8832 370 ) (-2644 -8832 298 ) 
4 318 228 (-2732 -8832 298 ) (-2732 -8832 370 ) (-2772 -8832 370 ) (-2772 -8832 298 ) 
4 319 228 (-2860 -8832 298 ) (-2860 -8832 370 ) (-2900 -8832 370 ) (-2900 -8832 298 ) 
4 320 362 (-3072 -8832 128 ) (-3072 -8896 128 ) (-3072 -8896 158 ) (-3072 -8832 158 ) 
4 320 228 (-3072 -8896 158 ) (-3072 -8896 230 ) (-3072 -8832 230 ) (-3072 -8832 158 ) 
4 320 228 (-3072 -8896 230 ) (-3072 -8896 256 ) (-3072 -8832 256 ) (-3072 -8832 230 ) 
4 320 228 (-3072 -8896 128 ) (-2944 -8896 128 ) (-2944 -8896 256 ) (-3072 -8896 256 ) 
4 321 333 (-2432 -8384 0 ) (-2304 -8384 0 ) (-2304 -8696 0 ) (-2432 -8696 0 ) 
4 321 332 (-2304 -8384 0 ) (-2176 -8384 0 ) (-2176 -8696 0 ) (-2304 -8696 0 ) 
4 321 228 (-2432 -8696 0 ) (-2176 -8696 0 ) (-2176 -8696 120 ) (-2432 -8696 120 ) 
4 322 323 (-2163 -8704 112 ) (-2163 -8704 40 ) (-2125 -8704 40 ) (-2125 -8704 112 ) 
4 323 324 (-2163 -8704 0 ) (-2163 -8896 0 ) (-2163 -8896 120 ) (-2163 -8704 120 ) 
4 323 228 (-2163 -8896 120 ) (-2163 -8896 0 ) (-2048 -8896 0 ) (-2048 -8896 120 ) 
4 324 228 (-2176 -8704 0 ) (-2176 -8896 0 ) (-2176 -8896 120 ) (-2176 -8704 120 ) 
4 324 228 (-2176 -8896 120 ) (-2176 -8896 0 ) (-2163 -8896 0 ) (-2163 -8896 120 ) 
4 325 327 (-2445 -8704 40 ) (-2445 -8704 112 ) (-2483 -8704 112 ) (-2483 -8704 40 ) 
4 326 327 (-2547 -8704 112 ) (-2547 -8704 40 ) (-2509 -8704 40 ) (-2509 -8704 112 ) 
4 327 331 (-2547 -8704 0 ) (-2547 -8896 0 ) (-2547 -8896 120 ) (-2547 -8704 120 ) 
4 327 228 (-2547 -8896 120 ) (-2547 -8896 0 ) (-2432 -8896 0 ) (-2432 -8896 120 ) 
4 328 331 (-2701 -8704 40 ) (-2701 -8704 112 ) (-2739 -8704 112 ) (-2739 -8704 40 ) 
4 329 331 (-2829 -8704 40 ) (-2829 -8704 112 ) (-2867 -8704 112 ) (-2867 -8704 40 ) 
4 330 331 (-2893 -8704 40 ) (-2893 -8704 112 ) (-2931 -8704 112 ) (-2931 -8704 40 ) 
4 331 228 (-2944 -8896 120 ) (-2944 -8896 0 ) (-2547 -8896 0 ) (-2547 -8896 120 ) 
4 332 227 (-2176 -8512 -128 ) (-2176 -8704 -128 ) (-2304 -8704 -128 ) (-2304 -8512 -128 ) 
4 332 227 (-2304 -8704 -128 ) (-2176 -8704 -128 ) (-2176 -8704 -32 ) (-2304 -8704 -32 ) 
4 332 333 (-2304 -8384 0 ) (-2304 -8384 -128 ) (-2304 -8512 -128 ) (-2304 -8704 0 ) 
4 334 228 (-3072 -8896 -128 ) (-2624 -8896 -128 ) (-2624 -8896 -32 ) (-3072 -8896 -32 ) 
4 334 228 (-2624 -9216 -128 ) (-3072 -9216 -128 ) (-3072 -9216 -256 ) (-2624 -9216 -256 ) 
4 334 228 (-3072 -8896 -256 ) (-3072 -9216 -256 ) (-3072 -9216 -128 ) (-3072 -8896 -128 ) 
4 334 228 (-3072 -9216 -256 ) (-3072 -8896 -256 ) (-2624 -8896 -256 ) (-2624 -9216 -256 ) 
4 334 228 (-3072 -8896 -256 ) (-3072 -8896 -32 ) (-3968 -8896 -32 ) (-3968 -8896 -256 ) 
4 334 228 (-3968 -8896 -256 ) (-3968 -8896 -32 ) (-3968 -8704 -32 ) (-3968 -8704 -256 ) 
4 336 337 (-3840 -8288 192 ) (-3840 -8192 192 ) (-3712 -8192 192 ) (-3712 -8288 192 ) 
4 337 339 (-3840 -8204 184 ) (-3840 -8192 184 ) (-3832 -8192 184 ) (-3832 -8204 184 ) 
4 337 340 (-3840 -8288 184 ) (-3840 -8204 184 ) (-3832 -8204 184 ) (-3832 -8288 184 ) 
4 337 338 (-3832 -8192 184 ) (-3712 -8192 184 ) (-3712 -8288 184 ) (-3832 -8288 184 ) 
4 338 341 (-3712 -8288 64 ) (-3712 -8288 184 ) (-3832 -8288 184 ) (-3832 -8288 64 ) 
4 338 339 (-3832 -8192 0 ) (-3832 -8204 8 ) (-3832 -8204 184 ) (-3832 -8192 184 ) 
4 338 340 (-3832 -8204 0 ) (-3832 -8288 0 ) (-3832 -8288 184 ) (-3832 -8204 184 ) 
4 339 340 (-3832 -8204 8 ) (-3832 -8204 184 ) (-3840 -8204 184 ) (-3840 -8204 8 ) 
4 340 341 (-3832 -8288 64 ) (-3832 -8288 184 ) (-3840 -8288 184 ) (-3840 -8288 64 ) 
4 342 346 (-3884 -8320 -256 ) (-3848 -8320 -256 ) (-3848 -8320 -128 ) (-3884 -8320 -128 ) 
4 342 344 (-3884 -8200 -256 ) (-3884 -8320 -256 ) (-3884 -8320 -128 ) (-3884 -8200 -128 ) 
4 343 344 (-3980 -8200 -147 ) (-3980 -8200 -173 ) (-3884 -8200 -173 ) (-3884 -8200 -147 ) 
4 344 349 (-3980 -8200 -256 ) (-3980 -8320 -256 ) (-3980 -8320 -128 ) (-3980 -8200 -128 ) 
4 344 346 (-3980 -8320 -128 ) (-3980 -8320 -256 ) (-3884 -8320 -256 ) (-3884 -8320 -128 ) 
4 345 353 (-3708 -8696 -256 ) (-3588 -8696 -256 ) (-3588 -8696 -136 ) (-3708 -8696 -136 ) 
4 345 352 (-3544 -8696 -256 ) (-3496 -8696 -256 ) (-3496 -8696 -148 ) (-3544 -8696 -148 ) 
4 345 351 (-3452 -8696 -256 ) (-3332 -8696 -256 ) (-3332 -8696 -136 ) (-3452 -8696 -136 ) 
4 346 349 (-3980 -8320 -256 ) (-3980 -8440 -256 ) (-3980 -8440 -128 ) (-3980 -8320 -128 ) 
4 347 349 (-4044 -8200 -256 ) (-3996 -8200 -256 ) (-3996 -8200 -148 ) (-4044 -8200 -148 ) 
4 348 363 (-4096 -8192 -147 ) (-4096 -8192 -173 ) (-4096 -8200 -173 ) (-4096 -8200 -147 ) 
4 348 349 (-4092 -8200 -173 ) (-4092 -8200 -147 ) (-4096 -8200 -147 ) (-4096 -8200 -173 ) 
4 349 364 (-4096 -8440 -128 ) (-4096 -8200 -128 ) (-4096 -8200 -256 ) (-4096 -8440 -256 ) 
4 350 334 (-3160 -8704 -148 ) (-3160 -8704 -256 ) (-3112 -8704 -256 ) (-3112 -8704 -148 ) 
4 351 334 (-3452 -8704 -136 ) (-3452 -8704 -256 ) (-3332 -8704 -256 ) (-3332 -8704 -136 ) 
4 352 334 (-3544 -8704 -148 ) (-3544 -8704 -256 ) (-3496 -8704 -256 ) (-3496 -8704 -148 ) 
4 353 334 (-3708 -8704 -136 ) (-3708 -8704 -256 ) (-3588 -8704 -256 ) (-3588 -8704 -136 ) 
4 354 228 (-3176 -8832 286 ) (-3096 -8832 286 ) (-3096 -8832 358 ) (-3176 -8832 358 ) 
4 355 228 (-3432 -8832 286 ) (-3352 -8832 286 ) (-3352 -8832 358 ) (-3432 -8832 358 ) 
4 356 228 (-3688 -8832 286 ) (-3608 -8832 286 ) (-3608 -8832 358 ) (-3688 -8832 358 ) 
4 357 228 (-3944 -8832 286 ) (-3864 -8832 286 ) (-3864 -8832 358 ) (-3944 -8832 358 ) 
4 358 228 (-3176 -8832 158 ) (-3096 -8832 158 ) (-3096 -8832 230 ) (-3176 -8832 230 ) 
4 359 228 (-3432 -8832 158 ) (-3352 -8832 158 ) (-3352 -8832 230 ) (-3432 -8832 230 ) 
4 360 228 (-3688 -8832 158 ) (-3608 -8832 158 ) (-3608 -8832 230 ) (-3688 -8832 230 ) 
4 361 228 (-3944 -8832 158 ) (-3864 -8832 158 ) (-3864 -8832 230 ) (-3944 -8832 230 ) 
4 362 228 (-3072 -8896 128 ) (-3072 -8896 158 ) (-3968 -8896 158 ) (-3968 -8896 128 ) 
4 362 228 (-3968 -8896 128 ) (-3968 -8896 158 ) (-3968 -8832 158 ) (-3968 -8832 128 ) 
4 363 364 (-4188 -8200 -147 ) (-4188 -8200 -173 ) (-4096 -8200 -173 ) (-4096 -8200 -147 ) 
4 365 366 (-4336 -8208 -256 ) (-4240 -8208 -256 ) (-4240 -8208 -64 ) (-4336 -8208 -64 ) 
4 366 367 (-4312 -8696 -256 ) (-4264 -8696 -256 ) (-4264 -8696 -148 ) (-4312 -8696 -148 ) 
4 367 228 (-4312 -8704 -256 ) (-4264 -8704 -256 ) (-4264 -8704 -148 ) (-4312 -8704 -148 ) 
4 368 369 (-4672 -8696 -256 ) (-4544 -8696 -256 ) (-4544 -8696 -128 ) (-4672 -8696 -128 ) 
4 369 370 (-4672 -8704 -256 ) (-4544 -8704 -256 ) (-4544 -8704 -128 ) (-4672 -8704 -128 ) 
4 370 228 (-4352 -8896 -256 ) (-4352 -8896 -32 ) (-4544 -8896 -32 ) (-4544 -8896 -256 ) 
4 370 228 (-4544 -8896 -32 ) (-4672 -8896 -32 ) (-4672 -8896 -256 ) (-4544 -8896 -256 ) 
4 370 228 (-4672 -8896 -32 ) (-5104 -8896 -32 ) (-5104 -8896 -256 ) (-4672 -8896 -256 ) 
4 383 393 (-2496 -9288 32 ) (-2352 -9288 32 ) (-2352 -9288 108 ) (-2496 -9288 108 ) 
4 383 391 (-2352 -9288 108 ) (-2352 -9288 120 ) (-2496 -9288 120 ) (-2496 -9288 108 ) 
4 383 389 (-2352 -9288 32 ) (-2496 -9288 32 ) (-2496 -9280 32 ) (-2352 -9280 32 ) 
4 388 399 (-2932 -9288 32 ) (-2931 -9288 32 ) (-2931 -9288 105 ) (-2932 -9288 105 ) 
4 389 400 (-2496 -9288 0 ) (-2352 -9288 0 ) (-2352 -9288 32 ) (-2496 -9288 32 ) 
4 390 406 (-3072 -9472 -128 ) (-3072 -9472 -256 ) (-2944 -9472 -256 ) (-2944 -9472 -128 ) 
4 390 418 (-3328 -9472 -128 ) (-3456 -9472 -128 ) (-3456 -9472 -256 ) (-3328 -9472 -256 ) 
4 390 409 (-3584 -9280 -32 ) (-3584 -9280 -256 ) (-3584 -9472 -256 ) (-3584 -9472 -32 ) 
4 391 402 (-2560 -9296 108 ) (-2304 -9296 108 ) (-2304 -9296 120 ) (-2560 -9296 120 ) 
4 391 393 (-2304 -9296 108 ) (-2560 -9296 108 ) (-2560 -9288 108 ) (-2304 -9288 108 ) 
4 392 403 (-2936 -9296 120 ) (-2936 -9296 108 ) (-2568 -9296 108 ) (-2568 -9296 120 ) 
4 392 399 (-2931 -9296 108 ) (-2936 -9296 108 ) (-2936 -9288 108 ) (-2931 -9288 108 ) 
4 392 397 (-2772 -9296 108 ) (-2827 -9296 108 ) (-2827 -9288 108 ) (-2772 -9288 108 ) 
4 392 398 (-2868 -9296 108 ) (-2892 -9296 108 ) (-2892 -9288 108 ) (-2868 -9288 108 ) 
4 392 395 (-2612 -9296 108 ) (-2636 -9296 108 ) (-2636 -9288 108 ) (-2612 -9288 108 ) 
4 392 396 (-2676 -9296 108 ) (-2732 -9296 108 ) (-2732 -9288 108 ) (-2676 -9288 108 ) 
4 392 394 (-2568 -9296 108 ) (-2572 -9296 108 ) (-2572 -9288 108 ) (-2568 -9288 108 ) 
4 393 402 (-2560 -9296 32 ) (-2304 -9296 32 ) (-2304 -9296 108 ) (-2560 -9296 108 ) 
4 393 400 (-2304 -9296 32 ) (-2560 -9296 32 ) (-2560 -9288 32 ) (-2304 -9288 32 ) 
4 394 403 (-2572 -9296 32 ) (-2568 -9296 32 ) (-2568 -9296 108 ) (-2572 -9296 108 ) 
4 394 401 (-2568 -9296 32 ) (-2572 -9296 32 ) (-2572 -9288 32 ) (-2568 -9288 32 ) 
4 395 403 (-2636 -9296 32 ) (-2612 -9296 32 ) (-2612 -9296 108 ) (-2636 -9296 108 ) 
4 395 401 (-2612 -9296 32 ) (-2636 -9296 32 ) (-2636 -9288 32 ) (-2612 -9288 32 ) 
4 396 403 (-2732 -9296 32 ) (-2676 -9296 32 ) (-2676 -9296 108 ) (-2732 -9296 108 ) 
4 396 401 (-2676 -9296 32 ) (-2732 -9296 32 ) (-2732 -9288 32 ) (-2676 -9288 32 ) 
4 397 403 (-2827 -9296 32 ) (-2772 -9296 32 ) (-2772 -9296 108 ) (-2827 -9296 108 ) 
4 397 401 (-2772 -9296 32 ) (-2827 -9296 32 ) (-2827 -9288 32 ) (-2772 -9288 32 ) 
4 398 403 (-2892 -9296 32 ) (-2868 -9296 32 ) (-2868 -9296 108 ) (-2892 -9296 108 ) 
4 398 401 (-2868 -9296 32 ) (-2892 -9296 32 ) (-2892 -9288 32 ) (-2868 -9288 32 ) 
4 399 403 (-2936 -9296 108 ) (-2936 -9296 32 ) (-2931 -9296 32 ) (-2931 -9296 108 ) 
4 399 401 (-2931 -9296 32 ) (-2936 -9296 32 ) (-2936 -9288 32 ) (-2931 -9288 32 ) 
4 400 402 (-2560 -9296 0 ) (-2304 -9296 0 ) (-2304 -9296 32 ) (-2560 -9296 32 ) 
4 401 403 (-2936 -9296 32 ) (-2936 -9296 0 ) (-2568 -9296 0 ) (-2568 -9296 32 ) 
4 404 412 (-3072 -9472 0 ) (-3072 -9728 0 ) (-3072 -9728 832 ) (-3072 -9472 832 ) 
4 404 408 (-3072 -9288 832 ) (-3072 -9288 0 ) (-3072 -9472 0 ) (-3072 -9472 832 ) 
4 405 429 (-3072 -9848 -32 ) (-3072 -9728 -32 ) (-3072 -9728 -128 ) (-3072 -9848 -128 ) 
4 405 414 (-3072 -9728 -32 ) (-3072 -9480 -32 ) (-3072 -9480 -128 ) (-3072 -9728 -128 ) 
4 405 407 (-3072 -9848 -128 ) (-3072 -9480 -128 ) (-2824 -9480 -128 ) (-2824 -9848 -128 ) 
4 406 407 (-3072 -9480 -256 ) (-2944 -9480 -256 ) (-2944 -9480 -128 ) (-3072 -9480 -128 ) 
4 407 435 (-3072 -9848 -128 ) (-3072 -9728 -128 ) (-3072 -9728 -256 ) (-3072 -9848 -256 ) 
4 407 416 (-3072 -9728 -128 ) (-3072 -9480 -128 ) (-3072 -9480 -256 ) (-3072 -9728 -256 ) 
4 408 412 (-3072 -9472 0 ) (-3072 -9472 832 ) (-3584 -9472 832 ) (-3584 -9472 0 ) 
4 408 409 (-3584 -9280 832 ) (-3584 -9280 0 ) (-3584 -9472 0 ) (-3584 -9472 832 ) 
4 409 428 (-3584 -9472 -264 ) (-3584 -9472 -256 ) (-3840 -9472 -256 ) (-3840 -9472 -264 ) 
4 409 427 (-3584 -9472 -256 ) (-3584 -9472 -128 ) (-3840 -9472 -128 ) (-3840 -9472 -256 ) 
4 409 415 (-3584 -9472 -128 ) (-3584 -9472 0 ) (-3840 -9472 0 ) (-3840 -9472 -128 ) 
4 409 412 (-3584 -9472 0 ) (-3584 -9472 832 ) (-3840 -9472 832 ) (-3840 -9472 0 ) 
4 409 411 (-3840 -9280 -32 ) (-3840 -9280 -256 ) (-3840 -9472 -256 ) (-3840 -9472 -32 ) 
4 409 410 (-3840 -9280 832 ) (-3840 -9280 256 ) (-3840 -9472 256 ) (-3840 -9472 832 ) 
4 410 441 (-4096 -9472 256 ) (-4096 -9472 384 ) (-4096 -9280 384 ) (-4096 -9280 256 ) 
4 410 440 (-4096 -9472 384 ) (-4096 -9472 832 ) (-4096 -9280 832 ) (-4096 -9280 384 ) 
4 410 413 (-4096 -9472 832 ) (-4096 -9472 256 ) (-3840 -9472 256 ) (-3840 -9472 832 ) 
4 412 434 (-3712 -9728 832 ) (-3840 -9728 832 ) (-3840 -9728 256 ) (-3712 -9728 256 ) 
4 412 432 (-3712 -9728 120 ) (-3712 -9728 0 ) (-3584 -9728 0 ) (-3584 -9728 120 ) 
4 412 430 (-3584 -9728 832 ) (-3712 -9728 832 ) (-3712 -9728 256 ) (-3584 -9728 256 ) 
4 412 431 (-3712 -9728 248 ) (-3712 -9728 128 ) (-3584 -9728 128 ) (-3584 -9728 248 ) 
4 412 415 (-3584 -9728 0 ) (-3840 -9728 0 ) (-3840 -9472 0 ) (-3584 -9472 0 ) 
4 412 413 (-3840 -9728 256 ) (-3840 -9728 832 ) (-3840 -9472 832 ) (-3840 -9472 256 ) 
4 413 442 (-4096 -9728 256 ) (-4096 -9728 384 ) (-4096 -9472 384 ) (-4096 -9472 256 ) 
4 413 440 (-4096 -9728 384 ) (-4096 -9728 832 ) (-4096 -9472 832 ) (-4096 -9472 384 ) 
4 414 429 (-3072 -9728 -128 ) (-3072 -9728 -32 ) (-3192 -9728 -32 ) (-3192 -9728 -128 ) 
4 414 416 (-3072 -9728 -128 ) (-3192 -9728 -128 ) (-3192 -9480 -128 ) (-3072 -9480 -128 ) 
4 415 433 (-3712 -9728 -8 ) (-3712 -9728 -128 ) (-3584 -9728 -128 ) (-3584 -9728 -8 ) 
4 415 427 (-3584 -9728 -128 ) (-3840 -9728 -128 ) (-3840 -9472 -128 ) (-3584 -9472 -128 ) 
4 416 435 (-3072 -9728 -256 ) (-3072 -9728 -128 ) (-3192 -9728 -128 ) (-3192 -9728 -256 ) 
4 417 436 (-3208 -9728 -128 ) (-3328 -9728 -128 ) (-3328 -9728 -256 ) (-3208 -9728 -256 ) 
4 417 421 (-3328 -9728 -188 ) (-3328 -9728 -132 ) (-3328 -9580 -132 ) (-3328 -9580 -188 ) 
4 417 420 (-3328 -9580 -132 ) (-3328 -9480 -132 ) (-3328 -9480 -188 ) (-3328 -9580 -188 ) 
4 417 419 (-3328 -9728 -132 ) (-3328 -9728 -128 ) (-3328 -9480 -128 ) (-3328 -9480 -132 ) 
4 417 426 (-3328 -9480 -256 ) (-3328 -9728 -256 ) (-3328 -9728 -188 ) (-3328 -9480 -188 ) 
4 418 420 (-3328 -9480 -188 ) (-3328 -9480 -132 ) (-3456 -9480 -132 ) (-3456 -9480 -188 ) 
4 418 419 (-3328 -9480 -132 ) (-3328 -9480 -128 ) (-3456 -9480 -128 ) (-3456 -9480 -132 ) 
4 418 426 (-3456 -9480 -256 ) (-3328 -9480 -256 ) (-3328 -9480 -188 ) (-3456 -9480 -188 ) 
4 419 436 (-3328 -9728 -128 ) (-3392 -9728 -128 ) (-3392 -9728 -132 ) (-3328 -9728 -132 ) 
4 419 437 (-3424 -9728 -128 ) (-3576 -9728 -128 ) (-3576 -9728 -132 ) (-3424 -9728 -132 ) 
4 419 425 (-3576 -9728 -132 ) (-3576 -9588 -132 ) (-3412 -9588 -132 ) (-3412 -9728 -132 ) 
4 419 424 (-3576 -9588 -132 ) (-3576 -9580 -132 ) (-3412 -9580 -132 ) (-3412 -9588 -132 ) 
3 419 423 (-3412 -9580 -132 ) (-3404 -9580 -132 ) (-3412 -9588 -132 ) 
4 419 422 (-3404 -9580 -132 ) (-3404 -9728 -132 ) (-3412 -9728 -132 ) (-3412 -9588 -132 ) 
4 419 421 (-3404 -9580 -132 ) (-3328 -9580 -132 ) (-3328 -9728 -132 ) (-3404 -9728 -132 ) 
4 419 420 (-3576 -9580 -132 ) (-3576 -9480 -132 ) (-3328 -9480 -132 ) (-3328 -9580 -132 ) 
4 420 424 (-3576 -9580 -188 ) (-3412 -9580 -188 ) (-3412 -9580 -132 ) (-3576 -9580 -132 ) 
4 420 423 (-3412 -9580 -188 ) (-3404 -9580 -188 ) (-3404 -9580 -132 ) (-3412 -9580 -132 ) 
4 420 421 (-3404 -9580 -188 ) (-3328 -9580 -188 ) (-3328 -9580 -132 ) (-3404 -9580 -132 ) 
4 420 426 (-3576 -9580 -188 ) (-3576 -9480 -188 ) (-3328 -9480 -188 ) (-3328 -9580 -188 ) 
4 421 436 (-3392 -9728 -188 ) (-3328 -9728 -188 ) (-3328 -9728 -132 ) (-3392 -9728 -132 ) 
4 421 422 (-3404 -9580 -132 ) (-3404 -9580 -188 ) (-3404 -9728 -188 ) (-3404 -9728 -132 ) 
4 421 426 (-3404 -9580 -188 ) (-3328 -9580 -188 ) (-3328 -9728 -188 ) (-3404 -9728 -188 ) 
4 422 425 (-3412 -9588 -188 ) (-3412 -9728 -188 ) (-3412 -9728 -132 ) (-3412 -9588 -132 ) 
4 422 426 (-3404 -9580 -188 ) (-3404 -9728 -188 ) (-3412 -9728 -188 ) (-3412 -9588 -188 ) 
4 422 423 (-3404 -9580 -132 ) (-3404 -9580 -188 ) (-3412 -9588 -188 ) (-3412 -9588 -132 ) 
4 423 424 (-3412 -9580 -132 ) (-3412 -9580 -188 ) (-3412 -9588 -188 ) (-3412 -9588 -132 ) 
3 423 426 (-3412 -9580 -188 ) (-3404 -9580 -188 ) (-3412 -9588 -188 ) 
4 424 426 (-3576 -9588 -188 ) (-3576 -9580 -188 ) (-3412 -9580 -188 ) (-3412 -9588 -188 ) 
4 424 425 (-3576 -9588 -188 ) (-3412 -9588 -188 ) (-3412 -9588 -132 ) (-3576 -9588 -132 ) 
4 425 437 (-3576 -9728 -132 ) (-3576 -9728 -188 ) (-3424 -9728 -188 ) (-3424 -9728 -132 ) 
4 425 426 (-3576 -9728 -188 ) (-3576 -9588 -188 ) (-3412 -9588 -188 ) (-3412 -9728 -188 ) 
4 426 436 (-3392 -9728 -256 ) (-3328 -9728 -256 ) (-3328 -9728 -188 ) (-3392 -9728 -188 ) 
4 426 437 (-3576 -9728 -188 ) (-3576 -9728 -256 ) (-3424 -9728 -256 ) (-3424 -9728 -188 ) 
4 427 438 (-3712 -9728 -136 ) (-3712 -9728 -256 ) (-3584 -9728 -256 ) (-3584 -9728 -136 ) 
4 427 428 (-3584 -9728 -256 ) (-3840 -9728 -256 ) (-3840 -9472 -256 ) (-3584 -9472 -256 ) 
4 428 439 (-3584 -9728 -256 ) (-3712 -9728 -256 ) (-3712 -9728 -264 ) (-3584 -9728 -264 ) 
4 429 435 (-3192 -9728 -128 ) (-3072 -9728 -128 ) (-3072 -9848 -128 ) (-3192 -9848 -128 ) 
4 430 446 (-3712 -10240 832 ) (-3712 -10240 256 ) (-3584 -10240 256 ) (-3584 -10240 832 ) 
4 430 434 (-3712 -9728 832 ) (-3712 -9728 256 ) (-3712 -10240 256 ) (-3712 -10240 832 ) 
4 431 446 (-3712 -10240 248 ) (-3712 -10240 128 ) (-3584 -10240 128 ) (-3584 -10240 248 ) 
4 432 446 (-3712 -10240 120 ) (-3712 -10240 0 ) (-3584 -10240 0 ) (-3584 -10240 120 ) 
4 433 446 (-3712 -10240 -8 ) (-3712 -10240 -128 ) (-3584 -10240 -128 ) (-3584 -10240 -8 ) 
4 434 446 (-3840 -10240 832 ) (-3840 -10240 256 ) (-3712 -10240 256 ) (-3712 -10240 832 ) 
4 438 446 (-3712 -10240 -136 ) (-3712 -10240 -256 ) (-3584 -10240 -256 ) (-3584 -10240 -136 ) 
4 438 439 (-3584 -10240 -256 ) (-3712 -10240 -256 ) (-3712 -9728 -256 ) (-3584 -9728 -256 ) 
4 439 446 (-3584 -10240 -256 ) (-3712 -10240 -256 ) (-3712 -10240 -264 ) (-3584 -10240 -264 ) 
4 440 468 (-5120 -9728 384 ) (-5120 -9728 832 ) (-5120 -9280 832 ) (-5120 -9280 384 ) 
4 440 442 (-4096 -9728 384 ) (-4352 -9728 384 ) (-4352 -9472 384 ) (-4096 -9472 384 ) 
4 440 441 (-5120 -9472 384 ) (-5120 -9280 384 ) (-4096 -9280 384 ) (-4096 -9472 384 ) 
4 441 445 (-5120 -9472 256 ) (-5120 -9280 256 ) (-4736 -9280 256 ) (-4736 -9472 256 ) 
4 441 444 (-4096 -9296 256 ) (-4096 -9472 256 ) (-4352 -9472 256 ) (-4352 -9296 256 ) 
4 441 443 (-4352 -9280 256 ) (-4096 -9280 256 ) (-4096 -9296 256 ) (-4352 -9296 256 ) 
4 441 442 (-4352 -9472 256 ) (-4096 -9472 256 ) (-4096 -9472 384 ) (-4352 -9472 384 ) 
4 443 444 (-4352 -9296 256 ) (-4352 -9296 160 ) (-4096 -9296 160 ) (-4096 -9296 256 ) 
4 447 450 (-128 -11648 384 ) (-376 -11648 384 ) (-376 -11648 -256 ) (-128 -11648 -256 ) 
4 447 234 (-376 -11520 -256 ) (-376 -11264 -256 ) (0 -11264 -256 ) (0 -11520 -256 ) 
4 447 448 (-376 -11264 -256 ) (-376 -11640 -256 ) (-376 -11640 384 ) (-376 -11264 384 ) 
4 448 234 (-384 -11520 -256 ) (-384 -11264 -256 ) (-376 -11264 -256 ) (-376 -11520 -256 ) 
4 448 234 (-384 -11264 -256 ) (-384 -11640 -256 ) (-384 -11640 384 ) (-384 -11264 384 ) 
4 449 450 (-128 -11648 832 ) (-128 -11648 384 ) (-128 -11712 384 ) (-128 -11712 832 ) 
4 450 451 (-384 -11648 832 ) (-384 -11648 384 ) (-384 -11712 384 ) (-384 -11712 832 ) 
4 451 452 (-640 -11648 832 ) (-640 -11648 384 ) (-640 -11712 384 ) (-640 -11712 832 ) 
4 452 453 (-896 -11648 832 ) (-896 -11648 384 ) (-896 -11712 384 ) (-896 -11712 832 ) 
4 453 454 (-1024 -11712 384 ) (-1024 -11712 832 ) (-1024 -11648 832 ) (-1024 -11648 384 ) 
4 455 458 (-5312 -8448 384 ) (-5312 -8896 384 ) (-5312 -8896 832 ) (-5312 -8448 832 ) 
4 455 457 (-5312 -8192 832 ) (-5312 -8192 384 ) (-5312 -8448 384 ) (-5312 -8448 832 ) 
4 455 228 (-5312 -8896 832 ) (-5312 -8896 384 ) (-5120 -8896 384 ) (-5120 -8896 832 ) 
4 456 228 (-5312 -8896 -128 ) (-5312 -8704 -128 ) (-5120 -8704 -128 ) (-5120 -8896 -128 ) 
4 456 462 (-5312 -8704 -128 ) (-5312 -8576 -128 ) (-5120 -8576 -128 ) (-5120 -8704 -128 ) 
4 456 461 (-5312 -8576 -128 ) (-5312 -8448 -128 ) (-5120 -8448 -128 ) (-5120 -8576 -128 ) 
4 456 460 (-5312 -8448 -128 ) (-5312 -8192 -128 ) (-5120 -8192 -128 ) (-5120 -8448 -128 ) 
4 456 458 (-5312 -8448 -128 ) (-5312 -8896 -128 ) (-5312 -8896 -32 ) (-5312 -8448 -32 ) 
4 456 457 (-5312 -8192 -32 ) (-5312 -8192 -128 ) (-5312 -8448 -128 ) (-5312 -8448 -32 ) 
4 456 228 (-5312 -8896 -32 ) (-5312 -8896 -128 ) (-5120 -8896 -128 ) (-5120 -8896 -32 ) 
4 457 465 (-6144 -8192 832 ) (-6144 -8192 -128 ) (-6144 -8448 -128 ) (-6144 -8448 832 ) 
4 457 460 (-6144 -8448 -128 ) (-6144 -8192 -128 ) (-5312 -8192 -128 ) (-5312 -8448 -128 ) 
5 457 459 (-5888 -8448 -56 ) (-5888 -8448 832 ) (-6144 -8448 832 ) (-6144 -8448 14.177246 ) (-5892 -8448 -56 ) 
4 457 458 (-5888 -8448 -128 ) (-5312 -8448 -128 ) (-5312 -8448 832 ) (-5888 -8448 832 ) 
4 458 471 (-5888 -9216 32 ) (-5888 -9216 -128 ) (-5696 -9216 -128 ) (-5696 -9216 32 ) 
4 458 471 (-5888 -9216 105 ) (-5888 -9216 32 ) (-5696 -9216 32 ) (-5696 -9216 105 ) 
4 458 471 (-5888 -9216 160 ) (-5888 -9216 105 ) (-5696 -9216 105 ) (-5696 -9216 160 ) 
4 458 471 (-5888 -9216 233 ) (-5888 -9216 160 ) (-5696 -9216 160 ) (-5696 -9216 233 ) 
4 458 471 (-5888 -9216 288 ) (-5888 -9216 233 ) (-5696 -9216 233 ) (-5696 -9216 288 ) 
4 458 471 (-5888 -9216 361 ) (-5888 -9216 288 ) (-5696 -9216 288 ) (-5696 -9216 361 ) 
4 458 471 (-5888 -9216 832 ) (-5888 -9216 361 ) (-5696 -9216 361 ) (-5696 -9216 832 ) 
4 458 470 (-5696 -9216 -128 ) (-5312 -9216 -128 ) (-5312 -9216 832 ) (-5696 -9216 832 ) 
4 458 228 (-5312 -9216 -128 ) (-5888 -9216 -128 ) (-5888 -8704 -128 ) (-5312 -8704 -128 ) 
4 458 462 (-5888 -8704 -128 ) (-5888 -8576 -128 ) (-5312 -8576 -128 ) (-5312 -8704 -128 ) 
4 458 461 (-5888 -8576 -128 ) (-5888 -8448 -128 ) (-5312 -8448 -128 ) (-5312 -8576 -128 ) 
4 458 459 (-5888 -8448 832 ) (-5888 -8448 -56 ) (-5888 -9216 -56 ) (-5888 -9216 832 ) 
5 459 471 (-6144 -9216 32 ) (-6144 -9216 14.177185 ) (-5892 -9216 -56 ) (-5888 -9216 -56 ) (-5888 -9216 32 ) 
4 459 471 (-6144 -9216 105 ) (-6144 -9216 32 ) (-5888 -9216 32 ) (-5888 -9216 105 ) 
4 459 471 (-6144 -9216 160 ) (-6144 -9216 105 ) (-5888 -9216 105 ) (-5888 -9216 160 ) 
4 459 471 (-6144 -9216 233 ) (-6144 -9216 160 ) (-5888 -9216 160 ) (-5888 -9216 233 ) 
4 459 471 (-6144 -9216 288 ) (-6144 -9216 233 ) (-5888 -9216 233 ) (-5888 -9216 288 ) 
4 459 471 (-6144 -9216 361 ) (-6144 -9216 288 ) (-5888 -9216 288 ) (-5888 -9216 361 ) 
4 459 471 (-6144 -9216 832 ) (-6144 -9216 361 ) (-5888 -9216 361 ) (-5888 -9216 832 ) 
4 459 467 (-6144 -9216 14.177223 ) (-6144 -9216 49.822994 ) (-6144 -8448 49.822998 ) (-6144 -8448 14.177185 ) 
4 459 466 (-6144 -9216 49.822994 ) (-6144 -9216 832 ) (-6144 -8448 832 ) (-6144 -8448 49.822998 ) 
4 460 465 (-6144 -8192 -128 ) (-6144 -8192 -256 ) (-6144 -8448 -256 ) (-6144 -8448 -128 ) 
4 460 464 (-5696 -8192 -256 ) (-5312 -8192 -256 ) (-5312 -8448 -256 ) (-5696 -8448 -256 ) 
4 460 461 (-5888 -8448 -256 ) (-5120 -8448 -256 ) (-5120 -8448 -128 ) (-5888 -8448 -128 ) 
4 461 464 (-5696 -8448 -256 ) (-5312 -8448 -256 ) (-5312 -8576 -256 ) (-5696 -8576 -256 ) 
4 461 462 (-5888 -8576 -256 ) (-5120 -8576 -256 ) (-5120 -8576 -128 ) (-5888 -8576 -128 ) 
4 462 464 (-5696 -8576 -256 ) (-5312 -8576 -256 ) (-5312 -8704 -256 ) (-5696 -8704 -256 ) 
4 462 228 (-5888 -8704 -256 ) (-5120 -8704 -256 ) (-5120 -8704 -128 ) (-5888 -8704 -128 ) 
4 464 470 (-5312 -9216 -256 ) (-5696 -9216 -256 ) (-5696 -9216 -264 ) (-5312 -9216 -264 ) 
3 465 467 (-6144 -8448 14.177216 ) (-6144 -8448 49.822983 ) (-6208 -8448 32 ) 
5 465 466 (-6528 -8448 832 ) (-6528 -8448 -56 ) (-6524 -8448 -56 ) (-6144 -8448 49.822983 ) (-6144 -8448 832 ) 
4 466 471 (-6528 -9216 32 ) (-6528 -9216 -56 ) (-6524 -9216 -56 ) (-6208 -9216 32 ) 
5 466 471 (-6144 -9216 49.823013 ) (-6144 -9216 105 ) (-6528 -9216 105 ) (-6528 -9216 32 ) (-6208 -9216 32 ) 
4 466 471 (-6144 -9216 105 ) (-6144 -9216 160 ) (-6528 -9216 160 ) (-6528 -9216 105 ) 
4 466 471 (-6144 -9216 160 ) (-6144 -9216 233 ) (-6528 -9216 233 ) (-6528 -9216 160 ) 
4 466 471 (-6144 -9216 233 ) (-6144 -9216 288 ) (-6528 -9216 288 ) (-6528 -9216 233 ) 
4 466 471 (-6144 -9216 288 ) (-6144 -9216 361 ) (-6528 -9216 361 ) (-6528 -9216 288 ) 
4 466 471 (-6144 -9216 361 ) (-6144 -9216 832 ) (-6528 -9216 832 ) (-6528 -9216 361 ) 
4 466 467 (-6208 -8448 32 ) (-6144 -8448 49.822784 ) (-6144 -9216 49.822754 ) (-6208 -9216 32 ) 
3 467 471 (-6144 -9216 14.177147 ) (-6144 -9216 32 ) (-6208 -9216 32 ) 
3 467 471 (-6144 -9216 32 ) (-6144 -9216 49.823013 ) (-6208 -9216 32 ) 
4 468 470 (-5312 -9728 384 ) (-5312 -9728 832 ) (-5312 -9280 832 ) (-5312 -9280 384 ) 
4 469 470 (-5312 -9728 -256 ) (-5312 -9728 -32 ) (-5312 -9280 -32 ) (-5312 -9280 -256 ) 
4 470 490 (-5696 -9472 -256 ) (-5696 -10240 -256 ) (-5696 -10240 -32 ) (-5696 -9472 -32 ) 
4 470 471 (-5696 -9216 32 ) (-5696 -9216 -256 ) (-5696 -9472 -256 ) (-5696 -9472 32 ) 
4 470 489 (-5696 -10058 32 ) (-5696 -10101 32 ) (-5696 -10101 105 ) (-5696 -10058 105 ) 
4 470 488 (-5696 -9995 32 ) (-5696 -10037 32 ) (-5696 -10037 105 ) (-5696 -9995 105 ) 
4 470 487 (-5696 -9803 32 ) (-5696 -9845 32 ) (-5696 -9845 105 ) (-5696 -9803 105 ) 
4 470 486 (-5696 -9739 32 ) (-5696 -9781 32 ) (-5696 -9781 105 ) (-5696 -9739 105 ) 
4 470 485 (-5696 -9549 32 ) (-5696 -9590 32 ) (-5696 -9590 105 ) (-5696 -9549 105 ) 
4 470 484 (-5696 -9483 32 ) (-5696 -9525 32 ) (-5696 -9525 105 ) (-5696 -9483 105 ) 
4 470 471 (-5696 -9216 105 ) (-5696 -9216 32 ) (-5696 -9472 32 ) (-5696 -9472 105 ) 
4 470 471 (-5696 -9216 160 ) (-5696 -9216 105 ) (-5696 -9472 105 ) (-5696 -9472 160 ) 
4 470 483 (-5696 -10058 160 ) (-5696 -10101 160 ) (-5696 -10101 233 ) (-5696 -10058 233 ) 
4 470 482 (-5696 -9995 160 ) (-5696 -10037 160 ) (-5696 -10037 233 ) (-5696 -9995 233 ) 
4 470 481 (-5696 -9803 160 ) (-5696 -9845 160 ) (-5696 -9845 233 ) (-5696 -9803 233 ) 
4 470 480 (-5696 -9739 160 ) (-5696 -9781 160 ) (-5696 -9781 233 ) (-5696 -9739 233 ) 
4 470 479 (-5696 -9546 160 ) (-5696 -9590 160 ) (-5696 -9590 233 ) (-5696 -9546 233 ) 
4 470 478 (-5696 -9483 160 ) (-5696 -9525 160 ) (-5696 -9525 233 ) (-5696 -9483 233 ) 
4 470 471 (-5696 -9216 233 ) (-5696 -9216 160 ) (-5696 -9472 160 ) (-5696 -9472 233 ) 
4 470 471 (-5696 -9216 288 ) (-5696 -9216 233 ) (-5696 -9472 233 ) (-5696 -9472 288 ) 
4 470 477 (-5696 -10058 288 ) (-5696 -10101 288 ) (-5696 -10101 361 ) (-5696 -10058 361 ) 
4 470 476 (-5696 -9995 288 ) (-5696 -10037 288 ) (-5696 -10037 361 ) (-5696 -9995 361 ) 
4 470 475 (-5696 -9803 288 ) (-5696 -9845 288 ) (-5696 -9845 361 ) (-5696 -9803 361 ) 
4 470 474 (-5696 -9739 288 ) (-5696 -9781 288 ) (-5696 -9781 361 ) (-5696 -9739 361 ) 
4 470 473 (-5696 -9546 288 ) (-5696 -9590 288 ) (-5696 -9590 361 ) (-5696 -9546 361 ) 
4 470 472 (-5696 -9483 288 ) (-5696 -9525 288 ) (-5696 -9525 361 ) (-5696 -9483 361 ) 
4 470 471 (-5696 -9216 361 ) (-5696 -9216 288 ) (-5696 -9472 288 ) (-5696 -9472 361 ) 
4 470 471 (-5696 -9216 832 ) (-5696 -9216 361 ) (-5696 -9472 361 ) (-5696 -9472 832 ) 
4 471 490 (-5888 -9472 -32 ) (-5888 -9472 -256 ) (-5696 -9472 -256 ) (-5696 -9472 -32 ) 
