PRT1
444
1030
4 0 6 (3072 -1024 -16 ) (3072 -1024 1600 ) (2048 -1024 1600 ) (2048 -1024 -16 ) 
4 0 1 (2048 -1024 -16 ) (2048 -1024 1600 ) (2048 0 1600 ) (2048 0 -16 ) 
4 1 22 (1040 -1024 320 ) (1040 -1024 -16 ) (1312 -1024 -16 ) (1312 -1024 320 ) 
4 1 19 (1040 -1024 384 ) (1040 -1024 320 ) (1312 -1024 320 ) (1312 -1024 384 ) 
4 1 13 (1040 -1024 640 ) (1040 -1024 384 ) (1312 -1024 384 ) (1312 -1024 640 ) 
4 1 9 (1312 -1024 1600 ) (1040 -1024 1600 ) (1040 -1024 640 ) (1312 -1024 640 ) 
4 1 8 (2048 -1024 -16 ) (2048 -1024 1600 ) (1312 -1024 1600 ) (1312 -1024 -16 ) 
4 2 3 (496 -992 512 ) (496 -992 576 ) (440 -992 576 ) (440 -992 512 ) 
4 3 4 (440 -1008 512 ) (496 -1008 512 ) (496 -1008 576 ) (440 -1008 576 ) 
4 4 28 (640 -1024 576 ) (256 -1024 576 ) (256 -1024 512 ) (640 -1024 512 ) 
4 4 5 (640 -1024 512 ) (256 -1024 512 ) (256 -1008 512 ) (640 -1008 512 ) 
4 5 28 (640 -1024 512 ) (256 -1024 512 ) (256 -1024 384 ) (640 -1024 384 ) 
4 6 8 (2048 -1024 1600 ) (2048 -1024 -16 ) (2048 -2048 -16 ) (2048 -2048 1600 ) 
4 6 7 (3072 -2048 -16 ) (3072 -2048 1600 ) (2048 -2048 1600 ) (2048 -2048 -16 ) 
4 7 76 (3072 -3072 -16 ) (3072 -3072 1600 ) (2048 -3072 1600 ) (2048 -3072 -16 ) 
4 7 51 (2048 -3072 -16 ) (2048 -3072 320 ) (2048 -2048 320 ) (2048 -2048 -16 ) 
4 7 49 (2048 -2064 384 ) (2048 -2048 384 ) (2048 -2048 320 ) (2048 -2064 320 ) 
4 7 50 (2048 -3072 320 ) (2048 -3072 384 ) (2048 -2064 384 ) (2048 -2064 320 ) 
4 7 47 (2048 -2064 640 ) (2048 -2048 640 ) (2048 -2048 384 ) (2048 -2064 384 ) 
4 7 48 (2048 -3072 384 ) (2048 -3072 640 ) (2048 -2064 640 ) (2048 -2064 384 ) 
4 7 45 (2048 -2048 704 ) (2048 -2048 640 ) (2048 -2064 640 ) (2048 -2064 704 ) 
4 7 44 (2048 -2064 1600 ) (2048 -2048 1600 ) (2048 -2048 704 ) (2048 -2064 704 ) 
4 7 46 (2048 -3072 640 ) (2048 -3072 1600 ) (2048 -2064 1600 ) (2048 -2064 640 ) 
4 8 51 (2048 -2048 -16 ) (2048 -2048 320 ) (1312 -2048 320 ) (1312 -2048 -16 ) 
4 8 49 (2048 -2048 320 ) (2048 -2048 384 ) (1312 -2048 384 ) (1312 -2048 320 ) 
4 8 47 (2048 -2048 384 ) (2048 -2048 640 ) (1312 -2048 640 ) (1312 -2048 384 ) 
4 8 45 (2048 -2048 640 ) (2048 -2048 704 ) (1312 -2048 704 ) (1312 -2048 640 ) 
4 8 44 (2048 -2048 704 ) (2048 -2048 1600 ) (1312 -2048 1600 ) (1312 -2048 704 ) 
4 8 22 (1312 -1024 320 ) (1312 -1024 -16 ) (1312 -2048 -16 ) (1312 -2048 320 ) 
4 8 21 (1312 -1648 320 ) (1312 -1728 320 ) (1312 -1728 384 ) (1312 -1648 384 ) 
4 8 20 (1312 -1984 320 ) (1312 -2048 320 ) (1312 -2048 384 ) (1312 -1984 384 ) 
4 8 19 (1312 -1024 384 ) (1312 -1024 320 ) (1312 -1648 320 ) (1312 -1648 384 ) 
4 8 18 (1312 -1984 384 ) (1312 -2048 384 ) (1312 -2048 640 ) (1312 -1984 640 ) 
4 8 16 (1312 -1744 384 ) (1312 -1968 384 ) (1312 -1968 640 ) (1312 -1744 640 ) 
4 8 15 (1312 -1648 384 ) (1312 -1728 384 ) (1312 -1728 640 ) (1312 -1648 640 ) 
4 8 13 (1312 -1024 640 ) (1312 -1024 384 ) (1312 -1648 384 ) (1312 -1648 640 ) 
4 8 12 (1312 -1648 640 ) (1312 -1728 640 ) (1312 -1728 704 ) (1312 -1648 704 ) 
4 8 11 (1312 -1984 640 ) (1312 -2048 640 ) (1312 -2048 704 ) (1312 -1984 704 ) 
4 8 10 (1312 -2048 704 ) (1312 -2048 1600 ) (1312 -1648 1600 ) (1312 -1648 704 ) 
4 8 9 (1312 -1024 1600 ) (1312 -1024 640 ) (1312 -1648 640 ) (1312 -1648 1600 ) 
4 9 13 (1040 -1648 640 ) (1040 -1024 640 ) (1312 -1024 640 ) (1312 -1648 640 ) 
4 9 12 (1232 -1648 640 ) (1312 -1648 640 ) (1312 -1648 704 ) (1232 -1648 704 ) 
4 9 10 (1312 -1648 704 ) (1312 -1648 1600 ) (1040 -1648 1600 ) (1040 -1648 704 ) 
4 10 44 (1312 -2048 704 ) (1312 -2048 1600 ) (1040 -2048 1600 ) (1040 -2048 704 ) 
3 10 12 (1232 -1648 704 ) (1312 -1648 704 ) (1312 -1728 704 ) 
3 10 11 (1312 -1984 704 ) (1312 -2048 704 ) (1248 -2048 704 ) 
4 11 45 (1312 -2048 640 ) (1312 -2048 704 ) (1248 -2048 704 ) (1248 -2048 640 ) 
3 11 18 (1312 -1984 640 ) (1312 -2048 640 ) (1248 -2048 640 ) 
3 12 15 (1232 -1648 640 ) (1312 -1648 640 ) (1312 -1728 640 ) 
4 13 26 (1040 -1564 452 ) (1040 -1564 512 ) (1040 -1508 512 ) (1040 -1508 452 ) 
4 13 25 (1040 -1380 452 ) (1040 -1436 452 ) (1040 -1436 512 ) (1040 -1380 512 ) 
4 13 24 (1040 -1508 512 ) (1040 -1564 512 ) (1040 -1564 572 ) (1040 -1508 572 ) 
4 13 23 (1040 -1380 512 ) (1040 -1436 512 ) (1040 -1436 572 ) (1040 -1380 572 ) 
4 13 19 (1040 -1648 384 ) (1040 -1024 384 ) (1312 -1024 384 ) (1312 -1648 384 ) 
4 13 15 (1232 -1648 384 ) (1312 -1648 384 ) (1312 -1648 640 ) (1232 -1648 640 ) 
4 14 16 (1040 -1744 384 ) (1296 -1744 384 ) (1296 -1744 640 ) (1040 -1744 640 ) 
3 15 21 (1232 -1648 384 ) (1312 -1648 384 ) (1312 -1728 384 ) 
8 16 27 (1040 -1840 384 ) (1040 -1872 384 ) (1040 -1888 400 ) (1040 -1888 496 ) (1040 -1872 512 ) (1040 -1840 512 ) (1040 -1824 496 ) (1040 -1824 400 ) 
4 16 17 (1040 -1968 384 ) (1296.005127 -1968 384 ) (1296.005127 -1968 640 ) (1040 -1968 640 ) 
4 18 47 (1312 -2048 384 ) (1312 -2048 640 ) (1248 -2048 640 ) (1248 -2048 384 ) 
3 18 20 (1312 -1984 384 ) (1312 -2048 384 ) (1248 -2048 384 ) 
4 19 22 (1040 -1648 320 ) (1040 -1024 320 ) (1312 -1024 320 ) (1312 -1648 320 ) 
4 19 21 (1232 -1648 320 ) (1312 -1648 320 ) (1312 -1648 384 ) (1232 -1648 384 ) 
4 20 49 (1312 -2048 320 ) (1312 -2048 384 ) (1248 -2048 384 ) (1248 -2048 320 ) 
3 20 22 (1312 -1984 320 ) (1312 -2048 320 ) (1248 -2048 320 ) 
3 21 22 (1232 -1648 320 ) (1312 -1648 320 ) (1312 -1728 320 ) 
4 22 51 (1312 -2048 -16 ) (1312 -2048 320 ) (1040 -2048 320 ) (1040 -2048 -16 ) 
4 23 29 (1024 -1380 512 ) (1024 -1436 512 ) (1024 -1436 572 ) (1024 -1380 572 ) 
4 23 25 (1024 -1436 512 ) (1024 -1380 512 ) (1040 -1380 512 ) (1040 -1436 512 ) 
4 24 29 (1024 -1508 512 ) (1024 -1564 512 ) (1024 -1564 572 ) (1024 -1508 572 ) 
4 24 26 (1024 -1564 512 ) (1024 -1508 512 ) (1040 -1508 512 ) (1040 -1564 512 ) 
4 25 31 (1024 -1380 452 ) (1024 -1436 452 ) (1024 -1436 512 ) (1024 -1380 512 ) 
4 26 31 (1024 -1564 452 ) (1024 -1564 512 ) (1024 -1508 512 ) (1024 -1508 452 ) 
8 27 31 (1024 -1840 384 ) (1024 -1872 384 ) (1024 -1888 400 ) (1024 -1888 496 ) (1024 -1872 512 ) (1024 -1840 512 ) (1024 -1824 496 ) (1024 -1824 400 ) 
4 28 30 (256 -1264 384 ) (640 -1264 384 ) (640 -1264 512 ) (256 -1264 512 ) 
4 29 55 (1024 -2048 512 ) (1024 -2048 640 ) (128 -2048 640 ) (128 -2048 512 ) 
4 29 31 (1024 -2048 512 ) (128 -2048 512 ) (128 -1280 512 ) (1024 -1280 512 ) 
4 30 31 (256 -1280 384 ) (640 -1280 384 ) (640 -1280 512 ) (256 -1280 512 ) 
4 31 69 (1024 -2048 384 ) (1024 -2048 512 ) (128 -2048 512 ) (128 -2048 384 ) 
4 31 35 (892 -1744 384 ) (892 -1920 384 ) (888 -1920 384 ) (888 -1744 384 ) 
4 31 34 (888 -1712 384 ) (892 -1712 384 ) (892 -1744 384 ) (888 -1744 384 ) 
4 31 33 (892 -1712 384 ) (896 -1712 384 ) (896 -1920 384 ) (892 -1920 384 ) 
4 31 36 (256 -1920 384 ) (256 -1712 384 ) (888 -1712 384 ) (888 -1920 384 ) 
4 31 32 (256 -1712 384 ) (256 -1536 384 ) (896 -1536 384 ) (896 -1712 384 ) 
4 32 38 (888 -1536 320 ) (892 -1536 320 ) (892 -1712 320 ) (888 -1712 320 ) 
4 32 37 (892 -1536 320 ) (896 -1536 320 ) (896 -1712 320 ) (892 -1712 320 ) 
4 32 42 (256 -1712 320 ) (256 -1536 320 ) (888 -1536 320 ) (888 -1712 320 ) 
4 32 34 (888 -1712 320 ) (892 -1712 320 ) (892 -1712 384 ) (888 -1712 384 ) 
4 32 33 (892 -1712 320 ) (896 -1712 320 ) (896 -1712 384 ) (892 -1712 384 ) 
4 32 36 (256 -1712 384 ) (256 -1712 320 ) (888 -1712 320 ) (888 -1712 384 ) 
4 33 37 (892 -1712 320 ) (896 -1712 320 ) (896 -1920 320 ) (892 -1920 320 ) 
4 33 35 (892 -1744 320 ) (892 -1920 320 ) (892 -1920 384 ) (892 -1744 384 ) 
4 33 34 (892 -1712 384 ) (892 -1712 320 ) (892 -1744 320 ) (892 -1744 384 ) 
4 34 39 (888 -1712 320 ) (892 -1712 320 ) (892 -1744 320 ) (888 -1744 320 ) 
4 34 36 (888 -1712 384 ) (888 -1712 320 ) (888 -1744 320 ) (888 -1744 384 ) 
4 34 35 (888 -1744 384 ) (888 -1744 320 ) (892 -1744 320 ) (892 -1744 384 ) 
4 35 41 (892 -1744 320 ) (892 -1920 320 ) (888 -1920 320 ) (888 -1744 320 ) 
4 35 36 (888 -1744 320 ) (888 -1920 320 ) (888 -1920 384 ) (888 -1744 384 ) 
4 36 42 (256 -1920 320 ) (256 -1712 320 ) (888 -1712 320 ) (888 -1920 320 ) 
4 37 40 (892 -1712 0 ) (892 -1744 0 ) (892 -1744 16 ) (892 -1712 16 ) 
4 37 39 (892 -1744 16 ) (892 -1744 320 ) (892 -1712 320 ) (892 -1712 16 ) 
4 37 38 (892 -1536 320 ) (892 -1536 0 ) (892 -1712 0 ) (892 -1712 320 ) 
4 37 41 (892 -1744 0 ) (892 -1920 0 ) (892 -1920 320 ) (892 -1744 320 ) 
4 38 40 (888 -1712 16 ) (888 -1712 0 ) (892 -1712 0 ) (892 -1712 16 ) 
4 38 39 (888 -1712 320 ) (888 -1712 16 ) (892 -1712 16 ) (892 -1712 320 ) 
4 38 42 (888 -1536 320 ) (888 -1536 0 ) (888 -1712 0 ) (888 -1712 320 ) 
4 39 42 (888 -1744 16 ) (888 -1744 320 ) (888 -1712 320 ) (888 -1712 16 ) 
4 39 41 (888 -1744 320 ) (888 -1744 16 ) (892 -1744 16 ) (892 -1744 320 ) 
4 39 40 (892 -1744 16 ) (888 -1744 16 ) (888 -1712 16 ) (892 -1712 16 ) 
4 40 42 (888 -1712 0 ) (888 -1744 0 ) (888 -1744 16 ) (888 -1712 16 ) 
4 40 41 (888 -1744 16 ) (888 -1744 0 ) (892 -1744 0 ) (892 -1744 16 ) 
4 41 42 (888 -1744 0 ) (888 -1920 0 ) (888 -1920 320 ) (888 -1744 320 ) 
4 42 43 (256 -1536 192 ) (256 -1536 0 ) (256 -1920 0 ) (256 -1920 192 ) 
4 44 45 (2048 -2064 704 ) (1232 -2064 704 ) (1248 -2048 704 ) (2048 -2048 704 ) 
4 44 46 (2048 -2064 704 ) (2048 -2064 1600 ) (1040 -2064 1600 ) (1040 -2064 704 ) 
4 45 47 (1248 -2048 640 ) (2048 -2048 640 ) (2048 -2064 640 ) (1232 -2064 640 ) 
4 45 46 (1232 -2064 640 ) (2048 -2064 640 ) (2048 -2064 704 ) (1232 -2064 704 ) 
4 46 77 (2048 -3072 640 ) (2048 -3072 1600 ) (1040 -3072 1600 ) (1040 -3072 640 ) 
4 46 54 (1040 -2800 704 ) (1040 -2800 640 ) (1040 -2832 640 ) (1040 -2832 704 ) 
4 46 53 (1040 -2224 704 ) (1040 -2224 640 ) (1040 -2800 640 ) (1040 -2800 704 ) 
4 46 52 (1040 -2192 704 ) (1040 -2192 640 ) (1040 -2224 640 ) (1040 -2224 704 ) 
4 46 48 (2048 -3072 640 ) (1040 -3072 640 ) (1040 -2064 640 ) (2048 -2064 640 ) 
4 47 49 (1248 -2048 384 ) (2048 -2048 384 ) (2048 -2064 384 ) (1232 -2064 384 ) 
4 47 48 (1232 -2064 384 ) (2048 -2064 384 ) (2048 -2064 640 ) (1232 -2064 640 ) 
4 48 77 (2048 -3072 384 ) (2048 -3072 640 ) (1040 -3072 640 ) (1040 -3072 384 ) 
4 48 54 (1040 -2832 640 ) (1040 -2800 640 ) (1040 -2800 576 ) (1040 -2832 576 ) 
4 48 53 (1040 -2800 640 ) (1040 -2224 640 ) (1040 -2224 384 ) (1040 -2800 384 ) 
4 48 52 (1040 -2224 640 ) (1040 -2192 640 ) (1040 -2192 576 ) (1040 -2224 576 ) 
4 48 50 (1040 -3072 384 ) (1040 -2064 384 ) (2048 -2064 384 ) (2048 -3072 384 ) 
4 49 51 (1248 -2048 320 ) (2048 -2048 320 ) (2048 -2064 320 ) (1232 -2064 320 ) 
4 49 50 (1232 -2064 320 ) (2048 -2064 320 ) (2048 -2064 384 ) (1232 -2064 384 ) 
4 50 77 (2048 -3072 320 ) (2048 -3072 384 ) (1040 -3072 384 ) (1040 -3072 320 ) 
4 50 51 (2048 -3072 320 ) (1040 -3072 320 ) (1040 -2064 320 ) (2048 -2064 320 ) 
4 51 77 (2048 -3072 -16 ) (2048 -3072 320 ) (1040 -3072 320 ) (1040 -3072 -16 ) 
4 52 59 (1024 -2224 592 ) (1024 -2224 632 ) (1024 -2192 632 ) (1024 -2192 592 ) 
4 52 57 (1024 -2224 632 ) (1024 -2224 648 ) (1024 -2192 648 ) (1024 -2192 632 ) 
4 52 56 (1024 -2224 648 ) (1024 -2224 704 ) (1024 -2192 704 ) (1024 -2192 648 ) 
4 52 53 (1040 -2224 576 ) (1040 -2224 704 ) (1024 -2224 704 ) (1024 -2224 592 ) 
4 53 71 (1024 -2224 384 ) (1024 -2800 384 ) (1024 -2800 512 ) (1024 -2224 512 ) 
4 53 60 (1024 -2800 512 ) (1024 -2800 648 ) (1024 -2224 648 ) (1024 -2224 512 ) 
4 53 56 (1024 -2800 648 ) (1024 -2800 704 ) (1024 -2224 704 ) (1024 -2224 648 ) 
4 53 54 (1040 -2800 576 ) (1040 -2800 704 ) (1024 -2800 704 ) (1024 -2800 592 ) 
4 54 63 (1024 -2832 592 ) (1024 -2832 632 ) (1024 -2800 632 ) (1024 -2800 592 ) 
4 54 62 (1024 -2832 632 ) (1024 -2832 648 ) (1024 -2800 648 ) (1024 -2800 632 ) 
4 54 56 (1024 -2832 648 ) (1024 -2832 704 ) (1024 -2800 704 ) (1024 -2800 648 ) 
4 55 69 (1024 -2048 512 ) (1024 -2176 512 ) (128 -2176 512 ) (128 -2048 512 ) 
4 56 65 (824 -2832 648 ) (752 -2832 648 ) (752 -2192 648 ) (824 -2192 648 ) 
4 56 62 (1024 -2832 648 ) (968 -2832 648 ) (968 -2800 648 ) (1024 -2800 648 ) 
4 56 57 (968 -2192 648 ) (1024 -2192 648 ) (1024 -2224 648 ) (968 -2224 648 ) 
4 56 60 (960 -2800 648 ) (960 -2224 648 ) (1024 -2224 648 ) (1024 -2800 648 ) 
4 57 59 (1024 -2224 632 ) (984 -2224 632 ) (984 -2192 632 ) (1024 -2192 632 ) 
4 57 60 (984 -2224 632 ) (1024 -2224 632 ) (1024 -2224 648 ) (968 -2224 648 ) 
4 58 71 (1024 -2192 512 ) (1024 -2224 512 ) (960 -2224 512 ) (960 -2192 512 ) 
4 58 64 (960 -2192 632 ) (960 -2192 512 ) (960 -2224 512 ) (960 -2224 632 ) 
5 58 60 (960 -2224 632 ) (960 -2224 512 ) (1024 -2224 512 ) (1024 -2224 576 ) (968 -2224 632 ) 
3 59 60 (1024 -2224 592 ) (1024 -2224 632 ) (984 -2224 632 ) 
4 60 71 (1024 -2224 512 ) (1024 -2800 512 ) (960 -2800 512 ) (960 -2224 512 ) 
4 60 64 (960 -2224 632 ) (960 -2224 512 ) (960 -2800 512 ) (960 -2800 632 ) 
3 60 63 (1024 -2800 592 ) (1024 -2800 632 ) (984 -2800 632 ) 
4 60 62 (984 -2800 632 ) (1024 -2800 632 ) (1024 -2800 648 ) (968 -2800 648 ) 
5 60 61 (960 -2800 632 ) (960 -2800 512 ) (1024 -2800 512 ) (1024 -2800 576 ) (968 -2800 632 ) 
4 61 71 (1024 -2800 512 ) (1024 -2832 512 ) (960 -2832 512 ) (960 -2800 512 ) 
4 61 64 (960 -2832 512 ) (960 -2832 632 ) (960 -2800 632 ) (960 -2800 512 ) 
4 62 63 (1024 -2832 632 ) (984 -2832 632 ) (984 -2800 632 ) (1024 -2800 632 ) 
4 64 71 (960 -2832 512 ) (768 -2832 512 ) (768 -2192 512 ) (960 -2192 512 ) 
4 66 78 (1024 -3072 512 ) (1024 -3072 640 ) (768 -3072 640 ) (768 -3072 512 ) 
4 66 75 (1024 -2848 512 ) (1024 -3072 512 ) (768 -3072 512 ) (768 -2848 512 ) 
4 67 79 (384 -3072 512 ) (448 -3072 512 ) (448 -3072 640 ) (384 -3072 640 ) 
4 67 68 (384 -2768 640 ) (384 -2768 512 ) (384 -2832 512 ) (384 -2832 640 ) 
4 69 70 (864 -2176 384 ) (928 -2176 384 ) (928 -2176 512 ) (864 -2176 512 ) 
4 70 71 (864 -2192 384 ) (928 -2192 384 ) (928 -2192 512 ) (864 -2192 512 ) 
8 71 72 (880 -2832 384 ) (912 -2832 384 ) (928 -2832 400 ) (928 -2832 496 ) (912 -2832 512 ) (880 -2832 512 ) (864 -2832 496 ) (864 -2832 400 ) 
8 72 73 (912 -2836 384 ) (928 -2836 400 ) (928 -2836 496.007812 ) (912.007812 -2836 512 ) (880 -2836 512 ) (864 -2836 496 ) (864 -2836 399.995300 ) (879.993774 -2836 384 ) 
8 73 74 (912 -2844 384 ) (928 -2844 400 ) (928 -2844 496.007812 ) (912.007812 -2844 512 ) (880 -2844 512 ) (864 -2844 496 ) (864 -2844 399.995300 ) (879.993774 -2844 384 ) 
8 74 75 (880 -2848 384 ) (912 -2848 384 ) (928 -2848 400 ) (928 -2848 496 ) (912 -2848 512 ) (880 -2848 512 ) (864 -2848 496 ) (864 -2848 400 ) 
4 75 81 (1024 -3072 384 ) (1024 -3072 512 ) (768 -3072 512 ) (768 -3072 384 ) 
4 76 77 (2048 -3072 1600 ) (2048 -3072 -16 ) (2048 -4096 -16 ) (2048 -4096 1600 ) 
4 78 83 (768 -3104 512 ) (1024 -3104 512 ) (1024 -3104 640 ) (768 -3104 640 ) 
4 78 81 (1024 -3104 512 ) (768 -3104 512 ) (768 -3072 512 ) (1024 -3072 512 ) 
4 79 80 (384 -3088 640 ) (384 -3088 512 ) (448 -3088 512 ) (448 -3088 640 ) 
4 80 83 (384 -3104 512 ) (448 -3104 512 ) (448 -3104 640 ) (384 -3104 640 ) 
4 81 83 (1024 -3104 384 ) (1024 -3104 512 ) (768 -3104 512 ) (768 -3104 384 ) 
4 81 82 (768 -3104 400 ) (768 -3104 496 ) (768 -3096 472 ) (768 -3096 424 ) 
4 82 83 (768 -3104 400 ) (768 -3104 496 ) (128 -3104 496 ) (128 -3104 400 ) 
4 83 90 (336 -3360 576 ) (304 -3360 576 ) (304 -3360 448 ) (336 -3360 448 ) 
4 83 89 (464 -3360 576 ) (432 -3360 576 ) (432 -3360 448 ) (464 -3360 448 ) 
4 83 88 (592 -3360 576 ) (560 -3360 576 ) (560 -3360 448 ) (592 -3360 448 ) 
4 83 87 (720 -3360 576 ) (688 -3360 576 ) (688 -3360 448 ) (720 -3360 448 ) 
4 83 86 (848 -3360 576 ) (816 -3360 576 ) (816 -3360 448 ) (848 -3360 448 ) 
4 83 84 (128 -3168 384 ) (128 -3296 384 ) (128 -3296 512 ) (128 -3168 512 ) 
4 84 85 (112 -3168 384 ) (112 -3296 384 ) (112 -3296 512 ) (112 -3168 512 ) 
4 85 108 (0 -3360 384 ) (0 -3360 512 ) (0 -3104 512 ) (0 -3104 384 ) 
4 85 99 (0 -3360 512 ) (0 -3360 640 ) (0 -3104 640 ) (0 -3104 512 ) 
4 91 129 (0 -5056 1728 ) (0 -5056 2880 ) (0 -4992 2624 ) (0 -4992 1984 ) 
4 91 96 (128 -5056 2880 ) (0 -5056 2880 ) (0 -5056 1728 ) (128 -5056 1728 ) 
3 92 132 (0 -5056 1216 ) (0 -5056 1472 ) (0 -4992 1216 ) 
4 92 96 (0 -5056 1472 ) (0 -5056 1216 ) (128 -5056 1216 ) (128 -5056 1472 ) 
4 92 93 (128 -5056 1216 ) (0 -5056 1216 ) (0 -4992 1216 ) (128 -4992 1216 ) 
4 93 133 (0 -5056 320.001831 ) (0 -5056 1216 ) (0 -4992 1216 ) (0 -4992 576 ) 
4 93 96 (128 -5056 1216 ) (0 -5056 1216 ) (0 -5056 320.001831 ) (128 -5056 320.001831 ) 
3 94 135 (0 -5056 -192 ) (0 -5056 64 ) (0 -4992 -192 ) 
4 94 96 (0 -5056 64 ) (0 -5056 -192 ) (128 -5056 -192 ) (128 -5056 64 ) 
4 94 95 (128 -5056 -192 ) (0 -5056 -192 ) (0 -4992 -192 ) (128 -4992 -192 ) 
4 95 136 (0 -5056 -1088 ) (0 -5056 -192 ) (0 -4992 -192 ) (0 -4992 -832 ) 
4 95 96 (128 -5056 -1088 ) (128 -5056 -192 ) (0 -5056 -192 ) (0 -5056 -1088 ) 
4 96 204 (128 -5120 -1856 ) (128 -5120 3392 ) (0 -5120 3392 ) (0 -5120 -1856 ) 
4 96 137 (0 -5120 -1856 ) (0 -5120 -192 ) (0 -5056 -192 ) (0 -5056 -1600.001465 ) 
4 96 135 (0 -5120 -192 ) (0 -5120 64 ) (0 -5056 64 ) (0 -5056 -192 ) 
4 96 134 (0 -5120 64 ) (0 -5120 320 ) (0 -5056 320 ) (0 -5056 64 ) 
4 96 133 (0 -5120 320 ) (0 -5120 1216 ) (0 -5056 1216 ) (0 -5056 320 ) 
4 96 132 (0 -5120 1216 ) (0 -5120 1472 ) (0 -5056 1472 ) (0 -5056 1216 ) 
4 96 131 (0 -5120 1472 ) (0 -5120 1728 ) (0 -5056 1728 ) (0 -5056 1472 ) 
4 96 130 (0 -5120 1728 ) (0 -5120 3392 ) (0 -5056 3392 ) (0 -5056 1728 ) 
4 97 106 (-112 -3088 512 ) (-48 -3088 512 ) (-48 -3100 512 ) (-112 -3100 512 ) 
4 97 98 (-48 -3100 512 ) (-48 -3100 576 ) (-112 -3100 576 ) (-112 -3100 512 ) 
4 98 107 (-48 -3100 512 ) (-48 -3104 512 ) (-112 -3104 512 ) (-112 -3100 512 ) 
4 98 99 (-112 -3104 512 ) (-48 -3104 512 ) (-48 -3104 576 ) (-112 -3104 576 ) 
4 99 108 (-272 -3360 512 ) (-272 -3104 512 ) (0 -3104 512 ) (0 -3360 512 ) 
4 99 101 (-272 -3104 512 ) (-272 -3360 512 ) (-272 -3360 640 ) (-272 -3104 640 ) 
4 99 100 (-272 -3360 640 ) (-272 -3360 512 ) (-144 -3360 512 ) (-144 -3360 640 ) 
3 100 109 (-272 -3488 512 ) (-272 -3360 512 ) (-144 -3360 512 ) 
4 100 101 (-272 -3360 512 ) (-272 -3488 512 ) (-272 -3488 640 ) (-272 -3360 640 ) 
4 101 111 (-400 -3616 512 ) (-400 -3232 512 ) (-272 -3104 512 ) (-272 -3616 512 ) 
4 101 103 (-400 -3552 512 ) (-400 -3616 512 ) (-400 -3616 640 ) (-400 -3552 640 ) 
4 102 114 (-272 -4096 640 ) (-400 -4096 640 ) (-400 -4096 512 ) (-272 -4096 512 ) 
4 102 111 (-272 -4096 512 ) (-400 -4096 512 ) (-400 -3872 512 ) (-272 -3872 512 ) 
4 102 105 (-400 -4064 512 ) (-400 -4096 512 ) (-400 -4096 640 ) (-400 -4064 640 ) 
4 103 104 (-608 -3552 512 ) (-608 -3616 512 ) (-608 -3616 640 ) (-608 -3552 640 ) 
4 105 114 (-400 -4096 640 ) (-432 -4096 640 ) (-432 -4096 512 ) (-400 -4096 512 ) 
3 105 112 (-400 -4096 512 ) (-432 -4096 512 ) (-400 -4064 512 ) 
4 106 107 (-112 -3100 512 ) (-112 -3100 448 ) (-48 -3100 448 ) (-48 -3100 512 ) 
4 107 108 (-48 -3104 448 ) (-48 -3104 512 ) (-112 -3104 512 ) (-112 -3104 448 ) 
4 108 111 (-272 -3104 384 ) (-272 -3360 384 ) (-272 -3360 512 ) (-272 -3104 512 ) 
4 108 109 (-272 -3360 512 ) (-272 -3360 384 ) (-144 -3360 384 ) (-144 -3360 512 ) 
4 109 111 (-272 -3360 384 ) (-272 -3488 384 ) (-272 -3488 512 ) (-272 -3360 512 ) 
4 110 111 (-272 -4000 384 ) (-272 -4064 384 ) (-272 -4064 512 ) (-272 -4000 512 ) 
4 111 114 (-272 -4096 512 ) (-400 -4096 512 ) (-400 -4096 384 ) (-272 -4096 384 ) 
4 111 112 (-400 -4064 384 ) (-400 -4096 384 ) (-400 -4096 512 ) (-400 -4064 512 ) 
4 112 114 (-400 -4096 512 ) (-432 -4096 512 ) (-432 -4096 384 ) (-400 -4096 384 ) 
4 113 138 (-1048 -4096 1088 ) (-1048 -4096 1280 ) (-1408 -4096 1280 ) (-1408 -4096 1088 ) 
4 114 115 (-272 -4112 384 ) (-272 -4112 640 ) (-448 -4112 640 ) (-448 -4112 384 ) 
4 115 118 (-464 -4128 512 ) (-464 -4128 384 ) (-272 -4128 384 ) (-272 -4128 512 ) 
4 115 116 (-272 -4128 640 ) (-464 -4128 640 ) (-464 -4128 512 ) (-272 -4128 512 ) 
5 116 118 (-336 -4256 512 ) (-656 -4256 512 ) (-656 -4128 512 ) (-272 -4128 512 ) (-272 -4192 512 ) 
4 117 124 (-848 -4128 576 ) (-848 -4128 512 ) (-848 -4256 512 ) (-848 -4256 576 ) 
4 117 122 (-848 -4256 576 ) (-848 -4256 512 ) (-672 -4256 512 ) (-672 -4256 576 ) 
4 117 120 (-672 -4256 512 ) (-848 -4256 512 ) (-848 -4128 512 ) (-672 -4128 512 ) 
4 118 119 (-656 -4128 384 ) (-656 -4256 384 ) (-656 -4256 512 ) (-656 -4128 512 ) 
4 119 120 (-672 -4128 384 ) (-672 -4256 384 ) (-672 -4256 512 ) (-672 -4128 512 ) 
4 120 124 (-848 -4128 512 ) (-848 -4128 384 ) (-848 -4256 384 ) (-848 -4256 512 ) 
4 120 122 (-848 -4256 512 ) (-848 -4256 384 ) (-672 -4256 384 ) (-672 -4256 512 ) 
4 121 123 (-848 -4608 1856 ) (-848 -4512 1856 ) (-848 -4512 1600 ) (-848 -4608 1600 ) 
4 122 124 (-848 -4768 384 ) (-848 -4768 576 ) (-848 -4256 576 ) (-848 -4256 384 ) 
4 123 125 (-864 -4608 1600 ) (-864 -4608 1856 ) (-864 -4512 1856 ) (-864 -4512 1600 ) 
4 124 126 (-864 -4720 384 ) (-864 -4768 384 ) (-864 -4768 576 ) (-864 -4720 576 ) 
4 124 125 (-864 -4128 576 ) (-864 -4128 384 ) (-864 -4720 384 ) (-864 -4720 576 ) 
4 125 155 (-1024 -4720 320 ) (-1024 -4720 576 ) (-1024 -4128 576 ) (-1024 -4128 320 ) 
4 125 140 (-1024 -4720 576 ) (-1024 -4720 1920 ) (-1024 -4128 1920 ) (-1024 -4128 576 ) 
4 125 126 (-864 -4720 320 ) (-864 -4720 1920 ) (-1024 -4720 1920 ) (-1024 -4720 320 ) 
4 126 155 (-1024 -4768 320 ) (-1024 -4768 576 ) (-1024 -4720 576 ) (-1024 -4720 320 ) 
4 126 140 (-1024 -4768 576 ) (-1024 -4768 1920 ) (-1024 -4720 1920 ) (-1024 -4720 576 ) 
4 126 127 (-980 -4724 320 ) (-980 -4764 320 ) (-1024 -4764 320 ) (-1024 -4724 320 ) 
4 127 169 (-1024 -4764 320 ) (-1024 -4724 320 ) (-1024 -4724 316 ) (-1024 -4764 316 ) 
4 127 128 (-980 -4724 316 ) (-980 -4764 316 ) (-1024 -4764 316 ) (-1024 -4724 316 ) 
4 128 173 (-1024 -4768 -128 ) (-1024 -4768 256 ) (-1024 -4720 256 ) (-1024 -4720 -128 ) 
4 128 170 (-1024 -4768 256 ) (-1024 -4768 316 ) (-1024 -4720 316 ) (-1024 -4720 256 ) 
4 129 141 (-1024 -5056 1728 ) (-1024 -5056 2880 ) (-1024 -4992 2624 ) (-1024 -4992 1984 ) 
4 129 130 (0 -5056 1728 ) (0 -5056 2880 ) (-1024 -5056 2880 ) (-1024 -5056 1728 ) 
4 130 231 (0 -5120 1728 ) (0 -5120 3392 ) (-1024 -5120 3392 ) (-1024 -5120 1728 ) 
4 130 145 (-1024 -5120 1728 ) (-1024 -5120 3392 ) (-1024 -5056 3392 ) (-1024 -5056 1728 ) 
4 130 131 (0 -5120 1728 ) (-224 -5120 1728 ) (-192 -5056 1728 ) (0 -5056 1728 ) 
4 131 232 (0 -5120 1472 ) (0 -5120 1728 ) (-224 -5120 1728 ) (-224 -5120 1472 ) 
4 131 132 (-192 -5056 1472 ) (0 -5056 1472 ) (0 -5120 1472 ) (-224 -5120 1472 ) 
4 132 233 (0 -5120 1216 ) (0 -5120 1472 ) (-1024 -5120 1472 ) (-1024 -5120 1216 ) 
4 132 147 (-1024 -5120 1216 ) (-1024 -5120 1472 ) (-1024 -5056 1472 ) (-1024 -5056 1216 ) 
3 132 142 (-1024 -5056 1472 ) (-1024 -4992 1216 ) (-1024 -5056 1216 ) 
4 132 133 (0 -5120 1216 ) (-1024 -5120 1216 ) (-1024 -4992 1216 ) (0 -4992 1216 ) 
4 133 233 (0 -5120 320 ) (0 -5120 1216 ) (-1024 -5120 1216 ) (-1024 -5120 320 ) 
4 133 158 (-1024 -5120 320 ) (-1024 -5120 576 ) (-1024 -4992 576 ) (-1024 -5056 320 ) 
4 133 148 (-1024 -5120 576 ) (-1024 -5120 1216 ) (-1024 -4992 1216 ) (-1024 -4992 576 ) 
4 133 134 (0 -5120 320 ) (-224 -5120 320 ) (-192 -5056 320 ) (0 -5056 320 ) 
4 134 234 (0 -5120 64 ) (0 -5120 320 ) (-224 -5120 320 ) (-224 -5120 64 ) 
4 134 135 (-192 -5056 64 ) (0 -5056 64 ) (0 -5120 64 ) (-224 -5120 64 ) 
4 135 235 (0 -5120 -192 ) (0 -5120 64 ) (-1024 -5120 64 ) (-1024 -5120 -192 ) 
4 135 176 (-1024 -5120 -192 ) (-1024 -5120 -128 ) (-1024 -5008 -128 ) (-1024 -4992 -192 ) 
4 135 175 (-1024 -5120 -128 ) (-1024 -5120 64 ) (-1024 -5056 64 ) (-1024 -5008 -128 ) 
4 135 137 (0 -5120 -192 ) (-1024 -5120 -192 ) (-1024 -5056 -192 ) (0 -5056 -192 ) 
4 135 136 (-1024 -5056 -192 ) (-1024 -4992 -192 ) (0 -4992 -192 ) (0 -5056 -192 ) 
4 136 177 (-1024 -5056 -1088 ) (-1024 -5056 -192 ) (-1024 -4992 -192 ) (-1024 -4992 -832 ) 
4 136 137 (0 -5056 -1088 ) (0 -5056 -192 ) (-1024 -5056 -192 ) (-1024 -5056 -1088 ) 
4 137 235 (0 -5120 -1856 ) (0 -5120 -192 ) (-1024 -5120 -192 ) (-1024 -5120 -1856 ) 
4 137 178 (-1024 -5120 -1856 ) (-1024 -5120 -192 ) (-1024 -5056 -192 ) (-1024 -5056 -1600.001343 ) 
4 138 139 (-1104 -4112 1280 ) (-1200 -4112 1280 ) (-1200 -4112 1088 ) (-1104 -4112 1088 ) 
4 139 140 (-1200 -4128 1088 ) (-1104 -4128 1088 ) (-1104 -4128 1280 ) (-1200 -4128 1280 ) 
5 140 155 (-1504 -4128 576 ) (-1024 -4128 576 ) (-1024 -4768 576 ) (-1824 -4768 576 ) (-1824 -4320 576 ) 
4 140 149 (-1088 -4768 1088 ) (-1088 -4768 1216 ) (-1216 -4768 1216 ) (-1216 -4768 1088 ) 
4 141 181 (-2048 -4992 1984 ) (-2048 -5056 1728 ) (-2048 -5056 2880 ) (-2048 -4992 2624 ) 
4 141 145 (-2048 -5056 2880 ) (-2048 -5056 1728 ) (-1024 -5056 1728 ) (-1024 -5056 2880 ) 
4 142 148 (-1024 -4992 1216 ) (-1024 -5056 1216 ) (-1088 -5056 1216 ) (-1088 -4992 1216 ) 
4 142 147 (-1088 -5056 1216 ) (-1024 -5056 1216 ) (-1024 -5056 1472 ) (-1088 -5056 1472 ) 
3 142 143 (-1088 -4992 1216 ) (-1088 -5056 1216 ) (-1088 -5056 1472 ) 
4 143 152 (-1088 -4992 1216 ) (-1088 -5056 1216 ) (-1216 -5056 1216 ) (-1216 -4992 1216 ) 
4 143 147 (-1216 -5056 1216 ) (-1088 -5056 1216 ) (-1088 -5056 1472 ) (-1216 -5056 1472 ) 
3 143 144 (-1216 -4992 1216 ) (-1216 -5056 1216 ) (-1216 -5056 1472 ) 
3 144 182 (-2048 -4992 1216 ) (-2048 -5056 1216 ) (-2048 -5056 1472 ) 
4 144 154 (-2048 -5056 1216 ) (-2048 -4992 1216 ) (-1216 -4992 1216 ) (-1216 -5056 1216 ) 
4 144 147 (-2048 -5056 1472 ) (-2048 -5056 1216 ) (-1216 -5056 1216 ) (-1216 -5056 1472 ) 
4 145 237 (-1024 -5120 1728 ) (-1024 -5120 3392 ) (-2048 -5120 3392 ) (-2048 -5120 1728 ) 
4 145 187 (-2048 -5120 1728 ) (-2048 -5120 3392 ) (-2048 -5056 3392 ) (-2048 -5056 1728 ) 
4 145 146 (-1184 -5120 1728 ) (-1632 -5120 1728 ) (-1600 -5056 1728 ) (-1216 -5056 1728 ) 
4 146 238 (-1184 -5120 1728 ) (-1632 -5120 1728 ) (-1632 -5120 1472 ) (-1184 -5120 1472 ) 
4 146 147 (-1600 -5056 1472 ) (-1216 -5056 1472 ) (-1184 -5120 1472 ) (-1632 -5120 1472 ) 
4 147 239 (-1024 -5120 1216 ) (-1024 -5120 1472 ) (-2048 -5120 1472 ) (-2048 -5120 1216 ) 
4 147 189 (-2048 -5120 1216 ) (-2048 -5120 1472 ) (-2048 -5056 1472 ) (-2048 -5056 1216 ) 
4 147 154 (-1216 -5120 1216 ) (-2048 -5120 1216 ) (-2048 -5056 1216 ) (-1216 -5056 1216 ) 
4 147 152 (-1088 -5120 1216 ) (-1216 -5120 1216 ) (-1216 -5056 1216 ) (-1088 -5056 1216 ) 
4 147 148 (-1024 -5120 1216 ) (-1088 -5120 1216 ) (-1088 -5056 1216 ) (-1024 -5056 1216 ) 
4 148 239 (-1024 -5120 576 ) (-1024 -5120 1216 ) (-1088 -5120 1216 ) (-1088 -5120 576 ) 
4 148 158 (-1024 -5120 576 ) (-1088 -5120 576 ) (-1088 -4992 576 ) (-1024 -4992 576 ) 
4 148 153 (-1088 -4992 1088 ) (-1088 -4992 576 ) (-1088 -5120 576 ) (-1088 -5120 1088 ) 
4 148 152 (-1088 -5120 1216 ) (-1088 -4992 1216 ) (-1088 -4992 1088 ) (-1088 -5120 1088 ) 
4 149 150 (-1216 -4800 1216 ) (-1216 -4800 1088 ) (-1088 -4800 1088 ) (-1088 -4800 1216 ) 
4 150 151 (-1216 -4976 1216 ) (-1216 -4976 1088 ) (-1088 -4976 1088 ) (-1088 -4976 1216 ) 
4 151 152 (-1216 -4992 1216 ) (-1216 -4992 1088 ) (-1088 -4992 1088 ) (-1088 -4992 1216 ) 
4 152 239 (-1088 -5120 1216 ) (-1216 -5120 1216 ) (-1216 -5120 1088 ) (-1088 -5120 1088 ) 
4 152 154 (-1216 -5120 1216 ) (-1216 -4992 1216 ) (-1216 -4992 1088 ) (-1216 -5120 1088 ) 
4 152 153 (-1216 -5120 1088 ) (-1216 -4992 1088 ) (-1088 -4992 1088 ) (-1088 -5120 1088 ) 
4 153 239 (-1216 -5120 1088 ) (-1216 -5120 576 ) (-1088 -5120 576 ) (-1088 -5120 1088 ) 
4 153 158 (-1088 -5120 576 ) (-1216 -5120 576 ) (-1216 -4992 576 ) (-1088 -4992 576 ) 
4 153 154 (-1216 -4992 576 ) (-1216 -5120 576 ) (-1216 -5120 1088 ) (-1216 -4992 1088 ) 
4 154 239 (-1216 -5120 1216 ) (-2048 -5120 1216 ) (-2048 -5120 576 ) (-1216 -5120 576 ) 
4 154 189 (-2048 -5120 576 ) (-2048 -5120 1216 ) (-2048 -5056 1216 ) (-2048 -5056 576 ) 
4 154 183 (-2048 -5056 1216 ) (-2048 -4992 1216 ) (-2048 -4992 576 ) (-2048 -5056 576 ) 
4 154 167 (-1600 -5120 576 ) (-2048 -5120 576 ) (-2048 -4992 576 ) (-1600 -4992 576 ) 
4 154 161 (-1472 -5120 576 ) (-1600 -5120 576 ) (-1600 -4992 576 ) (-1472 -4992 576 ) 
4 154 160 (-1344 -5120 576 ) (-1472 -5120 576 ) (-1472 -4992 576 ) (-1344 -4992 576 ) 
4 154 159 (-1216 -5120 576 ) (-1344 -5120 576 ) (-1344 -4992 576 ) (-1216 -4992 576 ) 
4 155 169 (-1024 -4724 320 ) (-1024 -4764 320 ) (-1068 -4764 320 ) (-1068 -4724 320 ) 
4 155 168 (-1567.995361 -4464 320 ) (-1256 -4496 320 ) (-1312 -4672 320 ) (-1663.995117 -4672 320 ) 
4 155 165 (-1600 -4768 320 ) (-1472 -4768 320 ) (-1472 -4768 512 ) (-1600 -4768 512 ) 
4 155 162 (-1344 -4768 320 ) (-1216 -4768 320 ) (-1216 -4768 512 ) (-1344 -4768 512 ) 
4 155 156 (-1824 -4512 320 ) (-1824 -4640 320 ) (-1824 -4640 512 ) (-1824 -4512 512 ) 
4 156 157 (-1840 -4512 320 ) (-1840 -4640 320 ) (-1840 -4640 512 ) (-1840 -4512 512 ) 
4 157 179 (-2048 -4640 576 ) (-2048 -4512 576 ) (-2048 -4512 320 ) (-2048 -4640 320 ) 
4 158 239 (-1024 -5120 320 ) (-1024 -5120 576 ) (-1216 -5120 576 ) (-1216 -5120 320 ) 
3 158 171 (-1184 -5120 320 ) (-1216 -5120 320 ) (-1216 -5056 320 ) 
4 158 163 (-1216 -5056 320 ) (-1216 -5120 320 ) (-1216 -5120 512 ) (-1216 -5008 512 ) 
4 158 159 (-1216 -5120 512 ) (-1216 -5120 576 ) (-1216 -4992 576 ) (-1216 -5008 512 ) 
4 159 239 (-1216 -5120 576 ) (-1344 -5120 576 ) (-1344 -5120 512 ) (-1216 -5120 512 ) 
4 159 163 (-1216 -5008 512 ) (-1216 -5120 512 ) (-1344 -5120 512 ) (-1344 -5008 512 ) 
4 159 160 (-1344 -5008 512 ) (-1344 -5120 512 ) (-1344 -5120 576 ) (-1344 -4992 576 ) 
4 160 239 (-1344 -5120 576 ) (-1472 -5120 576 ) (-1472 -5120 512 ) (-1344 -5120 512 ) 
4 160 164 (-1344 -5008 512 ) (-1344 -5120 512 ) (-1472 -5120 512 ) (-1472 -5008 512 ) 
4 160 161 (-1472 -5008 512 ) (-1472 -5120 512 ) (-1472 -5120 576 ) (-1472 -4992 576 ) 
4 161 239 (-1472 -5120 576 ) (-1600 -5120 576 ) (-1600 -5120 512 ) (-1472 -5120 512 ) 
4 161 167 (-1600 -5008 512 ) (-1600 -5120 512 ) (-1600 -5120 576 ) (-1600 -4992 576 ) 
4 161 166 (-1600 -5120 512 ) (-1600 -5008 512 ) (-1472 -5008 512 ) (-1472 -5120 512 ) 
4 162 163 (-1344 -4800 512 ) (-1344 -4800 320 ) (-1216 -4800 320 ) (-1216 -4800 512 ) 
4 163 239 (-1344 -5120 320 ) (-1216 -5120 320 ) (-1216 -5120 512 ) (-1344 -5120 512 ) 
4 163 171 (-1216 -5056 320 ) (-1216 -5120 320 ) (-1344 -5120 320 ) (-1344 -5056 320 ) 
4 163 164 (-1344 -5120 512 ) (-1344 -5008 512 ) (-1344 -5056 320 ) (-1344 -5120 320 ) 
4 164 239 (-1472 -5120 320 ) (-1344 -5120 320 ) (-1344 -5120 512 ) (-1472 -5120 512 ) 
4 164 171 (-1344 -5056 320 ) (-1344 -5120 320 ) (-1472 -5120 320 ) (-1472 -5056 320 ) 
4 164 166 (-1472 -5120 512 ) (-1472 -5008 512 ) (-1472 -5056 320 ) (-1472 -5120 320 ) 
4 165 166 (-1472 -4800 320 ) (-1472 -4800 512 ) (-1600 -4800 512 ) (-1600 -4800 320 ) 
4 166 239 (-1600 -5120 512 ) (-1600 -5120 320 ) (-1472 -5120 320 ) (-1472 -5120 512 ) 
4 166 171 (-1472 -5056 320 ) (-1472 -5120 320 ) (-1600 -5120 320 ) (-1600 -5056 320 ) 
4 166 167 (-1600 -5056 320 ) (-1600 -5120 320 ) (-1600 -5120 512 ) (-1600 -5008 512 ) 
4 167 239 (-1600 -5120 576 ) (-2048 -5120 576 ) (-2048 -5120 320 ) (-1600 -5120 320 ) 
4 167 189 (-2048 -5120 320 ) (-2048 -5120 576 ) (-2048 -5056 576 ) (-2048 -5056 320 ) 
3 167 183 (-2048 -5056 576 ) (-2048 -4992 576 ) (-2048 -5056 320 ) 
3 167 171 (-1600 -5056 320 ) (-1600 -5120 320 ) (-1632 -5120 320 ) 
4 168 172 (-1567.995483 -4464 256 ) (-1256 -4496 256 ) (-1312 -4672 256 ) (-1663.995117 -4672 256 ) 
4 169 170 (-1068 -4724 316 ) (-1024 -4724 316 ) (-1024 -4764 316 ) (-1068 -4764 316 ) 
4 170 173 (-1072 -4720 256 ) (-1024 -4720 256 ) (-1024 -4768 256 ) (-1072 -4768 256 ) 
4 171 240 (-1184 -5120 320 ) (-1632 -5120 320 ) (-1632 -5120 256 ) (-1184 -5120 256 ) 
4 171 174 (-1184 -5120 256 ) (-1632 -5120 256 ) (-1600 -5056 256 ) (-1216 -5056 256 ) 
4 174 240 (-1184 -5120 256 ) (-1632 -5120 256 ) (-1632 -5120 64 ) (-1184 -5120 64 ) 
4 174 175 (-1600 -5056 64 ) (-1216 -5056 64 ) (-1184 -5120 64 ) (-1632 -5120 64 ) 
4 175 241 (-1024 -5120 -128 ) (-1024 -5120 64 ) (-2048 -5120 64 ) (-2048 -5120 -128 ) 
4 175 191 (-2048 -5120 -128 ) (-2048 -5120 64 ) (-2048 -5056 64 ) (-2048 -5056 -128 ) 
3 175 184 (-2048 -5056 64 ) (-2048 -5008 -128 ) (-2048 -5056 -128 ) 
4 175 176 (-2048 -5120 -128 ) (-2048 -5008 -128 ) (-1024 -5008 -128 ) (-1024 -5120 -128 ) 
4 176 241 (-1024 -5120 -192 ) (-1024 -5120 -128 ) (-2048 -5120 -128 ) (-2048 -5120 -192 ) 
4 176 191 (-2048 -5120 -192 ) (-2048 -5120 -128 ) (-2048 -5056 -128 ) (-2048 -5056 -192 ) 
4 176 184 (-2048 -5056 -128 ) (-2048 -5008 -128 ) (-2048 -4992 -192 ) (-2048 -5056 -192 ) 
4 176 178 (-1024 -5120 -192 ) (-2048 -5120 -192 ) (-2048 -5056 -192 ) (-1024 -5056 -192 ) 
4 176 177 (-2048 -5056 -192 ) (-2048 -4992 -192 ) (-1024 -4992 -192 ) (-1024 -5056 -192 ) 
4 177 186 (-2048 -5056 -1088 ) (-2048 -5056 -192 ) (-2048 -4992 -192 ) (-2048 -4992 -832 ) 
4 177 178 (-1024 -5056 -1088 ) (-1024 -5056 -192 ) (-2048 -5056 -192 ) (-2048 -5056 -1088 ) 
4 178 241 (-1024 -5120 -1856 ) (-1024 -5120 -192 ) (-2048 -5120 -192 ) (-2048 -5120 -1856 ) 
4 178 191 (-2048 -5120 -1856 ) (-2048 -5120 -192 ) (-2048 -5056 -192 ) (-2048 -5056 -1600.001343 ) 
4 179 180 (-2096 -4640 320 ) (-2096 -4640 576 ) (-2096 -4512 576 ) (-2096 -4512 320 ) 
4 181 193 (-3072 -5056 1728 ) (-3072 -5056 2880 ) (-3072 -4992 2624 ) (-3072 -4992 1984 ) 
4 181 187 (-2048 -5056 1728 ) (-2048 -5056 2880 ) (-3072 -5056 2880 ) (-3072 -5056 1728 ) 
3 182 192 (-3072 -5056 1216 ) (-3072 -5056 1472 ) (-3072 -4992 1216 ) 
4 182 189 (-2048 -5056 1216 ) (-2048 -5056 1472 ) (-3072 -5056 1472 ) (-3072 -5056 1216 ) 
4 182 183 (-2048 -5056 1216 ) (-3072 -5056 1216 ) (-3072 -4992 1216 ) (-2048 -4992 1216 ) 
4 183 194 (-3072 -5056 320.001831 ) (-3072 -5056 1216 ) (-3072 -4992 1216 ) (-3072 -4992 576.001770 ) 
4 183 189 (-2048 -5056 320.001831 ) (-2048 -5056 1216 ) (-3072 -5056 1216 ) (-3072 -5056 320.001831 ) 
3 184 195 (-3072 -5056 -192 ) (-3072 -5056 64 ) (-3072 -4992 -192 ) 
4 184 191 (-2048 -5056 -192 ) (-2048 -5056 64 ) (-3072 -5056 64 ) (-3072 -5056 -192 ) 
4 184 186 (-2048 -5056 -192 ) (-3072 -5056 -192 ) (-3072 -4992 -192 ) (-2048 -4992 -192 ) 
4 185 186 (-2304 -4992 -320 ) (-2304 -4992 -192 ) (-2432 -4992 -192 ) (-2432 -4992 -320 ) 
4 186 196 (-3072 -5056 -1088 ) (-3072 -5056 -192 ) (-3072 -4992 -192 ) (-3072 -4992 -832 ) 
4 186 191 (-2048 -5056 -1088 ) (-2048 -5056 -192 ) (-3072 -5056 -192 ) (-3072 -5056 -1088 ) 
4 187 297 (-2048 -5120 1728 ) (-2048 -5120 3392 ) (-3072 -5120 3392 ) (-3072 -5120 1728 ) 
4 187 197 (-3072 -5120 1728 ) (-3072 -5120 3392 ) (-3072 -5056 3392 ) (-3072 -5056 1728 ) 
4 187 188 (-2496 -5056 1728 ) (-2240 -5056 1728 ) (-2208 -5120 1728 ) (-2528 -5120 1728 ) 
4 188 298 (-2208 -5120 1728 ) (-2528 -5120 1728 ) (-2528 -5120 1472 ) (-2208 -5120 1472 ) 
4 188 189 (-2208 -5120 1472 ) (-2528 -5120 1472 ) (-2496 -5056 1472 ) (-2240 -5056 1472 ) 
4 189 299 (-2048 -5120 320 ) (-2048 -5120 1472 ) (-3072 -5120 1472 ) (-3072 -5120 320 ) 
4 189 199 (-3072 -5120 320 ) (-3072 -5120 1472 ) (-3072 -5056 1472 ) (-3072 -5056 320 ) 
4 189 190 (-2208 -5120 320 ) (-2528 -5120 320 ) (-2496 -5056 320 ) (-2240 -5056 320 ) 
4 190 300 (-2208 -5120 320 ) (-2528 -5120 320 ) (-2528 -5120 64 ) (-2208 -5120 64 ) 
4 190 191 (-2496 -5056 64 ) (-2240 -5056 64 ) (-2208 -5120 64 ) (-2528 -5120 64 ) 
4 191 301 (-2048 -5120 -1856 ) (-2048 -5120 64 ) (-3072 -5120 64 ) (-3072 -5120 -1856 ) 
4 191 201 (-3072 -5120 -1856 ) (-3072 -5120 64 ) (-3072 -5056 64 ) (-3072 -5056 -1600.001587 ) 
4 192 199 (-3776 -5056 1472 ) (-3776 -5056 1216 ) (-3072 -5056 1216 ) (-3072 -5056 1472 ) 
4 192 194 (-3072 -5056 1216 ) (-3776 -5056 1216 ) (-3776 -4992 1216 ) (-3072 -4992 1216 ) 
4 193 197 (-3776 -5056 2880 ) (-3776 -5056 1728 ) (-3072 -5056 1728 ) (-3072 -5056 2880 ) 
4 194 199 (-3776 -5056 1216 ) (-3776 -5056 320.001831 ) (-3072 -5056 320.001831 ) (-3072 -5056 1216 ) 
4 195 201 (-3776 -5056 64 ) (-3776 -5056 -192 ) (-3072 -5056 -192 ) (-3072 -5056 64 ) 
4 195 196 (-3072 -5056 -192 ) (-3776 -5056 -192 ) (-3776 -4992 -192 ) (-3072 -4992 -192 ) 
4 196 201 (-3776 -5056 -192 ) (-3776 -5056 -1088 ) (-3072 -5056 -1088 ) (-3072 -5056 -192 ) 
4 197 303 (-3072 -5120 1728 ) (-3072 -5120 3392 ) (-3776 -5120 3392 ) (-3776 -5120 1728 ) 
4 197 198 (-3488 -5120 1728 ) (-3776 -5120 1728 ) (-3776 -5056 1728 ) (-3520 -5056 1728 ) 
4 198 304 (-3488 -5120 1728 ) (-3776 -5120 1728 ) (-3776 -5120 1472 ) (-3488 -5120 1472 ) 
4 198 199 (-3776 -5120 1472 ) (-3776 -5056 1472 ) (-3520 -5056 1472 ) (-3488 -5120 1472 ) 
4 199 305 (-3072 -5120 320 ) (-3072 -5120 1472 ) (-3776 -5120 1472 ) (-3776 -5120 320 ) 
4 199 200 (-3776 -5120 320 ) (-3776 -5056 320 ) (-3456 -5056 320 ) (-3424 -5120 320 ) 
4 200 306 (-3424 -5120 320 ) (-3776 -5120 320 ) (-3776 -5120 64 ) (-3424 -5120 64 ) 
4 200 201 (-3424 -5120 64 ) (-3776 -5120 64 ) (-3776 -5056 64 ) (-3456 -5056 64 ) 
4 201 307 (-3072 -5120 -1856 ) (-3072 -5120 64 ) (-3776 -5120 64 ) (-3776 -5120 -1856 ) 
4 202 207 (1280 -6144 -2112 ) (1280 -6144 3392 ) (1024 -6144 3392 ) (1024 -6144 -2112 ) 
4 202 203 (1024 -6144 -2112 ) (1024 -6144 3392 ) (1024 -5888 3392 ) (1024 -5888 -2112 ) 
4 203 221 (1024 -6144 -2112 ) (1024 -6144 -192 ) (128 -6144 -192 ) (128 -6144 -2112 ) 
4 203 219 (1024 -6144 -192 ) (1024 -6144 1984 ) (128 -6144 1984 ) (128 -6144 -192 ) 
4 203 211 (1024 -6144 1984 ) (1024 -6144 3392 ) (128 -6144 3392 ) (128 -6144 1984 ) 
4 203 204 (128 -5184 -2112 ) (128 -6144 -2112 ) (128 -6144 3392 ) (128 -5184 3392 ) 
4 204 236 (0 -5184 -2112 ) (0 -6144 -2112 ) (0 -6144 3392 ) (0 -5184 3392 ) 
4 204 235 (0 -5120 64 ) (0 -5120 -1856 ) (0 -5184 -2112 ) (0 -5184 64 ) 
4 204 234 (0 -5120 320 ) (0 -5120 64 ) (0 -5184 64 ) (0 -5184 320 ) 
4 204 233 (0 -5120 1472 ) (0 -5120 320 ) (0 -5184 320 ) (0 -5184 1472 ) 
4 204 232 (0 -5120 1728 ) (0 -5120 1472 ) (0 -5184 1472 ) (0 -5184 1728 ) 
4 204 231 (0 -5120 3392 ) (0 -5120 1728 ) (0 -5184 1728 ) (0 -5184 3392 ) 
4 204 226 (0 -6144 -192 ) (0 -6144 -2112 ) (128 -6144 -2112 ) (128 -6144 -192 ) 
4 204 219 (0 -6144 1984 ) (0 -6144 -192 ) (128 -6144 -192 ) (128 -6144 1984 ) 
4 204 211 (128 -6144 3392 ) (0 -6144 3392 ) (0 -6144 1984 ) (128 -6144 1984 ) 
4 205 207 (2048 -7168 -2112 ) (2048 -7168 3392 ) (2048 -6912 3392 ) (2048 -6912 -2112 ) 
4 205 206 (2304 -7168 -2112 ) (2304 -7168 3392 ) (2048 -7168 3392 ) (2048 -7168 -2112 ) 
4 206 229 (2048 -8192 -2112 ) (2048 -8192 3392 ) (2048 -7168 3392 ) (2048 -7168 -2112 ) 
4 207 229 (2048 -7168 -2112 ) (2048 -7168 3392 ) (1024 -7168 3392 ) (1024 -7168 -2112 ) 
4 207 228 (1024 -6784 -2112 ) (1024 -7168 -2112 ) (1024 -7168 -192 ) (1024 -6784 -192 ) 
4 207 225 (1024 -6720 -2112 ) (1024 -6784 -2112 ) (1024 -6784 -832 ) (1024 -6720 -1088 ) 
3 207 224 (1024 -6592 -2112 ) (1024 -6720 -2112 ) (1024 -6720 -1600 ) 
4 207 223 (1024 -6464 -2112 ) (1024 -6592 -2112 ) (1024 -6720 -1600 ) (1024 -6720 -1088 ) 
5 207 221 (1024 -6144 -192 ) (1024 -6144 -2112 ) (1024 -6464 -2112 ) (1024 -6784 -832 ) (1024 -6784 -192 ) 
4 207 219 (1024 -6144 1984 ) (1024 -6144 -192 ) (1024 -7168 -192 ) (1024 -7168 1984 ) 
4 207 211 (1024 -6144 3392 ) (1024 -6144 1984 ) (1024 -7168 1984 ) (1024 -7168 3392 ) 
4 208 243 (0 -6592 3392 ) (0 -6272 3392 ) (0 -6272 1984 ) (0 -6592 1984 ) 
3 208 212 (0 -6592 1984 ) (0 -6272 1984 ) (320 -6592 1984 ) 
4 208 209 (0 -6592 1984 ) (128 -6592 1984 ) (128 -6592 3392 ) (0 -6592 3392 ) 
4 208 211 (320 -6592 1984 ) (0 -6272 1984 ) (0 -6272 3392 ) (320 -6592 3392 ) 
4 209 243 (0 -6720 3392 ) (0 -6592 3392 ) (0 -6592 1984 ) (0 -6720 1984 ) 
4 209 213 (0 -6720 1984 ) (0 -6592 1984 ) (128 -6592 1984 ) (128 -6720 1984 ) 
4 209 210 (0 -6720 1984 ) (128 -6720 1984 ) (128 -6720 2880.002197 ) (0 -6720 2880.002197 ) 
4 210 244 (0 -6720 2880.002197 ) (0 -6720 1984 ) (0 -6784 1984 ) (0 -6784 2624.001221 ) 
4 210 213 (0 -6784 1984 ) (0 -6720 1984 ) (128 -6720 1984 ) (128 -6784 1984 ) 
4 211 243 (0 -6272 3392 ) (0 -6144 3392 ) (0 -6144 1984 ) (0 -6272 1984 ) 
4 211 230 (1024 -7168 1984 ) (1024 -7168 3392 ) (896 -7168 3392 ) (896 -7168 1984 ) 
5 211 219 (1024 -6144 1984 ) (1024 -7168 1984 ) (896 -7168 1984 ) (0 -6272 1984 ) (0 -6144 1984 ) 
4 212 252 (0 -6272 64 ) (0 -6272 -192 ) (0 -6592 -192 ) (0 -6592 64 ) 
4 212 250 (0 -6272 320 ) (0 -6272 64 ) (0 -6592 64 ) (0 -6592 320 ) 
4 212 249 (0 -6272 1216 ) (0 -6272 320 ) (0 -6592 320 ) (0 -6592 1216 ) 
4 212 248 (0 -6272 1472 ) (0 -6272 1216 ) (0 -6592 1216 ) (0 -6592 1472 ) 
4 212 246 (0 -6272 1728 ) (0 -6272 1472 ) (0 -6592 1472 ) (0 -6592 1728 ) 
4 212 245 (0 -6592 1984 ) (0 -6272 1984 ) (0 -6272 1728 ) (0 -6592 1728 ) 
4 212 226 (0 -6592 -192 ) (0 -6272 -192 ) (128 -6400 -192 ) (128 -6592 -192 ) 
3 212 220 (128 -6400 -192 ) (320 -6592 -192 ) (128 -6592 -192 ) 
4 212 217 (0 -6592 -192 ) (128 -6592 -192 ) (128 -6592 320 ) (0 -6592 320 ) 
4 212 216 (128 -6592 1216 ) (0 -6592 1216 ) (0 -6592 320 ) (128 -6592 320 ) 
4 212 213 (128 -6592 1984 ) (0 -6592 1984 ) (0 -6592 1216 ) (128 -6592 1216 ) 
4 212 219 (320 -6592 -192 ) (0 -6272 -192 ) (0 -6272.003906 1984 ) (319.996094 -6592 1984 ) 
3 213 248 (0 -6592 1472 ) (0 -6592 1216 ) (0 -6656 1472 ) 
4 213 247 (0 -6592 1728 ) (0 -6592 1472 ) (0 -6656 1472 ) (0 -6720 1728 ) 
4 213 245 (0 -6784 1984 ) (0 -6592 1984 ) (0 -6592 1728 ) (0 -6720 1728 ) 
4 213 214 (0 -6592 1216.003906 ) (128 -6592 1216.003906 ) (128 -6720 1728.003906 ) (0 -6720 1728.003906 ) 
4 214 248 (0 -6656 1472 ) (0 -6592 1216 ) (0 -6720 1216 ) (0 -6720 1472 ) 
3 214 247 (0 -6720 1728 ) (0 -6656 1472 ) (0 -6720 1472 ) 
4 214 216 (0 -6720 1216 ) (0 -6592 1216 ) (128 -6592 1216 ) (128 -6720 1216 ) 
4 214 215 (0 -6720 1216 ) (128 -6720 1216 ) (128 -6720 1472 ) (0 -6720 1472 ) 
3 215 248 (0 -6720 1472 ) (0 -6720 1216 ) (0 -6784 1216 ) 
4 215 216 (128 -6784 1216 ) (0 -6784 1216 ) (0 -6720 1216 ) (128 -6720 1216 ) 
5 216 249 (0 -6592 1216 ) (0 -6592 320 ) (0 -6720 320 ) (0 -6784 576 ) (0 -6784 1216 ) 
4 216 217 (0 -6720 320 ) (0 -6592 320 ) (128 -6592 320 ) (128 -6720 320 ) 
4 217 252 (0 -6592 64 ) (0 -6592 -192 ) (0 -6720 -192 ) (0 -6720 64 ) 
4 217 251 (0 -6592 320 ) (0 -6592 64 ) (0 -6720 64 ) (0 -6720 320 ) 
4 217 226 (0 -6720 -192 ) (0 -6592 -192 ) (128 -6592 -192 ) (128 -6720 -192 ) 
4 217 218 (0 -6720 -192 ) (128 -6720 -192 ) (128 -6720 64.001007 ) (0 -6720 64.001007 ) 
3 218 252 (0 -6720 -192 ) (0 -6784 -192 ) (0 -6720 64.001007 ) 
4 218 226 (0 -6784 -192 ) (0 -6720 -192 ) (128 -6720 -192 ) (128 -6784 -192 ) 
4 219 252 (0 -6144 64 ) (0 -6144 -192 ) (0 -6272 -192 ) (0 -6272 64 ) 
4 219 250 (0 -6144 320 ) (0 -6144 64 ) (0 -6272 64 ) (0 -6272 320 ) 
4 219 249 (0 -6144 1216 ) (0 -6144 320 ) (0 -6272 320 ) (0 -6272 1216 ) 
4 219 248 (0 -6144 1472 ) (0 -6144 1216 ) (0 -6272 1216 ) (0 -6272 1472 ) 
4 219 246 (0 -6144 1728 ) (0 -6144 1472 ) (0 -6272 1472 ) (0 -6272 1728 ) 
4 219 245 (0 -6272 1984 ) (0 -6144 1984 ) (0 -6144 1728 ) (0 -6272 1728 ) 
4 219 230 (1024 -7168 -192 ) (1024 -7168 1984 ) (896 -7168 1984 ) (896 -7168 -192 ) 
4 219 228 (1024 -7168 -192 ) (896 -7168 -192 ) (512 -6784 -192 ) (1024 -6784 -192 ) 
4 219 226 (128 -6400 -192 ) (0 -6272 -192 ) (0 -6144 -192 ) (128 -6144 -192 ) 
5 219 221 (512 -6784 -192 ) (128 -6400 -192 ) (128 -6144 -192 ) (1024 -6144 -192 ) (1024 -6784 -192 ) 
5 220 226 (128 -6400 -2112 ) (128 -6464 -2112 ) (128 -6592 -1600 ) (128 -6592 -192 ) (128 -6400 -192 ) 
4 220 222 (128 -6592 -1599.996094 ) (128 -6464 -2112 ) (191.998688 -6464 -2112 ) (320 -6592 -1599.996094 ) 
5 220 221 (320 -6592 -1599.972656 ) (191.993164 -6463.993164 -2112 ) (128 -6400 -2112 ) (128 -6400 -192 ) (320 -6592 -192 ) 
4 221 228 (1024 -6784 -832 ) (1024 -6784 -192 ) (512 -6784 -192 ) (512 -6784 -832 ) 
4 221 226 (128 -6144 -2112 ) (128 -6400 -2112 ) (128 -6400 -192 ) (128 -6144 -192 ) 
4 221 225 (1024 -6720 -1087.996094 ) (1024 -6784 -831.996155 ) (512 -6784 -831.996094 ) (448 -6720 -1087.996094 ) 
4 221 223 (191.998688 -6464 -2112 ) (1024 -6464 -2112 ) (1024 -6720 -1087.996094 ) (448 -6720 -1087.996094 ) 
3 222 227 (128 -6464 -2112 ) (128 -6592 -2112 ) (128 -6592 -1600 ) 
3 222 223 (320 -6592 -2112 ) (192 -6464 -2112 ) (320 -6592 -1599.996094 ) 
4 223 225 (1024 -6720 -1087.998047 ) (448 -6720 -1087.998047 ) (448 -6720 -1600 ) (1024 -6720 -1600 ) 
4 223 224 (1024 -6720 -1599.992188 ) (448 -6720 -1599.992188 ) (319.998138 -6591.998047 -2112 ) (1024 -6591.998047 -2112 ) 
4 224 225 (448 -6720 -2112 ) (1024 -6720 -2112 ) (1024 -6720 -1600 ) (448 -6720 -1600 ) 
4 225 228 (512 -6784 -2112 ) (1024 -6784 -2112 ) (1024 -6784 -832 ) (512 -6784 -832 ) 
5 226 253 (0 -6784 -192 ) (0 -6144 -192 ) (0 -6144 -2112 ) (0 -6464 -2112 ) (0 -6784 -832 ) 
4 226 227 (0 -6464 -2112 ) (128 -6464 -2112 ) (128 -6720 -1088 ) (0 -6720 -1088 ) 
4 227 254 (0 -6464 -2112 ) (0 -6592 -2112 ) (0 -6720 -1600 ) (0 -6720 -1088 ) 
4 228 230 (1024 -7168 -2112 ) (1024 -7168 -192 ) (896 -7168 -192 ) (896 -7168 -2112 ) 
4 229 230 (1024 -7168 3392 ) (1024 -7168 -2112 ) (1024 -7296 -2112 ) (1024 -7296 3392 ) 
4 231 237 (-1024 -5120 3392 ) (-1024 -5120 1728 ) (-1024 -5184 1728 ) (-1024 -5184 3392 ) 
4 231 236 (0 -5184 1728 ) (0 -5184 3392 ) (-1024 -5184 3392 ) (-1024 -5184 1728 ) 
4 231 232 (0 -5184 1728 ) (-256 -5184 1728 ) (-224 -5120 1728 ) (0 -5120 1728 ) 
4 232 236 (0 -5184 1472 ) (0 -5184 1728 ) (-256 -5184 1728 ) (-256 -5184 1472 ) 
4 232 233 (0 -5184 1472 ) (-256 -5184 1472 ) (-224 -5120 1472 ) (0 -5120 1472 ) 
4 233 239 (-1024 -5120 1472 ) (-1024 -5120 320 ) (-1024 -5184 320 ) (-1024 -5184 1472 ) 
4 233 236 (0 -5184 320 ) (0 -5184 1472 ) (-1024 -5184 1472 ) (-1024 -5184 320 ) 
4 233 234 (0 -5184 320 ) (-256 -5184 320 ) (-224 -5120 320 ) (0 -5120 320 ) 
4 234 236 (0 -5184 64 ) (0 -5184 320 ) (-256 -5184 320 ) (-256 -5184 64 ) 
4 234 235 (0 -5184 64 ) (-256 -5184 64 ) (-224 -5120 64 ) (0 -5120 64 ) 
4 235 241 (-1024 -5120 64 ) (-1024 -5120 -1856 ) (-1024 -5184 -2112 ) (-1024 -5184 64 ) 
4 235 236 (0 -5184 -2112 ) (0 -5184 64 ) (-1024 -5184 64 ) (-1024 -5184 -2112 ) 
4 236 253 (0 -6144 -2112 ) (0 -6144 -192 ) (-1024 -6144 -192 ) (-1024 -6144 -2112 ) 
4 236 252 (0 -6144 -192 ) (0 -6144 64 ) (-1024 -6144 64 ) (-1024 -6144 -192 ) 
4 236 250 (0 -6144 64 ) (0 -6144 320 ) (-1024 -6144 320 ) (-1024 -6144 64 ) 
4 236 249 (0 -6144 320 ) (0 -6144 1216 ) (-1024 -6144 1216 ) (-1024 -6144 320 ) 
4 236 248 (0 -6144 1216 ) (0 -6144 1472 ) (-1024 -6144 1472 ) (-1024 -6144 1216 ) 
4 236 246 (0 -6144 1472 ) (0 -6144 1728 ) (-1024 -6144 1728 ) (-1024 -6144 1472 ) 
4 236 245 (0 -6144 1728 ) (0 -6144 1984 ) (-1024 -6144 1984 ) (-1024 -6144 1728 ) 
4 236 243 (0 -6144 1984 ) (0 -6144 3392 ) (-1024 -6144 3392 ) (-1024 -6144 1984 ) 
4 236 242 (-1024 -6144 -2112 ) (-1024 -6144 3392 ) (-1024 -5184 3392 ) (-1024 -5184 -2112 ) 
4 237 297 (-2048 -5120 3392 ) (-2048 -5120 1728 ) (-2048 -5184 1728 ) (-2048 -5184 3392 ) 
4 237 242 (-1024 -5184 1728 ) (-1024 -5184 3392 ) (-2048 -5184 3392 ) (-2048 -5184 1728 ) 
4 237 238 (-1152 -5184 1728 ) (-1664 -5184 1728 ) (-1632 -5120 1728 ) (-1184 -5120 1728 ) 
4 238 242 (-1152 -5184 1728 ) (-1664 -5184 1728 ) (-1664 -5184 1472 ) (-1152 -5184 1472 ) 
4 238 239 (-1152 -5184 1472 ) (-1664 -5184 1472 ) (-1632 -5120 1472 ) (-1184 -5120 1472 ) 
4 239 299 (-2048 -5120 1472 ) (-2048 -5120 320 ) (-2048 -5184 320 ) (-2048 -5184 1472 ) 
4 239 242 (-1024 -5184 320 ) (-1024 -5184 1472 ) (-2048 -5184 1472 ) (-2048 -5184 320 ) 
4 239 240 (-1152 -5184 320 ) (-1664 -5184 320 ) (-1632 -5120 320 ) (-1184 -5120 320 ) 
4 240 242 (-1152 -5184 320 ) (-1664 -5184 320 ) (-1664 -5184 64 ) (-1152 -5184 64 ) 
4 240 241 (-1152 -5184 64 ) (-1664 -5184 64 ) (-1632 -5120 64 ) (-1184 -5120 64 ) 
4 241 301 (-2048 -5120 64 ) (-2048 -5120 -1856 ) (-2048 -5184 -2112 ) (-2048 -5184 64 ) 
4 241 242 (-1024 -5184 -2112 ) (-1024 -5184 64 ) (-2048 -5184 64 ) (-2048 -5184 -2112 ) 
4 242 302 (-2048 -6144 -2112 ) (-2048 -6144 3392 ) (-2048 -5184 3392 ) (-2048 -5184 -2112 ) 
4 242 271 (-1024 -6144 -2112 ) (-1024 -6144 -192 ) (-2048 -6144 -192 ) (-2048 -6144 -2112 ) 
4 242 270 (-1024 -6144 -192 ) (-1024 -6144 64 ) (-2048 -6144 64 ) (-2048 -6144 -192 ) 
4 242 268 (-1024 -6144 64 ) (-1024 -6144 320 ) (-2048 -6144 320 ) (-2048 -6144 64 ) 
4 242 265 (-2048 -6144 1216 ) (-2048 -6144 320 ) (-1216 -6144 320 ) (-1216 -6144 1216 ) 
4 242 264 (-1216 -6144 1472 ) (-2048 -6144 1472 ) (-2048 -6144 1216 ) (-1216 -6144 1216 ) 
4 242 261 (-1024 -6144 320 ) (-1024 -6144 1216 ) (-1216 -6144 1216 ) (-1216 -6144 320 ) 
4 242 260 (-1024 -6144 1216 ) (-1024 -6144 1472 ) (-1216 -6144 1472 ) (-1216 -6144 1216 ) 
4 242 258 (-1024 -6144 1472 ) (-1024 -6144 1728 ) (-2048 -6144 1728 ) (-2048 -6144 1472 ) 
4 242 255 (-1024 -6144 1728 ) (-1024 -6144 3392 ) (-2048 -6144 3392 ) (-2048 -6144 1728 ) 
3 243 256 (-1024 -6720 3392 ) (-1024 -6592 3392 ) (-1024 -6720 2880.002197 ) 
5 243 255 (-1024 -6592 3392 ) (-1024 -6144 3392 ) (-1024 -6144 1984 ) (-1024 -6720 1984 ) (-1024 -6720 2880.002197 ) 
4 243 245 (-1024 -6720 1984 ) (-1024 -6144 1984 ) (0 -6144 1984 ) (0 -6720 1984 ) 
4 243 244 (-1024 -6720 1984 ) (0 -6720 1984 ) (0 -6720 2880.002197 ) (-1024 -6720 2880.002197 ) 
4 244 255 (-1024 -6720 2880.002197 ) (-1024 -6720 1984 ) (-1024 -6784 1984 ) (-1024 -6784 2624.001221 ) 
4 244 245 (-1024 -6784 1984 ) (-1024 -6720 1984 ) (0 -6720 1984 ) (0 -6784 1984 ) 
4 245 255 (-1024 -6784 1984 ) (-1024 -6144 1984 ) (-1024 -6144 1728 ) (-1024 -6720 1728 ) 
4 245 247 (-640 -6592 1728 ) (0 -6592 1728 ) (0 -6720 1728 ) (-576 -6720 1728 ) 
4 245 246 (-1024 -6592 1728 ) (-1024 -6144 1728 ) (0 -6144 1728 ) (0 -6592 1728 ) 
4 246 258 (-1024 -6592 1728 ) (-1024 -6144 1728 ) (-1024 -6144 1472 ) (-1024 -6592 1472 ) 
4 246 248 (-1024 -6592 1472 ) (-1024 -6144 1472 ) (0 -6144 1472 ) (0 -6592 1472 ) 
4 246 247 (-640 -6592 1472 ) (0 -6592 1472 ) (0 -6592 1728 ) (-640 -6592 1728 ) 
4 247 248 (-640 -6592 1472 ) (0 -6592 1472 ) (0 -6720 1472 ) (-576 -6720 1472 ) 
4 248 260 (-1024 -6720 1472 ) (-1024 -6144 1472 ) (-1024 -6144 1216 ) (-1024 -6784 1216 ) 
4 248 249 (-1024 -6784 1216 ) (-1024 -6144 1216 ) (0 -6144 1216 ) (0 -6784 1216 ) 
5 249 261 (-1024 -6784 1216 ) (-1024 -6144 1216 ) (-1024 -6144 320 ) (-1024 -6720 320 ) (-1024 -6784 576 ) 
4 249 251 (-640 -6592 320 ) (0 -6592 320 ) (0 -6720 320 ) (-576 -6720 320 ) 
4 249 250 (-1024 -6592 320 ) (-1024 -6144 320 ) (0 -6144 320 ) (0 -6592 320 ) 
4 250 268 (-1024 -6592 320 ) (-1024 -6144 320 ) (-1024 -6144 64 ) (-1024 -6592 64 ) 
4 250 252 (-1024 -6592 64 ) (-1024 -6144 64 ) (0 -6144 64 ) (0 -6592 64 ) 
4 250 251 (-640 -6592 64 ) (0 -6592 64 ) (0 -6592 320 ) (-640 -6592 320 ) 
4 251 252 (-640 -6592 64 ) (0 -6592 64 ) (0 -6720 64 ) (-576 -6720 64 ) 
4 252 270 (-1024 -6720 64 ) (-1024 -6144 64 ) (-1024 -6144 -192 ) (-1024 -6784 -192 ) 
4 252 253 (-1024 -6784 -192 ) (-1024 -6144 -192 ) (0 -6144 -192 ) (0 -6784 -192 ) 
5 253 271 (-1024 -6784 -192 ) (-1024 -6144 -192 ) (-1024 -6144 -2112 ) (-1024 -6464 -2112 ) (-1024 -6784 -832 ) 
4 253 254 (-1024 -6464 -2112 ) (0 -6464 -2112 ) (0 -6720 -1087.998047 ) (-1024 -6720 -1087.998047 ) 
4 254 272 (-1024 -6464 -2112 ) (-1024 -6592 -2112 ) (-1024 -6720 -1600 ) (-1024 -6720 -1088 ) 
4 255 311 (-2048 -6144 1984 ) (-2048 -6144 1728 ) (-2048 -6720 1728 ) (-2048 -6784 1984 ) 
5 255 310 (-2048 -6720 1984 ) (-2048 -6784 1984 ) (-2048 -6784 1984.001099 ) (-2048 -6784 2624 ) (-2048 -6720 2880.001221 ) 
5 255 309 (-2048 -6144 3392 ) (-2048 -6144 1984 ) (-2048 -6720 1984 ) (-2048 -6720 2880.001221 ) (-2048 -6592 3392 ) 
4 255 259 (-1920 -6592 1728 ) (-1408 -6592 1728 ) (-1472 -6720 1728 ) (-1856 -6720 1728 ) 
4 255 258 (-2048 -6592 1728 ) (-2048 -6144 1728 ) (-1024 -6144 1728 ) (-1024 -6592 1728 ) 
4 255 257 (-1792 -6784 1984 ) (-1664 -6784 1984 ) (-1664 -6784 2112 ) (-1792 -6784 2112 ) 
4 255 256 (-1024 -6720 2879.998047 ) (-1024 -6592 3392 ) (-2048 -6592 3392 ) (-2048 -6720 2879.998047 ) 
3 256 309 (-2048 -6720 3392 ) (-2048 -6592 3392 ) (-2048 -6720 2880.001221 ) 
4 258 312 (-2048 -6592 1728 ) (-2048 -6144 1728 ) (-2048 -6144 1472 ) (-2048 -6592 1472 ) 
4 258 264 (-2048 -6592 1472 ) (-2048 -6144 1472 ) (-1216 -6144 1472 ) (-1216 -6592 1472 ) 
4 258 260 (-1216 -6144 1472 ) (-1024 -6144 1472 ) (-1024 -6592 1472 ) (-1216 -6592 1472 ) 
4 258 259 (-1920 -6592 1472 ) (-1408 -6592 1472 ) (-1408 -6592 1728 ) (-1920 -6592 1728 ) 
4 259 264 (-1920 -6592 1472 ) (-1408 -6592 1472 ) (-1472 -6720 1472 ) (-1856 -6720 1472 ) 
4 260 264 (-1216 -6784 1216 ) (-1216 -6720 1472 ) (-1216 -6144 1472 ) (-1216 -6144 1216 ) 
4 260 261 (-1024 -6784 1216 ) (-1216 -6784 1216 ) (-1216 -6144 1216 ) (-1024 -6144 1216 ) 
4 261 268 (-1216 -6592 320 ) (-1216 -6144 320 ) (-1024 -6144 320 ) (-1024 -6592 320 ) 
5 261 265 (-1216 -6144 320 ) (-1216 -6720 320 ) (-1216 -6784 576 ) (-1216 -6784 1216 ) (-1216 -6144 1216 ) 
4 261 262 (-1216 -6784 1216 ) (-1216 -6784 1088 ) (-1088 -6784 1088 ) (-1088 -6784 1216 ) 
4 262 263 (-1216 -6800 1088 ) (-1088 -6800 1088 ) (-1088 -6800 1216 ) (-1216 -6800 1216 ) 
4 263 274 (-1088 -6848 1088 ) (-1088 -6848 1216 ) (-1216 -6848 1216 ) (-1216 -6848 1088 ) 
4 264 314 (-2048 -6720 1472 ) (-2048 -6144 1472 ) (-2048 -6144 1216 ) (-2048 -6784 1216 ) 
4 264 265 (-1216 -6144 1216 ) (-1216 -6784 1216 ) (-2048 -6784 1216 ) (-2048 -6144 1216 ) 
5 265 315 (-2048 -6784 1216 ) (-2048 -6144 1216 ) (-2048 -6144 320 ) (-2048 -6720 320 ) (-2048 -6784 576.002075 ) 
4 265 269 (-1920 -6592 320 ) (-1408 -6592 320 ) (-1472 -6720 320 ) (-1856 -6720 320 ) 
4 265 268 (-2048 -6592 320 ) (-2048 -6144 320 ) (-1216 -6144 320 ) (-1216 -6592 320 ) 
4 265 266 (-1344 -6719.996094 320 ) (-1216 -6719.996094 320 ) (-1216 -6767.996094 512 ) (-1344 -6767.996094 512 ) 
4 266 267 (-1216 -6816 320 ) (-1216 -6816 512 ) (-1344 -6816 512 ) (-1344 -6816 320 ) 
4 267 278 (-1344 -6848 320 ) (-1216 -6848 320 ) (-1216 -6848 448 ) (-1344 -6848 448 ) 
4 267 275 (-1216 -6848 448 ) (-1216 -6848 512 ) (-1344 -6848 512 ) (-1344 -6848 448 ) 
4 268 316 (-2048 -6592 320 ) (-2048 -6144 320 ) (-2048 -6144 64 ) (-2048 -6592 64 ) 
4 268 270 (-2048 -6592 64 ) (-2048 -6144 64 ) (-1024 -6144 64 ) (-1024 -6592 64 ) 
4 268 269 (-1920 -6592 64 ) (-1408 -6592 64 ) (-1408 -6592 320 ) (-1920 -6592 320 ) 
4 269 270 (-1920 -6592 64 ) (-1408 -6592 64 ) (-1472 -6720 64 ) (-1856 -6720 64 ) 
4 270 318 (-2048 -6784 -192 ) (-2048 -6720 64 ) (-2048 -6144 64 ) (-2048 -6144 -192 ) 
4 270 271 (-1024 -6784 -192 ) (-2048 -6784 -192 ) (-2048 -6144 -192 ) (-1024 -6144 -192 ) 
4 271 322 (-2048 -6784 -832 ) (-2048 -6784 -192 ) (-2048 -6468 -192 ) (-2048 -6468 -2096 ) 
5 271 319 (-2048 -6468 -192 ) (-2048 -6144 -192 ) (-2048 -6144 -2112 ) (-2048 -6464 -2112 ) (-2048 -6468 -2096 ) 
4 271 273 (-1600 -6784 -192 ) (-1728 -6784 -192 ) (-1728 -6784 -320 ) (-1600 -6784 -320 ) 
4 271 272 (-2048 -6464 -2112 ) (-1024 -6464 -2112 ) (-1024 -6720 -1087.998047 ) (-2048 -6720 -1087.998047 ) 
5 272 323 (-2048 -6720 -1088 ) (-2048 -6468 -2096 ) (-2048 -6468 -2112 ) (-2048 -6592 -2112 ) (-2048 -6720 -1600 ) 
3 272 319 (-2048 -6468 -2096 ) (-2048 -6464 -2112 ) (-2048 -6468 -2112 ) 
4 275 279 (-1472 -7104 448 ) (-1472 -6848 448 ) (-1344 -6848 448 ) (-1344 -7104 448 ) 
4 275 278 (-1344 -6848 448 ) (-1216 -6848 448 ) (-1216 -6976 448 ) (-1344 -7104 448 ) 
4 275 276 (-1472 -7040 448 ) (-1472 -7104 448 ) (-1472 -7104 576 ) (-1472 -7040 576 ) 
4 276 277 (-1808 -7040 576 ) (-1808 -7040 448 ) (-1808 -7104 448 ) (-1808 -7104 576 ) 
4 277 285 (-1872 -7168 448 ) (-1808 -7168 448 ) (-1808 -7168 576 ) (-1872 -7168 576 ) 
4 278 279 (-1344 -6848 320 ) (-1344 -7104 320 ) (-1344 -7104 448 ) (-1344 -6848 448 ) 
4 279 291 (-1472 -7168 320 ) (-1344 -7168 320 ) (-1344 -7168 448 ) (-1472 -7168 448 ) 
4 280 282 (-1536 -7872 896 ) (-1792 -7872 896 ) (-1856 -7760 896 ) (-1472 -7760 896 ) 
4 281 282 (-1472 -7824 640 ) (-1472 -7952 640 ) (-1472 -7952 768 ) (-1472 -7824 768 ) 
4 282 284 (-1856 -8000 640 ) (-1856 -7760 640 ) (-1472 -7760 640 ) (-1472 -8000 640 ) 
4 282 283 (-1856 -7824 640 ) (-1856 -7952 640 ) (-1856 -7952 768 ) (-1856 -7824 768 ) 
4 284 290 (-1856 -8000 576 ) (-1856 -7760 576 ) (-1472 -7760 576 ) (-1472 -8000 576 ) 
5 286 292 (-1536 -7488 448 ) (-1344 -7488 448 ) (-1344 -7616 448 ) (-1600 -7616 448 ) (-1600 -7552 448 ) 
4 286 287 (-1600 -7616 448 ) (-1344 -7616 448 ) (-1344 -7616 576 ) (-1600 -7616 576 ) 
3 287 293 (-1472 -7616 448 ) (-1344 -7616 448 ) (-1472 -7744 448 ) 
4 287 294 (-1600 -7616 448 ) (-1472 -7616 448 ) (-1472 -7744 448 ) (-1600 -7744 448 ) 
4 288 295 (-1920 -7616 448 ) (-1664 -7616 448 ) (-1664 -7744 448 ) (-1920 -7744 448 ) 
4 288 289 (-1920 -7744 448 ) (-1664 -7744 448 ) (-1664 -7744 576 ) (-1920 -7744 576 ) 
4 289 295 (-1920 -7744 448 ) (-1664 -7744 448 ) (-1664 -7760 448 ) (-1920 -7760 448 ) 
4 289 290 (-1920 -7760 448 ) (-1664 -7760 448 ) (-1664 -7760 576 ) (-1920 -7760 576 ) 
4 290 296 (-2048 -8016 448 ) (-2048 -7760 448 ) (-1280 -7760 448 ) (-1280 -8016 448 ) 
4 291 292 (-1472 -7488 320 ) (-1344 -7488 320 ) (-1344 -7488 448 ) (-1472 -7488 448 ) 
4 292 293 (-1472 -7616 320 ) (-1344 -7616 320 ) (-1344 -7616 448 ) (-1472 -7616 448 ) 
4 292 294 (-1600 -7616 320 ) (-1472 -7616 320 ) (-1472 -7616 448 ) (-1600 -7616 448 ) 
4 293 294 (-1472 -7616 448 ) (-1472 -7616 320 ) (-1472 -7744 320 ) (-1472 -7744 448 ) 
4 294 296 (-1600 -7760 320 ) (-1472 -7760 320 ) (-1472 -7760 448 ) (-1600 -7760 448 ) 
4 295 296 (-1920 -7760 320 ) (-1664 -7760 320 ) (-1664 -7760 448 ) (-1920 -7760 448 ) 
4 296 327 (-2048 -7952 448 ) (-2048 -7824 448 ) (-2048 -7824 320 ) (-2048 -7952 320 ) 
4 297 303 (-3072 -5120 3392 ) (-3072 -5120 1728 ) (-3072 -5184 1728 ) (-3072 -5184 3392 ) 
4 297 302 (-2048 -5184 1728 ) (-2048 -5184 3392 ) (-3072 -5184 3392 ) (-3072 -5184 1728 ) 
4 297 298 (-2176 -5184 1728 ) (-2560 -5184 1728 ) (-2528 -5120 1728 ) (-2208 -5120 1728 ) 
4 298 302 (-2176 -5184 1728 ) (-2560 -5184 1728 ) (-2560 -5184 1472 ) (-2176 -5184 1472 ) 
4 298 299 (-2176 -5184 1472 ) (-2560 -5184 1472 ) (-2528 -5120 1472 ) (-2208 -5120 1472 ) 
4 299 305 (-3072 -5120 1472 ) (-3072 -5120 320 ) (-3072 -5184 320 ) (-3072 -5184 1472 ) 
4 299 302 (-2048 -5184 320 ) (-2048 -5184 1472 ) (-3072 -5184 1472 ) (-3072 -5184 320 ) 
4 299 300 (-2176 -5184 320 ) (-2560 -5184 320 ) (-2528 -5120 320 ) (-2208 -5120 320 ) 
4 300 302 (-2176 -5184 320 ) (-2560 -5184 320 ) (-2560 -5184 64 ) (-2176 -5184 64 ) 
4 300 301 (-2176 -5184 64 ) (-2560 -5184 64 ) (-2528 -5120 64 ) (-2208 -5120 64 ) 
4 301 307 (-3072 -5120 64 ) (-3072 -5120 -1856 ) (-3072 -5184 -2112 ) (-3072 -5184 64 ) 
4 301 302 (-2048 -5184 -2112 ) (-2048 -5184 64 ) (-3072 -5184 64 ) (-3072 -5184 -2112 ) 
4 302 320 (-3068 -6144 -192 ) (-3072 -6144 -192 ) (-3072 -6144 -2112 ) (-3068 -6144 -2112 ) 
4 302 319 (-2048 -6144 -2112 ) (-2048 -6144 -192 ) (-3068 -6144 -192 ) (-3068 -6144 -2112 ) 
4 302 318 (-2048 -6144 -192 ) (-2048 -6144 64 ) (-3072 -6144 64 ) (-3072 -6144 -192 ) 
4 302 316 (-2048 -6144 64 ) (-2048 -6144 320 ) (-3072 -6144 320 ) (-3072 -6144 64 ) 
4 302 315 (-2048 -6144 320 ) (-2048 -6144 1216 ) (-3072 -6144 1216 ) (-3072 -6144 320 ) 
4 302 314 (-2048 -6144 1216 ) (-2048 -6144 1472 ) (-3072 -6144 1472 ) (-3072 -6144 1216 ) 
4 302 312 (-2048 -6144 1472 ) (-2048 -6144 1728 ) (-3072 -6144 1728 ) (-3072 -6144 1472 ) 
4 302 311 (-2048 -6144 1728 ) (-2048 -6144 1984 ) (-3072 -6144 1984 ) (-3072 -6144 1728 ) 
4 302 309 (-2048 -6144 1984 ) (-2048 -6144 3392 ) (-3072 -6144 3392 ) (-3072 -6144 1984 ) 
4 302 308 (-3072 -6144 -2112 ) (-3072 -6144 3392 ) (-3072 -5184 3392 ) (-3072 -5184 -2112 ) 
4 303 308 (-3776 -5184 3392 ) (-3776 -5184 1728 ) (-3072 -5184 1728 ) (-3072 -5184 3392 ) 
4 303 304 (-3456 -5184 1728 ) (-3776 -5184 1728 ) (-3776 -5120 1728 ) (-3488 -5120 1728 ) 
4 304 308 (-3776 -5184 1728 ) (-3776 -5184 1472 ) (-3456 -5184 1472 ) (-3456 -5184 1728 ) 
4 304 305 (-3456 -5184 1472 ) (-3776 -5184 1472 ) (-3776 -5120 1472 ) (-3488 -5120 1472 ) 
4 305 308 (-3776 -5184 1472 ) (-3776 -5184 320 ) (-3072 -5184 320 ) (-3072 -5184 1472 ) 
4 305 306 (-3392 -5184 320 ) (-3776 -5184 320 ) (-3776 -5120 320 ) (-3424 -5120 320 ) 
4 306 308 (-3776 -5184 320 ) (-3776 -5184 64 ) (-3392 -5184 64 ) (-3392 -5184 320 ) 
4 306 307 (-3392 -5184 64 ) (-3776 -5184 64 ) (-3776 -5120 64 ) (-3424 -5120 64 ) 
4 307 308 (-3776 -5184 64 ) (-3776 -5184 -2112 ) (-3072 -5184 -2112 ) (-3072 -5184 64 ) 
4 308 342 (-3072 -6144 -2112 ) (-3072 -6144 -192 ) (-3776 -6144 -192 ) (-3776 -6144 -2112 ) 
4 308 340 (-3072 -6144 -192 ) (-3072 -6144 320 ) (-3776 -6144 320 ) (-3776 -6144 -192 ) 
4 308 335 (-3072 -6144 1216 ) (-3072 -6144 3392 ) (-3776 -6144 3392 ) (-3776 -6144 1216 ) 
4 308 339 (-3072 -6144 320 ) (-3072 -6144 1216 ) (-3776 -6144 1216 ) (-3776 -6144 320 ) 
4 309 335 (-3072 -6144 3392 ) (-3072 -6144 1984 ) (-3072 -6720 1984 ) (-3072 -6720 3392 ) 
4 309 311 (-3072 -6720 1984 ) (-3072 -6144 1984 ) (-2048 -6144 1984 ) (-2048 -6720 1984 ) 
4 309 310 (-3072 -6720 1984 ) (-2048 -6720 1984 ) (-2048 -6720 2880.002197 ) (-3072 -6720 2880.002197 ) 
4 310 336 (-3072 -6720 1984 ) (-3072 -6784 1984 ) (-3072 -6784 2624.001221 ) (-3072 -6720 2880.002197 ) 
4 310 311 (-3072 -6784 1984 ) (-3072 -6720 1984 ) (-2048 -6720 1984 ) (-2048 -6784 1984 ) 
3 311 336 (-3072 -6720 1728 ) (-3072 -6784 1984 ) (-3072 -6720 1984 ) 
4 311 335 (-3072 -6144 1984 ) (-3072 -6144 1728 ) (-3072 -6720 1728 ) (-3072 -6720 1984 ) 
4 311 313 (-3072 -6720 1728 ) (-3072 -6592 1728 ) (-2688 -6592 1728 ) (-2752 -6720 1728 ) 
4 311 312 (-3072 -6592 1728 ) (-3072 -6144 1728 ) (-2048 -6144 1728 ) (-2048 -6592 1728 ) 
4 312 335 (-3072 -6144 1728 ) (-3072 -6144 1472 ) (-3072 -6592 1472 ) (-3072 -6592 1728 ) 
4 312 314 (-3072 -6592 1472 ) (-3072 -6144 1472 ) (-2048 -6144 1472 ) (-2048 -6592 1472 ) 
4 312 313 (-3072 -6592 1472 ) (-2688 -6592 1472 ) (-2688 -6592 1728 ) (-3072 -6592 1728 ) 
3 313 337 (-3072 -6656 1472 ) (-3072 -6720 1472 ) (-3072 -6720 1728 ) 
4 313 335 (-3072 -6592 1472 ) (-3072 -6656 1472 ) (-3072 -6720 1728 ) (-3072 -6592 1728 ) 
4 313 314 (-3072 -6720 1472 ) (-3072 -6592 1472 ) (-2688 -6592 1472 ) (-2752 -6720 1472 ) 
3 314 338 (-3072 -6720 1216 ) (-3072 -6784 1216 ) (-3072 -6720 1472 ) 
4 314 337 (-3072 -6592 1216 ) (-3072 -6720 1216 ) (-3072 -6720 1472 ) (-3072 -6656 1472 ) 
4 314 335 (-3072 -6144 1472 ) (-3072 -6144 1216 ) (-3072 -6592 1216 ) (-3072 -6656 1472 ) 
4 314 315 (-3072 -6784 1216 ) (-3072 -6144 1216 ) (-2048 -6144 1216 ) (-2048 -6784 1216 ) 
5 315 339 (-3072 -6144 1216 ) (-3072 -6144 320 ) (-3072 -6720 320 ) (-3072 -6784 576 ) (-3072 -6784 1216 ) 
4 315 317 (-3072 -6720 320 ) (-3072 -6592 320 ) (-2688 -6592 320 ) (-2752 -6720 320 ) 
4 315 316 (-3072 -6592 320 ) (-3072 -6144 320 ) (-2048 -6144 320 ) (-2048 -6592 320 ) 
4 316 340 (-3072 -6144 320 ) (-3072 -6144 64 ) (-3072 -6592 64 ) (-3072 -6592 320 ) 
4 316 318 (-3072 -6592 64 ) (-3072 -6144 64 ) (-2048 -6144 64 ) (-2048 -6592 64 ) 
4 316 317 (-3072 -6592 64 ) (-2688 -6592 64 ) (-2688 -6592 320 ) (-3072 -6592 320 ) 
4 317 340 (-3072 -6592 64 ) (-3072 -6720 64 ) (-3072 -6720 320 ) (-3072 -6592 320 ) 
4 317 318 (-3072 -6720 64 ) (-3072 -6592 64 ) (-2688 -6592 64 ) (-2752 -6720 64 ) 
3 318 341 (-3072 -6720 -192 ) (-3072 -6784 -192 ) (-3072 -6720 64 ) 
4 318 340 (-3072 -6144 64 ) (-3072 -6144 -192 ) (-3072 -6720 -192 ) (-3072 -6720 64 ) 
4 318 322 (-3072 -6784 -192 ) (-3072 -6468 -192 ) (-2048 -6468 -192 ) (-2048 -6784 -192 ) 
4 318 321 (-3072 -6468 -192 ) (-3072 -6464 -192 ) (-3068 -6464 -192 ) (-3068 -6468 -192 ) 
4 318 320 (-3072 -6464 -192 ) (-3072 -6144 -192 ) (-3068 -6144 -192 ) (-3068 -6464 -192 ) 
4 318 319 (-3068 -6144 -192 ) (-2048 -6144 -192 ) (-2048 -6468 -192 ) (-3068 -6468 -192 ) 
4 319 323 (-3068 -6468 -2112 ) (-2048 -6468 -2112 ) (-2048 -6468 -2095.998779 ) (-3068 -6468 -2095.998779 ) 
4 319 322 (-2048 -6468 -2095.998779 ) (-2048 -6468 -192 ) (-3068 -6468 -192 ) (-3068 -6468 -2095.998779 ) 
4 319 321 (-3068 -6468 -208 ) (-3068 -6468 -192 ) (-3068 -6464 -192 ) (-3068 -6464 -208 ) 
4 319 320 (-3068 -6144 -2112 ) (-3068 -6464 -2112 ) (-3068 -6464 -192 ) (-3068 -6144 -192 ) 
4 320 342 (-3072 -6144 -192 ) (-3072 -6144 -2112 ) (-3072 -6464 -2112 ) (-3072 -6464 -192 ) 
4 320 321 (-3068 -6464 -208 ) (-3068 -6464 -192 ) (-3072 -6464 -192 ) (-3072 -6464 -208 ) 
4 321 342 (-3072 -6468 -208 ) (-3072 -6468 -192 ) (-3072 -6464 -192 ) (-3072 -6464 -208 ) 
4 321 322 (-3068 -6468 -208 ) (-3068 -6468 -192 ) (-3072 -6468 -192 ) (-3072 -6468 -208 ) 
4 322 342 (-3072 -6784 -832 ) (-3072 -6784 -192 ) (-3072 -6468 -192 ) (-3072 -6468 -2095.998779 ) 
4 322 323 (-3072 -6468 -2095.998047 ) (-2048 -6468 -2095.998047 ) (-2048 -6720 -1087.997803 ) (-3072 -6720 -1087.997925 ) 
5 323 343 (-3072 -6468 -2112 ) (-3072 -6592 -2112 ) (-3072 -6720 -1599.998779 ) (-3072 -6720 -1088 ) (-3072 -6468 -2095.998779 ) 
4 324 329 (-2704 -7616 448 ) (-2704 -7488 448 ) (-2320 -7488 448 ) (-2320 -7616 448 ) 
4 324 325 (-2448 -7616 448 ) (-2320 -7616 448 ) (-2320 -7616 576 ) (-2448 -7616 576 ) 
4 325 330 (-2320 -7760 448 ) (-2448 -7760 448 ) (-2448 -7616 448 ) (-2320 -7616 448 ) 
4 325 326 (-2448 -7760 448 ) (-2320 -7760 448 ) (-2320 -7760 576 ) (-2448 -7760 576 ) 
4 326 331 (-2704 -8016 448 ) (-2704 -7760 448 ) (-2448 -7760 448 ) (-2448 -8016 448 ) 
4 326 330 (-2448 -7760 448 ) (-2320 -7760 448 ) (-2320 -8016 448 ) (-2448 -8016 448 ) 
4 326 328 (-2320 -7760 448 ) (-2064 -7760 448 ) (-2064 -8016 448 ) (-2320 -8016 448 ) 
4 327 328 (-2064 -7824 320 ) (-2064 -7952 320 ) (-2064 -7952 448 ) (-2064 -7824 448 ) 
4 328 330 (-2320 -7760 320 ) (-2320 -8016 320 ) (-2320 -8016 448 ) (-2320 -7760 448 ) 
4 329 330 (-2448 -7616 320 ) (-2320 -7616 320 ) (-2320 -7616 448 ) (-2448 -7616 448 ) 
4 330 332 (-2384 -8016 368 ) (-2384 -8016 416 ) (-2448 -8016 416 ) (-2448 -8016 368 ) 
4 330 331 (-2448 -7760 320 ) (-2448 -8016 320 ) (-2448 -8016 448 ) (-2448 -7760 448 ) 
4 332 333 (-2384 -8032 368 ) (-2384 -8032 416 ) (-2448 -8032 416 ) (-2448 -8032 368 ) 
4 333 345 (-3072 -8160 448 ) (-3072 -8032 448 ) (-3072 -8032 320 ) (-3072 -8160 320 ) 
4 333 334 (-2832 -8160 320 ) (-2576 -8160 320 ) (-2576 -8160 448 ) (-2832 -8160 448 ) 
4 334 353 (-2576 -8192 448 ) (-2832 -8192 448 ) (-2832 -8192 320 ) (-2576 -8192 320 ) 
4 335 337 (-3776 -6592 1216 ) (-3072 -6592 1216 ) (-3072 -6720 1728.004150 ) (-3776 -6720 1728.004028 ) 
4 335 336 (-3776 -6720 1727.998169 ) (-3072 -6720 1727.998169 ) (-3072 -6720 2880.001953 ) (-3776 -6720 2880.001953 ) 
4 335 339 (-3776 -6592 1216 ) (-3776 -6144 1216 ) (-3072 -6144 1216 ) (-3072 -6592 1216 ) 
4 337 338 (-3776 -6720 1216 ) (-3072 -6720 1216 ) (-3072 -6720 1472.001099 ) (-3776 -6720 1472.001099 ) 
4 337 339 (-3776 -6720 1216 ) (-3776 -6592 1216 ) (-3072 -6592 1216 ) (-3072 -6720 1216 ) 
4 338 339 (-3072 -6784 1216 ) (-3776 -6784 1216 ) (-3776 -6720 1216 ) (-3072 -6720 1216 ) 
4 339 340 (-3776 -6720 320 ) (-3776 -6144 320 ) (-3072 -6144 320 ) (-3072 -6720 320 ) 
4 340 342 (-3776 -6720 -192 ) (-3776 -6144 -192 ) (-3072 -6144 -192 ) (-3072 -6720 -192 ) 
4 340 341 (-3776 -6720 -192 ) (-3072 -6720 -192 ) (-3072 -6720 64.001007 ) (-3776 -6720 64.001007 ) 
4 341 342 (-3072 -6784 -192 ) (-3776 -6784 -192 ) (-3776 -6720 -192 ) (-3072 -6720 -192 ) 
4 342 343 (-3776 -6464 -2112 ) (-3072 -6464 -2112 ) (-3072 -6720 -1087.997925 ) (-3776 -6720 -1087.997925 ) 
4 344 347 (-3440 -8160 512 ) (-3392 -8160 512 ) (-3392 -8160 704 ) (-3440 -8160 704 ) 
4 345 346 (-3216 -8160 448 ) (-3344 -8160 448 ) (-3344 -8160 320 ) (-3216 -8160 320 ) 
4 346 349 (-3216 -8176 320 ) (-3216 -8176 448 ) (-3344 -8176 448 ) (-3344 -8176 320 ) 
4 347 350 (-3392 -8176 704 ) (-3440 -8176 704 ) (-3440 -8176 512 ) (-3392 -8176 512 ) 
4 348 413 (-3216 -8192 768 ) (-3216 -8192 896 ) (-3344 -8192 896 ) (-3344 -8192 768 ) 
4 349 419 (-3216 -8192 320 ) (-3216 -8192 512 ) (-3344 -8192 512 ) (-3344 -8192 320 ) 
4 349 415 (-3216 -8192 512 ) (-3216 -8192 704 ) (-3344 -8192 704 ) (-3344 -8192 512 ) 
4 349 350 (-3344 -8176 704 ) (-3344 -8176 512 ) (-3344 -8192 512 ) (-3344 -8192 704 ) 
4 350 416 (-3344 -8192 512 ) (-3344 -8192 704 ) (-3440 -8192 704 ) (-3440 -8192 512 ) 
4 351 352 (-2880 -8560 704 ) (-2880 -8560 512 ) (-2752 -8560 512 ) (-2752 -8560 704 ) 
4 352 359 (-2880 -8832 512 ) (-2752 -8832 512 ) (-2752 -8832 704 ) (-2880 -8832 704 ) 
5 354 355 (-2560 -8896 704 ) (-2560 -9088 896 ) (-2560 -9088 1344 ) (-2560 -9024 1344 ) (-2560 -8896 1216 ) 
4 355 360 (-2584 -9184 1320 ) (-2584 -9184 1664 ) (-2584 -8832 1664 ) (-2584 -8832 1320 ) 
4 355 359 (-2584 -8832 512 ) (-2584 -9184 512 ) (-2584 -9184 1320 ) (-2584 -8832 1320 ) 
4 355 357 (-2584 -9184 848 ) (-2584 -9184 512 ) (-2560 -9184 512 ) (-2560 -9184 768 ) 
4 355 356 (-2584 -9184 1664 ) (-2584 -9184 1432 ) (-2560 -9184 1576 ) (-2560 -9184 1664 ) 
4 356 360 (-2584 -9192 1432 ) (-2584 -9192 1664 ) (-2584 -9184 1664 ) (-2584 -9184 1432 ) 
4 356 358 (-2584 -9192 1664 ) (-2584 -9192 1432 ) (-2560 -9192 1576 ) (-2560 -9192 1664 ) 
4 357 359 (-2584 -9184 512 ) (-2584 -9192 512 ) (-2584 -9192 848 ) (-2584 -9184 848 ) 
4 357 358 (-2584 -9192 848 ) (-2584 -9192 512 ) (-2560 -9192 512 ) (-2560 -9192 768 ) 
4 358 372 (-2560 -9216 512 ) (-2560 -9216 768 ) (-2584 -9216 768 ) (-2584 -9216 512 ) 
4 358 370 (-2560 -9216 768 ) (-2560 -9216 896 ) (-2584 -9216 896 ) (-2584 -9216 768 ) 
4 358 365 (-2560 -9216 896 ) (-2560 -9216 1664 ) (-2584 -9216 1664 ) (-2584 -9216 896 ) 
4 358 360 (-2584 -9216 1320 ) (-2584 -9216 1664 ) (-2584 -9192 1664 ) (-2584 -9192 1320 ) 
4 358 359 (-2584 -9192 512 ) (-2584 -9216 512 ) (-2584 -9216 1320 ) (-2584 -9192 1320 ) 
4 359 409 (-3072 -9088 624 ) (-3072 -9088 576 ) (-3072 -9152 576 ) (-3072 -9152 624 ) 
4 359 372 (-3072 -9216 768 ) (-3072 -9216 512 ) (-2584 -9216 512 ) (-2584 -9216 768 ) 
5 359 370 (-3072 -9216 832 ) (-3072 -9216 768 ) (-2584 -9216 768 ) (-2584 -9216 896 ) (-3008 -9216 896 ) 
3 359 368 (-2748 -9216 1156 ) (-3008 -9216 896 ) (-2748 -9216 896 ) 
4 359 366 (-2628 -9216 1276 ) (-2748 -9216 1156 ) (-2748 -9216 896 ) (-2628 -9216 896 ) 
4 359 365 (-2584 -9216 896 ) (-2584 -9216 1320 ) (-2628 -9216 1276 ) (-2628 -9216 896 ) 
4 359 360 (-3008 -9216 896 ) (-2584 -9216 1320 ) (-2584 -8832 1320 ) (-3008 -8832 896 ) 
4 360 368 (-2748 -9216 1664 ) (-3008 -9216 1664 ) (-3008 -9216 896 ) (-2748 -9216 1156 ) 
4 360 366 (-2628 -9216 1664 ) (-2748 -9216 1664 ) (-2748 -9216 1156 ) (-2628 -9216 1276 ) 
4 360 365 (-2584 -9216 1664 ) (-2628 -9216 1664 ) (-2628 -9216 1276 ) (-2584 -9216 1320 ) 
4 361 372 (-2560 -9216 768 ) (-2560 -9216 704 ) (-2560 -9312 704 ) (-2560 -9312 768 ) 
4 361 370 (-2560 -9216 896 ) (-2560 -9216 768 ) (-2560 -9312 768 ) (-2560 -9312 896 ) 
5 361 365 (-2560 -9216 1216 ) (-2560 -9216 896 ) (-2560 -9312 896 ) (-2560 -9312 1280 ) (-2560 -9280 1280 ) 
4 361 362 (-2560 -9312 704 ) (-2496 -9312 704 ) (-2496 -9312 1280 ) (-2560 -9312 1280 ) 
5 362 372 (-2560 -9312 704 ) (-2560 -9344 704 ) (-2560 -9376 736 ) (-2560 -9376 768 ) (-2560 -9312 768 ) 
4 362 370 (-2560 -9376 768 ) (-2560 -9376 896 ) (-2560 -9312 896 ) (-2560 -9312 768 ) 
4 362 365 (-2560 -9376 896 ) (-2560 -9376 1408 ) (-2560 -9312 1408 ) (-2560 -9312 896 ) 
4 362 363 (-2560 -9376 735.998108 ) (-2496 -9376 735.998108 ) (-2496 -9376 1280 ) (-2560 -9376 1280 ) 
3 363 372 (-2560 -9376 736 ) (-2560 -9408 768 ) (-2560 -9376 768 ) 
4 363 370 (-2560 -9408 768 ) (-2560 -9408 896 ) (-2560 -9376 896 ) (-2560 -9376 768 ) 
4 363 365 (-2560 -9408 896 ) (-2560 -9408 1248 ) (-2560 -9376 1280 ) (-2560 -9376 896 ) 
4 364 372 (-2560 -9536 768 ) (-2560 -9536 704 ) (-2560 -9664 704 ) (-2560 -9664 768 ) 
4 364 370 (-2560 -9536 896 ) (-2560 -9536 768 ) (-2560 -9664 768 ) (-2560 -9664 896 ) 
4 364 365 (-2560 -9536 1344 ) (-2560 -9536 896 ) (-2560 -9664 896 ) (-2560 -9664 1216 ) 
4 365 370 (-2560 -9216 896 ) (-2560 -9728 896 ) (-2628 -9728 896 ) (-2628 -9216 896 ) 
4 365 366 (-2628 -9216 896 ) (-2628 -9728 896 ) (-2628 -9728 1664 ) (-2628 -9216 1664 ) 
4 366 370 (-2748 -9728 896 ) (-2748 -9216 896 ) (-2628 -9216 896 ) (-2628 -9728 896 ) 
4 366 368 (-2748 -9216 896 ) (-2748 -9728 896 ) (-2748 -9728 1664 ) (-2748 -9216 1664 ) 
4 367 371 (-2628 -9948 896 ) (-2748 -9948 896 ) (-2748 -9892 896 ) (-2628 -9892 896 ) 
4 368 370 (-3008 -9728 896 ) (-3008 -9216 896 ) (-2748 -9216 896 ) (-2748 -9728 896 ) 
4 369 371 (-3004 -9948 896 ) (-3004 -9892 896 ) (-2884 -9892 896 ) (-2884 -9948 896 ) 
4 370 422 (-3072 -9344 768 ) (-3072 -9600 768 ) (-3072 -9600 832 ) (-3072 -9344 832 ) 
4 370 372 (-2560 -9216 768 ) (-2560 -9728 768 ) (-3072 -9728 768 ) (-3072 -9216 768 ) 
4 371 428 (-2560 -10240 768 ) (-2560 -10240 896 ) (-3072 -10240 896 ) (-3072 -10240 768 ) 
4 371 394 (-2576 -10240 768 ) (-3072 -10240 768 ) (-3072 -10208 768 ) (-2576 -10208 768 ) 
4 371 393 (-2560 -10208 768 ) (-2560 -10240 768 ) (-2576 -10240 768 ) (-2576 -10208 768 ) 
4 371 377 (-2576 -10080 768 ) (-3072 -10080 768 ) (-3072 -9952 768 ) (-2576 -9952 768 ) 
4 371 376 (-2560 -9952 768 ) (-2560 -10080 768 ) (-2576 -10080 768 ) (-2576 -9952 768 ) 
4 371 373 (-2560 -9888 768 ) (-2560 -9952 768 ) (-3072 -9952 768 ) (-3072 -9888 768 ) 
4 371 372 (-2560 -9824 768 ) (-2560 -9888 768 ) (-3072 -9888 768 ) (-3072 -9824 768 ) 
4 371 392 (-2560 -10080 768 ) (-2560 -10208 768 ) (-3072 -10208 768 ) (-3072 -10080 768 ) 
4 372 422 (-3072 -9600 768 ) (-3072 -9344 768 ) (-3072 -9344 640 ) (-3072 -9600 640 ) 
4 372 390 (-3056 -9888 640 ) (-3072 -9888 640 ) (-3072 -9888 624 ) (-3056 -9888 624 ) 
4 372 389 (-2560 -9888 624 ) (-2560 -9888 640 ) (-3056 -9888 640 ) (-3056 -9888 624 ) 
4 372 383 (-3056 -9888 672 ) (-3072 -9888 672 ) (-3072 -9888 640 ) (-3056 -9888 640 ) 
4 372 382 (-2560 -9888 640 ) (-2560 -9888 672 ) (-3056 -9888 672 ) (-3056 -9888 640 ) 
4 372 381 (-2560 -9888 672 ) (-2560 -9888 704 ) (-3072 -9888 704 ) (-3072 -9888 672 ) 
4 372 375 (-3056 -9888 752 ) (-3072 -9888 752 ) (-3072 -9888 704 ) (-3056 -9888 704 ) 
4 372 374 (-2560 -9888 704 ) (-2560 -9888 752 ) (-3056 -9888 752 ) (-3056 -9888 704 ) 
4 372 373 (-2560 -9888 752 ) (-2560 -9888 768 ) (-3072 -9888 768 ) (-3072 -9888 752 ) 
4 372 391 (-3072 -9888 512 ) (-2560 -9888 512 ) (-2560 -9888 624 ) (-3072 -9888 624 ) 
4 373 377 (-2576 -9952 768 ) (-3072 -9952 768 ) (-3072 -9952 752 ) (-2576 -9952 752 ) 
4 373 376 (-2560 -9952 752 ) (-2560 -9952 768 ) (-2576 -9952 768 ) (-2576 -9952 752 ) 
4 373 375 (-3056 -9952 752 ) (-3072 -9952 752 ) (-3072 -9888 752 ) (-3056 -9888 752 ) 
4 373 374 (-2560 -9952 752 ) (-3056 -9952 752 ) (-3056 -9888 752 ) (-2560 -9888 752 ) 
4 374 381 (-3056 -9888 704 ) (-2560 -9888 704 ) (-2560 -9952 704 ) (-3056 -9952 704 ) 
4 374 379 (-3056 -9952 704 ) (-2576 -9952 704 ) (-2576 -9952 752 ) (-3056 -9952 752 ) 
4 374 378 (-2576 -9952 704 ) (-2560 -9952 704 ) (-2560 -9952 752 ) (-2576 -9952 752 ) 
4 374 375 (-3056 -9888 704 ) (-3056 -9952 704 ) (-3056 -9952 752 ) (-3056 -9888 752 ) 
4 375 381 (-3072 -9952 704 ) (-3072 -9888 704 ) (-3056 -9888 704 ) (-3056 -9952 704 ) 
4 375 380 (-3072 -9952 704 ) (-3056 -9952 704 ) (-3056 -9952 752 ) (-3072 -9952 752 ) 
4 376 378 (-2560 -10080 752 ) (-2576 -10080 752 ) (-2576 -9952 752 ) (-2560 -9952 752 ) 
4 376 392 (-2560 -10080 752 ) (-2560 -10080 768 ) (-2576 -10080 768 ) (-2576 -10080 752 ) 
4 376 377 (-2576 -9952 768 ) (-2576 -9952 752 ) (-2576 -10080 752 ) (-2576 -10080 768 ) 
4 377 379 (-2576 -10080 752 ) (-3056 -10080 752 ) (-3056 -9952 752 ) (-2576 -9952 752 ) 
4 377 380 (-3056 -10080 752 ) (-3072 -10080 752 ) (-3072 -9952 752 ) (-3056 -9952 752 ) 
4 377 392 (-2576 -10080 768 ) (-3072 -10080 768 ) (-3072 -10080 752 ) (-2576 -10080 752 ) 
4 378 384 (-2560 -10080 704 ) (-2576 -10080 704 ) (-2576 -9952 704 ) (-2560 -9952 704 ) 
4 378 392 (-2560 -10080 704 ) (-2560 -10080 752 ) (-2576 -10080 752 ) (-2576 -10080 704 ) 
4 378 379 (-2576 -10080 752 ) (-2576 -9952 752 ) (-2576 -9952 704 ) (-2576 -10080 704 ) 
4 379 385 (-2576 -10080 704 ) (-3056 -10080 704 ) (-3056 -9952 704 ) (-2576 -9952 704 ) 
4 379 380 (-3056 -10080 752 ) (-3056 -9952 752 ) (-3056 -9952 704 ) (-3056 -10080 704 ) 
4 379 392 (-2576 -10080 752 ) (-3056 -10080 752 ) (-3056 -10080 704 ) (-2576 -10080 704 ) 
4 380 385 (-3056 -10080 704 ) (-3072 -10080 704 ) (-3072 -9952 704 ) (-3056 -9952 704 ) 
4 380 392 (-3056 -10080 752 ) (-3072 -10080 752 ) (-3072 -10080 704 ) (-3056 -10080 704 ) 
4 381 385 (-2576 -9952 704 ) (-3072 -9952 704 ) (-3072 -9952 672 ) (-2576 -9952 672 ) 
4 381 384 (-2560 -9952 672 ) (-2560 -9952 704 ) (-2576 -9952 704 ) (-2576 -9952 672 ) 
4 381 383 (-3056 -9952 672 ) (-3072 -9952 672 ) (-3072 -9888 672 ) (-3056 -9888 672 ) 
4 381 382 (-2560 -9952 672 ) (-3056 -9952 672 ) (-3056 -9888 672 ) (-2560 -9888 672 ) 
4 382 389 (-3056 -9888 640 ) (-2560 -9888 640 ) (-2560 -9952 640 ) (-3056 -9952 640 ) 
4 382 387 (-3056 -9952 640 ) (-2576 -9952 640 ) (-2576 -9952 672 ) (-3056 -9952 672 ) 
4 382 386 (-2576 -9952 640 ) (-2560 -9952 640 ) (-2560 -9952 672 ) (-2576 -9952 672 ) 
4 382 383 (-3056 -9888 640 ) (-3056 -9952 640 ) (-3056 -9952 672 ) (-3056 -9888 672 ) 
4 383 390 (-3072 -9952 640 ) (-3072 -9888 640 ) (-3056 -9888 640 ) (-3056 -9952 640 ) 
4 383 388 (-3072 -9952 640 ) (-3056 -9952 640 ) (-3056 -9952 672 ) (-3072 -9952 672 ) 
4 384 386 (-2560 -10080 672 ) (-2576 -10080 672 ) (-2576 -9952 672 ) (-2560 -9952 672 ) 
4 384 392 (-2560 -10080 672 ) (-2560 -10080 704 ) (-2576 -10080 704 ) (-2576 -10080 672 ) 
4 384 385 (-2576 -9952 704 ) (-2576 -9952 672 ) (-2576 -10080 672 ) (-2576 -10080 704 ) 
4 385 387 (-2576 -10080 672 ) (-3056 -10080 672 ) (-3056 -9952 672 ) (-2576 -9952 672 ) 
4 385 388 (-3056 -10080 672 ) (-3072 -10080 672 ) (-3072 -9952 672 ) (-3056 -9952 672 ) 
4 385 392 (-2576 -10080 704 ) (-3072 -10080 704 ) (-3072 -10080 672 ) (-2576 -10080 672 ) 
4 386 389 (-2560 -10080 640 ) (-2576 -10080 640 ) (-2576 -9952 640 ) (-2560 -9952 640 ) 
4 386 392 (-2560 -10080 640 ) (-2560 -10080 672 ) (-2576 -10080 672 ) (-2576 -10080 640 ) 
4 386 387 (-2576 -10080 672 ) (-2576 -9952 672 ) (-2576 -9952 640 ) (-2576 -10080 640 ) 
4 387 389 (-2576 -10080 640 ) (-3056 -10080 640 ) (-3056 -9952 640 ) (-2576 -9952 640 ) 
4 387 388 (-3056 -10080 672 ) (-3056 -9952 672 ) (-3056 -9952 640 ) (-3056 -10080 640 ) 
4 387 392 (-2576 -10080 672 ) (-3056 -10080 672 ) (-3056 -10080 640 ) (-2576 -10080 640 ) 
4 388 390 (-3056 -10080 640 ) (-3072 -10080 640 ) (-3072 -9952 640 ) (-3056 -9952 640 ) 
4 388 392 (-3056 -10080 672 ) (-3072 -10080 672 ) (-3072 -10080 640 ) (-3056 -10080 640 ) 
4 389 392 (-2560 -10080 624 ) (-2560 -10080 640 ) (-3056 -10080 640 ) (-3056 -10080 624 ) 
4 389 391 (-2560 -10080 624 ) (-3056 -10080 624 ) (-3056 -9888 624 ) (-2560 -9888 624 ) 
4 389 390 (-3056 -9888 624 ) (-3056 -10080 624 ) (-3056 -10080 640 ) (-3056 -9888 640 ) 
4 390 392 (-3056 -10080 640 ) (-3072 -10080 640 ) (-3072 -10080 624 ) (-3056 -10080 624 ) 
4 390 391 (-3056 -10080 624 ) (-3072 -10080 624 ) (-3072 -9888 624 ) (-3056 -9888 624 ) 
4 391 407 (-2944 -9888 512 ) (-2880 -9888 512 ) (-2880 -10016 512 ) (-2944 -10016 512 ) 
4 391 406 (-2624 -10016 512 ) (-2624 -10080 512 ) (-2752 -10080 512 ) (-2752 -10016 512 ) 
4 391 392 (-3072 -10080 512 ) (-2560 -10080 512 ) (-2560 -10080 624 ) (-3072 -10080 624 ) 
4 392 408 (-2880 -10144 512 ) (-2880 -10208 512 ) (-2944 -10208 512 ) (-2944 -10144 512 ) 
4 392 406 (-2752 -10080 512 ) (-2624 -10080 512 ) (-2624 -10208 512 ) (-2752 -10208 512 ) 
4 392 404 (-3056 -10208 640 ) (-3072 -10208 640 ) (-3072 -10208 624 ) (-3056 -10208 624 ) 
4 392 403 (-2560 -10208 624 ) (-2560 -10208 640 ) (-3056 -10208 640 ) (-3056 -10208 624 ) 
4 392 401 (-2576 -10208 672 ) (-3056 -10208 672 ) (-3056 -10208 640 ) (-2576 -10208 640 ) 
4 392 400 (-2560 -10208 640 ) (-2560 -10208 672 ) (-2576 -10208 672 ) (-2576 -10208 640 ) 
4 392 402 (-3056 -10208 672 ) (-3072 -10208 672 ) (-3072 -10208 640 ) (-3056 -10208 640 ) 
4 392 399 (-2576 -10208 704 ) (-3072 -10208 704 ) (-3072 -10208 672 ) (-2576 -10208 672 ) 
4 392 398 (-2560 -10208 672 ) (-2560 -10208 704 ) (-2576 -10208 704 ) (-2576 -10208 672 ) 
4 392 396 (-2576 -10208 752 ) (-3056 -10208 752 ) (-3056 -10208 704 ) (-2576 -10208 704 ) 
4 392 395 (-2560 -10208 704 ) (-2560 -10208 752 ) (-2576 -10208 752 ) (-2576 -10208 704 ) 
4 392 397 (-3056 -10208 752 ) (-3072 -10208 752 ) (-3072 -10208 704 ) (-3056 -10208 704 ) 
4 392 394 (-2576 -10208 768 ) (-3072 -10208 768 ) (-3072 -10208 752 ) (-2576 -10208 752 ) 
4 392 393 (-2560 -10208 752 ) (-2560 -10208 768 ) (-2576 -10208 768 ) (-2576 -10208 752 ) 
4 392 405 (-3072 -10208 512 ) (-2560 -10208 512 ) (-2560 -10208 624 ) (-3072 -10208 624 ) 
4 393 429 (-2560 -10240 752 ) (-2560 -10240 768 ) (-2576 -10240 768 ) (-2576 -10240 752 ) 
4 393 395 (-2576 -10208 752 ) (-2560 -10208 752 ) (-2560 -10240 752 ) (-2576 -10240 752 ) 
4 393 394 (-2576 -10208 768 ) (-2576 -10208 752 ) (-2576 -10240 752 ) (-2576 -10240 768 ) 
4 394 434 (-3008 -10240 768 ) (-3072 -10240 768 ) (-3072 -10240 752 ) (-3008 -10240 752 ) 
4 394 433 (-2624 -10240 768 ) (-3008 -10240 768 ) (-3008 -10240 752 ) (-2624 -10240 752 ) 
4 394 430 (-2576 -10240 768 ) (-2624 -10240 768 ) (-2624 -10240 752 ) (-2576 -10240 752 ) 
4 394 396 (-3056 -10208 752 ) (-2576 -10208 752 ) (-2576 -10240 752 ) (-3056 -10240 752 ) 
4 394 397 (-3072 -10208 752 ) (-3056 -10208 752 ) (-3056 -10240 752 ) (-3072 -10240 752 ) 
4 395 429 (-2560 -10240 704 ) (-2560 -10240 752 ) (-2576 -10240 752 ) (-2576 -10240 704 ) 
4 395 398 (-2576 -10208 704 ) (-2560 -10208 704 ) (-2560 -10240 704 ) (-2576 -10240 704 ) 
4 395 396 (-2576 -10208 704 ) (-2576 -10240 704 ) (-2576 -10240 752 ) (-2576 -10208 752 ) 
4 396 435 (-3008 -10240 752 ) (-3056 -10240 752 ) (-3056 -10240 704 ) (-3008 -10240 704 ) 
4 396 433 (-2624 -10240 752 ) (-3008 -10240 752 ) (-3008 -10240 704 ) (-2624 -10240 704 ) 
4 396 430 (-2576 -10240 752 ) (-2624 -10240 752 ) (-2624 -10240 704 ) (-2576 -10240 704 ) 
4 396 399 (-3056 -10208 704 ) (-2576 -10208 704 ) (-2576 -10240 704 ) (-3056 -10240 704 ) 
4 396 397 (-3056 -10208 704 ) (-3056 -10240 704 ) (-3056 -10240 752 ) (-3056 -10208 752 ) 
4 397 436 (-3056 -10240 752 ) (-3072 -10240 752 ) (-3072 -10240 704 ) (-3056 -10240 704 ) 
4 397 399 (-3072 -10240 704 ) (-3072 -10208 704 ) (-3056 -10208 704 ) (-3056 -10240 704 ) 
4 398 429 (-2560 -10240 672 ) (-2560 -10240 704 ) (-2576 -10240 704 ) (-2576 -10240 672 ) 
4 398 400 (-2576 -10208 672 ) (-2560 -10208 672 ) (-2560 -10240 672 ) (-2576 -10240 672 ) 
4 398 399 (-2576 -10208 672 ) (-2576 -10240 672 ) (-2576 -10240 704 ) (-2576 -10208 704 ) 
4 399 437 (-3008 -10240 704 ) (-3072 -10240 704 ) (-3072 -10240 672 ) (-3008 -10240 672 ) 
4 399 433 (-2624 -10240 704 ) (-3008 -10240 704 ) (-3008 -10240 672 ) (-2624 -10240 672 ) 
4 399 430 (-2576 -10240 704 ) (-2624 -10240 704 ) (-2624 -10240 672 ) (-2576 -10240 672 ) 
4 399 401 (-3056 -10208 672 ) (-2576 -10208 672 ) (-2576 -10240 672 ) (-3056 -10240 672 ) 
4 399 402 (-3072 -10208 672 ) (-3056 -10208 672 ) (-3056 -10240 672 ) (-3072 -10240 672 ) 
4 400 429 (-2560 -10240 640 ) (-2560 -10240 672 ) (-2576 -10240 672 ) (-2576 -10240 640 ) 
4 400 403 (-2576 -10208 640 ) (-2560 -10208 640 ) (-2560 -10240 640 ) (-2576 -10240 640 ) 
4 400 401 (-2576 -10208 640 ) (-2576 -10240 640 ) (-2576 -10240 672 ) (-2576 -10208 672 ) 
4 401 438 (-3008 -10240 672 ) (-3056 -10240 672 ) (-3056 -10240 640 ) (-3008 -10240 640 ) 
4 401 433 (-2624 -10240 672 ) (-3008 -10240 672 ) (-3008 -10240 640 ) (-2624 -10240 640 ) 
4 401 430 (-2576 -10240 672 ) (-2624 -10240 672 ) (-2624 -10240 640 ) (-2576 -10240 640 ) 
4 401 403 (-3056 -10208 640 ) (-2576 -10208 640 ) (-2576 -10240 640 ) (-3056 -10240 640 ) 
4 401 402 (-3056 -10208 640 ) (-3056 -10240 640 ) (-3056 -10240 672 ) (-3056 -10208 672 ) 
4 402 439 (-3056 -10240 672 ) (-3072 -10240 672 ) (-3072 -10240 640 ) (-3056 -10240 640 ) 
4 402 404 (-3072 -10240 640 ) (-3072 -10208 640 ) (-3056 -10208 640 ) (-3056 -10240 640 ) 
4 403 438 (-3008 -10240 640 ) (-3056 -10240 640 ) (-3056 -10240 624 ) (-3008 -10240 624 ) 
4 403 433 (-2624 -10240 640 ) (-3008 -10240 640 ) (-3008 -10240 624 ) (-2624 -10240 624 ) 
4 403 431 (-2560 -10240 624 ) (-2560 -10240 640 ) (-2624 -10240 640 ) (-2624 -10240 624 ) 
4 403 405 (-3056 -10208 624 ) (-2560 -10208 624 ) (-2560 -10240 624 ) (-3056 -10240 624 ) 
4 403 404 (-3056 -10208 624 ) (-3056 -10240 624 ) (-3056 -10240 640 ) (-3056 -10208 640 ) 
4 404 439 (-3056 -10240 640 ) (-3072 -10240 640 ) (-3072 -10240 624 ) (-3056 -10240 624 ) 
4 404 405 (-3072 -10208 624 ) (-3056 -10208 624 ) (-3056 -10240 624 ) (-3072 -10240 624 ) 
4 405 440 (-3008 -10240 624 ) (-3072 -10240 624 ) (-3072 -10240 512 ) (-3008 -10240 512 ) 
4 405 433 (-2624 -10240 624 ) (-3008 -10240 624 ) (-3008 -10240 512 ) (-2624 -10240 512 ) 
4 405 431 (-2560 -10240 512 ) (-2560 -10240 624 ) (-2624 -10240 624 ) (-2624 -10240 512 ) 
4 405 408 (-2944 -10208 512 ) (-2880 -10208 512 ) (-2880 -10240 512 ) (-2944 -10240 512 ) 
4 408 443 (-2880 -10240 448 ) (-2880 -10240 512 ) (-2944 -10240 512 ) (-2944 -10240 448 ) 
4 409 412 (-3088 -9152 576 ) (-3088 -9152 624 ) (-3088 -9088 624 ) (-3088 -9088 576 ) 
4 410 412 (-3216 -9024 704 ) (-3216 -8896 704 ) (-3152 -8896 704 ) (-3152 -9024 704 ) 
4 411 415 (-3216 -8560 576 ) (-3216 -8560 640 ) (-3216 -8304 640 ) (-3216 -8304 576 ) 
4 412 418 (-3216 -9024 704 ) (-3216 -8832 704 ) (-3216 -8832 512 ) (-3216 -9024 512 ) 
4 413 414 (-3344 -8624 768 ) (-3344 -8432 768 ) (-3216 -8432 768 ) (-3216 -8624 768 ) 
4 414 415 (-3216 -8432 704 ) (-3216 -8624 704 ) (-3344 -8624 704 ) (-3344 -8432 704 ) 
4 415 419 (-3344 -8192 512 ) (-3216 -8192 512 ) (-3216 -8688 512 ) (-3344 -8688 512 ) 
4 415 416 (-3344 -8192 512 ) (-3344 -8816 512 ) (-3344 -8816 704 ) (-3344 -8192 704 ) 
4 416 421 (-3344 -8456 512 ) (-3344 -8608 512 ) (-3368 -8560 512 ) (-3368 -8512 512 ) 
4 416 417 (-3440 -8816 704 ) (-3440 -8816 512 ) (-3344 -8816 512 ) (-3344 -8816 704 ) 
4 417 418 (-3440 -8832 704 ) (-3440 -8832 512 ) (-3344 -8832 512 ) (-3344 -8832 704 ) 
5 419 421 (-3344 -8608 512 ) (-3344 -8456 512 ) (-3344 -8456 320 ) (-3344 -8605.333984 320 ) (-3344 -8608 321.230072 ) 
4 419 420 (-3344 -8605.333984 320 ) (-3344 -8272 320 ) (-3216 -8272 320 ) (-3216 -8605.333984 320 ) 
3 420 421 (-3344 -8605.333984 320 ) (-3344 -8456 320 ) (-3344 -8456 251.076462 ) 
4 422 424 (-3088 -9472 640 ) (-3088 -9600 640 ) (-3088 -9600 832 ) (-3088 -9472 832 ) 
4 422 423 (-3088 -9344 640 ) (-3088 -9472 640 ) (-3088 -9472 832 ) (-3088 -9344 832 ) 
4 423 425 (-3616 -9344 832 ) (-3616 -9344 640 ) (-3616 -9472 640 ) (-3616 -9472 832 ) 
4 423 424 (-3344 -9472 640 ) (-3088 -9472 640 ) (-3088 -9472 832 ) (-3344 -9472 832 ) 
4 426 428 (-2628 -10332 896 ) (-2748 -10332 896 ) (-2748 -10276 896 ) (-2628 -10276 896 ) 
4 427 428 (-2884 -10276 896 ) (-2884 -10332 896 ) (-3004 -10332 896 ) (-3004 -10276 896 ) 
4 428 441 (-3072 -10464 768 ) (-3072 -10400 768 ) (-3008 -10400 768 ) (-3008 -10464 768 ) 
4 428 434 (-3072 -10400 768 ) (-3072 -10240 768 ) (-3008 -10240 768 ) (-3008 -10400 768 ) 
4 428 433 (-3008 -10240 768 ) (-2624 -10240 768 ) (-2624 -10464 768 ) (-3008 -10464 768 ) 
4 428 430 (-2624 -10240 768 ) (-2576 -10240 768 ) (-2576 -10336 768 ) (-2624 -10336 768 ) 
4 428 429 (-2576 -10240 768 ) (-2560 -10240 768 ) (-2560 -10336 768 ) (-2576 -10336 768 ) 
4 428 432 (-2560 -10336 768 ) (-2560 -10464 768 ) (-2624 -10464 768 ) (-2624 -10336 768 ) 
4 429 431 (-2560 -10336 640 ) (-2576 -10336 640 ) (-2576 -10240 640 ) (-2560 -10240 640 ) 
4 429 432 (-2576 -10336 640 ) (-2560 -10336 640 ) (-2560 -10336 768 ) (-2576 -10336 768 ) 
4 429 430 (-2576 -10240 640 ) (-2576 -10336 640 ) (-2576 -10336 768 ) (-2576 -10240 768 ) 
4 430 433 (-2624 -10336 640 ) (-2624 -10336 768 ) (-2624 -10240 768 ) (-2624 -10240 640 ) 
4 430 431 (-2576 -10336 640 ) (-2624 -10336 640 ) (-2624 -10240 640 ) (-2576 -10240 640 ) 
4 430 432 (-2624 -10336 768 ) (-2624 -10336 640 ) (-2576 -10336 640 ) (-2576 -10336 768 ) 
4 431 433 (-2624 -10240 512 ) (-2624 -10336 512 ) (-2624 -10336 640 ) (-2624 -10240 640 ) 
4 431 432 (-2624 -10336 640 ) (-2624 -10336 512 ) (-2560 -10336 512 ) (-2560 -10336 640 ) 
4 432 433 (-2624 -10336 512 ) (-2624 -10528 512 ) (-2624 -10528 768 ) (-2624 -10336 768 ) 
4 433 443 (-2944 -10240 512 ) (-2880 -10240 512 ) (-2880 -10272 512 ) (-2944 -10272 512 ) 
4 433 442 (-2624 -10336 512 ) (-2624 -10400 512 ) (-2752 -10400 512 ) (-2752 -10336 512 ) 
4 433 441 (-3008 -10400 512 ) (-3008 -10528 512 ) (-3008 -10528 768 ) (-3008 -10400 768 ) 
4 433 438 (-3008 -10400 624 ) (-3008 -10400 672 ) (-3008 -10240 672 ) (-3008 -10240 624 ) 
4 433 440 (-3008 -10240 512 ) (-3008 -10400 512 ) (-3008 -10400 624 ) (-3008 -10240 624 ) 
4 433 435 (-3008 -10400 704 ) (-3008 -10400 752 ) (-3008 -10240 752 ) (-3008 -10240 704 ) 
4 433 434 (-3008 -10400 752 ) (-3008 -10400 768 ) (-3008 -10240 768 ) (-3008 -10240 752 ) 
4 433 437 (-3008 -10400 672 ) (-3008 -10400 704 ) (-3008 -10240 704 ) (-3008 -10240 672 ) 
4 434 441 (-3008 -10400 752 ) (-3008 -10400 768 ) (-3072 -10400 768 ) (-3072 -10400 752 ) 
4 434 436 (-3056 -10400 752 ) (-3072 -10400 752 ) (-3072 -10240 752 ) (-3056 -10240 752 ) 
4 434 435 (-3008 -10400 752 ) (-3056 -10400 752 ) (-3056 -10240 752 ) (-3008 -10240 752 ) 
4 435 441 (-3008 -10400 704 ) (-3008 -10400 752 ) (-3056 -10400 752 ) (-3056 -10400 704 ) 
4 435 437 (-3008 -10400 704 ) (-3056 -10400 704 ) (-3056 -10240 704 ) (-3008 -10240 704 ) 
4 435 436 (-3056 -10240 704 ) (-3056 -10400 704 ) (-3056 -10400 752 ) (-3056 -10240 752 ) 
4 436 441 (-3056 -10400 752 ) (-3072 -10400 752 ) (-3072 -10400 704 ) (-3056 -10400 704 ) 
4 436 437 (-3056 -10400 704 ) (-3072 -10400 704 ) (-3072 -10240 704 ) (-3056 -10240 704 ) 
4 437 441 (-3008 -10400 672 ) (-3008 -10400 704 ) (-3072 -10400 704 ) (-3072 -10400 672 ) 
4 437 439 (-3056 -10400 672 ) (-3072 -10400 672 ) (-3072 -10240 672 ) (-3056 -10240 672 ) 
4 437 438 (-3008 -10400 672 ) (-3056 -10400 672 ) (-3056 -10240 672 ) (-3008 -10240 672 ) 
4 438 441 (-3008 -10400 624 ) (-3008 -10400 672 ) (-3056 -10400 672 ) (-3056 -10400 624 ) 
4 438 440 (-3008 -10400 624 ) (-3056 -10400 624 ) (-3056 -10240 624 ) (-3008 -10240 624 ) 
4 438 439 (-3056 -10240 624 ) (-3056 -10400 624 ) (-3056 -10400 672 ) (-3056 -10240 672 ) 
4 439 441 (-3056 -10400 672 ) (-3072 -10400 672 ) (-3072 -10400 624 ) (-3056 -10400 624 ) 
4 439 440 (-3056 -10400 624 ) (-3072 -10400 624 ) (-3072 -10240 624 ) (-3056 -10240 624 ) 
4 440 441 (-3072 -10400 512 ) (-3008 -10400 512 ) (-3008 -10400 624 ) (-3072 -10400 624 ) 
