PRT1
157
282
4 0 36 (2272 -1024 -2048 ) (2336 -1024 -2048 ) (2336 -1024 -1936 ) (2272 -1024 -1936 ) 
4 0 1 (2184 -924 -2048 ) (2184 -972 -2048 ) (2184 -972 -1940 ) (2184 -924 -1940 ) 
4 1 2 (2178 -924 -1940 ) (2178 -924 -2048 ) (2178 -972 -2048 ) (2178 -972 -1940 ) 
4 2 5 (2176 -924 -2048 ) (2176 -972 -2048 ) (2176 -972 -1940 ) (2176 -924 -1940 ) 
4 3 43 (2272 -1024 -2880 ) (2336 -1024 -2880 ) (2336 -1024 -2768 ) (2272 -1024 -2768 ) 
4 3 4 (2184 -880 -2880 ) (2184 -976 -2880 ) (2184 -976 -2772 ) (2184 -880 -2772 ) 
4 4 6 (2176 -880 -2880 ) (2176 -976 -2880 ) (2176 -976 -2772 ) (2176 -880 -2772 ) 
4 5 40 (2048 -1024 -1936 ) (2048 -1024 -2048 ) (2060 -1024 -2048 ) (2060 -1024 -1936 ) 
4 5 39 (2084 -1024 -1898 ) (2084 -1024 -1958 ) (2140 -1024 -1958 ) (2140 -1024 -1898 ) 
4 5 11 (2048 -1024 -2048 ) (2048 -1024 -1888 ) (2048 -832 -1888 ) (2048 -832 -2048 ) 
4 6 23 (2048 -1024 -2880 ) (2048 -1024 -2752 ) (2048 -896 -2752 ) (2048 -896 -2880 ) 
4 6 22 (2048 -896 -2752 ) (2048 -832 -2752 ) (2048 -832 -2880 ) (2048 -896 -2880 ) 
4 7 9 (1779 -456 -2016 ) (1779 -456 -1944 ) (1741 -456 -1944 ) (1741 -456 -2016 ) 
4 8 9 (1715 -456 -2016 ) (1715 -456 -1944 ) (1677 -456 -1944 ) (1677 -456 -2016 ) 
4 9 10 (1696 -824 -2048 ) (1752 -824 -2048 ) (1752 -824 -1936 ) (1696 -824 -1936 ) 
4 10 11 (1696 -832 -2048 ) (1752 -832 -2048 ) (1752 -832 -1936 ) (1696 -832 -1936 ) 
4 11 57 (1568 -1024 -1888 ) (1408 -1024 -1888 ) (1408 -1024 -2016 ) (1568 -1024 -2016 ) 
4 11 56 (1664 -1024 -1888 ) (1568 -1024 -1888 ) (1568 -1024 -2048 ) (1664 -1024 -2048 ) 
4 11 52 (1824 -1024 -1958 ) (1872 -1024 -1958 ) (1872 -1024 -1902 ) (1824 -1024 -1902 ) 
4 11 51 (1872 -1024 -1958 ) (1876 -1024 -1958 ) (1876 -1024 -1902 ) (1872 -1024 -1902 ) 
4 11 55 (1820 -1024 -1902 ) (1820 -1024 -1958 ) (1824 -1024 -1958 ) (1824 -1024 -1902 ) 
4 11 50 (1820 -1024 -1898 ) (1820 -1024 -1902 ) (1876 -1024 -1902 ) (1876 -1024 -1898 ) 
4 11 45 (2048 -1024 -2048 ) (2048 -1024 -1936 ) (2004 -1024 -1936 ) (2004 -1024 -2048 ) 
4 11 12 (1288 -880 -2048 ) (1288 -976 -2048 ) (1288 -976 -1940 ) (1288 -880 -1940 ) 
4 13 27 (1024 -576 -2752 ) (1024 -512 -2752 ) (1024 -512 -2880 ) (1024 -576 -2880 ) 
4 13 16 (1152 -576 -2816 ) (1152 -576 -2752 ) (1024 -576 -2752 ) (1024 -576 -2816 ) 
4 13 17 (1024 -576 -2880 ) (1152 -576 -2880 ) (1152 -576 -2816 ) (1024 -576 -2816 ) 
4 14 17 (1600 -576 -2816 ) (1600 -576 -2880 ) (1600 -640 -2880 ) (1600 -640 -2816 ) 
4 14 15 (1664 -760 -2880 ) (1664 -760 -2816 ) (1600 -760 -2816 ) (1600 -760 -2880 ) 
4 15 19 (1600 -768 -2880 ) (1664 -768 -2880 ) (1664 -768 -2816 ) (1600 -768 -2816 ) 
4 16 27 (1024 -640 -2752 ) (1024 -576 -2752 ) (1024 -576 -2816 ) (1024 -640 -2816 ) 
4 16 18 (1152 -640 -2752 ) (1024 -640 -2752 ) (1024 -640 -2816 ) (1152 -640 -2816 ) 
4 16 17 (1152 -640 -2816 ) (1024 -640 -2816 ) (1024 -576 -2816 ) (1152 -576 -2816 ) 
4 17 27 (1024 -576 -2816 ) (1024 -576 -2880 ) (1024 -640 -2880 ) (1024 -640 -2816 ) 
4 17 18 (1024 -640 -2880 ) (1152 -640 -2880 ) (1152 -640 -2816 ) (1024 -640 -2816 ) 
4 18 27 (1024 -768 -2752 ) (1024 -640 -2752 ) (1024 -640 -2880 ) (1024 -768 -2880 ) 
4 18 24 (1024 -768 -2880 ) (1152 -768 -2880 ) (1152 -768 -2752 ) (1024 -768 -2752 ) 
4 19 21 (1160 -824 -2880 ) (1664 -824 -2880 ) (1664 -824 -2752 ) (1160 -824 -2752 ) 
4 20 22 (1964 -832 -2828 ) (1964 -832 -2780 ) (1884 -832 -2780 ) (1884 -832 -2828 ) 
4 21 22 (1160 -832 -2880 ) (1664 -832 -2880 ) (1664 -832 -2752 ) (1160 -832 -2752 ) 
4 22 23 (1280 -896 -2880 ) (2048 -896 -2880 ) (2048 -896 -2752 ) (1280 -896 -2752 ) 
4 23 62 (1805 -1024 -2876 ) (1827 -1024 -2876 ) (1827 -1024 -2769 ) (1805 -1024 -2769 ) 
4 23 61 (1845 -1024 -2876 ) (1867 -1024 -2876 ) (1867 -1024 -2769 ) (1845 -1024 -2769 ) 
4 23 60 (1885 -1024 -2876 ) (1907 -1024 -2876 ) (1907 -1024 -2769 ) (1885 -1024 -2769 ) 
4 24 27 (1024 -896 -2752 ) (1024 -768 -2752 ) (1024 -768 -2880 ) (1024 -896 -2880 ) 
4 24 25 (1064 -896 -2880 ) (1112 -896 -2880 ) (1112 -896 -2772 ) (1064 -896 -2772 ) 
4 25 26 (1064 -904 -2880 ) (1112 -904 -2880 ) (1112 -904 -2772 ) (1064 -904 -2772 ) 
4 26 64 (1024 -1024 -2876 ) (1024 -1024 -2880 ) (1152 -1024 -2880 ) (1152 -1024 -2876 ) 
4 26 63 (1024 -1024 -2769 ) (1024 -1024 -2876 ) (1152 -1024 -2876 ) (1152 -1024 -2769 ) 
4 26 59 (1152 -1024 -2752 ) (1024 -1024 -2752 ) (1024 -1024 -2769 ) (1152 -1024 -2769 ) 
4 26 29 (1024 -1024 -2880 ) (1024 -1024 -2752 ) (1024 -960 -2752 ) (1024 -960 -2880 ) 
4 26 28 (1024 -960 -2752 ) (1024 -904 -2752 ) (1024 -904 -2880 ) (1024 -960 -2880 ) 
4 27 33 (776 -796 -2848 ) (776 -868 -2848 ) (776 -868 -2788 ) (776 -796 -2788 ) 
4 27 32 (776 -668 -2848 ) (776 -740 -2848 ) (776 -740 -2788 ) (776 -668 -2788 ) 
4 27 31 (776 -540 -2848 ) (776 -612 -2848 ) (776 -612 -2788 ) (776 -540 -2788 ) 
4 28 29 (992 -960 -2880 ) (1024 -960 -2880 ) (1024 -960 -2752 ) (992 -960 -2752 ) 
4 29 68 (896 -1024 -2752 ) (832 -1024 -2752 ) (832 -1024 -2880 ) (896 -1024 -2880 ) 
4 29 67 (1024 -1024 -2880 ) (1024 -1024 -2752 ) (992 -1024 -2752 ) (992 -1024 -2880 ) 
4 29 30 (832 -960 -2880 ) (992 -960 -2880 ) (992 -1024 -2880 ) (832 -1024 -2880 ) 
4 30 70 (896 -1024 -2880 ) (832 -1024 -2880 ) (832 -1024 -2944 ) (896 -1024 -2944 ) 
4 31 34 (768 -540 -2848 ) (768 -612 -2848 ) (768 -612 -2788 ) (768 -540 -2788 ) 
4 32 34 (768 -668 -2848 ) (768 -740 -2848 ) (768 -740 -2788 ) (768 -668 -2788 ) 
4 33 34 (768 -796 -2848 ) (768 -868 -2848 ) (768 -868 -2788 ) (768 -796 -2788 ) 
4 34 97 (0 -1024 -3008 ) (0 -1024 -2992 ) (0 -512 -2992 ) (0 -512 -3008 ) 
4 34 90 (0 -1024 -2992 ) (0 -1024 -2864 ) (0 -512 -2864 ) (0 -512 -2992 ) 
4 34 85 (0 -1024 -2864 ) (0 -1024 -2752 ) (0 -512 -2752 ) (0 -512 -2864 ) 
4 34 72 (768 -1024 -3008 ) (768 -1024 -2880 ) (256 -1024 -2880 ) (256 -1024 -3008 ) 
4 34 69 (768 -1024 -2880 ) (768 -1024 -2752 ) (256 -1024 -2752 ) (256 -1024 -2880 ) 
4 35 37 (2184 -1032 -1888 ) (2424 -1032 -1888 ) (2424 -1208 -1888 ) (2184 -1208 -1888 ) 
4 36 37 (2272 -1032 -2048 ) (2336 -1032 -2048 ) (2336 -1032 -1936 ) (2272 -1032 -1936 ) 
4 37 44 (2424 -1208 -2048 ) (2184 -1208 -2048 ) (2184 -1032 -2048 ) (2424 -1032 -2048 ) 
4 38 41 (2140 -1032 -2048 ) (2140 -1400 -2048 ) (2140 -1400 -1888 ) (2140 -1032 -1888 ) 
4 39 41 (2140 -1032 -1958 ) (2140 -1032 -1898 ) (2084 -1032 -1898 ) (2084 -1032 -1958 ) 
4 40 45 (2048 -1024 -1936 ) (2048 -1024 -2048 ) (2048 -1032 -2048 ) (2048 -1032 -1936 ) 
4 40 41 (2048 -1032 -2048 ) (2060 -1032 -2048 ) (2060 -1032 -1936 ) (2048 -1032 -1936 ) 
4 41 49 (2048 -1368 -1952 ) (2048 -1368 -2048 ) (2048 -1400 -2048 ) (2048 -1400 -1952 ) 
4 41 48 (2048 -1400 -1888 ) (2048 -1368 -1888 ) (2048 -1368 -1952 ) (2048 -1400 -1952 ) 
4 41 46 (2048 -1368 -1888 ) (2048 -1032 -1888 ) (2048 -1032 -2048 ) (2048 -1368 -2048 ) 
4 41 42 (2099 -1400 -2016 ) (2099 -1400 -1944 ) (2061 -1400 -1944 ) (2061 -1400 -2016 ) 
4 43 44 (2272 -1032 -2880 ) (2336 -1032 -2880 ) (2336 -1032 -2768 ) (2272 -1032 -2768 ) 
4 45 46 (2004 -1032 -1936 ) (2004 -1032 -2048 ) (2048 -1032 -2048 ) (2048 -1032 -1936 ) 
4 46 49 (2040 -1368 -2048 ) (2048 -1368 -2048 ) (2048 -1368 -1952 ) (2040 -1368 -1952 ) 
4 46 48 (2048 -1368 -1888 ) (2004 -1368 -1888 ) (2004 -1368 -1952 ) (2048 -1368 -1952 ) 
4 46 47 (2004 -1032 -2048 ) (2004 -1368 -2048 ) (2004 -1368 -1888 ) (2004 -1032 -1888 ) 
4 47 48 (2004 -1368 -1888 ) (1992 -1368 -1888 ) (1992 -1368 -1952 ) (2004 -1368 -1952 ) 
4 48 49 (2040 -1368 -1952 ) (2048 -1368 -1952 ) (2048 -1400 -1952 ) (2040 -1400 -1952 ) 
4 50 52 (1824 -1027 -1902 ) (1824 -1024 -1902 ) (1872 -1024 -1902 ) (1872 -1027 -1902 ) 
4 50 54 (1872 -1032 -1902 ) (1824 -1032 -1902 ) (1824 -1029 -1902 ) (1872 -1029 -1902 ) 
4 50 51 (1876 -1032 -1902 ) (1872 -1032 -1902 ) (1872 -1024 -1902 ) (1876 -1024 -1902 ) 
4 50 55 (1824 -1032 -1902 ) (1820 -1032 -1902 ) (1820 -1024 -1902 ) (1824 -1024 -1902 ) 
4 51 53 (1872 -1027 -1958 ) (1872 -1029 -1958 ) (1872 -1029 -1956 ) (1872 -1027 -1956 ) 
4 51 52 (1872 -1024 -1958 ) (1872 -1027 -1958 ) (1872 -1027 -1902 ) (1872 -1024 -1902 ) 
4 51 54 (1872 -1029 -1958 ) (1872 -1032 -1958 ) (1872 -1032 -1902 ) (1872 -1029 -1902 ) 
4 52 53 (1824 -1027 -1956 ) (1824 -1027 -1958 ) (1872 -1027 -1958 ) (1872 -1027 -1956 ) 
4 52 55 (1824 -1024 -1958 ) (1824 -1027 -1958 ) (1824 -1027 -1902 ) (1824 -1024 -1902 ) 
4 53 55 (1824 -1027 -1958 ) (1824 -1029 -1958 ) (1824 -1029 -1956 ) (1824 -1027 -1956 ) 
4 53 54 (1824 -1029 -1956 ) (1824 -1029 -1958 ) (1872 -1029 -1958 ) (1872 -1029 -1956 ) 
4 54 55 (1824 -1029 -1958 ) (1824 -1032 -1958 ) (1824 -1032 -1902 ) (1824 -1029 -1902 ) 
4 56 57 (1568 -1072 -2016 ) (1568 -1072 -1888 ) (1568 -1024 -1888 ) (1568 -1024 -2016 ) 
4 56 58 (1568 -1072 -2048 ) (1568 -1400 -2048 ) (1568 -1400 -1888 ) (1568 -1072 -1888 ) 
4 57 58 (1568 -1072 -2016 ) (1568 -1072 -1888 ) (1408 -1072 -1888 ) (1408 -1072 -2016 ) 
4 59 67 (1024 -1032 -2769 ) (1024 -1032 -2752 ) (1024 -1024 -2752 ) (1024 -1024 -2769 ) 
4 59 65 (1024 -1032 -2752 ) (1024 -1032 -2769 ) (1152 -1032 -2769 ) (1152 -1032 -2752 ) 
4 59 63 (1152 -1032 -2769 ) (1024 -1032 -2769 ) (1024 -1024 -2769 ) (1152 -1024 -2769 ) 
4 63 67 (1024 -1032 -2876 ) (1024 -1032 -2769 ) (1024 -1024 -2769 ) (1024 -1024 -2876 ) 
4 63 65 (1024 -1032 -2769 ) (1024 -1032 -2876 ) (1152 -1032 -2876 ) (1152 -1032 -2769 ) 
4 63 64 (1024 -1024 -2876 ) (1152 -1024 -2876 ) (1152 -1032 -2876 ) (1024 -1032 -2876 ) 
4 64 67 (1024 -1032 -2880 ) (1024 -1032 -2876 ) (1024 -1024 -2876 ) (1024 -1024 -2880 ) 
4 64 65 (1024 -1032 -2876 ) (1024 -1032 -2880 ) (1152 -1032 -2880 ) (1152 -1032 -2876 ) 
4 65 67 (1024 -1088 -2752 ) (1024 -1032 -2752 ) (1024 -1032 -2880 ) (1024 -1088 -2880 ) 
4 66 78 (1024 -1472 -2880 ) (1024 -1288 -2880 ) (1024 -1288 -3008 ) (1024 -1472 -3008 ) 
4 66 75 (1024 -1232 -2896 ) (1024 -1232 -3008 ) (1024 -1288 -3008 ) (1024 -1288 -2896 ) 
4 66 74 (1024 -1288 -2880 ) (1024 -1232 -2880 ) (1024 -1232 -2896 ) (1024 -1288 -2896 ) 
4 66 73 (1024 -1232 -2880 ) (1024 -1152 -2880 ) (1024 -1152 -3008 ) (1024 -1232 -3008 ) 
4 68 70 (832 -1024 -2880 ) (896 -1024 -2880 ) (896 -1056 -2880 ) (832 -1056 -2880 ) 
4 68 71 (896 -1056 -2880 ) (896 -1152 -2880 ) (832 -1152 -2880 ) (832 -1056 -2880 ) 
4 69 80 (768 -1472 -2880 ) (768 -1792 -2880 ) (256 -1792 -2880 ) (256 -1472 -2880 ) 
4 69 79 (768 -1288 -2880 ) (768 -1472 -2880 ) (256 -1472 -2880 ) (256 -1288 -2880 ) 
4 69 77 (768 -1152 -2880 ) (768 -1288 -2880 ) (256 -1288 -2880 ) (256 -1152 -2880 ) 
4 69 72 (256 -1024 -2880 ) (768 -1024 -2880 ) (768 -1152 -2880 ) (256 -1152 -2880 ) 
4 70 71 (832 -1056 -2880 ) (832 -1056 -2944 ) (896 -1056 -2944 ) (896 -1056 -2880 ) 
4 71 73 (832 -1152 -3008 ) (896 -1152 -3008 ) (896 -1152 -2880 ) (832 -1152 -2880 ) 
4 72 77 (256 -1152 -3008 ) (768 -1152 -3008 ) (768 -1152 -2880 ) (256 -1152 -2880 ) 
4 73 75 (776 -1232 -3008 ) (1024 -1232 -3008 ) (1024 -1232 -2896 ) (776 -1232 -2896 ) 
4 73 74 (1024 -1232 -2896 ) (1024 -1232 -2880 ) (776 -1232 -2880 ) (776 -1232 -2896 ) 
4 74 78 (1024 -1288 -2896 ) (1024 -1288 -2880 ) (776 -1288 -2880 ) (776 -1288 -2896 ) 
4 74 75 (1024 -1288 -2896 ) (776 -1288 -2896 ) (776 -1232 -2896 ) (1024 -1232 -2896 ) 
4 75 78 (776 -1288 -3008 ) (1024 -1288 -3008 ) (1024 -1288 -2896 ) (776 -1288 -2896 ) 
4 75 76 (772 -1288 -3008 ) (772 -1288 -2896 ) (772 -1232 -2896 ) (772 -1232 -3008 ) 
4 76 77 (768 -1232 -3008 ) (768 -1288 -3008 ) (768 -1288 -2896 ) (768 -1232 -2896 ) 
4 77 79 (256 -1288 -3008 ) (768 -1288 -3008 ) (768 -1288 -2880 ) (256 -1288 -2880 ) 
4 79 80 (256 -1472 -3008 ) (768 -1472 -3008 ) (768 -1472 -2880 ) (256 -1472 -2880 ) 
4 81 101 (-2048 0 -2688 ) (-2048 0 -3072 ) (-1280 0 -3072 ) (-1280 0 -2688 ) 
4 82 83 (-256 -384 -2752 ) (-256 -384 -2848 ) (0 -384 -2848 ) (0 -384 -2752 ) 
4 82 84 (-256 -384 -2848 ) (-256 -384 -2752 ) (-256 0 -2752 ) (-256 0 -2848 ) 
4 83 90 (0 -384 -2864 ) (0 -512 -2864 ) (-256 -512 -2864 ) (-256 -384 -2864 ) 
4 83 85 (-256 -512 -2864 ) (0 -512 -2864 ) (0 -512 -2752 ) (-256 -512 -2752 ) 
4 83 84 (-256 -384 -2864 ) (-256 -512 -2864 ) (-256 -512 -2752 ) (-256 -384 -2752 ) 
4 84 91 (-512 0 -2864 ) (-256 0 -2864 ) (-256 -512 -2864 ) (-512 -512 -2864 ) 
4 84 85 (-512 -512 -2864 ) (-256 -512 -2864 ) (-256 -512 -2752 ) (-512 -512 -2752 ) 
4 85 90 (0 -512 -2864 ) (0 -1024 -2864 ) (-256 -1024 -2864 ) (-256 -512 -2864 ) 
4 85 91 (-256 -1024 -2864 ) (-512 -1024 -2864 ) (-512 -512 -2864 ) (-256 -512 -2864 ) 
4 85 86 (-512 -512 -2752 ) (-512 -512 -2848 ) (-512 -768 -2848 ) (-512 -768 -2752 ) 
4 85 87 (-512 -768 -2864 ) (-512 -1024 -2864 ) (-512 -1024 -2752 ) (-512 -768 -2752 ) 
4 86 100 (-1024 -768 -2848 ) (-1024 -768 -2752 ) (-1024 -512 -2752 ) (-1024 -512 -2848 ) 
4 86 87 (-512 -768 -2848 ) (-512 -768 -2752 ) (-1024 -768 -2752 ) (-1024 -768 -2848 ) 
4 87 100 (-1024 -768 -2864 ) (-1024 -1024 -2864 ) (-1024 -1024 -2752 ) (-1024 -768 -2752 ) 
4 87 96 (-512 -1024 -2864 ) (-1024 -1024 -2864 ) (-1024 -768 -2864 ) (-512 -768 -2864 ) 
4 88 89 (-248 -160 -2992 ) (-248 -216 -2992 ) (-248 -216 -2880 ) (-248 -160 -2880 ) 
4 89 91 (-256 -160 -2992 ) (-256 -216 -2992 ) (-256 -216 -2880 ) (-256 -160 -2880 ) 
4 90 97 (0 -1024 -2992 ) (-256 -1024 -2992 ) (-256 -384 -2992 ) (0 -384 -2992 ) 
4 90 91 (-256 -384 -2992 ) (-256 -1024 -2992 ) (-256 -1024 -2864 ) (-256 -384 -2864 ) 
4 91 98 (-256 -1024 -2992 ) (-512 -1024 -2992 ) (-512 0 -2992 ) (-256 0 -2992 ) 
4 91 96 (-512 -768 -2992 ) (-512 -1024 -2992 ) (-512 -1024 -2864 ) (-512 -768 -2864 ) 
4 91 92 (-512 -624 -2992 ) (-512 -680 -2992 ) (-512 -680 -2880 ) (-512 -624 -2880 ) 
4 92 93 (-520 -624 -2992 ) (-520 -680 -2992 ) (-520 -680 -2880 ) (-520 -624 -2880 ) 
4 93 95 (-880 -760 -2992 ) (-824 -760 -2992 ) (-824 -760 -2880 ) (-880 -760 -2880 ) 
4 93 94 (-688 -760 -2952 ) (-688 -760 -2900 ) (-768 -760 -2900 ) (-768 -760 -2952 ) 
4 94 96 (-688 -768 -2952 ) (-688 -768 -2900 ) (-768 -768 -2900 ) (-768 -768 -2952 ) 
4 95 96 (-880 -768 -2992 ) (-824 -768 -2992 ) (-824 -768 -2880 ) (-880 -768 -2880 ) 
4 96 104 (-892 -1024 -2992 ) (-796 -1024 -2992 ) (-796 -1024 -2900 ) (-892 -1024 -2900 ) 
4 96 100 (-1024 -768 -2992 ) (-1024 -1024 -2992 ) (-1024 -1024 -2864 ) (-1024 -768 -2864 ) 
4 96 99 (-512 -1024 -2992 ) (-1024 -1024 -2992 ) (-1024 -768 -2992 ) (-512 -768 -2992 ) 
4 97 98 (-256 -384 -3008 ) (-256 -1024 -3008 ) (-256 -1024 -2992 ) (-256 -384 -2992 ) 
4 98 99 (-512 -768 -3008 ) (-512 -1024 -3008 ) (-512 -1024 -2992 ) (-512 -768 -2992 ) 
4 99 104 (-796 -1024 -2992 ) (-892 -1024 -2992 ) (-892 -1024 -3008 ) (-796 -1024 -3008 ) 
4 99 100 (-1024 -768 -3008 ) (-1024 -1024 -3008 ) (-1024 -1024 -2992 ) (-1024 -768 -2992 ) 
4 101 112 (-1280 -1024 -3072 ) (-1280 -1024 -2688 ) (-2048 -1024 -2688 ) (-2048 -1024 -3072 ) 
4 102 103 (-632 -1548 -3008 ) (-632 -1652 -3008 ) (-632 -1652 -2900 ) (-632 -1548 -2900 ) 
4 103 107 (-640 -1548 -3008 ) (-640 -1652 -3008 ) (-640 -1652 -2900 ) (-640 -1548 -2900 ) 
4 104 105 (-892 -1026 -2900 ) (-892 -1026 -3008 ) (-796 -1026 -3008 ) (-796 -1026 -2900 ) 
4 105 106 (-832 -1032 -3008 ) (-796 -1032 -3008 ) (-796 -1032 -2900 ) (-832 -1032 -2900 ) 
4 105 108 (-892 -1032 -3008 ) (-832 -1032 -3008 ) (-832 -1032 -2900 ) (-892 -1032 -2900 ) 
4 106 107 (-832 -1408 -2880 ) (-832 -1408 -3008 ) (-704 -1408 -3008 ) (-704 -1408 -2880 ) 
4 106 108 (-832 -1032 -2880 ) (-832 -1032 -3008 ) (-832 -1408 -3008 ) (-832 -1408 -2880 ) 
4 107 108 (-832 -1408 -3008 ) (-832 -1792 -3008 ) (-832 -1792 -2880 ) (-832 -1408 -2880 ) 
4 108 116 (-832 -2048 -2880 ) (-960 -2048 -2880 ) (-960 -2048 -3008 ) (-832 -2048 -3008 ) 
4 108 110 (-960 -1408 -3008 ) (-960 -1792 -3008 ) (-960 -1792 -2880 ) (-960 -1408 -2880 ) 
4 108 109 (-960 -1220 -2964 ) (-960 -1220 -2908 ) (-960 -1132 -2908 ) (-960 -1132 -2964 ) 
4 110 111 (-968 -1408 -3008 ) (-968 -1792 -3008 ) (-968 -1792 -2880 ) (-968 -1408 -2880 ) 
4 112 131 (-2048 -2048 -2944 ) (-2048 -2048 -3072 ) (-1280 -2048 -3072 ) (-1280 -2048 -2944 ) 
4 112 123 (-2048 -2048 -2688 ) (-2048 -2048 -2944 ) (-1808 -2048 -2944 ) (-1808 -2048 -2688 ) 
4 112 122 (-1808 -2048 -2944 ) (-1280 -2048 -2944 ) (-1280 -2048 -2688 ) (-1808 -2048 -2688 ) 
4 113 115 (-824 -2280 -2896 ) (-824 -2280 -3008 ) (-824 -2336 -3008 ) (-824 -2336 -2896 ) 
4 113 114 (-824 -2172 -2964 ) (-824 -2260 -2964 ) (-824 -2260 -2916 ) (-824 -2172 -2916 ) 
4 114 116 (-832 -2172 -2964 ) (-832 -2260 -2964 ) (-832 -2260 -2916 ) (-832 -2172 -2916 ) 
4 115 116 (-832 -2280 -2896 ) (-832 -2280 -3008 ) (-832 -2336 -3008 ) (-832 -2336 -2896 ) 
4 116 117 (-916 -2424 -3008 ) (-868 -2424 -3008 ) (-868 -2424 -2900 ) (-916 -2424 -2900 ) 
4 117 118 (-868 -2430 -3008 ) (-868 -2430 -2900 ) (-916 -2430 -2900 ) (-916 -2430 -3008 ) 
4 118 119 (-916 -2432 -3008 ) (-868 -2432 -3008 ) (-868 -2432 -2900 ) (-916 -2432 -2900 ) 
4 119 129 (-1024 -2560 -3008 ) (-1024 -2560 -2944 ) (-1024 -2432 -2944 ) (-1024 -2432 -3008 ) 
4 119 120 (-928 -2560 -3008 ) (-1024 -2560 -3008 ) (-1024 -2432 -3008 ) (-928 -2432 -3008 ) 
4 120 129 (-1024 -2560 -3072 ) (-1024 -2560 -3008 ) (-1024 -2432 -3008 ) (-1024 -2432 -3072 ) 
4 121 129 (-1120 -2528 -2944 ) (-1184 -2528 -2944 ) (-1184 -2464 -2944 ) (-1120 -2464 -2944 ) 
4 122 132 (-1280 -3072 -2688 ) (-1808 -3072 -2688 ) (-1808 -3072 -2944 ) (-1280 -3072 -2944 ) 
4 122 131 (-1808 -2048 -2944 ) (-1280 -2048 -2944 ) (-1280 -3072 -2944 ) (-1808 -3072 -2944 ) 
4 122 125 (-1808 -2688 -2938 ) (-1808 -2688 -2882 ) (-1808 -2624 -2882 ) (-1808 -2624 -2938 ) 
4 122 124 (-1808 -2688 -2882 ) (-1808 -2688 -2688 ) (-1808 -2624 -2688 ) (-1808 -2624 -2882 ) 
4 122 127 (-1808 -2624 -2944 ) (-1808 -2688 -2944 ) (-1808 -2688 -2938 ) (-1808 -2624 -2938 ) 
4 122 123 (-1808 -2048 -2944 ) (-1808 -2624 -2944 ) (-1808 -2624 -2688 ) (-1808 -2048 -2688 ) 
4 122 128 (-1808 -2688 -2944 ) (-1808 -3072 -2944 ) (-1808 -3072 -2688 ) (-1808 -2688 -2688 ) 
4 123 131 (-2048 -2624 -2944 ) (-2048 -2048 -2944 ) (-1808 -2048 -2944 ) (-1808 -2624 -2944 ) 
4 123 126 (-1809 -2624 -2882 ) (-2048 -2624 -2882 ) (-2048 -2624 -2938 ) (-1809 -2624 -2938 ) 
4 123 125 (-1808 -2624 -2938 ) (-1808 -2624 -2882 ) (-1809 -2624 -2882 ) (-1809 -2624 -2938 ) 
4 123 124 (-1808 -2624 -2882 ) (-1808 -2624 -2688 ) (-2048 -2624 -2688 ) (-2048 -2624 -2882 ) 
4 123 127 (-2048 -2624 -2944 ) (-1808 -2624 -2944 ) (-1808 -2624 -2938 ) (-2048 -2624 -2938 ) 
4 124 126 (-1809 -2688 -2882 ) (-2048 -2688 -2882 ) (-2048 -2624 -2882 ) (-1809 -2624 -2882 ) 
4 124 125 (-1808 -2688 -2882 ) (-1809 -2688 -2882 ) (-1809 -2624 -2882 ) (-1808 -2624 -2882 ) 
4 124 128 (-1808 -2688 -2882 ) (-1808 -2688 -2688 ) (-2048 -2688 -2688 ) (-2048 -2688 -2882 ) 
4 125 128 (-1808 -2688 -2938 ) (-1808 -2688 -2882 ) (-1809 -2688 -2882 ) (-1809 -2688 -2938 ) 
4 125 127 (-1808 -2688 -2938 ) (-1809 -2688 -2938 ) (-1809 -2624 -2938 ) (-1808 -2624 -2938 ) 
4 125 126 (-1809 -2624 -2938 ) (-1809 -2688 -2938 ) (-1809 -2688 -2882 ) (-1809 -2624 -2882 ) 
4 126 128 (-1809 -2688 -2882 ) (-2048 -2688 -2882 ) (-2048 -2688 -2938 ) (-1809 -2688 -2938 ) 
4 126 127 (-1809 -2688 -2938 ) (-2048 -2688 -2938 ) (-2048 -2624 -2938 ) (-1809 -2624 -2938 ) 
4 127 131 (-2048 -2688 -2944 ) (-2048 -2624 -2944 ) (-1808 -2624 -2944 ) (-1808 -2688 -2944 ) 
4 127 128 (-2048 -2688 -2944 ) (-1808 -2688 -2944 ) (-1808 -2688 -2938 ) (-2048 -2688 -2938 ) 
4 128 137 (-2016 -3072 -2688 ) (-2048 -3072 -2688 ) (-2048 -3072 -2944 ) (-2016 -3072 -2944 ) 
4 128 133 (-1828 -3072 -2688 ) (-1884 -3072 -2688 ) (-1884 -3072 -2896 ) (-1828 -3072 -2896 ) 
4 128 132 (-1808 -3072 -2688 ) (-1828 -3072 -2688 ) (-1828 -3072 -2944 ) (-1808 -3072 -2944 ) 
4 128 136 (-1884 -3072 -2688 ) (-2016 -3072 -2688 ) (-2016 -3072 -2944 ) (-1884 -3072 -2944 ) 
4 128 131 (-2048 -3072 -2944 ) (-2048 -2688 -2944 ) (-1808 -2688 -2944 ) (-1808 -3072 -2944 ) 
4 129 130 (-1272 -2480 -3072 ) (-1272 -2536 -3072 ) (-1272 -2536 -2960 ) (-1272 -2480 -2960 ) 
4 130 131 (-1280 -2480 -2960 ) (-1280 -2480 -3072 ) (-1280 -2536 -3072 ) (-1280 -2536 -2960 ) 
4 131 137 (-2016 -3072 -2944 ) (-2048 -3072 -2944 ) (-2048 -3072 -3072 ) (-2016 -3072 -3072 ) 
4 131 134 (-1884 -3072 -3008 ) (-1884 -3072 -3072 ) (-1828 -3072 -3072 ) (-1828 -3072 -3008 ) 
4 131 132 (-1280 -3072 -3072 ) (-1280 -3072 -2944 ) (-1828 -3072 -2944 ) (-1828 -3072 -3072 ) 
4 131 136 (-1884 -3072 -2944 ) (-2016 -3072 -2944 ) (-2016 -3072 -3072 ) (-1884 -3072 -3072 ) 
4 132 138 (-1828 -3328 -3072 ) (-1280 -3328 -3072 ) (-1280 -3328 -2688 ) (-1828 -3328 -2688 ) 
4 132 133 (-1828 -3076 -2896 ) (-1828 -3076 -2688 ) (-1828 -3072 -2688 ) (-1828 -3072 -2896 ) 
4 132 134 (-1828 -3072 -3072 ) (-1828 -3076 -3072 ) (-1828 -3076 -3008 ) (-1828 -3072 -3008 ) 
4 132 135 (-1828 -3076 -3072 ) (-1828 -3328 -3072 ) (-1828 -3328 -2688 ) (-1828 -3076 -2688 ) 
4 133 136 (-1884 -3076 -2896 ) (-1884 -3076 -2688 ) (-1884 -3072 -2688 ) (-1884 -3072 -2896 ) 
4 133 135 (-1884 -3076 -2688 ) (-1884 -3076 -2896 ) (-1828 -3076 -2896 ) (-1828 -3076 -2688 ) 
4 134 135 (-1884 -3076 -3008 ) (-1884 -3076 -3072 ) (-1828 -3076 -3072 ) (-1828 -3076 -3008 ) 
4 134 136 (-1884 -3072 -3072 ) (-1884 -3076 -3072 ) (-1884 -3076 -3008 ) (-1884 -3072 -3008 ) 
4 135 138 (-1884 -3328 -3072 ) (-1828 -3328 -3072 ) (-1828 -3328 -2688 ) (-1884 -3328 -2688 ) 
4 135 136 (-1884 -3076 -3072 ) (-1884 -3328 -3072 ) (-1884 -3328 -2688 ) (-1884 -3076 -2688 ) 
4 136 138 (-2016 -3328 -3072 ) (-1884 -3328 -3072 ) (-1884 -3328 -2688 ) (-2016 -3328 -2688 ) 
4 136 137 (-2016 -3072 -3072 ) (-2016 -3200 -3072 ) (-2016 -3200 -2688 ) (-2016 -3072 -2688 ) 
4 139 147 (-3028 -2440 -2964 ) (-3032 -2440 -2964 ) (-3032 -2440 -3068 ) (-3028 -2440 -3068 ) 
4 139 141 (-2984 -2440 -3068 ) (-2984 -2440 -2964 ) (-3028 -2440 -2964 ) (-3028 -2440 -3068 ) 
4 140 153 (-2960 -2760 -3072 ) (-2948 -2760 -3072 ) (-2948 -2760 -3024 ) (-2960 -2760 -2928 ) 
4 140 143 (-2960 -2688 -3002 ) (-2960 -2688 -2946 ) (-2960 -2624 -2946 ) (-2960 -2624 -3002 ) 
4 140 142 (-2960 -2688 -2946 ) (-2960 -2688 -2928 ) (-2960 -2624 -2928 ) (-2960 -2624 -2946 ) 
4 140 145 (-2960 -2624 -3072 ) (-2960 -2688 -3072 ) (-2960 -2688 -3002 ) (-2960 -2624 -3002 ) 
4 140 141 (-2960 -2440 -2928 ) (-2960 -2440 -3072 ) (-2960 -2624 -3072 ) (-2960 -2624 -2928 ) 
4 140 146 (-2960 -2688 -3072 ) (-2960 -2760 -3072 ) (-2960 -2760 -2928 ) (-2960 -2688 -2928 ) 
4 141 147 (-3028 -2440 -2928 ) (-3028 -2440 -3072 ) (-3028 -2624 -3072 ) (-3028 -2624 -2928 ) 
4 141 144 (-3028 -2624 -2946 ) (-3028 -2624 -3002 ) (-2961 -2624 -3002 ) (-2961 -2624 -2946 ) 
4 141 143 (-2961 -2624 -3002 ) (-2960 -2624 -3002 ) (-2960 -2624 -2946 ) (-2961 -2624 -2946 ) 
4 141 142 (-3028 -2624 -2928 ) (-3028 -2624 -2946 ) (-2960 -2624 -2946 ) (-2960 -2624 -2928 ) 
4 141 145 (-3028 -2624 -3002 ) (-3028 -2624 -3072 ) (-2960 -2624 -3072 ) (-2960 -2624 -3002 ) 
4 142 147 (-3028 -2688 -2946 ) (-3028 -2688 -2928 ) (-3028 -2624 -2928 ) (-3028 -2624 -2946 ) 
4 142 144 (-2961 -2688 -2946 ) (-3028 -2688 -2946 ) (-3028 -2624 -2946 ) (-2961 -2624 -2946 ) 
4 142 143 (-2960 -2688 -2946 ) (-2961 -2688 -2946 ) (-2961 -2624 -2946 ) (-2960 -2624 -2946 ) 
4 142 146 (-3028 -2688 -2928 ) (-3028 -2688 -2946 ) (-2960 -2688 -2946 ) (-2960 -2688 -2928 ) 
4 143 146 (-2961 -2688 -3002 ) (-2960 -2688 -3002 ) (-2960 -2688 -2946 ) (-2961 -2688 -2946 ) 
4 143 145 (-2960 -2688 -3002 ) (-2961 -2688 -3002 ) (-2961 -2624 -3002 ) (-2960 -2624 -3002 ) 
4 143 144 (-2961 -2624 -3002 ) (-2961 -2688 -3002 ) (-2961 -2688 -2946 ) (-2961 -2624 -2946 ) 
4 144 147 (-3028 -2688 -3002 ) (-3028 -2688 -2946 ) (-3028 -2624 -2946 ) (-3028 -2624 -3002 ) 
4 144 146 (-3028 -2688 -2946 ) (-3028 -2688 -3002 ) (-2961 -2688 -3002 ) (-2961 -2688 -2946 ) 
4 144 145 (-2961 -2688 -3002 ) (-3028 -2688 -3002 ) (-3028 -2624 -3002 ) (-2961 -2624 -3002 ) 
4 145 147 (-3028 -2624 -3072 ) (-3028 -2688 -3072 ) (-3028 -2688 -3002 ) (-3028 -2624 -3002 ) 
4 145 146 (-3028 -2688 -3002 ) (-3028 -2688 -3072 ) (-2960 -2688 -3072 ) (-2960 -2688 -3002 ) 
4 146 153 (-3028 -2760 -3072 ) (-2960 -2760 -3072 ) (-2960 -2760 -2928 ) (-3028 -2760 -2928 ) 
4 146 148 (-3028 -2708 -2940 ) (-3028 -2708 -2928 ) (-3028 -2704 -2928 ) (-3028 -2704 -2940 ) 
4 146 149 (-3028 -2704 -3072 ) (-3028 -2708 -3072 ) (-3028 -2708 -2944 ) (-3028 -2704 -2944 ) 
4 146 147 (-3028 -2688 -3072 ) (-3028 -2704 -3072 ) (-3028 -2704 -2928 ) (-3028 -2688 -2928 ) 
4 146 150 (-3028 -2708 -3072 ) (-3028 -2760 -3072 ) (-3028 -2760 -2928 ) (-3028 -2708 -2928 ) 
4 147 151 (-3032 -2440 -2928 ) (-3032 -2440 -3072 ) (-3032 -2704 -3072 ) (-3032 -2704 -2928 ) 
4 147 148 (-3032 -2704 -2928 ) (-3032 -2704 -2940 ) (-3028 -2704 -2940 ) (-3028 -2704 -2928 ) 
4 147 149 (-3032 -2704 -2944 ) (-3032 -2704 -3072 ) (-3028 -2704 -3072 ) (-3028 -2704 -2944 ) 
4 148 151 (-3032 -2708 -2940 ) (-3032 -2708 -2928 ) (-3032 -2704 -2928 ) (-3032 -2704 -2940 ) 
4 148 150 (-3032 -2708 -2928 ) (-3032 -2708 -2940 ) (-3028 -2708 -2940 ) (-3028 -2708 -2928 ) 
4 149 151 (-3032 -2704 -3072 ) (-3032 -2708 -3072 ) (-3032 -2708 -2944 ) (-3032 -2704 -2944 ) 
4 149 150 (-3032 -2708 -2944 ) (-3032 -2708 -3072 ) (-3028 -2708 -3072 ) (-3028 -2708 -2944 ) 
4 150 153 (-3032 -2760 -3072 ) (-3028 -2760 -3072 ) (-3028 -2760 -2928 ) (-3032 -2760 -2928 ) 
4 150 151 (-3032 -2708 -3072 ) (-3032 -2760 -3072 ) (-3032 -2760 -2928 ) (-3032 -2708 -2928 ) 
5 151 153 (-3068 -2760 -3072 ) (-3032 -2760 -3072 ) (-3032 -2760 -2928 ) (-3056 -2760 -2928 ) (-3068 -2760 -3024 ) 
4 152 153 (-2944 -2760 -2928 ) (-2944 -2760 -3068 ) (-2944 -2872 -3068 ) (-2944 -2872 -2928 ) 
6 153 154 (-3068 -2872 -3072 ) (-2948 -2872 -3072 ) (-2948 -2872 -3024 ) (-2960 -2872 -2928 ) (-3056 -2872 -2928 ) (-3068 -2872 -3024 ) 
4 154 155 (-2984 -3064 -3068 ) (-2984 -3064 -2964 ) (-3032 -3064 -2964 ) (-3032 -3064 -3068 ) 
